#
# There is insufficient memory for the Java Runtime Environment to continue.
# Native memory allocation (malloc) failed to allocate 1024976 bytes. Error detail: Chunk::new
# Possible reasons:
#   The system is out of physical RAM or swap space
#   This process is running with CompressedOops enabled, and the Java Heap may be blocking the growth of the native heap
# Possible solutions:
#   Reduce memory load on the system
#   Increase physical memory or swap space
#   Check if swap backing store is full
#   Decrease Java heap size (-Xmx/-Xms)
#   Decrease number of Java threads
#   Decrease Java thread stack sizes (-Xss)
#   Set larger code cache with -XX:ReservedCodeCacheSize=
#   JVM is running with Unscaled Compressed Oops mode in which the Java heap is
#     placed in the first 4GB address space. The Java Heap base address is the
#     maximum limit for the native heap growth. Please use -XX:HeapBaseMinAddress
#     to set the Java Heap base and to place the Java Heap above 4GB virtual address.
# This output file may be truncated or incomplete.
#
#  Out of Memory Error (arena.cpp:191), pid=7048, tid=16092
#
# JRE version: OpenJDK Runtime Environment Temurin-17.0.18+8 (17.0.18+8) (build 17.0.18+8)
# Java VM: OpenJDK 64-Bit Server VM Temurin-17.0.18+8 (17.0.18+8, mixed mode, sharing, tiered, compressed oops, compressed class ptrs, g1 gc, windows-amd64)
# No core dump will be written. Minidumps are not enabled by default on client versions of Windows
#

---------------  S U M M A R Y ------------

Command Line: --enable-native-access=ALL-UNNAMED -Dclassworlds.conf=E:\apache-maven-3.9.14\bin\m2.conf -Dmaven.home=E:\apache-maven-3.9.14 -Dlibrary.jansi.path=E:\apache-maven-3.9.14\lib\jansi-native -Dmaven.multiModuleProjectDirectory=D:\SpendSmart-Backend\budget-service org.codehaus.plexus.classworlds.launcher.Launcher spring-boot:run

Host: 11th Gen Intel(R) Core(TM) i5-1135G7 @ 2.40GHz, 8 cores, 7G,  Windows 11 , 64 bit Build 26100 (10.0.26100.8246)
Time: Wed May 13 23:14:01 2026 India Standard Time elapsed time: 7.995696 seconds (0d 0h 0m 7s)

---------------  T H R E A D  ---------------

Current thread (0x000001c8d42aa490):  JavaThread "C2 CompilerThread1" daemon [_thread_in_native, id=16092, stack(0x000000c0c9000000,0x000000c0c9100000)]


Current CompileTask:
C2:7995 5140       4       jdk.internal.org.objectweb.asm.Frame::execute (2305 bytes)

Stack: [0x000000c0c9000000,0x000000c0c9100000]
Native frames: (J=compiled Java code, j=interpreted, Vv=VM code, C=native code)
V  [jvm.dll+0x6846f9]
V  [jvm.dll+0x839ea5]
V  [jvm.dll+0x83b91e]
V  [jvm.dll+0x83bfa3]
V  [jvm.dll+0x248eff]
V  [jvm.dll+0xad496]
V  [jvm.dll+0xadb3c]
V  [jvm.dll+0x2b05df]
V  [jvm.dll+0x58acf5]
V  [jvm.dll+0x222e84]
V  [jvm.dll+0x22327d]
V  [jvm.dll+0x21bfdb]
V  [jvm.dll+0x2190fe]
V  [jvm.dll+0x1a4920]
V  [jvm.dll+0x22989a]
V  [jvm.dll+0x227a4b]
V  [jvm.dll+0x7f0658]
V  [jvm.dll+0x7eaaec]
V  [jvm.dll+0x6835c7]
C  [ucrtbase.dll+0x37b0]
C  [KERNEL32.DLL+0x2e8d7]
C  [ntdll.dll+0x8c3fc]


---------------  P R O C E S S  ---------------

Threads class SMR info:
_java_thread_list=0x000001c8d530fe30, length=14, elements={
0x000001c8ee810610, 0x000001c8ff4b2330, 0x000001c8ff4b2ef0, 0x000001c8ff4cf580,
0x000001c8ff4cff40, 0x000001c8ff4d0900, 0x000001c8ff4d12c0, 0x000001c8ff4d3fc0,
0x000001c8ffa41290, 0x000001c8ffa41ba0, 0x000001c8ffb808f0, 0x000001c8ffb84260,
0x000001c8d500d9d0, 0x000001c8d42aa490
}

Java Threads: ( => current thread )
  0x000001c8ee810610 JavaThread "main" [_thread_in_native, id=1512, stack(0x000000c0c7d00000,0x000000c0c7e00000)]
  0x000001c8ff4b2330 JavaThread "Reference Handler" daemon [_thread_blocked, id=23456, stack(0x000000c0c8400000,0x000000c0c8500000)]
  0x000001c8ff4b2ef0 JavaThread "Finalizer" daemon [_thread_blocked, id=17472, stack(0x000000c0c8500000,0x000000c0c8600000)]
  0x000001c8ff4cf580 JavaThread "Signal Dispatcher" daemon [_thread_blocked, id=17124, stack(0x000000c0c8600000,0x000000c0c8700000)]
  0x000001c8ff4cff40 JavaThread "Attach Listener" daemon [_thread_blocked, id=18776, stack(0x000000c0c8700000,0x000000c0c8800000)]
  0x000001c8ff4d0900 JavaThread "Service Thread" daemon [_thread_blocked, id=22120, stack(0x000000c0c8800000,0x000000c0c8900000)]
  0x000001c8ff4d12c0 JavaThread "Monitor Deflation Thread" daemon [_thread_blocked, id=5056, stack(0x000000c0c8900000,0x000000c0c8a00000)]
  0x000001c8ff4d3fc0 JavaThread "C2 CompilerThread0" daemon [_thread_blocked, id=2992, stack(0x000000c0c8a00000,0x000000c0c8b00000)]
  0x000001c8ffa41290 JavaThread "C1 CompilerThread0" daemon [_thread_blocked, id=16812, stack(0x000000c0c8b00000,0x000000c0c8c00000)]
  0x000001c8ffa41ba0 JavaThread "Sweeper thread" daemon [_thread_blocked, id=17532, stack(0x000000c0c8c00000,0x000000c0c8d00000)]
  0x000001c8ffb808f0 JavaThread "Notification Thread" daemon [_thread_blocked, id=6244, stack(0x000000c0c8d00000,0x000000c0c8e00000)]
  0x000001c8ffb84260 JavaThread "Common-Cleaner" daemon [_thread_blocked, id=15464, stack(0x000000c0c8f00000,0x000000c0c9000000)]
  0x000001c8d500d9d0 JavaThread "Thread-1" daemon [_thread_blocked, id=14884, stack(0x000000c0c9800000,0x000000c0c9900000)]
=>0x000001c8d42aa490 JavaThread "C2 CompilerThread1" daemon [_thread_in_native, id=16092, stack(0x000000c0c9000000,0x000000c0c9100000)]

Other Threads:
  0x000001c8ff4ae9f0 VMThread "VM Thread" [stack: 0x000000c0c8300000,0x000000c0c8400000] [id=3428]
  0x000001c8ffb82de0 WatcherThread [stack: 0x000000c0c8e00000,0x000000c0c8f00000] [id=19988]
  0x000001c8ee86ec60 GCTaskThread "GC Thread#0" [stack: 0x000000c0c7e00000,0x000000c0c7f00000] [id=9180]
  0x000001c8d4a7a750 GCTaskThread "GC Thread#1" [stack: 0x000000c0c9100000,0x000000c0c9200000] [id=5364]
  0x000001c8d45ab740 GCTaskThread "GC Thread#2" [stack: 0x000000c0c9200000,0x000000c0c9300000] [id=20096]
  0x000001c8d4f01dc0 GCTaskThread "GC Thread#3" [stack: 0x000000c0c9300000,0x000000c0c9400000] [id=21136]
  0x000001c8d4979200 GCTaskThread "GC Thread#4" [stack: 0x000000c0c9400000,0x000000c0c9500000] [id=8968]
  0x000001c8d4fb1be0 GCTaskThread "GC Thread#5" [stack: 0x000000c0c9500000,0x000000c0c9600000] [id=8196]
  0x000001c8d4de1e40 GCTaskThread "GC Thread#6" [stack: 0x000000c0c9600000,0x000000c0c9700000] [id=11536]
  0x000001c8d4a98350 GCTaskThread "GC Thread#7" [stack: 0x000000c0c9700000,0x000000c0c9800000] [id=8740]
  0x000001c8ee880240 ConcurrentGCThread "G1 Main Marker" [stack: 0x000000c0c7f00000,0x000000c0c8000000] [id=13824]
  0x000001c8ee881270 ConcurrentGCThread "G1 Conc#0" [stack: 0x000000c0c8000000,0x000000c0c8100000] [id=9672]
  0x000001c8ee8b7100 ConcurrentGCThread "G1 Refine#0" [stack: 0x000000c0c8100000,0x000000c0c8200000] [id=19992]
  0x000001c8ee8b89e0 ConcurrentGCThread "G1 Service" [stack: 0x000000c0c8200000,0x000000c0c8300000] [id=5884]

Threads with active compile tasks:
C2 CompilerThread1  8027 5140       4       jdk.internal.org.objectweb.asm.Frame::execute (2305 bytes)

VM state: not at safepoint (normal execution)

VM Mutex/Monitor currently owned by a thread: None

Heap address: 0x0000000083200000, size: 1998 MB, Compressed Oops mode: 32-bit

CDS archive(s) mapped at: [0x000001c88f000000-0x000001c88fbb0000-0x000001c88fbb0000), size 12255232, SharedBaseAddress: 0x000001c88f000000, ArchiveRelocationMode: 1.
Compressed class space mapped at: 0x000001c890000000-0x000001c8d0000000, reserved size: 1073741824
Narrow klass base: 0x000001c88f000000, Narrow klass shift: 0, Narrow klass range: 0x100000000

GC Precious Log:
 CPUs: 8 total, 8 available
 Memory: 7991M
 Large Page Support: Disabled
 NUMA Support: Disabled
 Compressed Oops: Enabled (32-bit)
 Heap Region Size: 1M
 Heap Min Capacity: 8M
 Heap Initial Capacity: 126M
 Heap Max Capacity: 1998M
 Pre-touch: Disabled
 Parallel Workers: 8
 Concurrent Workers: 2
 Concurrent Refinement Workers: 8
 Periodic GC: Disabled

Heap:
 garbage-first heap   total 129024K, used 61965K [0x0000000083200000, 0x0000000100000000)
  region size 1024K, 50 young (51200K), 5 survivors (5120K)
 Metaspace       used 19445K, committed 19776K, reserved 1114112K
  class space    used 2210K, committed 2368K, reserved 1048576K

Heap Regions: E=young(eden), S=young(survivor), O=old, HS=humongous(starts), HC=humongous(continues), CS=collection set, F=free, OA=open archive, CA=closed archive, TAMS=top-at-mark-start (previous, next)
|   0|0x0000000083200000, 0x0000000083300000, 0x0000000083300000|100%| O|  |TAMS 0x0000000083200000, 0x0000000083200000| Untracked 
|   1|0x0000000083300000, 0x0000000083400000, 0x0000000083400000|100%| O|  |TAMS 0x0000000083300000, 0x0000000083300000| Untracked 
|   2|0x0000000083400000, 0x0000000083500000, 0x0000000083500000|100%| O|  |TAMS 0x0000000083400000, 0x0000000083400000| Untracked 
|   3|0x0000000083500000, 0x0000000083600000, 0x0000000083600000|100%| O|  |TAMS 0x0000000083500000, 0x0000000083500000| Untracked 
|   4|0x0000000083600000, 0x0000000083700000, 0x0000000083700000|100%|HS|  |TAMS 0x0000000083600000, 0x0000000083600000| Complete 
|   5|0x0000000083700000, 0x0000000083700000, 0x0000000083800000|  0%| F|  |TAMS 0x0000000083700000, 0x0000000083700000| Untracked 
|   6|0x0000000083800000, 0x0000000083800000, 0x0000000083900000|  0%| F|  |TAMS 0x0000000083800000, 0x0000000083800000| Untracked 
|   7|0x0000000083900000, 0x0000000083900000, 0x0000000083a00000|  0%| F|  |TAMS 0x0000000083900000, 0x0000000083900000| Untracked 
|   8|0x0000000083a00000, 0x0000000083a00000, 0x0000000083b00000|  0%| F|  |TAMS 0x0000000083a00000, 0x0000000083a00000| Untracked 
|   9|0x0000000083b00000, 0x0000000083b00000, 0x0000000083c00000|  0%| F|  |TAMS 0x0000000083b00000, 0x0000000083b00000| Untracked 
|  10|0x0000000083c00000, 0x0000000083c00000, 0x0000000083d00000|  0%| F|  |TAMS 0x0000000083c00000, 0x0000000083c00000| Untracked 
|  11|0x0000000083d00000, 0x0000000083d00000, 0x0000000083e00000|  0%| F|  |TAMS 0x0000000083d00000, 0x0000000083d00000| Untracked 
|  12|0x0000000083e00000, 0x0000000083e00000, 0x0000000083f00000|  0%| F|  |TAMS 0x0000000083e00000, 0x0000000083e00000| Untracked 
|  13|0x0000000083f00000, 0x0000000083f00000, 0x0000000084000000|  0%| F|  |TAMS 0x0000000083f00000, 0x0000000083f00000| Untracked 
|  14|0x0000000084000000, 0x0000000084000000, 0x0000000084100000|  0%| F|  |TAMS 0x0000000084000000, 0x0000000084000000| Untracked 
|  15|0x0000000084100000, 0x0000000084100000, 0x0000000084200000|  0%| F|  |TAMS 0x0000000084100000, 0x0000000084100000| Untracked 
|  16|0x0000000084200000, 0x0000000084200000, 0x0000000084300000|  0%| F|  |TAMS 0x0000000084200000, 0x0000000084200000| Untracked 
|  17|0x0000000084300000, 0x0000000084300000, 0x0000000084400000|  0%| F|  |TAMS 0x0000000084300000, 0x0000000084300000| Untracked 
|  18|0x0000000084400000, 0x0000000084400000, 0x0000000084500000|  0%| F|  |TAMS 0x0000000084400000, 0x0000000084400000| Untracked 
|  19|0x0000000084500000, 0x0000000084500000, 0x0000000084600000|  0%| F|  |TAMS 0x0000000084500000, 0x0000000084500000| Untracked 
|  20|0x0000000084600000, 0x0000000084600000, 0x0000000084700000|  0%| F|  |TAMS 0x0000000084600000, 0x0000000084600000| Untracked 
|  21|0x0000000084700000, 0x0000000084700000, 0x0000000084800000|  0%| F|  |TAMS 0x0000000084700000, 0x0000000084700000| Untracked 
|  22|0x0000000084800000, 0x0000000084800000, 0x0000000084900000|  0%| F|  |TAMS 0x0000000084800000, 0x0000000084800000| Untracked 
|  23|0x0000000084900000, 0x0000000084900000, 0x0000000084a00000|  0%| F|  |TAMS 0x0000000084900000, 0x0000000084900000| Untracked 
|  24|0x0000000084a00000, 0x0000000084a00000, 0x0000000084b00000|  0%| F|  |TAMS 0x0000000084a00000, 0x0000000084a00000| Untracked 
|  25|0x0000000084b00000, 0x0000000084b00000, 0x0000000084c00000|  0%| F|  |TAMS 0x0000000084b00000, 0x0000000084b00000| Untracked 
|  26|0x0000000084c00000, 0x0000000084c00000, 0x0000000084d00000|  0%| F|  |TAMS 0x0000000084c00000, 0x0000000084c00000| Untracked 
|  27|0x0000000084d00000, 0x0000000084d00000, 0x0000000084e00000|  0%| F|  |TAMS 0x0000000084d00000, 0x0000000084d00000| Untracked 
|  28|0x0000000084e00000, 0x0000000084e00000, 0x0000000084f00000|  0%| F|  |TAMS 0x0000000084e00000, 0x0000000084e00000| Untracked 
|  29|0x0000000084f00000, 0x0000000084f00000, 0x0000000085000000|  0%| F|  |TAMS 0x0000000084f00000, 0x0000000084f00000| Untracked 
|  30|0x0000000085000000, 0x0000000085000000, 0x0000000085100000|  0%| F|  |TAMS 0x0000000085000000, 0x0000000085000000| Untracked 
|  31|0x0000000085100000, 0x0000000085100000, 0x0000000085200000|  0%| F|  |TAMS 0x0000000085100000, 0x0000000085100000| Untracked 
|  32|0x0000000085200000, 0x0000000085200000, 0x0000000085300000|  0%| F|  |TAMS 0x0000000085200000, 0x0000000085200000| Untracked 
|  33|0x0000000085300000, 0x0000000085300000, 0x0000000085400000|  0%| F|  |TAMS 0x0000000085300000, 0x0000000085300000| Untracked 
|  34|0x0000000085400000, 0x0000000085400000, 0x0000000085500000|  0%| F|  |TAMS 0x0000000085400000, 0x0000000085400000| Untracked 
|  35|0x0000000085500000, 0x0000000085500000, 0x0000000085600000|  0%| F|  |TAMS 0x0000000085500000, 0x0000000085500000| Untracked 
|  36|0x0000000085600000, 0x0000000085700000, 0x0000000085700000|100%| O|  |TAMS 0x0000000085600000, 0x0000000085600000| Untracked 
|  37|0x0000000085700000, 0x0000000085800000, 0x0000000085800000|100%| O|  |TAMS 0x0000000085700000, 0x0000000085700000| Untracked 
|  38|0x0000000085800000, 0x0000000085900000, 0x0000000085900000|100%| O|  |TAMS 0x0000000085800000, 0x0000000085800000| Untracked 
|  39|0x0000000085900000, 0x0000000085a00000, 0x0000000085a00000|100%| O|  |TAMS 0x0000000085900000, 0x0000000085900000| Untracked 
|  40|0x0000000085a00000, 0x0000000085b00000, 0x0000000085b00000|100%| O|  |TAMS 0x0000000085a00000, 0x0000000085a00000| Untracked 
|  41|0x0000000085b00000, 0x0000000085b00000, 0x0000000085c00000|  0%| F|  |TAMS 0x0000000085b00000, 0x0000000085b00000| Untracked 
|  42|0x0000000085c00000, 0x0000000085c00000, 0x0000000085d00000|  0%| F|  |TAMS 0x0000000085c00000, 0x0000000085c00000| Untracked 
|  43|0x0000000085d00000, 0x0000000085d00000, 0x0000000085e00000|  0%| F|  |TAMS 0x0000000085d00000, 0x0000000085d00000| Untracked 
|  44|0x0000000085e00000, 0x0000000085e00000, 0x0000000085f00000|  0%| F|  |TAMS 0x0000000085e00000, 0x0000000085e00000| Untracked 
|  45|0x0000000085f00000, 0x0000000085f00000, 0x0000000086000000|  0%| F|  |TAMS 0x0000000085f00000, 0x0000000085f00000| Untracked 
|  46|0x0000000086000000, 0x0000000086000000, 0x0000000086100000|  0%| F|  |TAMS 0x0000000086000000, 0x0000000086000000| Untracked 
|  47|0x0000000086100000, 0x0000000086100000, 0x0000000086200000|  0%| F|  |TAMS 0x0000000086100000, 0x0000000086100000| Untracked 
|  48|0x0000000086200000, 0x0000000086200000, 0x0000000086300000|  0%| F|  |TAMS 0x0000000086200000, 0x0000000086200000| Untracked 
|  49|0x0000000086300000, 0x0000000086300000, 0x0000000086400000|  0%| F|  |TAMS 0x0000000086300000, 0x0000000086300000| Untracked 
|  50|0x0000000086400000, 0x0000000086400000, 0x0000000086500000|  0%| F|  |TAMS 0x0000000086400000, 0x0000000086400000| Untracked 
|  51|0x0000000086500000, 0x0000000086600000, 0x0000000086600000|100%| O|  |TAMS 0x0000000086500000, 0x0000000086500000| Untracked 
|  52|0x0000000086600000, 0x0000000086700000, 0x0000000086700000|100%| O|  |TAMS 0x0000000086600000, 0x0000000086600000| Untracked 
|  53|0x0000000086700000, 0x0000000086800000, 0x0000000086800000|100%| O|  |TAMS 0x0000000086700000, 0x0000000086700000| Untracked 
|  54|0x0000000086800000, 0x0000000086807200, 0x0000000086900000|  2%| O|  |TAMS 0x0000000086800000, 0x0000000086800000| Untracked 
|  55|0x0000000086900000, 0x0000000086900000, 0x0000000086a00000|  0%| F|  |TAMS 0x0000000086900000, 0x0000000086900000| Untracked 
|  56|0x0000000086a00000, 0x0000000086a00000, 0x0000000086b00000|  0%| F|  |TAMS 0x0000000086a00000, 0x0000000086a00000| Untracked 
|  57|0x0000000086b00000, 0x0000000086b00000, 0x0000000086c00000|  0%| F|  |TAMS 0x0000000086b00000, 0x0000000086b00000| Untracked 
|  58|0x0000000086c00000, 0x0000000086c7c330, 0x0000000086d00000| 48%| S|CS|TAMS 0x0000000086c00000, 0x0000000086c00000| Complete 
|  59|0x0000000086d00000, 0x0000000086e00000, 0x0000000086e00000|100%| S|CS|TAMS 0x0000000086d00000, 0x0000000086d00000| Complete 
|  60|0x0000000086e00000, 0x0000000086f00000, 0x0000000086f00000|100%| S|CS|TAMS 0x0000000086e00000, 0x0000000086e00000| Complete 
|  61|0x0000000086f00000, 0x0000000087000000, 0x0000000087000000|100%| S|CS|TAMS 0x0000000086f00000, 0x0000000086f00000| Complete 
|  62|0x0000000087000000, 0x0000000087100000, 0x0000000087100000|100%| S|CS|TAMS 0x0000000087000000, 0x0000000087000000| Complete 
|  63|0x0000000087100000, 0x0000000087100000, 0x0000000087200000|  0%| F|  |TAMS 0x0000000087100000, 0x0000000087100000| Untracked 
|  64|0x0000000087200000, 0x0000000087200000, 0x0000000087300000|  0%| F|  |TAMS 0x0000000087200000, 0x0000000087200000| Untracked 
|  65|0x0000000087300000, 0x0000000087300000, 0x0000000087400000|  0%| F|  |TAMS 0x0000000087300000, 0x0000000087300000| Untracked 
|  66|0x0000000087400000, 0x0000000087400000, 0x0000000087500000|  0%| F|  |TAMS 0x0000000087400000, 0x0000000087400000| Untracked 
|  67|0x0000000087500000, 0x0000000087500000, 0x0000000087600000|  0%| F|  |TAMS 0x0000000087500000, 0x0000000087500000| Untracked 
|  68|0x0000000087600000, 0x0000000087600000, 0x0000000087700000|  0%| F|  |TAMS 0x0000000087600000, 0x0000000087600000| Untracked 
|  69|0x0000000087700000, 0x0000000087700000, 0x0000000087800000|  0%| F|  |TAMS 0x0000000087700000, 0x0000000087700000| Untracked 
|  70|0x0000000087800000, 0x0000000087800000, 0x0000000087900000|  0%| F|  |TAMS 0x0000000087800000, 0x0000000087800000| Untracked 
|  71|0x0000000087900000, 0x0000000087900000, 0x0000000087a00000|  0%| F|  |TAMS 0x0000000087900000, 0x0000000087900000| Untracked 
|  72|0x0000000087a00000, 0x0000000087a00000, 0x0000000087b00000|  0%| F|  |TAMS 0x0000000087a00000, 0x0000000087a00000| Untracked 
|  73|0x0000000087b00000, 0x0000000087b00000, 0x0000000087c00000|  0%| F|  |TAMS 0x0000000087b00000, 0x0000000087b00000| Untracked 
|  74|0x0000000087c00000, 0x0000000087c00000, 0x0000000087d00000|  0%| F|  |TAMS 0x0000000087c00000, 0x0000000087c00000| Untracked 
|  75|0x0000000087d00000, 0x0000000087d00000, 0x0000000087e00000|  0%| F|  |TAMS 0x0000000087d00000, 0x0000000087d00000| Untracked 
|  76|0x0000000087e00000, 0x0000000087e00000, 0x0000000087f00000|  0%| F|  |TAMS 0x0000000087e00000, 0x0000000087e00000| Untracked 
|  77|0x0000000087f00000, 0x0000000087f00000, 0x0000000088000000|  0%| F|  |TAMS 0x0000000087f00000, 0x0000000087f00000| Untracked 
|  78|0x0000000088000000, 0x0000000088000000, 0x0000000088100000|  0%| F|  |TAMS 0x0000000088000000, 0x0000000088000000| Untracked 
|  79|0x0000000088100000, 0x0000000088100000, 0x0000000088200000|  0%| F|  |TAMS 0x0000000088100000, 0x0000000088100000| Untracked 
|  80|0x0000000088200000, 0x0000000088200000, 0x0000000088300000|  0%| F|  |TAMS 0x0000000088200000, 0x0000000088200000| Untracked 
|  81|0x0000000088300000, 0x0000000088400000, 0x0000000088400000|100%| E|  |TAMS 0x0000000088300000, 0x0000000088300000| Complete 
|  82|0x0000000088400000, 0x0000000088500000, 0x0000000088500000|100%| E|CS|TAMS 0x0000000088400000, 0x0000000088400000| Complete 
|  83|0x0000000088500000, 0x0000000088600000, 0x0000000088600000|100%| E|CS|TAMS 0x0000000088500000, 0x0000000088500000| Complete 
|  84|0x0000000088600000, 0x0000000088700000, 0x0000000088700000|100%| E|CS|TAMS 0x0000000088600000, 0x0000000088600000| Complete 
|  85|0x0000000088700000, 0x0000000088800000, 0x0000000088800000|100%| E|  |TAMS 0x0000000088700000, 0x0000000088700000| Complete 
|  86|0x0000000088800000, 0x0000000088900000, 0x0000000088900000|100%| E|CS|TAMS 0x0000000088800000, 0x0000000088800000| Complete 
|  87|0x0000000088900000, 0x0000000088a00000, 0x0000000088a00000|100%| E|CS|TAMS 0x0000000088900000, 0x0000000088900000| Complete 
|  88|0x0000000088a00000, 0x0000000088b00000, 0x0000000088b00000|100%| E|CS|TAMS 0x0000000088a00000, 0x0000000088a00000| Complete 
|  89|0x0000000088b00000, 0x0000000088c00000, 0x0000000088c00000|100%| E|CS|TAMS 0x0000000088b00000, 0x0000000088b00000| Complete 
|  90|0x0000000088c00000, 0x0000000088d00000, 0x0000000088d00000|100%| E|CS|TAMS 0x0000000088c00000, 0x0000000088c00000| Complete 
|  91|0x0000000088d00000, 0x0000000088e00000, 0x0000000088e00000|100%| E|CS|TAMS 0x0000000088d00000, 0x0000000088d00000| Complete 
|  92|0x0000000088e00000, 0x0000000088f00000, 0x0000000088f00000|100%| E|CS|TAMS 0x0000000088e00000, 0x0000000088e00000| Complete 
|  93|0x0000000088f00000, 0x0000000089000000, 0x0000000089000000|100%| E|CS|TAMS 0x0000000088f00000, 0x0000000088f00000| Complete 
|  94|0x0000000089000000, 0x0000000089100000, 0x0000000089100000|100%| E|CS|TAMS 0x0000000089000000, 0x0000000089000000| Complete 
|  95|0x0000000089100000, 0x0000000089200000, 0x0000000089200000|100%| E|CS|TAMS 0x0000000089100000, 0x0000000089100000| Complete 
|  96|0x0000000089200000, 0x0000000089300000, 0x0000000089300000|100%| E|CS|TAMS 0x0000000089200000, 0x0000000089200000| Complete 
|  97|0x0000000089300000, 0x0000000089400000, 0x0000000089400000|100%| E|CS|TAMS 0x0000000089300000, 0x0000000089300000| Complete 
|  98|0x0000000089400000, 0x0000000089500000, 0x0000000089500000|100%| E|CS|TAMS 0x0000000089400000, 0x0000000089400000| Complete 
|  99|0x0000000089500000, 0x0000000089600000, 0x0000000089600000|100%| E|CS|TAMS 0x0000000089500000, 0x0000000089500000| Complete 
| 100|0x0000000089600000, 0x0000000089700000, 0x0000000089700000|100%| E|CS|TAMS 0x0000000089600000, 0x0000000089600000| Complete 
| 101|0x0000000089700000, 0x0000000089800000, 0x0000000089800000|100%| E|CS|TAMS 0x0000000089700000, 0x0000000089700000| Complete 
| 102|0x0000000089800000, 0x0000000089900000, 0x0000000089900000|100%| E|CS|TAMS 0x0000000089800000, 0x0000000089800000| Complete 
| 103|0x0000000089900000, 0x0000000089a00000, 0x0000000089a00000|100%| E|CS|TAMS 0x0000000089900000, 0x0000000089900000| Complete 
| 104|0x0000000089a00000, 0x0000000089b00000, 0x0000000089b00000|100%| E|CS|TAMS 0x0000000089a00000, 0x0000000089a00000| Complete 
| 105|0x0000000089b00000, 0x0000000089c00000, 0x0000000089c00000|100%| E|CS|TAMS 0x0000000089b00000, 0x0000000089b00000| Complete 
| 106|0x0000000089c00000, 0x0000000089d00000, 0x0000000089d00000|100%| E|CS|TAMS 0x0000000089c00000, 0x0000000089c00000| Complete 
| 107|0x0000000089d00000, 0x0000000089e00000, 0x0000000089e00000|100%| E|CS|TAMS 0x0000000089d00000, 0x0000000089d00000| Complete 
| 108|0x0000000089e00000, 0x0000000089f00000, 0x0000000089f00000|100%| E|CS|TAMS 0x0000000089e00000, 0x0000000089e00000| Complete 
| 109|0x0000000089f00000, 0x000000008a000000, 0x000000008a000000|100%| E|CS|TAMS 0x0000000089f00000, 0x0000000089f00000| Complete 
| 110|0x000000008a000000, 0x000000008a100000, 0x000000008a100000|100%| E|CS|TAMS 0x000000008a000000, 0x000000008a000000| Complete 
| 111|0x000000008a100000, 0x000000008a200000, 0x000000008a200000|100%| E|CS|TAMS 0x000000008a100000, 0x000000008a100000| Complete 
| 112|0x000000008a200000, 0x000000008a300000, 0x000000008a300000|100%| E|CS|TAMS 0x000000008a200000, 0x000000008a200000| Complete 
| 113|0x000000008a300000, 0x000000008a400000, 0x000000008a400000|100%| E|CS|TAMS 0x000000008a300000, 0x000000008a300000| Complete 
| 114|0x000000008a400000, 0x000000008a500000, 0x000000008a500000|100%| E|CS|TAMS 0x000000008a400000, 0x000000008a400000| Complete 
| 115|0x000000008a500000, 0x000000008a600000, 0x000000008a600000|100%| E|CS|TAMS 0x000000008a500000, 0x000000008a500000| Complete 
| 116|0x000000008a600000, 0x000000008a700000, 0x000000008a700000|100%| E|CS|TAMS 0x000000008a600000, 0x000000008a600000| Complete 
| 117|0x000000008a700000, 0x000000008a800000, 0x000000008a800000|100%| E|CS|TAMS 0x000000008a700000, 0x000000008a700000| Complete 
| 118|0x000000008a800000, 0x000000008a900000, 0x000000008a900000|100%| E|CS|TAMS 0x000000008a800000, 0x000000008a800000| Complete 
| 119|0x000000008a900000, 0x000000008aa00000, 0x000000008aa00000|100%| E|CS|TAMS 0x000000008a900000, 0x000000008a900000| Complete 
| 120|0x000000008aa00000, 0x000000008ab00000, 0x000000008ab00000|100%| E|CS|TAMS 0x000000008aa00000, 0x000000008aa00000| Complete 
| 121|0x000000008ab00000, 0x000000008ac00000, 0x000000008ac00000|100%| E|CS|TAMS 0x000000008ab00000, 0x000000008ab00000| Complete 
| 122|0x000000008ac00000, 0x000000008ad00000, 0x000000008ad00000|100%| E|CS|TAMS 0x000000008ac00000, 0x000000008ac00000| Complete 
| 123|0x000000008ad00000, 0x000000008ae00000, 0x000000008ae00000|100%| E|CS|TAMS 0x000000008ad00000, 0x000000008ad00000| Complete 
| 124|0x000000008ae00000, 0x000000008af00000, 0x000000008af00000|100%| E|CS|TAMS 0x000000008ae00000, 0x000000008ae00000| Complete 
| 125|0x000000008af00000, 0x000000008b000000, 0x000000008b000000|100%| E|CS|TAMS 0x000000008af00000, 0x000000008af00000| Complete 

Card table byte_map: [0x000001c8f87b0000,0x000001c8f8ba0000] _byte_map_base: 0x000001c8f8397000

Marking Bits (Prev, Next): (CMBitMap*) 0x000001c8ee86f280, (CMBitMap*) 0x000001c8ee86f2c0
 Prev Bits: [0x000001c8f8f90000, 0x000001c8faec8000)
 Next Bits: [0x000001c8faed0000, 0x000001c8fce08000)

Polling page: 0x000001c8ee500000

Metaspace:

Usage:
  Non-class:     16.83 MB used.
      Class:      2.16 MB used.
       Both:     18.99 MB used.

Virtual space:
  Non-class space:       64.00 MB reserved,      17.00 MB ( 27%) committed,  1 nodes.
      Class space:        1.00 GB reserved,       2.31 MB ( <1%) committed,  1 nodes.
             Both:        1.06 GB reserved,      19.31 MB (  2%) committed. 

Chunk freelists:
   Non-Class:  14.43 MB
       Class:  13.62 MB
        Both:  28.05 MB

MaxMetaspaceSize: unlimited
CompressedClassSpaceSize: 1.00 GB
Initial GC threshold: 21.00 MB
Current GC threshold: 21.00 MB
CDS: on
MetaspaceReclaimPolicy: balanced
 - commit_granule_bytes: 65536.
 - commit_granule_words: 8192.
 - virtual_space_node_default_size: 8388608.
 - enlarge_chunks_in_place: 1.
 - new_chunks_are_fully_committed: 0.
 - uncommit_free_chunks: 1.
 - use_allocation_guard: 0.
 - handle_deallocations: 1.


Internal statistics:

num_allocs_failed_limit: 0.
num_arena_births: 184.
num_arena_deaths: 0.
num_vsnodes_births: 2.
num_vsnodes_deaths: 0.
num_space_committed: 309.
num_space_uncommitted: 0.
num_chunks_returned_to_freelist: 0.
num_chunks_taken_from_freelist: 898.
num_chunk_merges: 0.
num_chunk_splits: 592.
num_chunks_enlarged: 445.
num_inconsistent_stats: 0.

CodeHeap 'non-profiled nmethods': size=120000Kb used=2357Kb max_used=2921Kb free=117642Kb
 bounds [0x000001c887ad0000, 0x000001c887db0000, 0x000001c88f000000]
CodeHeap 'profiled nmethods': size=120000Kb used=8824Kb max_used=11107Kb free=111175Kb
 bounds [0x000001c880000000, 0x000001c880ae0000, 0x000001c887530000]
CodeHeap 'non-nmethods': size=5760Kb used=1206Kb max_used=1239Kb free=4553Kb
 bounds [0x000001c887530000, 0x000001c8877a0000, 0x000001c887ad0000]
 total_blobs=4874 nmethods=4383 adapters=403
 compilation: enabled
              stopped_count=0, restarted_count=0
 full_count=0

Compilation events (20 events):
Event: 7.845 Thread 0x000001c8ffa41290 5155       3       java.lang.invoke.MethodHandles$Lookup::makeHiddenClassDefiner (42 bytes)
Event: 7.846 Thread 0x000001c8ffa41290 nmethod 5155 0x000001c8804eee10 code [0x000001c8804ef0e0, 0x000001c8804eff98]
Event: 7.846 Thread 0x000001c8ffa41290 5156       3       java.lang.invoke.MethodHandles$Lookup$ClassDefiner::defineClass (97 bytes)
Event: 7.848 Thread 0x000001c8ffa41290 nmethod 5156 0x000001c880045710 code [0x000001c8800459c0, 0x000001c880046938]
Event: 7.859 Thread 0x000001c8ffa41290 5157       3       java.lang.ProcessEnvironment$CheckedEntrySet$1::hasNext (10 bytes)
Event: 7.860 Thread 0x000001c8ffa41290 nmethod 5157 0x000001c88007c010 code [0x000001c88007c1c0, 0x000001c88007c388]
Event: 7.860 Thread 0x000001c8ffa41290 5160       3       java.lang.ProcessEnvironment$CheckedEntry::getKey (5 bytes)
Event: 7.860 Thread 0x000001c8ffa41290 nmethod 5160 0x000001c8801c2990 code [0x000001c8801c2b40, 0x000001c8801c2e68]
Event: 7.860 Thread 0x000001c8ffa41290 5161       3       java.lang.ProcessEnvironment$CheckedEntry::getKey (13 bytes)
Event: 7.860 Thread 0x000001c8ffa41290 nmethod 5161 0x000001c8801b5f90 code [0x000001c8801b6140, 0x000001c8801b6408]
Event: 7.860 Thread 0x000001c8ffa41290 5158       3       java.lang.ProcessEnvironment$CheckedEntrySet$1::next (5 bytes)
Event: 7.860 Thread 0x000001c8ffa41290 nmethod 5158 0x000001c8801aff10 code [0x000001c8801b00e0, 0x000001c8801b05c8]
Event: 7.860 Thread 0x000001c8ffa41290 5159       3       java.lang.ProcessEnvironment$CheckedEntrySet$1::next (20 bytes)
Event: 7.860 Thread 0x000001c8ffa41290 nmethod 5159 0x000001c880006910 code [0x000001c880006ae0, 0x000001c880006f48]
Event: 7.860 Thread 0x000001c8ffa41290 5163       3       java.lang.ProcessEnvironment$CheckedEntry::getValue (5 bytes)
Event: 7.861 Thread 0x000001c8ffa41290 nmethod 5163 0x000001c88023e990 code [0x000001c88023eb40, 0x000001c88023ee88]
Event: 7.875 Thread 0x000001c8ffa41290 5166       3       java.util.ImmutableCollections$ListN::size (6 bytes)
Event: 7.876 Thread 0x000001c8ffa41290 nmethod 5166 0x000001c880135610 code [0x000001c8801357a0, 0x000001c8801358b8]
Event: 7.928 Thread 0x000001c8ff4d3fc0 

Event: 7.928 Thread 0x000001c8ff4d3fc0 5162       4       java.util.TimSort::binarySort (223 bytes)

GC Heap History (8 events):
Event: 1.195 GC heap before
{Heap before GC invocations=0 (full 0):
 garbage-first heap   total 129024K, used 23552K [0x0000000083200000, 0x0000000100000000)
  region size 1024K, 23 young (23552K), 0 survivors (0K)
 Metaspace       used 5407K, committed 5632K, reserved 1114112K
  class space    used 653K, committed 768K, reserved 1048576K
}
Event: 1.203 GC heap after
{Heap after GC invocations=1 (full 0):
 garbage-first heap   total 129024K, used 3664K [0x0000000083200000, 0x0000000100000000)
  region size 1024K, 3 young (3072K), 3 survivors (3072K)
 Metaspace       used 5407K, committed 5632K, reserved 1114112K
  class space    used 653K, committed 768K, reserved 1048576K
}
Event: 2.105 GC heap before
{Heap before GC invocations=1 (full 0):
 garbage-first heap   total 129024K, used 35408K [0x0000000083200000, 0x0000000100000000)
  region size 1024K, 34 young (34816K), 3 survivors (3072K)
 Metaspace       used 9780K, committed 9920K, reserved 1114112K
  class space    used 1191K, committed 1280K, reserved 1048576K
}
Event: 2.113 GC heap after
{Heap after GC invocations=2 (full 0):
 garbage-first heap   total 129024K, used 5476K [0x0000000083200000, 0x0000000100000000)
  region size 1024K, 2 young (2048K), 2 survivors (2048K)
 Metaspace       used 9780K, committed 9920K, reserved 1114112K
  class space    used 1191K, committed 1280K, reserved 1048576K
}
Event: 4.610 GC heap before
{Heap before GC invocations=2 (full 0):
 garbage-first heap   total 129024K, used 80228K [0x0000000083200000, 0x0000000100000000)
  region size 1024K, 75 young (76800K), 2 survivors (2048K)
 Metaspace       used 15516K, committed 15680K, reserved 1114112K
  class space    used 1854K, committed 1920K, reserved 1048576K
}
Event: 4.628 GC heap after
{Heap after GC invocations=3 (full 0):
 garbage-first heap   total 129024K, used 13362K [0x0000000083200000, 0x0000000100000000)
  region size 1024K, 10 young (10240K), 10 survivors (10240K)
 Metaspace       used 15516K, committed 15680K, reserved 1114112K
  class space    used 1854K, committed 1920K, reserved 1048576K
}
Event: 6.573 GC heap before
{Heap before GC invocations=3 (full 0):
 garbage-first heap   total 129024K, used 109618K [0x0000000083200000, 0x0000000100000000)
  region size 1024K, 73 young (74752K), 10 survivors (10240K)
 Metaspace       used 17215K, committed 17472K, reserved 1114112K
  class space    used 1994K, committed 2176K, reserved 1048576K
}
Event: 6.589 GC heap after
{Heap after GC invocations=4 (full 0):
 garbage-first heap   total 129024K, used 16909K [0x0000000083200000, 0x0000000100000000)
  region size 1024K, 5 young (5120K), 5 survivors (5120K)
 Metaspace       used 17215K, committed 17472K, reserved 1114112K
  class space    used 1994K, committed 2176K, reserved 1048576K
}

Dll operation events (8 events):
Event: 0.010 Loaded shared library C:\Program Files\Eclipse Adoptium\jdk-17.0.18.8-hotspot\bin\java.dll
Event: 0.033 Loaded shared library C:\Program Files\Eclipse Adoptium\jdk-17.0.18.8-hotspot\bin\jsvml.dll
Event: 0.071 Loaded shared library C:\Program Files\Eclipse Adoptium\jdk-17.0.18.8-hotspot\bin\net.dll
Event: 0.074 Loaded shared library C:\Program Files\Eclipse Adoptium\jdk-17.0.18.8-hotspot\bin\nio.dll
Event: 0.079 Loaded shared library C:\Program Files\Eclipse Adoptium\jdk-17.0.18.8-hotspot\bin\zip.dll
Event: 0.273 Loaded shared library C:\Program Files\Eclipse Adoptium\jdk-17.0.18.8-hotspot\bin\jimage.dll
Event: 0.274 Loaded shared library E:\apache-maven-3.9.14\lib\jansi-native\Windows\x86_64\jansi.dll
Event: 0.295 Loaded shared library C:\Program Files\Eclipse Adoptium\jdk-17.0.18.8-hotspot\bin\verify.dll

Deoptimization events (20 events):
Event: 7.805 Thread 0x000001c8ee810610 Uncommon trap: trap_request=0xffffff45 fr.pc=0x000001c887d6c338 relative=0x0000000000000038
Event: 7.806 Thread 0x000001c8ee810610 Uncommon trap: reason=unstable_if action=reinterpret pc=0x000001c887d6c338 method=sun.nio.fs.WindowsFileAttributes.isReparsePoint(I)Z @ 5 c2
Event: 7.806 Thread 0x000001c8ee810610 DEOPT PACKING pc=0x000001c887d6c338 sp=0x000000c0c7dfc8c0
Event: 7.806 Thread 0x000001c8ee810610 DEOPT UNPACKING pc=0x000001c88758a1a3 sp=0x000000c0c7dfc850 mode 2
Event: 7.860 Thread 0x000001c8ee810610 Uncommon trap: trap_request=0xffffffbe fr.pc=0x000001c887bc1fa8 relative=0x0000000000001e48
Event: 7.860 Thread 0x000001c8ee810610 Uncommon trap: reason=profile_predicate action=maybe_recompile pc=0x000001c887bc1fa8 method=java.util.TimSort.binarySort([Ljava/lang/Object;IIILjava/util/Comparator;)V @ 34 c2
Event: 7.860 Thread 0x000001c8ee810610 DEOPT PACKING pc=0x000001c887bc1fa8 sp=0x000000c0c7dfd7b0
Event: 7.860 Thread 0x000001c8ee810610 DEOPT UNPACKING pc=0x000001c88758a1a3 sp=0x000000c0c7dfd790 mode 2
Event: 7.860 Thread 0x000001c8ee810610 Uncommon trap: trap_request=0xffffffbe fr.pc=0x000001c887bc1fa8 relative=0x0000000000001e48
Event: 7.860 Thread 0x000001c8ee810610 Uncommon trap: reason=profile_predicate action=maybe_recompile pc=0x000001c887bc1fa8 method=java.util.TimSort.binarySort([Ljava/lang/Object;IIILjava/util/Comparator;)V @ 34 c2
Event: 7.860 Thread 0x000001c8ee810610 DEOPT PACKING pc=0x000001c887bc1fa8 sp=0x000000c0c7dfd7b0
Event: 7.860 Thread 0x000001c8ee810610 DEOPT UNPACKING pc=0x000001c88758a1a3 sp=0x000000c0c7dfd790 mode 2
Event: 7.860 Thread 0x000001c8ee810610 Uncommon trap: trap_request=0xffffffbe fr.pc=0x000001c887bc1fa8 relative=0x0000000000001e48
Event: 7.860 Thread 0x000001c8ee810610 Uncommon trap: reason=profile_predicate action=maybe_recompile pc=0x000001c887bc1fa8 method=java.util.TimSort.binarySort([Ljava/lang/Object;IIILjava/util/Comparator;)V @ 34 c2
Event: 7.860 Thread 0x000001c8ee810610 DEOPT PACKING pc=0x000001c887bc1fa8 sp=0x000000c0c7dfd7b0
Event: 7.860 Thread 0x000001c8ee810610 DEOPT UNPACKING pc=0x000001c88758a1a3 sp=0x000000c0c7dfd790 mode 2
Event: 7.901 Thread 0x000001c8ee810610 Uncommon trap: trap_request=0xffffffde fr.pc=0x000001c887ca2104 relative=0x0000000000000544
Event: 7.901 Thread 0x000001c8ee810610 Uncommon trap: reason=class_check action=maybe_recompile pc=0x000001c887ca2104 method=java.util.Hashtable.get(Ljava/lang/Object;)Ljava/lang/Object; @ 6 c2
Event: 7.901 Thread 0x000001c8ee810610 DEOPT PACKING pc=0x000001c887ca2104 sp=0x000000c0c7dfdb80
Event: 7.901 Thread 0x000001c8ee810610 DEOPT UNPACKING pc=0x000001c88758a1a3 sp=0x000000c0c7dfdb30 mode 2

Classes loaded (20 events):
Event: 7.894 Loading class java/util/concurrent/SynchronousQueue$Transferer done
Event: 7.894 Loading class java/util/concurrent/SynchronousQueue$TransferStack done
Event: 7.894 Loading class java/util/concurrent/SynchronousQueue$TransferStack$SNode
Event: 7.894 Loading class java/util/concurrent/SynchronousQueue$TransferStack$SNode done
Event: 7.894 Loading class java/lang/ProcessImpl$2
Event: 7.894 Loading class java/lang/ProcessImpl$2 done
Event: 7.894 Loading class java/lang/ProcessBuilder$NullOutputStream
Event: 7.894 Loading class java/lang/ProcessBuilder$NullOutputStream done
Event: 7.894 Loading class java/lang/ProcessBuilder$NullInputStream
Event: 7.894 Loading class java/lang/ProcessBuilder$NullInputStream done
Event: 7.894 Loading class jdk/internal/event/ProcessStartEvent
Event: 7.895 Loading class jdk/internal/event/ProcessStartEvent done
Event: 7.896 Loading class sun/misc/Signal
Event: 7.897 Loading class sun/misc/Signal done
Event: 7.898 Loading class sun/misc/SignalHandler
Event: 7.898 Loading class sun/misc/SignalHandler done
Event: 7.899 Loading class sun/misc/Signal$InternalMiscHandler
Event: 7.900 Loading class sun/misc/Signal$InternalMiscHandler done
Event: 7.901 Loading class sun/misc/Signal$SunMiscHandler
Event: 7.901 Loading class sun/misc/Signal$SunMiscHandler done

Classes unloaded (0 events):
No events

Classes redefined (0 events):
No events

Internal exceptions (20 events):
Event: 2.846 Thread 0x000001c8ee810610 Exception <a 'java/lang/NoSuchMethodError'{0x0000000089a49c70}: 'java.lang.Object java.lang.invoke.DirectMethodHandle$Holder.invokeVirtual(java.lang.Object, java.lang.Object, java.lang.Object)'> (0x0000000089a49c70) 
thrown [s\src\hotspot\share\interpreter\linkResolver.cpp, line 759]
Event: 3.912 Thread 0x000001c8ee810610 Implicit null exception at 0x000001c887bf672f to 0x000001c887bf681c
Event: 3.913 Thread 0x000001c8ee810610 Implicit null exception at 0x000001c887b8e8ea to 0x000001c887b8eab0
Event: 3.913 Thread 0x000001c8ee810610 Implicit null exception at 0x000001c887b573d8 to 0x000001c887b5746e
Event: 3.914 Thread 0x000001c8ee810610 Exception <a 'java/lang/NoSuchMethodError'{0x0000000087c1ea78}: 'void java.lang.invoke.DirectMethodHandle$Holder.invokeStatic(java.lang.Object, java.lang.Object, java.lang.Object, java.lang.Object)'> (0x0000000087c1ea78) 
thrown [s\src\hotspot\share\interpreter\linkResolver.cpp, line 759]
Event: 3.924 Thread 0x000001c8ee810610 Exception <a 'java/lang/NoSuchMethodError'{0x0000000087c94448}: 'int java.lang.invoke.DirectMethodHandle$Holder.invokeSpecialIFC(java.lang.Object, java.lang.Object, java.lang.Object, java.lang.Object)'> (0x0000000087c94448) 
thrown [s\src\hotspot\share\interpreter\linkResolver.cpp, line 759]
Event: 5.786 Thread 0x000001c8ee810610 Implicit null exception at 0x000001c887bb622f to 0x000001c887bb62a9
Event: 6.048 Thread 0x000001c8ee810610 Implicit null exception at 0x000001c887d02a2f to 0x000001c887d02a9e
Event: 6.049 Thread 0x000001c8ee810610 Exception <a 'java/lang/NoSuchMethodError'{0x0000000088229e28}: 'java.lang.Object java.lang.invoke.DirectMethodHandle$Holder.newInvokeSpecial(java.lang.Object, java.lang.Object, java.lang.Object, java.lang.Object, java.lang.Object, java.lang.Object, java.lang.Object)'> (0x0000000088229e28) 
thrown [s\src\hotspot\share\interpreter\linkResolver.cpp, line 759]
Event: 6.049 Thread 0x000001c8ee810610 Exception <a 'java/lang/NoSuchMethodError'{0x000000008822e738}: 'java.lang.Object java.lang.invoke.Invokers$Holder.linkToTargetMethod(java.lang.Object, java.lang.Object, java.lang.Object, java.lang.Object, java.lang.Object, java.lang.Object, java.lang.Object)'> (0x000000008822e738) 
thrown [s\src\hotspot\share\interpreter\linkResolver.cpp, line 759]
Event: 6.052 Thread 0x000001c8ee810610 Implicit null exception at 0x000001c887cf5566 to 0x000001c887cf61c0
Event: 6.340 Thread 0x000001c8ee810610 Exception <a 'java/lang/NoSuchMethodError'{0x0000000087840318}: 'int java.lang.invoke.DirectMethodHandle$Holder.invokeVirtual(java.lang.Object, java.lang.Object)'> (0x0000000087840318) 
thrown [s\src\hotspot\share\interpreter\linkResolver.cpp, line 759]
Event: 6.391 Thread 0x000001c8ee810610 Exception <a 'java/lang/NoSuchMethodError'{0x0000000087631fd0}: 'int java.lang.invoke.DirectMethodHandle$Holder.invokeStatic(java.lang.Object, java.lang.Object, int)'> (0x0000000087631fd0) 
thrown [s\src\hotspot\share\interpreter\linkResolver.cpp, line 759]
Event: 7.820 Thread 0x000001c8ee810610 Exception <a 'java/lang/NoSuchMethodError'{0x000000008836ee98}: 'java.lang.Object java.lang.invoke.DirectMethodHandle$Holder.invokeStaticInit(java.lang.Object, java.lang.Object, int, int, int, int)'> (0x000000008836ee98) 
thrown [s\src\hotspot\share\interpreter\linkResolver.cpp, line 759]
Event: 7.872 Thread 0x000001c8ee810610 Exception <a 'java/lang/NoSuchMethodError'{0x00000000883bc700}: 'void java.lang.invoke.DirectMethodHandle$Holder.invokeStatic(java.lang.Object, long)'> (0x00000000883bc700) 
thrown [s\src\hotspot\share\interpreter\linkResolver.cpp, line 759]
Event: 7.873 Thread 0x000001c8ee810610 Exception <a 'java/lang/NoSuchMethodError'{0x00000000883c1cd8}: 'java.lang.Object java.lang.invoke.DirectMethodHandle$Holder.newInvokeSpecial(java.lang.Object, long)'> (0x00000000883c1cd8) 
thrown [s\src\hotspot\share\interpreter\linkResolver.cpp, line 759]
Event: 7.876 Thread 0x000001c8ee810610 Exception <a 'java/lang/NoSuchMethodError'{0x00000000883c8e78}: 'java.lang.Object java.lang.invoke.DirectMethodHandle$Holder.invokeStatic(java.lang.Object, java.lang.Object, long, java.lang.Object)'> (0x00000000883c8e78) 
thrown [s\src\hotspot\share\interpreter\linkResolver.cpp, line 759]
Event: 7.877 Thread 0x000001c8ee810610 Exception <a 'java/lang/NoSuchMethodError'{0x00000000883cc650}: 'java.lang.Object java.lang.invoke.DirectMethodHandle$Holder.invokeStaticInit(java.lang.Object, java.lang.Object, long, java.lang.Object)'> (0x00000000883cc650) 
thrown [s\src\hotspot\share\interpreter\linkResolver.cpp, line 759]
Event: 7.877 Thread 0x000001c8ee810610 Exception <a 'java/lang/NoSuchMethodError'{0x00000000883d2c60}: 'java.lang.Object java.lang.invoke.DirectMethodHandle$Holder.newInvokeSpecial(java.lang.Object, java.lang.Object, long)'> (0x00000000883d2c60) 
thrown [s\src\hotspot\share\interpreter\linkResolver.cpp, line 759]
Event: 7.879 Thread 0x000001c8ee810610 Exception <a 'java/lang/NoSuchMethodError'{0x00000000883d67d0}: 'java.lang.Object java.lang.invoke.Invokers$Holder.linkToTargetMethod(java.lang.Object, long, java.lang.Object)'> (0x00000000883d67d0) 
thrown [s\src\hotspot\share\interpreter\linkResolver.cpp, line 759]

VM Operations (20 events):
Event: 4.609 Executing VM operation: G1CollectForAllocation
Event: 4.628 Executing VM operation: G1CollectForAllocation done
Event: 5.636 Executing VM operation: Cleanup
Event: 5.636 Executing VM operation: Cleanup done
Event: 6.322 Executing VM operation: ICBufferFull
Event: 6.322 Executing VM operation: ICBufferFull done
Event: 6.573 Executing VM operation: G1CollectForAllocation
Event: 6.589 Executing VM operation: G1CollectForAllocation done
Event: 6.864 Executing VM operation: HandshakeAllThreads
Event: 6.864 Executing VM operation: HandshakeAllThreads done
Event: 7.340 Executing VM operation: ICBufferFull
Event: 7.341 Executing VM operation: ICBufferFull done
Event: 7.738 Executing VM operation: HandshakeAllThreads
Event: 7.738 Executing VM operation: HandshakeAllThreads done
Event: 7.738 Executing VM operation: HandshakeAllThreads
Event: 7.738 Executing VM operation: HandshakeAllThreads done
Event: 7.797 Executing VM operation: HandshakeAllThreads
Event: 7.797 Executing VM operation: HandshakeAllThreads done
Event: 7.860 Executing VM operation: HandshakeAllThreads
Event: 7.860 Executing VM operation: HandshakeAllThreads done

Memory protections (0 events):
No events

Nmethod flushes (20 events):
Event: 7.867 Thread 0x000001c8ffa41ba0 flushing  nmethod 0x000001c8808e6a90
Event: 7.868 Thread 0x000001c8ffa41ba0 flushing  nmethod 0x000001c8808fbe10
Event: 7.868 Thread 0x000001c8ffa41ba0 flushing  nmethod 0x000001c880902f90
Event: 7.868 Thread 0x000001c8ffa41ba0 flushing  nmethod 0x000001c880906290
Event: 7.868 Thread 0x000001c8ffa41ba0 flushing  nmethod 0x000001c880908f90
Event: 7.868 Thread 0x000001c8ffa41ba0 flushing  nmethod 0x000001c880909990
Event: 7.868 Thread 0x000001c8ffa41ba0 flushing  nmethod 0x000001c88090a010
Event: 7.868 Thread 0x000001c8ffa41ba0 flushing  nmethod 0x000001c88090ac90
Event: 7.868 Thread 0x000001c8ffa41ba0 flushing  nmethod 0x000001c88094f790
Event: 7.868 Thread 0x000001c8ffa41ba0 flushing  nmethod 0x000001c880974e10
Event: 7.868 Thread 0x000001c8ffa41ba0 flushing  nmethod 0x000001c88097de10
Event: 7.868 Thread 0x000001c8ffa41ba0 flushing  nmethod 0x000001c880981a90
Event: 7.868 Thread 0x000001c8ffa41ba0 flushing  nmethod 0x000001c8809b6510
Event: 7.868 Thread 0x000001c8ffa41ba0 flushing  nmethod 0x000001c8809b8110
Event: 7.868 Thread 0x000001c8ffa41ba0 flushing  nmethod 0x000001c8809e3e10
Event: 7.868 Thread 0x000001c8ffa41ba0 flushing  nmethod 0x000001c8809e6990
Event: 7.869 Thread 0x000001c8ffa41ba0 flushing  nmethod 0x000001c880a6ba10
Event: 7.869 Thread 0x000001c8ffa41ba0 flushing  nmethod 0x000001c880a78390
Event: 7.869 Thread 0x000001c8ffa41ba0 flushing  nmethod 0x000001c880a87f90
Event: 7.869 Thread 0x000001c8ffa41ba0 flushing  nmethod 0x000001c880abbe10

Events (18 events):
Event: 0.034 Thread 0x000001c8ee810610 Thread added: 0x000001c8ee810610
Event: 0.037 Thread 0x000001c8ee810610 Thread added: 0x000001c8ff4b2330
Event: 0.038 Thread 0x000001c8ee810610 Thread added: 0x000001c8ff4b2ef0
Event: 0.047 Thread 0x000001c8ee810610 Thread added: 0x000001c8ff4cf580
Event: 0.047 Thread 0x000001c8ee810610 Thread added: 0x000001c8ff4cff40
Event: 0.047 Thread 0x000001c8ee810610 Thread added: 0x000001c8ff4d0900
Event: 0.047 Thread 0x000001c8ee810610 Thread added: 0x000001c8ff4d12c0
Event: 0.047 Thread 0x000001c8ee810610 Thread added: 0x000001c8ff4d3fc0
Event: 0.047 Thread 0x000001c8ee810610 Thread added: 0x000001c8ffa41290
Event: 0.048 Thread 0x000001c8ee810610 Thread added: 0x000001c8ffa41ba0
Event: 0.063 Thread 0x000001c8ee810610 Thread added: 0x000001c8ffb808f0
Event: 0.066 Thread 0x000001c8ee810610 Thread added: 0x000001c8ffb84260
Event: 0.271 Thread 0x000001c8ee810610 Thread added: 0x000001c8ffd6b150
Event: 0.293 Thread 0x000001c8ffd6b150 Thread exited: 0x000001c8ffd6b150
Event: 0.518 Thread 0x000001c8ffa41290 Thread added: 0x000001c8d42aa490
Event: 2.695 Thread 0x000001c8ee810610 Thread added: 0x000001c8d500d9d0
Event: 5.242 Thread 0x000001c8d42aa490 Thread exited: 0x000001c8d42aa490
Event: 5.359 Thread 0x000001c8ffa41290 Thread added: 0x000001c8d42aa490


Dynamic libraries:
0x00007ff791200000 - 0x00007ff79120e000 	C:\Program Files\Eclipse Adoptium\jdk-17.0.18.8-hotspot\bin\java.exe
0x00007ffa19460000 - 0x00007ffa196c7000 	C:\WINDOWS\SYSTEM32\ntdll.dll
0x00007ffa18160000 - 0x00007ffa18229000 	C:\WINDOWS\System32\KERNEL32.DLL
0x00007ffa16920000 - 0x00007ffa16d14000 	C:\WINDOWS\System32\KERNELBASE.dll
0x00007ffa170a0000 - 0x00007ffa171eb000 	C:\WINDOWS\System32\ucrtbase.dll
0x00007ffa07390000 - 0x00007ffa073a8000 	C:\Program Files\Eclipse Adoptium\jdk-17.0.18.8-hotspot\bin\jli.dll
0x00007ffa07370000 - 0x00007ffa0738e000 	C:\Program Files\Eclipse Adoptium\jdk-17.0.18.8-hotspot\bin\VCRUNTIME140.dll
0x00007ffa18fa0000 - 0x00007ffa19165000 	C:\WINDOWS\System32\USER32.dll
0x00007ffa16f40000 - 0x00007ffa16f67000 	C:\WINDOWS\System32\win32u.dll
0x00007ff9f79d0000 - 0x00007ff9f7c63000 	C:\WINDOWS\WinSxS\amd64_microsoft.windows.common-controls_6595b64144ccf1df_6.0.26100.8115_none_3e075c82e3354f9c\COMCTL32.dll
0x00007ffa171f0000 - 0x00007ffa1721b000 	C:\WINDOWS\System32\GDI32.dll
0x00007ffa18d70000 - 0x00007ffa18e19000 	C:\WINDOWS\System32\msvcrt.dll
0x00007ffa16f70000 - 0x00007ffa1709b000 	C:\WINDOWS\System32\gdi32full.dll
0x00007ffa16d20000 - 0x00007ffa16dc3000 	C:\WINDOWS\System32\msvcp_win.dll
0x00007ffa193e0000 - 0x00007ffa19412000 	C:\WINDOWS\System32\IMM32.DLL
0x00007ffa109f0000 - 0x00007ffa109fc000 	C:\Program Files\Eclipse Adoptium\jdk-17.0.18.8-hotspot\bin\vcruntime140_1.dll
0x00007ff9d8f70000 - 0x00007ff9d8ffd000 	C:\Program Files\Eclipse Adoptium\jdk-17.0.18.8-hotspot\bin\msvcp140.dll
0x00007ff97a9b0000 - 0x00007ff97b61b000 	C:\Program Files\Eclipse Adoptium\jdk-17.0.18.8-hotspot\bin\server\jvm.dll
0x00007ffa19170000 - 0x00007ffa19226000 	C:\WINDOWS\System32\ADVAPI32.dll
0x00007ffa18720000 - 0x00007ffa187c7000 	C:\WINDOWS\System32\sechost.dll
0x00007ffa184a0000 - 0x00007ffa185b8000 	C:\WINDOWS\System32\RPCRT4.dll
0x00007ffa17bf0000 - 0x00007ffa17c70000 	C:\WINDOWS\System32\WS2_32.dll
0x00007ffa15b90000 - 0x00007ffa15bee000 	C:\WINDOWS\SYSTEM32\POWRPROF.dll
0x00007ffa137b0000 - 0x00007ffa137e6000 	C:\WINDOWS\SYSTEM32\WINMM.dll
0x00007ff9fe400000 - 0x00007ff9fe40b000 	C:\WINDOWS\SYSTEM32\VERSION.dll
0x00007ffa15b70000 - 0x00007ffa15b84000 	C:\WINDOWS\SYSTEM32\UMPDC.dll
0x00007ffa14ac0000 - 0x00007ffa14adb000 	C:\WINDOWS\SYSTEM32\kernel.appcore.dll
0x00007ffa07720000 - 0x00007ffa0772a000 	C:\Program Files\Eclipse Adoptium\jdk-17.0.18.8-hotspot\bin\jimage.dll
0x00007ffa134f0000 - 0x00007ffa13732000 	C:\WINDOWS\SYSTEM32\DBGHELP.DLL
0x00007ffa17c90000 - 0x00007ffa18012000 	C:\WINDOWS\System32\combase.dll
0x00007ffa179f0000 - 0x00007ffa17ac8000 	C:\WINDOWS\System32\OLEAUT32.dll
0x00007ffa13770000 - 0x00007ffa137ab000 	C:\WINDOWS\SYSTEM32\dbgcore.DLL
0x00007ffa15d30000 - 0x00007ffa15dd5000 	C:\WINDOWS\System32\bcryptPrimitives.dll
0x00007ffa008e0000 - 0x00007ffa00905000 	C:\Program Files\Eclipse Adoptium\jdk-17.0.18.8-hotspot\bin\java.dll
0x00007ff9d8d40000 - 0x00007ff9d8e17000 	C:\Program Files\Eclipse Adoptium\jdk-17.0.18.8-hotspot\bin\jsvml.dll
0x00007ffa17220000 - 0x00007ffa17987000 	C:\WINDOWS\System32\SHELL32.dll
0x00007ffa16dd0000 - 0x00007ffa16f3a000 	C:\WINDOWS\System32\wintypes.dll
0x00007ffa160b0000 - 0x00007ffa16918000 	C:\WINDOWS\System32\windows.storage.dll
0x00007ffa18e20000 - 0x00007ffa18f18000 	C:\WINDOWS\System32\SHCORE.dll
0x00007ffa18230000 - 0x00007ffa18296000 	C:\WINDOWS\System32\shlwapi.dll
0x00007ffa15c50000 - 0x00007ffa15c79000 	C:\WINDOWS\SYSTEM32\profapi.dll
0x00007ffa07350000 - 0x00007ffa0736a000 	C:\Program Files\Eclipse Adoptium\jdk-17.0.18.8-hotspot\bin\net.dll
0x00007ffa104c0000 - 0x00007ffa105ed000 	C:\WINDOWS\SYSTEM32\WINHTTP.dll
0x00007ffa15030000 - 0x00007ffa1509c000 	C:\WINDOWS\system32\mswsock.dll
0x00007ffa008c0000 - 0x00007ffa008d6000 	C:\Program Files\Eclipse Adoptium\jdk-17.0.18.8-hotspot\bin\nio.dll
0x00007ff9fe3e0000 - 0x00007ff9fe3f8000 	C:\Program Files\Eclipse Adoptium\jdk-17.0.18.8-hotspot\bin\zip.dll
0x00007ff9fe3b0000 - 0x00007ff9fe3d4000 	E:\apache-maven-3.9.14\lib\jansi-native\Windows\x86_64\jansi.dll
0x00007ffa008b0000 - 0x00007ffa008c0000 	C:\Program Files\Eclipse Adoptium\jdk-17.0.18.8-hotspot\bin\verify.dll
0x00007ffa15310000 - 0x00007ffa1532b000 	C:\WINDOWS\SYSTEM32\CRYPTSP.dll
0x00007ffa14a20000 - 0x00007ffa14a59000 	C:\WINDOWS\system32\rsaenh.dll
0x00007ffa150e0000 - 0x00007ffa15113000 	C:\WINDOWS\SYSTEM32\USERENV.dll
0x00007ffa15c20000 - 0x00007ffa15c4a000 	C:\WINDOWS\SYSTEM32\bcrypt.dll
0x00007ffa15330000 - 0x00007ffa1533c000 	C:\WINDOWS\SYSTEM32\CRYPTBASE.dll
0x00007ffa14550000 - 0x00007ffa14582000 	C:\WINDOWS\SYSTEM32\IPHLPAPI.DLL
0x00007ffa17be0000 - 0x00007ffa17bea000 	C:\WINDOWS\System32\NSI.dll
0x00007ffa10630000 - 0x00007ffa1064d000 	C:\WINDOWS\SYSTEM32\dhcpcsvc6.DLL
0x00007ffa10600000 - 0x00007ffa10625000 	C:\WINDOWS\SYSTEM32\dhcpcsvc.DLL
0x00007ffa14630000 - 0x00007ffa14762000 	C:\WINDOWS\SYSTEM32\DNSAPI.dll

dbghelp: loaded successfully - version: 4.0.5 - missing functions: none
symbol engine: initialized successfully - sym options: 0x614 - pdb path: .;C:\Program Files\Eclipse Adoptium\jdk-17.0.18.8-hotspot\bin;C:\WINDOWS\SYSTEM32;C:\WINDOWS\WinSxS\amd64_microsoft.windows.common-controls_6595b64144ccf1df_6.0.26100.8115_none_3e075c82e3354f9c;C:\Program Files\Eclipse Adoptium\jdk-17.0.18.8-hotspot\bin\server;E:\apache-maven-3.9.14\lib\jansi-native\Windows\x86_64

VM Arguments:
jvm_args: --enable-native-access=ALL-UNNAMED -Dclassworlds.conf=E:\apache-maven-3.9.14\bin\m2.conf -Dmaven.home=E:\apache-maven-3.9.14 -Dlibrary.jansi.path=E:\apache-maven-3.9.14\lib\jansi-native -Dmaven.multiModuleProjectDirectory=D:\SpendSmart-Backend\budget-service 
java_command: org.codehaus.plexus.classworlds.launcher.Launcher spring-boot:run
java_class_path (initial): E:\apache-maven-3.9.14\boot\plexus-classworlds-2.9.0.jar
Launcher Type: SUN_STANDARD

[Global flags]
     intx CICompilerCount                          = 4                                         {product} {ergonomic}
     uint ConcGCThreads                            = 2                                         {product} {ergonomic}
     uint G1ConcRefinementThreads                  = 8                                         {product} {ergonomic}
   size_t G1HeapRegionSize                         = 1048576                                   {product} {ergonomic}
    uintx GCDrainStackTargetSize                   = 64                                        {product} {ergonomic}
   size_t InitialHeapSize                          = 132120576                                 {product} {ergonomic}
   size_t MarkStackSize                            = 4194304                                   {product} {ergonomic}
   size_t MaxHeapSize                              = 2095054848                                {product} {ergonomic}
   size_t MaxNewSize                               = 1256194048                                {product} {ergonomic}
   size_t MinHeapDeltaBytes                        = 1048576                                   {product} {ergonomic}
   size_t MinHeapSize                              = 8388608                                   {product} {ergonomic}
    uintx NonNMethodCodeHeapSize                   = 5839372                                {pd product} {ergonomic}
    uintx NonProfiledCodeHeapSize                  = 122909434                              {pd product} {ergonomic}
    uintx ProfiledCodeHeapSize                     = 122909434                              {pd product} {ergonomic}
    uintx ReservedCodeCacheSize                    = 251658240                              {pd product} {ergonomic}
     bool SegmentedCodeCache                       = true                                      {product} {ergonomic}
   size_t SoftMaxHeapSize                          = 2095054848                             {manageable} {ergonomic}
     bool UseCompressedClassPointers               = true                           {product lp64_product} {ergonomic}
     bool UseCompressedOops                        = true                           {product lp64_product} {ergonomic}
     bool UseG1GC                                  = true                                      {product} {ergonomic}
     bool UseLargePagesIndividualAllocation        = false                                  {pd product} {ergonomic}

Logging:
Log output configuration:
 #0: stdout all=warning uptime,level,tags
 #1: stderr all=off uptime,level,tags

Environment Variables:
JAVA_HOME=C:\Program Files\Eclipse Adoptium\jdk-17.0.18.8-hotspot
PATH=C:\Program Files\Eclipse Adoptium\jdk-17.0.18.8-hotspot\bin;C:\app\91706\product\21c\dbhomeXE\bin;C:\Program Files\Common Files\Oracle\Java\javapath;C:\Program Files (x86)\Common Files\Oracle\Java\javapath;C:\WINDOWS\system32;C:\WINDOWS;C:\WINDOWS\System32\Wbem;C:\WINDOWS\System32\WindowsPowerShell\v1.0\;C:\WINDOWS\System32\OpenSSH\;C:\Program Files (x86)\Dev-Cpp\MinGW64\bin;C:\Program Files\Git\cmd;C:\Users\91706\AppData\Roaming\nvm;C:\Program Files\nodejs;E:\apache-maven-3.9.14\bin;;C:\Program Files\Docker\Docker\resources\bin;C:\Users\91706\AppData\Local\Programs\Python\Python312\Scripts\;C:\Users\91706\AppData\Local\Programs\Python\Python312\;C:\Program Files (x86)\Java\jdk1.7.0_67\bin;C:\Users\91706\AppData\Local\JetBrains\Toolbox\scripts;C:\Users\91706\AppData\Local\Microsoft\WindowsApps;C:\Users\91706\AppData\Roaming\nvm;C:\Program Files\nodejs;C:\Program Files\MongoDB\Server\7.0\bin;C:\Users\91706\AppData\Local\Programs\Windsurf\bin;C:\Users\91706\AppData\Local\GitHubDesktop\bin;E:\Microsoft VS Code\bin;C:\monosh\;C:\Program Files\Eclipse Adoptium\jdk-17.0.18.8-hotspot\bin;D:\Antigravity\bin
USERNAME=91706
OS=Windows_NT
PROCESSOR_IDENTIFIER=Intel64 Family 6 Model 140 Stepping 1, GenuineIntel
TMP=C:\Users\91706\AppData\Local\Temp
TEMP=C:\Users\91706\AppData\Local\Temp



Periodic native trim disabled


---------------  S Y S T E M  ---------------

OS:
 Windows 11 , 64 bit Build 26100 (10.0.26100.8246)
OS uptime: 0 days 6:14 hours
Hyper-V role detected

CPU: total 8 (initial active 8) (4 cores per cpu, 2 threads per core) family 6 model 140 stepping 1 microcode 0x8a, cx8, cmov, fxsr, ht, mmx, 3dnowpref, sse, sse2, sse3, ssse3, sse4.1, sse4.2, popcnt, lzcnt, tsc, tscinvbit, avx, avx2, aes, erms, clmul, bmi1, bmi2, adx, avx512f, avx512dq, avx512cd, avx512bw, avx512vl, sha, fma, vzeroupper, avx512_vpopcntdq, avx512_vpclmulqdq, avx512_vaes, avx512_vnni, clflush, clflushopt, clwb, avx512_vbmi2, avx512_vbmi, hv
Processor Information for all 8 processors :
  Max Mhz: 2419, Current Mhz: 2419, Mhz Limit: 2419

Memory: 4k page, system-wide physical 7991M (396M free)
TotalPageFile size 21140M (AvailPageFile size 5M)
current process WorkingSet (physical memory assigned to process): 229M, peak: 235M
current process commit charge ("private bytes"): 271M, peak: 277M

vm_info: OpenJDK 64-Bit Server VM (17.0.18+8) for windows-amd64 JRE (17.0.18+8), built on Jan 20 2026 22:28:22 by "admin" with MS VC++ 17.12 (VS2022)

END.
