#
# There is insufficient memory for the Java Runtime Environment to continue.
# Native memory allocation (malloc) failed to allocate 1096496 bytes. Error detail: Chunk::new
# Possible reasons:
#   The system is out of physical RAM or swap space
#   This process is running with CompressedOops enabled, and the Java Heap may be blocking the growth of the native heap
# Possible solutions:
#   Reduce memory load on the system
#   Increase physical memory or swap space
#   Check if swap backing store is full
#   Decrease Java heap size (-Xmx/-Xms)
#   Decrease number of Java threads
#   Decrease Java thread stack sizes (-Xss)
#   Set larger code cache with -XX:ReservedCodeCacheSize=
#   JVM is running with Unscaled Compressed Oops mode in which the Java heap is
#     placed in the first 4GB address space. The Java Heap base address is the
#     maximum limit for the native heap growth. Please use -XX:HeapBaseMinAddress
#     to set the Java Heap base and to place the Java Heap above 4GB virtual address.
# This output file may be truncated or incomplete.
#
#  Out of Memory Error (arena.cpp:191), pid=21788, tid=22052
#
# JRE version: OpenJDK Runtime Environment Temurin-17.0.18+8 (17.0.18+8) (build 17.0.18+8)
# Java VM: OpenJDK 64-Bit Server VM Temurin-17.0.18+8 (17.0.18+8, mixed mode, sharing, tiered, compressed oops, compressed class ptrs, g1 gc, windows-amd64)
# No core dump will be written. Minidumps are not enabled by default on client versions of Windows
#

---------------  S U M M A R Y ------------

Command Line: --enable-native-access=ALL-UNNAMED -Dclassworlds.conf=E:\apache-maven-3.9.14\bin\m2.conf -Dmaven.home=E:\apache-maven-3.9.14 -Dlibrary.jansi.path=E:\apache-maven-3.9.14\lib\jansi-native -Dmaven.multiModuleProjectDirectory=D:\SpendSmart-Backend\income-service org.codehaus.plexus.classworlds.launcher.Launcher spring-boot:run

Host: 11th Gen Intel(R) Core(TM) i5-1135G7 @ 2.40GHz, 8 cores, 7G,  Windows 11 , 64 bit Build 26100 (10.0.26100.8328)
Time: Fri May 15 12:01:57 2026 India Standard Time elapsed time: 6.249291 seconds (0d 0h 0m 6s)

---------------  T H R E A D  ---------------

Current thread (0x000001f65604b930):  JavaThread "C2 CompilerThread1" daemon [_thread_in_native, id=22052, stack(0x0000000cc2900000,0x0000000cc2a00000)]


Current CompileTask:
C2:6249 5102       4       jdk.internal.org.objectweb.asm.Frame::execute (2305 bytes)

Stack: [0x0000000cc2900000,0x0000000cc2a00000]
Native frames: (J=compiled Java code, j=interpreted, Vv=VM code, C=native code)
V  [jvm.dll+0x6846f9]
V  [jvm.dll+0x839ea5]
V  [jvm.dll+0x83b91e]
V  [jvm.dll+0x83bfa3]
V  [jvm.dll+0x248eff]
V  [jvm.dll+0xad496]
V  [jvm.dll+0xadb3c]
V  [jvm.dll+0x368c1e]
V  [jvm.dll+0x1bc3f9]
V  [jvm.dll+0x219f10]
V  [jvm.dll+0x219200]
V  [jvm.dll+0x1a4920]
V  [jvm.dll+0x22989a]
V  [jvm.dll+0x227a4b]
V  [jvm.dll+0x7f0658]
V  [jvm.dll+0x7eaaec]
V  [jvm.dll+0x6835c7]
C  [ucrtbase.dll+0x37b0]
C  [KERNEL32.DLL+0x2e957]
C  [ntdll.dll+0x427c]


---------------  P R O C E S S  ---------------

Threads class SMR info:
_java_thread_list=0x000001f656edac10, length=15, elements={
0x000001f6727ab1c0, 0x000001f67f9b2580, 0x000001f67f9b3140, 0x000001f67f9ca910,
0x000001f67f9cf2e0, 0x000001f67f9d0cb0, 0x000001f67f9d1670, 0x000001f67f9d4b10,
0x000001f67f9d9cd0, 0x000001f67f9dd2b0, 0x000001f67fc20580, 0x000001f67fc2af70,
0x000001f65604b930, 0x000001f656049ea0, 0x000001f656f8d590
}

Java Threads: ( => current thread )
  0x000001f6727ab1c0 JavaThread "main" [_thread_in_native, id=21816, stack(0x0000000cc1600000,0x0000000cc1700000)]
  0x000001f67f9b2580 JavaThread "Reference Handler" daemon [_thread_blocked, id=21844, stack(0x0000000cc1d00000,0x0000000cc1e00000)]
  0x000001f67f9b3140 JavaThread "Finalizer" daemon [_thread_blocked, id=21848, stack(0x0000000cc1e00000,0x0000000cc1f00000)]
  0x000001f67f9ca910 JavaThread "Signal Dispatcher" daemon [_thread_blocked, id=21852, stack(0x0000000cc1f00000,0x0000000cc2000000)]
  0x000001f67f9cf2e0 JavaThread "Attach Listener" daemon [_thread_blocked, id=21856, stack(0x0000000cc2000000,0x0000000cc2100000)]
  0x000001f67f9d0cb0 JavaThread "Service Thread" daemon [_thread_blocked, id=21860, stack(0x0000000cc2100000,0x0000000cc2200000)]
  0x000001f67f9d1670 JavaThread "Monitor Deflation Thread" daemon [_thread_blocked, id=21864, stack(0x0000000cc2200000,0x0000000cc2300000)]
  0x000001f67f9d4b10 JavaThread "C2 CompilerThread0" daemon [_thread_blocked, id=21868, stack(0x0000000cc2300000,0x0000000cc2400000)]
  0x000001f67f9d9cd0 JavaThread "C1 CompilerThread0" daemon [_thread_blocked, id=21872, stack(0x0000000cc2400000,0x0000000cc2500000)]
  0x000001f67f9dd2b0 JavaThread "Sweeper thread" daemon [_thread_blocked, id=21876, stack(0x0000000cc2500000,0x0000000cc2600000)]
  0x000001f67fc20580 JavaThread "Notification Thread" daemon [_thread_blocked, id=21880, stack(0x0000000cc2600000,0x0000000cc2700000)]
  0x000001f67fc2af70 JavaThread "Common-Cleaner" daemon [_thread_blocked, id=21888, stack(0x0000000cc2800000,0x0000000cc2900000)]
=>0x000001f65604b930 JavaThread "C2 CompilerThread1" daemon [_thread_in_native, id=22052, stack(0x0000000cc2900000,0x0000000cc2a00000)]
  0x000001f656049ea0 JavaThread "C2 CompilerThread2" daemon [_thread_blocked, id=22056, stack(0x0000000cc2a00000,0x0000000cc2b00000)]
  0x000001f656f8d590 JavaThread "Thread-1" daemon [_thread_blocked, id=22172, stack(0x0000000cc3200000,0x0000000cc3300000)]

Other Threads:
  0x000001f67f9ab890 VMThread "VM Thread" [stack: 0x0000000cc1c00000,0x0000000cc1d00000] [id=21840]
  0x000001f67fc22a70 WatcherThread [stack: 0x0000000cc2700000,0x0000000cc2800000] [id=21884]
  0x000001f6728089b0 GCTaskThread "GC Thread#0" [stack: 0x0000000cc1700000,0x0000000cc1800000] [id=21820]
  0x000001f6567ce280 GCTaskThread "GC Thread#1" [stack: 0x0000000cc2b00000,0x0000000cc2c00000] [id=22060]
  0x000001f656828340 GCTaskThread "GC Thread#2" [stack: 0x0000000cc2c00000,0x0000000cc2d00000] [id=22064]
  0x000001f6568288c0 GCTaskThread "GC Thread#3" [stack: 0x0000000cc2d00000,0x0000000cc2e00000] [id=22068]
  0x000001f656828080 GCTaskThread "GC Thread#4" [stack: 0x0000000cc2e00000,0x0000000cc2f00000] [id=22072]
  0x000001f656828600 GCTaskThread "GC Thread#5" [stack: 0x0000000cc2f00000,0x0000000cc3000000] [id=22076]
  0x000001f656828b80 GCTaskThread "GC Thread#6" [stack: 0x0000000cc3000000,0x0000000cc3100000] [id=22080]
  0x000001f656829680 GCTaskThread "GC Thread#7" [stack: 0x0000000cc3100000,0x0000000cc3200000] [id=22164]
  0x000001f6728192c0 ConcurrentGCThread "G1 Main Marker" [stack: 0x0000000cc1800000,0x0000000cc1900000] [id=21824]
  0x000001f672819ce0 ConcurrentGCThread "G1 Conc#0" [stack: 0x0000000cc1900000,0x0000000cc1a00000] [id=21828]
  0x000001f67285e050 ConcurrentGCThread "G1 Refine#0" [stack: 0x0000000cc1a00000,0x0000000cc1b00000] [id=21832]
  0x000001f67285e920 ConcurrentGCThread "G1 Service" [stack: 0x0000000cc1b00000,0x0000000cc1c00000] [id=21836]

Threads with active compile tasks:
C2 CompilerThread1  6267 5102       4       jdk.internal.org.objectweb.asm.Frame::execute (2305 bytes)

VM state: not at safepoint (normal execution)

VM Mutex/Monitor currently owned by a thread: None

Heap address: 0x0000000083200000, size: 1998 MB, Compressed Oops mode: 32-bit

CDS archive(s) mapped at: [0x000001f611000000-0x000001f611bb0000-0x000001f611bb0000), size 12255232, SharedBaseAddress: 0x000001f611000000, ArchiveRelocationMode: 1.
Compressed class space mapped at: 0x000001f612000000-0x000001f652000000, reserved size: 1073741824
Narrow klass base: 0x000001f611000000, Narrow klass shift: 0, Narrow klass range: 0x100000000

GC Precious Log:
 CPUs: 8 total, 8 available
 Memory: 7991M
 Large Page Support: Disabled
 NUMA Support: Disabled
 Compressed Oops: Enabled (32-bit)
 Heap Region Size: 1M
 Heap Min Capacity: 8M
 Heap Initial Capacity: 126M
 Heap Max Capacity: 1998M
 Pre-touch: Disabled
 Parallel Workers: 8
 Concurrent Workers: 2
 Concurrent Refinement Workers: 8
 Periodic GC: Disabled

Heap:
 garbage-first heap   total 129024K, used 57724K [0x0000000083200000, 0x0000000100000000)
  region size 1024K, 45 young (46080K), 5 survivors (5120K)
 Metaspace       used 19412K, committed 19712K, reserved 1114112K
  class space    used 2213K, committed 2368K, reserved 1048576K

Heap Regions: E=young(eden), S=young(survivor), O=old, HS=humongous(starts), HC=humongous(continues), CS=collection set, F=free, OA=open archive, CA=closed archive, TAMS=top-at-mark-start (previous, next)
|   0|0x0000000083200000, 0x0000000083300000, 0x0000000083300000|100%| O|  |TAMS 0x0000000083200000, 0x0000000083200000| Untracked 
|   1|0x0000000083300000, 0x0000000083400000, 0x0000000083400000|100%| O|  |TAMS 0x0000000083300000, 0x0000000083300000| Untracked 
|   2|0x0000000083400000, 0x0000000083500000, 0x0000000083500000|100%| O|  |TAMS 0x0000000083400000, 0x0000000083400000| Untracked 
|   3|0x0000000083500000, 0x0000000083600000, 0x0000000083600000|100%| O|  |TAMS 0x0000000083500000, 0x0000000083500000| Untracked 
|   4|0x0000000083600000, 0x0000000083700000, 0x0000000083700000|100%|HS|  |TAMS 0x0000000083600000, 0x0000000083600000| Complete 
|   5|0x0000000083700000, 0x0000000083700000, 0x0000000083800000|  0%| F|  |TAMS 0x0000000083700000, 0x0000000083700000| Untracked 
|   6|0x0000000083800000, 0x0000000083800000, 0x0000000083900000|  0%| F|  |TAMS 0x0000000083800000, 0x0000000083800000| Untracked 
|   7|0x0000000083900000, 0x0000000083900000, 0x0000000083a00000|  0%| F|  |TAMS 0x0000000083900000, 0x0000000083900000| Untracked 
|   8|0x0000000083a00000, 0x0000000083a00000, 0x0000000083b00000|  0%| F|  |TAMS 0x0000000083a00000, 0x0000000083a00000| Untracked 
|   9|0x0000000083b00000, 0x0000000083b00000, 0x0000000083c00000|  0%| F|  |TAMS 0x0000000083b00000, 0x0000000083b00000| Untracked 
|  10|0x0000000083c00000, 0x0000000083c00000, 0x0000000083d00000|  0%| F|  |TAMS 0x0000000083c00000, 0x0000000083c00000| Untracked 
|  11|0x0000000083d00000, 0x0000000083d00000, 0x0000000083e00000|  0%| F|  |TAMS 0x0000000083d00000, 0x0000000083d00000| Untracked 
|  12|0x0000000083e00000, 0x0000000083e00000, 0x0000000083f00000|  0%| F|  |TAMS 0x0000000083e00000, 0x0000000083e00000| Untracked 
|  13|0x0000000083f00000, 0x0000000083f00000, 0x0000000084000000|  0%| F|  |TAMS 0x0000000083f00000, 0x0000000083f00000| Untracked 
|  14|0x0000000084000000, 0x0000000084000000, 0x0000000084100000|  0%| F|  |TAMS 0x0000000084000000, 0x0000000084000000| Untracked 
|  15|0x0000000084100000, 0x0000000084100000, 0x0000000084200000|  0%| F|  |TAMS 0x0000000084100000, 0x0000000084100000| Untracked 
|  16|0x0000000084200000, 0x0000000084200000, 0x0000000084300000|  0%| F|  |TAMS 0x0000000084200000, 0x0000000084200000| Untracked 
|  17|0x0000000084300000, 0x0000000084300000, 0x0000000084400000|  0%| F|  |TAMS 0x0000000084300000, 0x0000000084300000| Untracked 
|  18|0x0000000084400000, 0x0000000084400000, 0x0000000084500000|  0%| F|  |TAMS 0x0000000084400000, 0x0000000084400000| Untracked 
|  19|0x0000000084500000, 0x0000000084500000, 0x0000000084600000|  0%| F|  |TAMS 0x0000000084500000, 0x0000000084500000| Untracked 
|  20|0x0000000084600000, 0x0000000084600000, 0x0000000084700000|  0%| F|  |TAMS 0x0000000084600000, 0x0000000084600000| Untracked 
|  21|0x0000000084700000, 0x0000000084700000, 0x0000000084800000|  0%| F|  |TAMS 0x0000000084700000, 0x0000000084700000| Untracked 
|  22|0x0000000084800000, 0x0000000084800000, 0x0000000084900000|  0%| F|  |TAMS 0x0000000084800000, 0x0000000084800000| Untracked 
|  23|0x0000000084900000, 0x0000000084900000, 0x0000000084a00000|  0%| F|  |TAMS 0x0000000084900000, 0x0000000084900000| Untracked 
|  24|0x0000000084a00000, 0x0000000084a00000, 0x0000000084b00000|  0%| F|  |TAMS 0x0000000084a00000, 0x0000000084a00000| Untracked 
|  25|0x0000000084b00000, 0x0000000084b00000, 0x0000000084c00000|  0%| F|  |TAMS 0x0000000084b00000, 0x0000000084b00000| Untracked 
|  26|0x0000000084c00000, 0x0000000084c00000, 0x0000000084d00000|  0%| F|  |TAMS 0x0000000084c00000, 0x0000000084c00000| Untracked 
|  27|0x0000000084d00000, 0x0000000084d00000, 0x0000000084e00000|  0%| F|  |TAMS 0x0000000084d00000, 0x0000000084d00000| Untracked 
|  28|0x0000000084e00000, 0x0000000084e00000, 0x0000000084f00000|  0%| F|  |TAMS 0x0000000084e00000, 0x0000000084e00000| Untracked 
|  29|0x0000000084f00000, 0x0000000084f00000, 0x0000000085000000|  0%| F|  |TAMS 0x0000000084f00000, 0x0000000084f00000| Untracked 
|  30|0x0000000085000000, 0x0000000085000000, 0x0000000085100000|  0%| F|  |TAMS 0x0000000085000000, 0x0000000085000000| Untracked 
|  31|0x0000000085100000, 0x0000000085100000, 0x0000000085200000|  0%| F|  |TAMS 0x0000000085100000, 0x0000000085100000| Untracked 
|  32|0x0000000085200000, 0x0000000085200000, 0x0000000085300000|  0%| F|  |TAMS 0x0000000085200000, 0x0000000085200000| Untracked 
|  33|0x0000000085300000, 0x0000000085300000, 0x0000000085400000|  0%| F|  |TAMS 0x0000000085300000, 0x0000000085300000| Untracked 
|  34|0x0000000085400000, 0x0000000085400000, 0x0000000085500000|  0%| F|  |TAMS 0x0000000085400000, 0x0000000085400000| Untracked 
|  35|0x0000000085500000, 0x0000000085500000, 0x0000000085600000|  0%| F|  |TAMS 0x0000000085500000, 0x0000000085500000| Untracked 
|  36|0x0000000085600000, 0x0000000085700000, 0x0000000085700000|100%| O|  |TAMS 0x0000000085600000, 0x0000000085600000| Untracked 
|  37|0x0000000085700000, 0x0000000085800000, 0x0000000085800000|100%| O|  |TAMS 0x0000000085700000, 0x0000000085700000| Untracked 
|  38|0x0000000085800000, 0x0000000085900000, 0x0000000085900000|100%| O|  |TAMS 0x0000000085800000, 0x0000000085800000| Untracked 
|  39|0x0000000085900000, 0x0000000085a00000, 0x0000000085a00000|100%| O|  |TAMS 0x0000000085900000, 0x0000000085900000| Untracked 
|  40|0x0000000085a00000, 0x0000000085b00000, 0x0000000085b00000|100%| O|  |TAMS 0x0000000085a00000, 0x0000000085a00000| Untracked 
|  41|0x0000000085b00000, 0x0000000085b00000, 0x0000000085c00000|  0%| F|  |TAMS 0x0000000085b00000, 0x0000000085b00000| Untracked 
|  42|0x0000000085c00000, 0x0000000085c00000, 0x0000000085d00000|  0%| F|  |TAMS 0x0000000085c00000, 0x0000000085c00000| Untracked 
|  43|0x0000000085d00000, 0x0000000085d00000, 0x0000000085e00000|  0%| F|  |TAMS 0x0000000085d00000, 0x0000000085d00000| Untracked 
|  44|0x0000000085e00000, 0x0000000085e00000, 0x0000000085f00000|  0%| F|  |TAMS 0x0000000085e00000, 0x0000000085e00000| Untracked 
|  45|0x0000000085f00000, 0x0000000085f00000, 0x0000000086000000|  0%| F|  |TAMS 0x0000000085f00000, 0x0000000085f00000| Untracked 
|  46|0x0000000086000000, 0x0000000086000000, 0x0000000086100000|  0%| F|  |TAMS 0x0000000086000000, 0x0000000086000000| Untracked 
|  47|0x0000000086100000, 0x0000000086100000, 0x0000000086200000|  0%| F|  |TAMS 0x0000000086100000, 0x0000000086100000| Untracked 
|  48|0x0000000086200000, 0x0000000086200000, 0x0000000086300000|  0%| F|  |TAMS 0x0000000086200000, 0x0000000086200000| Untracked 
|  49|0x0000000086300000, 0x0000000086300000, 0x0000000086400000|  0%| F|  |TAMS 0x0000000086300000, 0x0000000086300000| Untracked 
|  50|0x0000000086400000, 0x0000000086400000, 0x0000000086500000|  0%| F|  |TAMS 0x0000000086400000, 0x0000000086400000| Untracked 
|  51|0x0000000086500000, 0x0000000086600000, 0x0000000086600000|100%| O|  |TAMS 0x0000000086500000, 0x0000000086500000| Untracked 
|  52|0x0000000086600000, 0x0000000086700000, 0x0000000086700000|100%| O|  |TAMS 0x0000000086600000, 0x0000000086600000| Untracked 
|  53|0x0000000086700000, 0x00000000867e3600, 0x0000000086800000| 88%| O|  |TAMS 0x0000000086700000, 0x0000000086700000| Untracked 
|  54|0x0000000086800000, 0x0000000086800000, 0x0000000086900000|  0%| F|  |TAMS 0x0000000086800000, 0x0000000086800000| Untracked 
|  55|0x0000000086900000, 0x0000000086900000, 0x0000000086a00000|  0%| F|  |TAMS 0x0000000086900000, 0x0000000086900000| Untracked 
|  56|0x0000000086a00000, 0x0000000086a00000, 0x0000000086b00000|  0%| F|  |TAMS 0x0000000086a00000, 0x0000000086a00000| Untracked 
|  57|0x0000000086b00000, 0x0000000086b00000, 0x0000000086c00000|  0%| F|  |TAMS 0x0000000086b00000, 0x0000000086b00000| Untracked 
|  58|0x0000000086c00000, 0x0000000086c7bb28, 0x0000000086d00000| 48%| S|CS|TAMS 0x0000000086c00000, 0x0000000086c00000| Complete 
|  59|0x0000000086d00000, 0x0000000086e00000, 0x0000000086e00000|100%| S|CS|TAMS 0x0000000086d00000, 0x0000000086d00000| Complete 
|  60|0x0000000086e00000, 0x0000000086f00000, 0x0000000086f00000|100%| S|CS|TAMS 0x0000000086e00000, 0x0000000086e00000| Complete 
|  61|0x0000000086f00000, 0x0000000087000000, 0x0000000087000000|100%| S|CS|TAMS 0x0000000086f00000, 0x0000000086f00000| Complete 
|  62|0x0000000087000000, 0x0000000087100000, 0x0000000087100000|100%| S|CS|TAMS 0x0000000087000000, 0x0000000087000000| Complete 
|  63|0x0000000087100000, 0x0000000087100000, 0x0000000087200000|  0%| F|  |TAMS 0x0000000087100000, 0x0000000087100000| Untracked 
|  64|0x0000000087200000, 0x0000000087200000, 0x0000000087300000|  0%| F|  |TAMS 0x0000000087200000, 0x0000000087200000| Untracked 
|  65|0x0000000087300000, 0x0000000087300000, 0x0000000087400000|  0%| F|  |TAMS 0x0000000087300000, 0x0000000087300000| Untracked 
|  66|0x0000000087400000, 0x0000000087400000, 0x0000000087500000|  0%| F|  |TAMS 0x0000000087400000, 0x0000000087400000| Untracked 
|  67|0x0000000087500000, 0x0000000087500000, 0x0000000087600000|  0%| F|  |TAMS 0x0000000087500000, 0x0000000087500000| Untracked 
|  68|0x0000000087600000, 0x0000000087600000, 0x0000000087700000|  0%| F|  |TAMS 0x0000000087600000, 0x0000000087600000| Untracked 
|  69|0x0000000087700000, 0x0000000087700000, 0x0000000087800000|  0%| F|  |TAMS 0x0000000087700000, 0x0000000087700000| Untracked 
|  70|0x0000000087800000, 0x0000000087800000, 0x0000000087900000|  0%| F|  |TAMS 0x0000000087800000, 0x0000000087800000| Untracked 
|  71|0x0000000087900000, 0x0000000087900000, 0x0000000087a00000|  0%| F|  |TAMS 0x0000000087900000, 0x0000000087900000| Untracked 
|  72|0x0000000087a00000, 0x0000000087a00000, 0x0000000087b00000|  0%| F|  |TAMS 0x0000000087a00000, 0x0000000087a00000| Untracked 
|  73|0x0000000087b00000, 0x0000000087b00000, 0x0000000087c00000|  0%| F|  |TAMS 0x0000000087b00000, 0x0000000087b00000| Untracked 
|  74|0x0000000087c00000, 0x0000000087c00000, 0x0000000087d00000|  0%| F|  |TAMS 0x0000000087c00000, 0x0000000087c00000| Untracked 
|  75|0x0000000087d00000, 0x0000000087d00000, 0x0000000087e00000|  0%| F|  |TAMS 0x0000000087d00000, 0x0000000087d00000| Untracked 
|  76|0x0000000087e00000, 0x0000000087e00000, 0x0000000087f00000|  0%| F|  |TAMS 0x0000000087e00000, 0x0000000087e00000| Untracked 
|  77|0x0000000087f00000, 0x0000000087f00000, 0x0000000088000000|  0%| F|  |TAMS 0x0000000087f00000, 0x0000000087f00000| Untracked 
|  78|0x0000000088000000, 0x0000000088000000, 0x0000000088100000|  0%| F|  |TAMS 0x0000000088000000, 0x0000000088000000| Untracked 
|  79|0x0000000088100000, 0x0000000088100000, 0x0000000088200000|  0%| F|  |TAMS 0x0000000088100000, 0x0000000088100000| Untracked 
|  80|0x0000000088200000, 0x0000000088200000, 0x0000000088300000|  0%| F|  |TAMS 0x0000000088200000, 0x0000000088200000| Untracked 
|  81|0x0000000088300000, 0x0000000088300000, 0x0000000088400000|  0%| F|  |TAMS 0x0000000088300000, 0x0000000088300000| Untracked 
|  82|0x0000000088400000, 0x0000000088400000, 0x0000000088500000|  0%| F|  |TAMS 0x0000000088400000, 0x0000000088400000| Untracked 
|  83|0x0000000088500000, 0x0000000088500000, 0x0000000088600000|  0%| F|  |TAMS 0x0000000088500000, 0x0000000088500000| Untracked 
|  84|0x0000000088600000, 0x0000000088600000, 0x0000000088700000|  0%| F|  |TAMS 0x0000000088600000, 0x0000000088600000| Untracked 
|  85|0x0000000088700000, 0x0000000088700000, 0x0000000088800000|  0%| F|  |TAMS 0x0000000088700000, 0x0000000088700000| Untracked 
|  86|0x0000000088800000, 0x0000000088900000, 0x0000000088900000|100%| E|  |TAMS 0x0000000088800000, 0x0000000088800000| Complete 
|  87|0x0000000088900000, 0x0000000088a00000, 0x0000000088a00000|100%| E|CS|TAMS 0x0000000088900000, 0x0000000088900000| Complete 
|  88|0x0000000088a00000, 0x0000000088b00000, 0x0000000088b00000|100%| E|CS|TAMS 0x0000000088a00000, 0x0000000088a00000| Complete 
|  89|0x0000000088b00000, 0x0000000088c00000, 0x0000000088c00000|100%| E|CS|TAMS 0x0000000088b00000, 0x0000000088b00000| Complete 
|  90|0x0000000088c00000, 0x0000000088d00000, 0x0000000088d00000|100%| E|CS|TAMS 0x0000000088c00000, 0x0000000088c00000| Complete 
|  91|0x0000000088d00000, 0x0000000088e00000, 0x0000000088e00000|100%| E|CS|TAMS 0x0000000088d00000, 0x0000000088d00000| Complete 
|  92|0x0000000088e00000, 0x0000000088f00000, 0x0000000088f00000|100%| E|CS|TAMS 0x0000000088e00000, 0x0000000088e00000| Complete 
|  93|0x0000000088f00000, 0x0000000089000000, 0x0000000089000000|100%| E|CS|TAMS 0x0000000088f00000, 0x0000000088f00000| Complete 
|  94|0x0000000089000000, 0x0000000089100000, 0x0000000089100000|100%| E|CS|TAMS 0x0000000089000000, 0x0000000089000000| Complete 
|  95|0x0000000089100000, 0x0000000089200000, 0x0000000089200000|100%| E|CS|TAMS 0x0000000089100000, 0x0000000089100000| Complete 
|  96|0x0000000089200000, 0x0000000089300000, 0x0000000089300000|100%| E|CS|TAMS 0x0000000089200000, 0x0000000089200000| Complete 
|  97|0x0000000089300000, 0x0000000089400000, 0x0000000089400000|100%| E|CS|TAMS 0x0000000089300000, 0x0000000089300000| Complete 
|  98|0x0000000089400000, 0x0000000089500000, 0x0000000089500000|100%| E|CS|TAMS 0x0000000089400000, 0x0000000089400000| Complete 
|  99|0x0000000089500000, 0x0000000089600000, 0x0000000089600000|100%| E|CS|TAMS 0x0000000089500000, 0x0000000089500000| Complete 
| 100|0x0000000089600000, 0x0000000089700000, 0x0000000089700000|100%| E|CS|TAMS 0x0000000089600000, 0x0000000089600000| Complete 
| 101|0x0000000089700000, 0x0000000089800000, 0x0000000089800000|100%| E|CS|TAMS 0x0000000089700000, 0x0000000089700000| Complete 
| 102|0x0000000089800000, 0x0000000089900000, 0x0000000089900000|100%| E|CS|TAMS 0x0000000089800000, 0x0000000089800000| Complete 
| 103|0x0000000089900000, 0x0000000089a00000, 0x0000000089a00000|100%| E|CS|TAMS 0x0000000089900000, 0x0000000089900000| Complete 
| 104|0x0000000089a00000, 0x0000000089b00000, 0x0000000089b00000|100%| E|CS|TAMS 0x0000000089a00000, 0x0000000089a00000| Complete 
| 105|0x0000000089b00000, 0x0000000089c00000, 0x0000000089c00000|100%| E|CS|TAMS 0x0000000089b00000, 0x0000000089b00000| Complete 
| 106|0x0000000089c00000, 0x0000000089d00000, 0x0000000089d00000|100%| E|CS|TAMS 0x0000000089c00000, 0x0000000089c00000| Complete 
| 107|0x0000000089d00000, 0x0000000089e00000, 0x0000000089e00000|100%| E|CS|TAMS 0x0000000089d00000, 0x0000000089d00000| Complete 
| 108|0x0000000089e00000, 0x0000000089f00000, 0x0000000089f00000|100%| E|CS|TAMS 0x0000000089e00000, 0x0000000089e00000| Complete 
| 109|0x0000000089f00000, 0x000000008a000000, 0x000000008a000000|100%| E|CS|TAMS 0x0000000089f00000, 0x0000000089f00000| Complete 
| 110|0x000000008a000000, 0x000000008a100000, 0x000000008a100000|100%| E|CS|TAMS 0x000000008a000000, 0x000000008a000000| Complete 
| 111|0x000000008a100000, 0x000000008a200000, 0x000000008a200000|100%| E|CS|TAMS 0x000000008a100000, 0x000000008a100000| Complete 
| 112|0x000000008a200000, 0x000000008a300000, 0x000000008a300000|100%| E|CS|TAMS 0x000000008a200000, 0x000000008a200000| Complete 
| 113|0x000000008a300000, 0x000000008a400000, 0x000000008a400000|100%| E|CS|TAMS 0x000000008a300000, 0x000000008a300000| Complete 
| 114|0x000000008a400000, 0x000000008a500000, 0x000000008a500000|100%| E|CS|TAMS 0x000000008a400000, 0x000000008a400000| Complete 
| 115|0x000000008a500000, 0x000000008a600000, 0x000000008a600000|100%| E|CS|TAMS 0x000000008a500000, 0x000000008a500000| Complete 
| 116|0x000000008a600000, 0x000000008a700000, 0x000000008a700000|100%| E|CS|TAMS 0x000000008a600000, 0x000000008a600000| Complete 
| 117|0x000000008a700000, 0x000000008a800000, 0x000000008a800000|100%| E|CS|TAMS 0x000000008a700000, 0x000000008a700000| Complete 
| 118|0x000000008a800000, 0x000000008a900000, 0x000000008a900000|100%| E|CS|TAMS 0x000000008a800000, 0x000000008a800000| Complete 
| 119|0x000000008a900000, 0x000000008aa00000, 0x000000008aa00000|100%| E|CS|TAMS 0x000000008a900000, 0x000000008a900000| Complete 
| 120|0x000000008aa00000, 0x000000008ab00000, 0x000000008ab00000|100%| E|CS|TAMS 0x000000008aa00000, 0x000000008aa00000| Complete 
| 121|0x000000008ab00000, 0x000000008ac00000, 0x000000008ac00000|100%| E|CS|TAMS 0x000000008ab00000, 0x000000008ab00000| Complete 
| 122|0x000000008ac00000, 0x000000008ad00000, 0x000000008ad00000|100%| E|CS|TAMS 0x000000008ac00000, 0x000000008ac00000| Complete 
| 123|0x000000008ad00000, 0x000000008ae00000, 0x000000008ae00000|100%| E|CS|TAMS 0x000000008ad00000, 0x000000008ad00000| Complete 
| 124|0x000000008ae00000, 0x000000008af00000, 0x000000008af00000|100%| E|CS|TAMS 0x000000008ae00000, 0x000000008ae00000| Complete 
| 125|0x000000008af00000, 0x000000008b000000, 0x000000008b000000|100%| E|CS|TAMS 0x000000008af00000, 0x000000008af00000| Complete 

Card table byte_map: [0x000001f67a930000,0x000001f67ad20000] _byte_map_base: 0x000001f67a517000

Marking Bits (Prev, Next): (CMBitMap*) 0x000001f672808fd0, (CMBitMap*) 0x000001f672809010
 Prev Bits: [0x000001f67b110000, 0x000001f67d048000)
 Next Bits: [0x000001f67d050000, 0x000001f67ef88000)

Polling page: 0x000001f670630000

Metaspace:

Usage:
  Non-class:     16.80 MB used.
      Class:      2.16 MB used.
       Both:     18.96 MB used.

Virtual space:
  Non-class space:       64.00 MB reserved,      16.94 MB ( 26%) committed,  1 nodes.
      Class space:        1.00 GB reserved,       2.31 MB ( <1%) committed,  1 nodes.
             Both:        1.06 GB reserved,      19.25 MB (  2%) committed. 

Chunk freelists:
   Non-Class:  14.45 MB
       Class:  13.64 MB
        Both:  28.10 MB

MaxMetaspaceSize: unlimited
CompressedClassSpaceSize: 1.00 GB
Initial GC threshold: 21.00 MB
Current GC threshold: 21.00 MB
CDS: on
MetaspaceReclaimPolicy: balanced
 - commit_granule_bytes: 65536.
 - commit_granule_words: 8192.
 - virtual_space_node_default_size: 8388608.
 - enlarge_chunks_in_place: 1.
 - new_chunks_are_fully_committed: 0.
 - uncommit_free_chunks: 1.
 - use_allocation_guard: 0.
 - handle_deallocations: 1.


Internal statistics:

num_allocs_failed_limit: 0.
num_arena_births: 184.
num_arena_deaths: 0.
num_vsnodes_births: 2.
num_vsnodes_deaths: 0.
num_space_committed: 308.
num_space_uncommitted: 0.
num_chunks_returned_to_freelist: 0.
num_chunks_taken_from_freelist: 894.
num_chunk_merges: 0.
num_chunk_splits: 595.
num_chunks_enlarged: 447.
num_inconsistent_stats: 0.

CodeHeap 'non-profiled nmethods': size=120000Kb used=2766Kb max_used=3068Kb free=117233Kb
 bounds [0x000001f607ad0000, 0x000001f607dd0000, 0x000001f60f000000]
CodeHeap 'profiled nmethods': size=120000Kb used=9859Kb max_used=11085Kb free=110141Kb
 bounds [0x000001f600000000, 0x000001f600ae0000, 0x000001f607530000]
CodeHeap 'non-nmethods': size=5760Kb used=1205Kb max_used=1262Kb free=4554Kb
 bounds [0x000001f607530000, 0x000001f6077a0000, 0x000001f607ad0000]
 total_blobs=5165 nmethods=4674 adapters=403
 compilation: enabled
              stopped_count=0, restarted_count=0
 full_count=0

Compilation events (20 events):
Event: 6.026 Thread 0x000001f67f9d9cd0 5112       3       java.lang.ProcessEnvironment$EntryComparator::compare (13 bytes)
Event: 6.026 Thread 0x000001f67f9d9cd0 nmethod 5112 0x000001f600accb90 code [0x000001f600accda0, 0x000001f600acd508]
Event: 6.026 Thread 0x000001f67f9d9cd0 5113       3       java.lang.ProcessEnvironment$CheckedEntry::getValue (5 bytes)
Event: 6.027 Thread 0x000001f67f9d9cd0 nmethod 5113 0x000001f600acd710 code [0x000001f600acd8c0, 0x000001f600acdc08]
Event: 6.044 Thread 0x000001f67f9d9cd0 5117       3       java.lang.invoke.MethodHandleNatives::linkCallSite (66 bytes)
Event: 6.045 Thread 0x000001f67f9d9cd0 nmethod 5117 0x000001f600acdd10 code [0x000001f600acdf00, 0x000001f600ace448]
Event: 6.045 Thread 0x000001f67f9d9cd0 5118       3       java.lang.invoke.MethodHandleNatives::linkCallSiteImpl (44 bytes)
Event: 6.045 Thread 0x000001f67f9d9cd0 nmethod 5118 0x000001f600ace610 code [0x000001f600ace840, 0x000001f600acf158]
Event: 6.045 Thread 0x000001f67f9d9cd0 5119   !   3       java.lang.invoke.CallSite::makeSite (91 bytes)
Event: 6.047 Thread 0x000001f67f9d9cd0 nmethod 5119 0x000001f600acf490 code [0x000001f600acf7c0, 0x000001f600ad0898]
Event: 6.047 Thread 0x000001f67f9d9cd0 5121       3       java.lang.invoke.ConstantCallSite::<init> (17 bytes)
Event: 6.047 Thread 0x000001f67f9d9cd0 nmethod 5121 0x000001f600ad1410 code [0x000001f600ad1600, 0x000001f600ad1b88]
Event: 6.049 Thread 0x000001f67f9d9cd0 5122   !   3       java.util.zip.InflaterInputStream::read (138 bytes)
Event: 6.052 Thread 0x000001f67f9d9cd0 nmethod 5122 0x000001f600ad1d90 code [0x000001f600ad2040, 0x000001f600ad2d38]
Event: 6.052 Thread 0x000001f67f9d9cd0 5123       2       java.util.zip.InflaterInputStream::ensureOpen (18 bytes)
Event: 6.052 Thread 0x000001f67f9d9cd0 nmethod 5123 0x000001f600ad3310 code [0x000001f600ad34c0, 0x000001f600ad3688]
Event: 6.056 Thread 0x000001f67f9d4b10 nmethod 5045% 0x000001f607dc8110 code [0x000001f607dc8460, 0x000001f607dcc6a8]
Event: 6.056 Thread 0x000001f67f9d4b10 5104       4       java.lang.invoke.MethodType::hashCode (53 bytes)
Event: 6.058 Thread 0x000001f656049ea0 

Event: 6.060 Thread 0x000001f67f9d4b10 nmethod 5104 0x000001f607dceb10 code [0x000001f607dcecc0, 0x000001f607dcee78]

GC Heap History (8 events):
Event: 0.695 GC heap before
{Heap before GC invocations=0 (full 0):
 garbage-first heap   total 129024K, used 23552K [0x0000000083200000, 0x0000000100000000)
  region size 1024K, 23 young (23552K), 0 survivors (0K)
 Metaspace       used 5412K, committed 5632K, reserved 1114112K
  class space    used 652K, committed 768K, reserved 1048576K
}
Event: 0.700 GC heap after
{Heap after GC invocations=1 (full 0):
 garbage-first heap   total 129024K, used 3651K [0x0000000083200000, 0x0000000100000000)
  region size 1024K, 3 young (3072K), 3 survivors (3072K)
 Metaspace       used 5412K, committed 5632K, reserved 1114112K
  class space    used 652K, committed 768K, reserved 1048576K
}
Event: 1.361 GC heap before
{Heap before GC invocations=1 (full 0):
 garbage-first heap   total 129024K, used 35395K [0x0000000083200000, 0x0000000100000000)
  region size 1024K, 34 young (34816K), 3 survivors (3072K)
 Metaspace       used 9945K, committed 10112K, reserved 1114112K
  class space    used 1213K, committed 1280K, reserved 1048576K
}
Event: 1.368 GC heap after
{Heap after GC invocations=2 (full 0):
 garbage-first heap   total 129024K, used 5685K [0x0000000083200000, 0x0000000100000000)
  region size 1024K, 2 young (2048K), 2 survivors (2048K)
 Metaspace       used 9945K, committed 10112K, reserved 1114112K
  class space    used 1213K, committed 1280K, reserved 1048576K
}
Event: 3.581 GC heap before
{Heap before GC invocations=2 (full 0):
 garbage-first heap   total 129024K, used 80437K [0x0000000083200000, 0x0000000100000000)
  region size 1024K, 75 young (76800K), 2 survivors (2048K)
 Metaspace       used 15532K, committed 15680K, reserved 1114112K
  class space    used 1856K, committed 1920K, reserved 1048576K
}
Event: 3.602 GC heap after
{Heap after GC invocations=3 (full 0):
 garbage-first heap   total 129024K, used 13116K [0x0000000083200000, 0x0000000100000000)
  region size 1024K, 10 young (10240K), 10 survivors (10240K)
 Metaspace       used 15532K, committed 15680K, reserved 1114112K
  class space    used 1856K, committed 1920K, reserved 1048576K
}
Event: 5.185 GC heap before
{Heap before GC invocations=3 (full 0):
 garbage-first heap   total 129024K, used 109372K [0x0000000083200000, 0x0000000100000000)
  region size 1024K, 73 young (74752K), 10 survivors (10240K)
 Metaspace       used 17479K, committed 17792K, reserved 1114112K
  class space    used 2016K, committed 2176K, reserved 1048576K
}
Event: 5.201 GC heap after
{Heap after GC invocations=4 (full 0):
 garbage-first heap   total 129024K, used 16764K [0x0000000083200000, 0x0000000100000000)
  region size 1024K, 5 young (5120K), 5 survivors (5120K)
 Metaspace       used 17479K, committed 17792K, reserved 1114112K
  class space    used 2016K, committed 2176K, reserved 1048576K
}

Dll operation events (8 events):
Event: 0.013 Loaded shared library C:\Program Files\Eclipse Adoptium\jdk-17.0.18.8-hotspot\bin\java.dll
Event: 0.034 Loaded shared library C:\Program Files\Eclipse Adoptium\jdk-17.0.18.8-hotspot\bin\jsvml.dll
Event: 0.093 Loaded shared library C:\Program Files\Eclipse Adoptium\jdk-17.0.18.8-hotspot\bin\net.dll
Event: 0.095 Loaded shared library C:\Program Files\Eclipse Adoptium\jdk-17.0.18.8-hotspot\bin\nio.dll
Event: 0.098 Loaded shared library C:\Program Files\Eclipse Adoptium\jdk-17.0.18.8-hotspot\bin\zip.dll
Event: 0.233 Loaded shared library E:\apache-maven-3.9.14\lib\jansi-native\Windows\x86_64\jansi.dll
Event: 0.242 Loaded shared library C:\Program Files\Eclipse Adoptium\jdk-17.0.18.8-hotspot\bin\jimage.dll
Event: 0.261 Loaded shared library C:\Program Files\Eclipse Adoptium\jdk-17.0.18.8-hotspot\bin\verify.dll

Deoptimization events (20 events):
Event: 6.005 Thread 0x000001f6727ab1c0 Uncommon trap: trap_request=0xffffff45 fr.pc=0x000001f607d7cdb8 relative=0x0000000000000038
Event: 6.005 Thread 0x000001f6727ab1c0 Uncommon trap: reason=unstable_if action=reinterpret pc=0x000001f607d7cdb8 method=sun.nio.fs.WindowsFileAttributes.isReparsePoint(I)Z @ 5 c2
Event: 6.005 Thread 0x000001f6727ab1c0 DEOPT PACKING pc=0x000001f607d7cdb8 sp=0x0000000cc16fc8f0
Event: 6.005 Thread 0x000001f6727ab1c0 DEOPT UNPACKING pc=0x000001f60758a1a3 sp=0x0000000cc16fc880 mode 2
Event: 6.025 Thread 0x000001f6727ab1c0 Uncommon trap: trap_request=0xffffffbe fr.pc=0x000001f607bce9a8 relative=0x0000000000001e48
Event: 6.025 Thread 0x000001f6727ab1c0 Uncommon trap: reason=profile_predicate action=maybe_recompile pc=0x000001f607bce9a8 method=java.util.TimSort.binarySort([Ljava/lang/Object;IIILjava/util/Comparator;)V @ 34 c2
Event: 6.025 Thread 0x000001f6727ab1c0 DEOPT PACKING pc=0x000001f607bce9a8 sp=0x0000000cc16fd7e0
Event: 6.025 Thread 0x000001f6727ab1c0 DEOPT UNPACKING pc=0x000001f60758a1a3 sp=0x0000000cc16fd7c0 mode 2
Event: 6.025 Thread 0x000001f6727ab1c0 Uncommon trap: trap_request=0xffffffbe fr.pc=0x000001f607bce9a8 relative=0x0000000000001e48
Event: 6.025 Thread 0x000001f6727ab1c0 Uncommon trap: reason=profile_predicate action=maybe_recompile pc=0x000001f607bce9a8 method=java.util.TimSort.binarySort([Ljava/lang/Object;IIILjava/util/Comparator;)V @ 34 c2
Event: 6.025 Thread 0x000001f6727ab1c0 DEOPT PACKING pc=0x000001f607bce9a8 sp=0x0000000cc16fd7e0
Event: 6.025 Thread 0x000001f6727ab1c0 DEOPT UNPACKING pc=0x000001f60758a1a3 sp=0x0000000cc16fd7c0 mode 2
Event: 6.026 Thread 0x000001f6727ab1c0 Uncommon trap: trap_request=0xffffffbe fr.pc=0x000001f607bce9a8 relative=0x0000000000001e48
Event: 6.026 Thread 0x000001f6727ab1c0 Uncommon trap: reason=profile_predicate action=maybe_recompile pc=0x000001f607bce9a8 method=java.util.TimSort.binarySort([Ljava/lang/Object;IIILjava/util/Comparator;)V @ 34 c2
Event: 6.026 Thread 0x000001f6727ab1c0 DEOPT PACKING pc=0x000001f607bce9a8 sp=0x0000000cc16fd7e0
Event: 6.026 Thread 0x000001f6727ab1c0 DEOPT UNPACKING pc=0x000001f60758a1a3 sp=0x0000000cc16fd7c0 mode 2
Event: 6.052 Thread 0x000001f6727ab1c0 Uncommon trap: trap_request=0xffffffde fr.pc=0x000001f607cb1400 relative=0x0000000000000540
Event: 6.052 Thread 0x000001f6727ab1c0 Uncommon trap: reason=class_check action=maybe_recompile pc=0x000001f607cb1400 method=java.util.Hashtable.get(Ljava/lang/Object;)Ljava/lang/Object; @ 6 c2
Event: 6.052 Thread 0x000001f6727ab1c0 DEOPT PACKING pc=0x000001f607cb1400 sp=0x0000000cc16fdbb0
Event: 6.052 Thread 0x000001f6727ab1c0 DEOPT UNPACKING pc=0x000001f60758a1a3 sp=0x0000000cc16fdb60 mode 2

Classes loaded (20 events):
Event: 6.047 Loading class java/util/concurrent/SynchronousQueue$Transferer done
Event: 6.047 Loading class java/util/concurrent/SynchronousQueue$TransferStack done
Event: 6.047 Loading class java/util/concurrent/SynchronousQueue$TransferStack$SNode
Event: 6.047 Loading class java/util/concurrent/SynchronousQueue$TransferStack$SNode done
Event: 6.048 Loading class java/lang/ProcessImpl$2
Event: 6.048 Loading class java/lang/ProcessImpl$2 done
Event: 6.048 Loading class java/lang/ProcessBuilder$NullOutputStream
Event: 6.048 Loading class java/lang/ProcessBuilder$NullOutputStream done
Event: 6.048 Loading class java/lang/ProcessBuilder$NullInputStream
Event: 6.048 Loading class java/lang/ProcessBuilder$NullInputStream done
Event: 6.048 Loading class jdk/internal/event/ProcessStartEvent
Event: 6.048 Loading class jdk/internal/event/ProcessStartEvent done
Event: 6.050 Loading class sun/misc/Signal
Event: 6.050 Loading class sun/misc/Signal done
Event: 6.050 Loading class sun/misc/SignalHandler
Event: 6.051 Loading class sun/misc/SignalHandler done
Event: 6.052 Loading class sun/misc/Signal$InternalMiscHandler
Event: 6.052 Loading class sun/misc/Signal$InternalMiscHandler done
Event: 6.052 Loading class sun/misc/Signal$SunMiscHandler
Event: 6.052 Loading class sun/misc/Signal$SunMiscHandler done

Classes unloaded (0 events):
No events

Classes redefined (0 events):
No events

Internal exceptions (20 events):
Event: 1.978 Thread 0x000001f6727ab1c0 Exception <a 'java/lang/NoSuchMethodError'{0x0000000089b84a20}: 'java.lang.Object java.lang.invoke.DirectMethodHandle$Holder.invokeVirtual(java.lang.Object, java.lang.Object, java.lang.Object)'> (0x0000000089b84a20) 
thrown [s\src\hotspot\share\interpreter\linkResolver.cpp, line 759]
Event: 2.845 Thread 0x000001f6727ab1c0 Implicit null exception at 0x000001f607be9faf to 0x000001f607bea09c
Event: 2.846 Thread 0x000001f6727ab1c0 Implicit null exception at 0x000001f607b9956a to 0x000001f607b99730
Event: 2.846 Thread 0x000001f6727ab1c0 Implicit null exception at 0x000001f607b579d8 to 0x000001f607b57a6e
Event: 2.848 Thread 0x000001f6727ab1c0 Exception <a 'java/lang/NoSuchMethodError'{0x0000000087d5b880}: 'void java.lang.invoke.DirectMethodHandle$Holder.invokeStatic(java.lang.Object, java.lang.Object, java.lang.Object, java.lang.Object)'> (0x0000000087d5b880) 
thrown [s\src\hotspot\share\interpreter\linkResolver.cpp, line 759]
Event: 2.856 Thread 0x000001f6727ab1c0 Exception <a 'java/lang/NoSuchMethodError'{0x0000000087dd0b40}: 'int java.lang.invoke.DirectMethodHandle$Holder.invokeSpecialIFC(java.lang.Object, java.lang.Object, java.lang.Object, java.lang.Object)'> (0x0000000087dd0b40) 
thrown [s\src\hotspot\share\interpreter\linkResolver.cpp, line 759]
Event: 4.638 Thread 0x000001f6727ab1c0 Implicit null exception at 0x000001f607d039af to 0x000001f607d03a1e
Event: 4.639 Thread 0x000001f6727ab1c0 Exception <a 'java/lang/NoSuchMethodError'{0x00000000887470b8}: 'java.lang.Object java.lang.invoke.DirectMethodHandle$Holder.newInvokeSpecial(java.lang.Object, java.lang.Object, java.lang.Object, java.lang.Object, java.lang.Object, java.lang.Object, java.lang.Object)'> (0x00000000887470b8) 
thrown [s\src\hotspot\share\interpreter\linkResolver.cpp, line 759]
Event: 4.639 Thread 0x000001f6727ab1c0 Exception <a 'java/lang/NoSuchMethodError'{0x000000008874b9c8}: 'java.lang.Object java.lang.invoke.Invokers$Holder.linkToTargetMethod(java.lang.Object, java.lang.Object, java.lang.Object, java.lang.Object, java.lang.Object, java.lang.Object, java.lang.Object)'> (0x000000008874b9c8) 
thrown [s\src\hotspot\share\interpreter\linkResolver.cpp, line 759]
Event: 4.640 Thread 0x000001f6727ab1c0 Implicit null exception at 0x000001f607cfd766 to 0x000001f607cfe3c4
Event: 4.861 Thread 0x000001f6727ab1c0 Implicit null exception at 0x000001f607cd649f to 0x000001f607cd6c58
Event: 4.875 Thread 0x000001f6727ab1c0 Exception <a 'java/lang/NoSuchMethodError'{0x0000000087d6f6c8}: 'int java.lang.invoke.DirectMethodHandle$Holder.invokeVirtual(java.lang.Object, java.lang.Object)'> (0x0000000087d6f6c8) 
thrown [s\src\hotspot\share\interpreter\linkResolver.cpp, line 759]
Event: 4.913 Thread 0x000001f6727ab1c0 Exception <a 'java/lang/NoSuchMethodError'{0x0000000087b5faa8}: 'int java.lang.invoke.DirectMethodHandle$Holder.invokeStatic(java.lang.Object, java.lang.Object, int)'> (0x0000000087b5faa8) 
thrown [s\src\hotspot\share\interpreter\linkResolver.cpp, line 759]
Event: 6.007 Thread 0x000001f6727ab1c0 Exception <a 'java/lang/NoSuchMethodError'{0x0000000088824e00}: 'java.lang.Object java.lang.invoke.DirectMethodHandle$Holder.invokeStaticInit(java.lang.Object, java.lang.Object, int, int, int, int)'> (0x0000000088824e00) 
thrown [s\src\hotspot\share\interpreter\linkResolver.cpp, line 759]
Event: 6.041 Thread 0x000001f6727ab1c0 Exception <a 'java/lang/NoSuchMethodError'{0x0000000088870120}: 'void java.lang.invoke.DirectMethodHandle$Holder.invokeStatic(java.lang.Object, long)'> (0x0000000088870120) 
thrown [s\src\hotspot\share\interpreter\linkResolver.cpp, line 759]
Event: 6.041 Thread 0x000001f6727ab1c0 Exception <a 'java/lang/NoSuchMethodError'{0x00000000888756f8}: 'java.lang.Object java.lang.invoke.DirectMethodHandle$Holder.newInvokeSpecial(java.lang.Object, long)'> (0x00000000888756f8) 
thrown [s\src\hotspot\share\interpreter\linkResolver.cpp, line 759]
Event: 6.043 Thread 0x000001f6727ab1c0 Exception <a 'java/lang/NoSuchMethodError'{0x000000008887c898}: 'java.lang.Object java.lang.invoke.DirectMethodHandle$Holder.invokeStatic(java.lang.Object, java.lang.Object, long, java.lang.Object)'> (0x000000008887c898) 
thrown [s\src\hotspot\share\interpreter\linkResolver.cpp, line 759]
Event: 6.044 Thread 0x000001f6727ab1c0 Exception <a 'java/lang/NoSuchMethodError'{0x00000000888802d0}: 'java.lang.Object java.lang.invoke.DirectMethodHandle$Holder.invokeStaticInit(java.lang.Object, java.lang.Object, long, java.lang.Object)'> (0x00000000888802d0) 
thrown [s\src\hotspot\share\interpreter\linkResolver.cpp, line 759]
Event: 6.045 Thread 0x000001f6727ab1c0 Exception <a 'java/lang/NoSuchMethodError'{0x00000000888868e0}: 'java.lang.Object java.lang.invoke.DirectMethodHandle$Holder.newInvokeSpecial(java.lang.Object, java.lang.Object, long)'> (0x00000000888868e0) 
thrown [s\src\hotspot\share\interpreter\linkResolver.cpp, line 759]
Event: 6.045 Thread 0x000001f6727ab1c0 Exception <a 'java/lang/NoSuchMethodError'{0x000000008888a450}: 'java.lang.Object java.lang.invoke.Invokers$Holder.linkToTargetMethod(java.lang.Object, long, java.lang.Object)'> (0x000000008888a450) 
thrown [s\src\hotspot\share\interpreter\linkResolver.cpp, line 759]

VM Operations (20 events):
Event: 3.241 Executing VM operation: ICBufferFull
Event: 3.241 Executing VM operation: ICBufferFull done
Event: 3.580 Executing VM operation: G1CollectForAllocation
Event: 3.602 Executing VM operation: G1CollectForAllocation done
Event: 4.375 Executing VM operation: ICBufferFull
Event: 4.375 Executing VM operation: ICBufferFull done
Event: 4.870 Executing VM operation: ICBufferFull
Event: 4.870 Executing VM operation: ICBufferFull done
Event: 5.185 Executing VM operation: G1CollectForAllocation
Event: 5.201 Executing VM operation: G1CollectForAllocation done
Event: 5.307 Executing VM operation: HandshakeAllThreads
Event: 5.307 Executing VM operation: HandshakeAllThreads done
Event: 5.834 Executing VM operation: ICBufferFull
Event: 5.834 Executing VM operation: ICBufferFull done
Event: 5.962 Executing VM operation: HandshakeAllThreads
Event: 5.962 Executing VM operation: HandshakeAllThreads done
Event: 6.026 Executing VM operation: HandshakeAllThreads
Event: 6.026 Executing VM operation: HandshakeAllThreads done
Event: 6.060 Executing VM operation: HandshakeAllThreads
Event: 6.060 Executing VM operation: HandshakeAllThreads done

Memory protections (0 events):
No events

Nmethod flushes (20 events):
Event: 6.064 Thread 0x000001f67f9dd2b0 flushing  nmethod 0x000001f6004fc590
Event: 6.064 Thread 0x000001f67f9dd2b0 flushing  nmethod 0x000001f6004fca10
Event: 6.064 Thread 0x000001f67f9dd2b0 flushing  nmethod 0x000001f6004fd110
Event: 6.064 Thread 0x000001f67f9dd2b0 flushing  nmethod 0x000001f6004fda90
Event: 6.064 Thread 0x000001f67f9dd2b0 flushing  nmethod 0x000001f600509290
Event: 6.064 Thread 0x000001f67f9dd2b0 flushing  nmethod 0x000001f600513890
Event: 6.064 Thread 0x000001f67f9dd2b0 flushing  nmethod 0x000001f600517390
Event: 6.064 Thread 0x000001f67f9dd2b0 flushing  nmethod 0x000001f600517810
Event: 6.064 Thread 0x000001f67f9dd2b0 flushing  nmethod 0x000001f600519c10
Event: 6.065 Thread 0x000001f67f9dd2b0 flushing  nmethod 0x000001f60053dc90
Event: 6.065 Thread 0x000001f67f9dd2b0 flushing  nmethod 0x000001f60053e190
Event: 6.065 Thread 0x000001f67f9dd2b0 flushing  nmethod 0x000001f60053f610
Event: 6.065 Thread 0x000001f67f9dd2b0 flushing  nmethod 0x000001f60054a510
Event: 6.065 Thread 0x000001f67f9dd2b0 flushing  nmethod 0x000001f60056f110
Event: 6.065 Thread 0x000001f67f9dd2b0 flushing  nmethod 0x000001f600573c90
Event: 6.065 Thread 0x000001f67f9dd2b0 flushing  nmethod 0x000001f60058cc10
Event: 6.065 Thread 0x000001f67f9dd2b0 flushing  nmethod 0x000001f600598010
Event: 6.065 Thread 0x000001f67f9dd2b0 flushing  nmethod 0x000001f6005dc510
Event: 6.065 Thread 0x000001f67f9dd2b0 flushing  nmethod 0x000001f6005fbc90
Event: 6.065 Thread 0x000001f67f9dd2b0 flushing  nmethod 0x000001f600601d10

Events (17 events):
Event: 0.035 Thread 0x000001f6727ab1c0 Thread added: 0x000001f6727ab1c0
Event: 0.038 Thread 0x000001f6727ab1c0 Thread added: 0x000001f67f9b2580
Event: 0.038 Thread 0x000001f6727ab1c0 Thread added: 0x000001f67f9b3140
Event: 0.064 Thread 0x000001f6727ab1c0 Thread added: 0x000001f67f9ca910
Event: 0.064 Thread 0x000001f6727ab1c0 Thread added: 0x000001f67f9cf2e0
Event: 0.064 Thread 0x000001f6727ab1c0 Thread added: 0x000001f67f9d0cb0
Event: 0.065 Thread 0x000001f6727ab1c0 Thread added: 0x000001f67f9d1670
Event: 0.065 Thread 0x000001f6727ab1c0 Thread added: 0x000001f67f9d4b10
Event: 0.065 Thread 0x000001f6727ab1c0 Thread added: 0x000001f67f9d9cd0
Event: 0.065 Thread 0x000001f6727ab1c0 Thread added: 0x000001f67f9dd2b0
Event: 0.087 Thread 0x000001f6727ab1c0 Thread added: 0x000001f67fc20580
Event: 0.090 Thread 0x000001f6727ab1c0 Thread added: 0x000001f67fc2af70
Event: 0.228 Thread 0x000001f6727ab1c0 Thread added: 0x000001f67feba5c0
Event: 0.256 Thread 0x000001f67feba5c0 Thread exited: 0x000001f67feba5c0
Event: 0.336 Thread 0x000001f67f9d9cd0 Thread added: 0x000001f65604b930
Event: 0.630 Thread 0x000001f67f9d9cd0 Thread added: 0x000001f656049ea0
Event: 1.848 Thread 0x000001f6727ab1c0 Thread added: 0x000001f656f8d590


Dynamic libraries:
0x00007ff729600000 - 0x00007ff72960e000 	C:\Program Files\Eclipse Adoptium\jdk-17.0.18.8-hotspot\bin\java.exe
0x00007ffd739a0000 - 0x00007ffd73c07000 	C:\WINDOWS\SYSTEM32\ntdll.dll
0x00007ffd73010000 - 0x00007ffd730d9000 	C:\WINDOWS\System32\KERNEL32.DLL
0x00007ffd70900000 - 0x00007ffd70cf7000 	C:\WINDOWS\System32\KERNELBASE.dll
0x00007ffd703d0000 - 0x00007ffd7051b000 	C:\WINDOWS\System32\ucrtbase.dll
0x00007ffd5a660000 - 0x00007ffd5a678000 	C:\Program Files\Eclipse Adoptium\jdk-17.0.18.8-hotspot\bin\jli.dll
0x00007ffd717b0000 - 0x00007ffd71976000 	C:\WINDOWS\System32\USER32.dll
0x00007ffd5a680000 - 0x00007ffd5a69e000 	C:\Program Files\Eclipse Adoptium\jdk-17.0.18.8-hotspot\bin\VCRUNTIME140.dll
0x00007ffd71570000 - 0x00007ffd71597000 	C:\WINDOWS\System32\win32u.dll
0x00007ffd736b0000 - 0x00007ffd736db000 	C:\WINDOWS\System32\GDI32.dll
0x00007ffd4f610000 - 0x00007ffd4f8a2000 	C:\WINDOWS\WinSxS\amd64_microsoft.windows.common-controls_6595b64144ccf1df_6.0.26100.8457_none_3e0b2faee331e92d\COMCTL32.dll
0x00007ffd70520000 - 0x00007ffd7064c000 	C:\WINDOWS\System32\gdi32full.dll
0x00007ffd71bd0000 - 0x00007ffd71c79000 	C:\WINDOWS\System32\msvcrt.dll
0x00007ffd70850000 - 0x00007ffd708f3000 	C:\WINDOWS\System32\msvcp_win.dll
0x00007ffd71b90000 - 0x00007ffd71bc2000 	C:\WINDOWS\System32\IMM32.DLL
0x00007ffd5ac60000 - 0x00007ffd5ac6c000 	C:\Program Files\Eclipse Adoptium\jdk-17.0.18.8-hotspot\bin\vcruntime140_1.dll
0x00007ffd23850000 - 0x00007ffd238dd000 	C:\Program Files\Eclipse Adoptium\jdk-17.0.18.8-hotspot\bin\msvcp140.dll
0x00007ffcccda0000 - 0x00007ffccda0b000 	C:\Program Files\Eclipse Adoptium\jdk-17.0.18.8-hotspot\bin\server\jvm.dll
0x00007ffd73430000 - 0x00007ffd734e6000 	C:\WINDOWS\System32\ADVAPI32.dll
0x00007ffd71cf0000 - 0x00007ffd71d97000 	C:\WINDOWS\System32\sechost.dll
0x00007ffd71990000 - 0x00007ffd71aa8000 	C:\WINDOWS\System32\RPCRT4.dll
0x00007ffd71720000 - 0x00007ffd717a0000 	C:\WINDOWS\System32\WS2_32.dll
0x00007ffd70230000 - 0x00007ffd7028e000 	C:\WINDOWS\SYSTEM32\POWRPROF.dll
0x00007ffd6e310000 - 0x00007ffd6e346000 	C:\WINDOWS\SYSTEM32\WINMM.dll
0x00007ffd589c0000 - 0x00007ffd589cb000 	C:\WINDOWS\SYSTEM32\VERSION.dll
0x00007ffd70210000 - 0x00007ffd70224000 	C:\WINDOWS\SYSTEM32\UMPDC.dll
0x00007ffd6f160000 - 0x00007ffd6f17b000 	C:\WINDOWS\SYSTEM32\kernel.appcore.dll
0x00007ffd5a630000 - 0x00007ffd5a63a000 	C:\Program Files\Eclipse Adoptium\jdk-17.0.18.8-hotspot\bin\jimage.dll
0x00007ffd6e030000 - 0x00007ffd6e272000 	C:\WINDOWS\SYSTEM32\DBGHELP.DLL
0x00007ffd72500000 - 0x00007ffd72883000 	C:\WINDOWS\System32\combase.dll
0x00007ffd71ab0000 - 0x00007ffd71b89000 	C:\WINDOWS\System32\OLEAUT32.dll
0x00007ffd6e2d0000 - 0x00007ffd6e30b000 	C:\WINDOWS\SYSTEM32\dbgcore.DLL
0x00007ffd70650000 - 0x00007ffd706f8000 	C:\WINDOWS\System32\bcryptPrimitives.dll
0x00007ffd473b0000 - 0x00007ffd473d5000 	C:\Program Files\Eclipse Adoptium\jdk-17.0.18.8-hotspot\bin\java.dll
0x00007ffd10410000 - 0x00007ffd104e7000 	C:\Program Files\Eclipse Adoptium\jdk-17.0.18.8-hotspot\bin\jsvml.dll
0x00007ffd72890000 - 0x00007ffd72ffe000 	C:\WINDOWS\System32\SHELL32.dll
0x00007ffd70d00000 - 0x00007ffd7156c000 	C:\WINDOWS\System32\windows.storage.dll
0x00007ffd735b0000 - 0x00007ffd736a6000 	C:\WINDOWS\System32\SHCORE.dll
0x00007ffd73540000 - 0x00007ffd735a6000 	C:\WINDOWS\System32\shlwapi.dll
0x00007ffd702f0000 - 0x00007ffd70319000 	C:\WINDOWS\SYSTEM32\profapi.dll
0x00007ffd47390000 - 0x00007ffd473aa000 	C:\Program Files\Eclipse Adoptium\jdk-17.0.18.8-hotspot\bin\net.dll
0x00007ffd681a0000 - 0x00007ffd682c9000 	C:\WINDOWS\SYSTEM32\WINHTTP.dll
0x00007ffd6f6d0000 - 0x00007ffd6f73c000 	C:\WINDOWS\system32\mswsock.dll
0x00007ffd47370000 - 0x00007ffd47386000 	C:\Program Files\Eclipse Adoptium\jdk-17.0.18.8-hotspot\bin\nio.dll
0x00007ffd3d730000 - 0x00007ffd3d748000 	C:\Program Files\Eclipse Adoptium\jdk-17.0.18.8-hotspot\bin\zip.dll
0x00007ffd3b030000 - 0x00007ffd3b054000 	E:\apache-maven-3.9.14\lib\jansi-native\Windows\x86_64\jansi.dll
0x00007ffd45ce0000 - 0x00007ffd45cf0000 	C:\Program Files\Eclipse Adoptium\jdk-17.0.18.8-hotspot\bin\verify.dll
0x00007ffd6f9b0000 - 0x00007ffd6f9cb000 	C:\WINDOWS\SYSTEM32\CRYPTSP.dll
0x00007ffd6f0c0000 - 0x00007ffd6f0f9000 	C:\WINDOWS\system32\rsaenh.dll
0x00007ffd6f780000 - 0x00007ffd6f7b3000 	C:\WINDOWS\SYSTEM32\USERENV.dll
0x00007ffd702c0000 - 0x00007ffd702ea000 	C:\WINDOWS\SYSTEM32\bcrypt.dll
0x00007ffd6f9d0000 - 0x00007ffd6f9dc000 	C:\WINDOWS\SYSTEM32\CRYPTBASE.dll
0x00007ffd6eba0000 - 0x00007ffd6ebd2000 	C:\WINDOWS\SYSTEM32\IPHLPAPI.DLL
0x00007ffd73950000 - 0x00007ffd7395a000 	C:\WINDOWS\System32\NSI.dll
0x00007ffd68380000 - 0x00007ffd6839d000 	C:\WINDOWS\SYSTEM32\dhcpcsvc6.DLL
0x00007ffd68350000 - 0x00007ffd68375000 	C:\WINDOWS\SYSTEM32\dhcpcsvc.DLL
0x00007ffd6ec40000 - 0x00007ffd6ed72000 	C:\WINDOWS\SYSTEM32\DNSAPI.dll

dbghelp: loaded successfully - version: 4.0.5 - missing functions: none
symbol engine: initialized successfully - sym options: 0x614 - pdb path: .;C:\Program Files\Eclipse Adoptium\jdk-17.0.18.8-hotspot\bin;C:\WINDOWS\SYSTEM32;C:\WINDOWS\WinSxS\amd64_microsoft.windows.common-controls_6595b64144ccf1df_6.0.26100.8457_none_3e0b2faee331e92d;C:\Program Files\Eclipse Adoptium\jdk-17.0.18.8-hotspot\bin\server;E:\apache-maven-3.9.14\lib\jansi-native\Windows\x86_64

VM Arguments:
jvm_args: --enable-native-access=ALL-UNNAMED -Dclassworlds.conf=E:\apache-maven-3.9.14\bin\m2.conf -Dmaven.home=E:\apache-maven-3.9.14 -Dlibrary.jansi.path=E:\apache-maven-3.9.14\lib\jansi-native -Dmaven.multiModuleProjectDirectory=D:\SpendSmart-Backend\income-service 
java_command: org.codehaus.plexus.classworlds.launcher.Launcher spring-boot:run
java_class_path (initial): E:\apache-maven-3.9.14\boot\plexus-classworlds-2.9.0.jar
Launcher Type: SUN_STANDARD

[Global flags]
     intx CICompilerCount                          = 4                                         {product} {ergonomic}
     uint ConcGCThreads                            = 2                                         {product} {ergonomic}
     uint G1ConcRefinementThreads                  = 8                                         {product} {ergonomic}
   size_t G1HeapRegionSize                         = 1048576                                   {product} {ergonomic}
    uintx GCDrainStackTargetSize                   = 64                                        {product} {ergonomic}
   size_t InitialHeapSize                          = 132120576                                 {product} {ergonomic}
   size_t MarkStackSize                            = 4194304                                   {product} {ergonomic}
   size_t MaxHeapSize                              = 2095054848                                {product} {ergonomic}
   size_t MaxNewSize                               = 1256194048                                {product} {ergonomic}
   size_t MinHeapDeltaBytes                        = 1048576                                   {product} {ergonomic}
   size_t MinHeapSize                              = 8388608                                   {product} {ergonomic}
    uintx NonNMethodCodeHeapSize                   = 5839372                                {pd product} {ergonomic}
    uintx NonProfiledCodeHeapSize                  = 122909434                              {pd product} {ergonomic}
    uintx ProfiledCodeHeapSize                     = 122909434                              {pd product} {ergonomic}
    uintx ReservedCodeCacheSize                    = 251658240                              {pd product} {ergonomic}
     bool SegmentedCodeCache                       = true                                      {product} {ergonomic}
   size_t SoftMaxHeapSize                          = 2095054848                             {manageable} {ergonomic}
     bool UseCompressedClassPointers               = true                           {product lp64_product} {ergonomic}
     bool UseCompressedOops                        = true                           {product lp64_product} {ergonomic}
     bool UseG1GC                                  = true                                      {product} {ergonomic}
     bool UseLargePagesIndividualAllocation        = false                                  {pd product} {ergonomic}

Logging:
Log output configuration:
 #0: stdout all=warning uptime,level,tags
 #1: stderr all=off uptime,level,tags

Environment Variables:
JAVA_HOME=C:\Program Files\Eclipse Adoptium\jdk-17.0.18.8-hotspot
PATH=C:\Program Files\Eclipse Adoptium\jdk-17.0.18.8-hotspot\bin;C:\app\91706\product\21c\dbhomeXE\bin;C:\Program Files\Common Files\Oracle\Java\javapath;C:\Program Files (x86)\Common Files\Oracle\Java\javapath;C:\WINDOWS\system32;C:\WINDOWS;C:\WINDOWS\System32\Wbem;C:\WINDOWS\System32\WindowsPowerShell\v1.0\;C:\WINDOWS\System32\OpenSSH\;C:\Program Files (x86)\Dev-Cpp\MinGW64\bin;C:\Program Files\Git\cmd;C:\Users\91706\AppData\Roaming\nvm;C:\Program Files\nodejs;E:\apache-maven-3.9.14\bin;;C:\Program Files\Docker\Docker\resources\bin;C:\Users\91706\AppData\Local\Programs\Python\Python312\Scripts\;C:\Users\91706\AppData\Local\Programs\Python\Python312\;C:\Program Files (x86)\Java\jdk1.7.0_67\bin;C:\Users\91706\AppData\Local\JetBrains\Toolbox\scripts;C:\Users\91706\AppData\Local\Microsoft\WindowsApps;C:\Users\91706\AppData\Roaming\nvm;C:\Program Files\nodejs;C:\Program Files\MongoDB\Server\7.0\bin;C:\Users\91706\AppData\Local\Programs\Windsurf\bin;C:\Users\91706\AppData\Local\GitHubDesktop\bin;E:\Microsoft VS Code\bin;C:\monosh\;C:\Program Files\Eclipse Adoptium\jdk-17.0.18.8-hotspot\bin;D:\Antigravity\bin
USERNAME=91706
OS=Windows_NT
PROCESSOR_IDENTIFIER=Intel64 Family 6 Model 140 Stepping 1, GenuineIntel
TMP=C:\Users\91706\AppData\Local\Temp
TEMP=C:\Users\91706\AppData\Local\Temp



Periodic native trim disabled


---------------  S Y S T E M  ---------------

OS:
 Windows 11 , 64 bit Build 26100 (10.0.26100.8328)
OS uptime: 0 days 1:17 hours
Hyper-V role detected

CPU: total 8 (initial active 8) (4 cores per cpu, 2 threads per core) family 6 model 140 stepping 1 microcode 0x8a, cx8, cmov, fxsr, ht, mmx, 3dnowpref, sse, sse2, sse3, ssse3, sse4.1, sse4.2, popcnt, lzcnt, tsc, tscinvbit, avx, avx2, aes, erms, clmul, bmi1, bmi2, adx, avx512f, avx512dq, avx512cd, avx512bw, avx512vl, sha, fma, vzeroupper, avx512_vpopcntdq, avx512_vpclmulqdq, avx512_vaes, avx512_vnni, clflush, clflushopt, clwb, avx512_vbmi2, avx512_vbmi, hv
Processor Information for processor 0
  Max Mhz: 2419, Current Mhz: 1007, Mhz Limit: 2419
Processor Information for processor 1
  Max Mhz: 2419, Current Mhz: 2419, Mhz Limit: 2419
Processor Information for processor 2
  Max Mhz: 2419, Current Mhz: 2419, Mhz Limit: 2419
Processor Information for processor 3
  Max Mhz: 2419, Current Mhz: 2419, Mhz Limit: 2419
Processor Information for processor 4
  Max Mhz: 2419, Current Mhz: 2419, Mhz Limit: 2419
Processor Information for processor 5
  Max Mhz: 2419, Current Mhz: 1007, Mhz Limit: 2419
Processor Information for processor 6
  Max Mhz: 2419, Current Mhz: 2419, Mhz Limit: 2419
Processor Information for processor 7
  Max Mhz: 2419, Current Mhz: 2419, Mhz Limit: 2419

Memory: 4k page, system-wide physical 7991M (1134M free)
TotalPageFile size 19264M (AvailPageFile size 4M)
current process WorkingSet (physical memory assigned to process): 234M, peak: 236M
current process commit charge ("private bytes"): 276M, peak: 278M

vm_info: OpenJDK 64-Bit Server VM (17.0.18+8) for windows-amd64 JRE (17.0.18+8), built on Jan 20 2026 22:28:22 by "admin" with MS VC++ 17.12 (VS2022)

END.
