#
# There is insufficient memory for the Java Runtime Environment to continue.
# Native memory allocation (mmap) failed to map 65536 bytes. Error detail: Failed to commit metaspace.
# Possible reasons:
#   The system is out of physical RAM or swap space
#   This process is running with CompressedOops enabled, and the Java Heap may be blocking the growth of the native heap
# Possible solutions:
#   Reduce memory load on the system
#   Increase physical memory or swap space
#   Check if swap backing store is full
#   Decrease Java heap size (-Xmx/-Xms)
#   Decrease number of Java threads
#   Decrease Java thread stack sizes (-Xss)
#   Set larger code cache with -XX:ReservedCodeCacheSize=
#   JVM is running with Unscaled Compressed Oops mode in which the Java heap is
#     placed in the first 4GB address space. The Java Heap base address is the
#     maximum limit for the native heap growth. Please use -XX:HeapBaseMinAddress
#     to set the Java Heap base and to place the Java Heap above 4GB virtual address.
# This output file may be truncated or incomplete.
#
#  Out of Memory Error (virtualSpaceNode.cpp:110), pid=4604, tid=1456
#
# JRE version: OpenJDK Runtime Environment Temurin-17.0.18+8 (17.0.18+8) (build 17.0.18+8)
# Java VM: OpenJDK 64-Bit Server VM Temurin-17.0.18+8 (17.0.18+8, mixed mode, emulated-client, sharing, tiered, compressed oops, compressed class ptrs, g1 gc, windows-amd64)
# No core dump will be written. Minidumps are not enabled by default on client versions of Windows
#

---------------  S U M M A R Y ------------

Command Line: -XX:TieredStopAtLevel=1 com.spendsmart.income.IncomeServiceApplication

Host: 11th Gen Intel(R) Core(TM) i5-1135G7 @ 2.40GHz, 8 cores, 7G,  Windows 11 , 64 bit Build 26100 (10.0.26100.8328)
Time: Fri May 15 12:01:07 2026 India Standard Time elapsed time: 0.888061 seconds (0d 0h 0m 0s)

---------------  T H R E A D  ---------------

Current thread (0x000001d848ee0120):  JavaThread "main" [_thread_in_vm, id=1456, stack(0x0000007941000000,0x0000007941100000)]

Stack: [0x0000007941000000,0x0000007941100000]
Native frames: (J=compiled Java code, j=interpreted, Vv=VM code, C=native code)
V  [jvm.dll+0x6846f9]
V  [jvm.dll+0x839ea5]
V  [jvm.dll+0x83b91e]
V  [jvm.dll+0x83bfa3]
V  [jvm.dll+0x248eff]
V  [jvm.dll+0x835c8d]
V  [jvm.dll+0x6291fd]
V  [jvm.dll+0x62926a]
V  [jvm.dll+0x62baa3]
V  [jvm.dll+0x629bb6]
V  [jvm.dll+0x23dff4]
V  [jvm.dll+0x1eaf6f]
V  [jvm.dll+0x1e08d1]
V  [jvm.dll+0x548119]
V  [jvm.dll+0x1f177e]
V  [jvm.dll+0x7b3f3f]
V  [jvm.dll+0x7b538d]
V  [jvm.dll+0x41c5da]
C  [java.dll+0x1a55]

Java frames: (J=compiled Java code, j=interpreted, Vv=VM code)
J 358  java.lang.ClassLoader.findBootstrapClass(Ljava/lang/String;)Ljava/lang/Class; java.base@17.0.18 (0 bytes) @ 0x000001d850c5029a [0x000001d850c50240+0x000000000000005a]
J 731 c1 jdk.internal.loader.ClassLoaders$BootClassLoader.loadClassOrNull(Ljava/lang/String;Z)Ljava/lang/Class; java.base@17.0.18 (10 bytes) @ 0x000001d850cf1424 [0x000001d850cf13c0+0x0000000000000064]
J 404 c1 jdk.internal.loader.BuiltinClassLoader.loadClassOrNull(Ljava/lang/String;Z)Ljava/lang/Class; java.base@17.0.18 (143 bytes) @ 0x000001d850c6ce8c [0x000001d850c6cb00+0x000000000000038c]
J 650 c1 jdk.internal.loader.ClassLoaders$AppClassLoader.loadClass(Ljava/lang/String;Z)Ljava/lang/Class; java.base@17.0.18 (40 bytes) @ 0x000001d850cd2a44 [0x000001d850cd2900+0x0000000000000144]
J 649 c1 java.lang.ClassLoader.loadClass(Ljava/lang/String;)Ljava/lang/Class; java.base@17.0.18 (7 bytes) @ 0x000001d850cd2284 [0x000001d850cd2240+0x0000000000000044]
v  ~StubRoutines::call_stub
j  org.springframework.boot.system.ApplicationPid.<clinit>()V+1
v  ~StubRoutines::call_stub
j  org.springframework.boot.logging.LoggingSystemProperties.apply(Lorg/springframework/boot/logging/LogFile;Lorg/springframework/core/env/PropertyResolver;)V+17
j  org.springframework.boot.logging.logback.LogbackLoggingSystemProperties.apply(Lorg/springframework/boot/logging/LogFile;Lorg/springframework/core/env/PropertyResolver;)V+3
j  org.springframework.boot.logging.LoggingSystemProperties.apply(Lorg/springframework/boot/logging/LogFile;)V+8
j  org.springframework.boot.logging.LoggingSystemProperties.apply()V+2
j  org.springframework.boot.context.logging.LoggingApplicationListener.initialize(Lorg/springframework/core/env/ConfigurableEnvironment;Ljava/lang/ClassLoader;)V+5
j  org.springframework.boot.context.logging.LoggingApplicationListener.onApplicationEnvironmentPreparedEvent(Lorg/springframework/boot/context/event/ApplicationEnvironmentPreparedEvent;)V+32
j  org.springframework.boot.context.logging.LoggingApplicationListener.onApplicationEvent(Lorg/springframework/context/ApplicationEvent;)V+34
j  org.springframework.context.event.SimpleApplicationEventMulticaster.doInvokeListener(Lorg/springframework/context/ApplicationListener;Lorg/springframework/context/ApplicationEvent;)V+2
j  org.springframework.context.event.SimpleApplicationEventMulticaster.invokeListener(Lorg/springframework/context/ApplicationListener;Lorg/springframework/context/ApplicationEvent;)V+34
j  org.springframework.context.event.SimpleApplicationEventMulticaster.multicastEvent(Lorg/springframework/context/ApplicationEvent;Lorg/springframework/core/ResolvableType;)V+104
j  org.springframework.context.event.SimpleApplicationEventMulticaster.multicastEvent(Lorg/springframework/context/ApplicationEvent;)V+3
j  org.springframework.boot.context.event.EventPublishingRunListener.multicastInitialEvent(Lorg/springframework/context/ApplicationEvent;)V+9
j  org.springframework.boot.context.event.EventPublishingRunListener.environmentPrepared(Lorg/springframework/boot/ConfigurableBootstrapContext;Lorg/springframework/core/env/ConfigurableEnvironment;)V+18
j  org.springframework.boot.SpringApplicationRunListeners.lambda$environmentPrepared$2(Lorg/springframework/boot/ConfigurableBootstrapContext;Lorg/springframework/core/env/ConfigurableEnvironment;Lorg/springframework/boot/SpringApplicationRunListener;)V+3
j  org.springframework.boot.SpringApplicationRunListeners$$Lambda$81+0x000001d8010a9180.accept(Ljava/lang/Object;)V+12
j  java.lang.Iterable.forEach(Ljava/util/function/Consumer;)V+30 java.base@17.0.18
j  org.springframework.boot.SpringApplicationRunListeners.doWithListeners(Ljava/lang/String;Ljava/util/function/Consumer;Ljava/util/function/Consumer;)V+17
j  org.springframework.boot.SpringApplicationRunListeners.doWithListeners(Ljava/lang/String;Ljava/util/function/Consumer;)V+4
j  org.springframework.boot.SpringApplicationRunListeners.environmentPrepared(Lorg/springframework/boot/ConfigurableBootstrapContext;Lorg/springframework/core/env/ConfigurableEnvironment;)V+10
j  org.springframework.boot.SpringApplication.prepareEnvironment(Lorg/springframework/boot/SpringApplicationRunListeners;Lorg/springframework/boot/DefaultBootstrapContext;Lorg/springframework/boot/ApplicationArguments;)Lorg/springframework/core/env/ConfigurableEnvironment;+27
j  org.springframework.boot.SpringApplication.run([Ljava/lang/String;)Lorg/springframework/context/ConfigurableApplicationContext;+62
j  org.springframework.boot.SpringApplication.run([Ljava/lang/Class;[Ljava/lang/String;)Lorg/springframework/context/ConfigurableApplicationContext;+9
j  org.springframework.boot.SpringApplication.run(Ljava/lang/Class;[Ljava/lang/String;)Lorg/springframework/context/ConfigurableApplicationContext;+9
j  com.spendsmart.income.IncomeServiceApplication.main([Ljava/lang/String;)V+3
v  ~StubRoutines::call_stub

Compiled method (n/a) 959  358     n 0       java.lang.ClassLoader::findBootstrapClass (native)
 total in heap  [0x000001d850c50090,0x000001d850c50520] = 1168
 relocation     [0x000001d850c501f0,0x000001d850c50228] = 56
 main code      [0x000001d850c50240,0x000001d850c50520] = 736

[Constant Pool (empty)]

[MachCode]
[Entry Point]
  # {method} {0x000001d800011098} 'findBootstrapClass' '(Ljava/lang/String;)Ljava/lang/Class;' in 'java/lang/ClassLoader'
  # parm0:    rdx:rdx   = 'java/lang/String'
  #           [sp+0x70]  (sp of caller)
  0x000001d850c50240: 448b 5208 | 49bb 0000 | 0000 d801 | 0000 4d03 | d349 3bc2 | 0f84 0600 

  0x000001d850c50258: ;   {runtime_call ic_miss_stub}
  0x000001d850c50258: 0000 e921 | 13e4 ff90 
[Verified Entry Point]
  0x000001d850c50260: 8984 2400 | 90ff ff55 | 488b ec48 | 83ec 6048 | 8954 2420 | 4883 fa00 | 4c8d 4424 | 204c 0f44 
  0x000001d850c50280: ;   {oop(a 'java/lang/Class'{0x000000008985d828} = 'java/lang/ClassLoader')}
  0x000001d850c50280: 4424 2049 | be28 d885 | 8900 0000 | 004c 8974 | 2450 4c8d | 7424 5049 | 8bd6 c5f8 

  0x000001d850c5029c: ;   {internal_word}
  0x000001d850c5029c: 7749 ba9a | 02c5 50d8 | 0100 004d | 8997 a002 | 0000 4989 | a798 0200 

  0x000001d850c502b4: ;   {external_word}
  0x000001d850c502b4: 0049 bad5 | c692 cdfc | 7f00 0041 | 803a 000f | 844e 0000 | 0052 4150 

  0x000001d850c502cc: ;   {metadata({method} {0x000001d800011098} 'findBootstrapClass' '(Ljava/lang/String;)Ljava/lang/Class;' in 'java/lang/ClassLoader')}
  0x000001d850c502cc: 48ba 9010 | 0100 d801 | 0000 498b | cf48 83ec | 20f7 c40f | 0000 000f | 841a 0000 | 0048 83ec 
  0x000001d850c502ec: ;   {runtime_call}
  0x000001d850c502ec: 0849 ba50 | a048 cdfc | 7f00 0041 | ffd2 4883 | c408 e90d 

  0x000001d850c50300: ;   {runtime_call}
  0x000001d850c50300: 0000 0049 | ba50 a048 | cdfc 7f00 | 0041 ffd2 | 4883 c420 | 4158 5a49 | 8d8f b802 | 0000 41c7 
  0x000001d850c50320: 8740 0300 | 0004 0000 

  0x000001d850c50328: ;   {runtime_call}
  0x000001d850c50328: 0049 bad8 | 193b 47fd | 7f00 0041 | ffd2 c5f8 | 7741 c787 | 4003 0000 | 0500 0000 | f083 4424 
  0x000001d850c50348: c000 493b | af48 0300 | 000f 8711 | 0000 0041 | 81bf 3003 | 0000 0000 | 0000 0f84 | 2c00 0000 
  0x000001d850c50368: c5f8 7748 | 8945 f849 | 8bcf 4c8b | e448 83ec | 2048 83e4 

  0x000001d850c5037c: ;   {runtime_call}
  0x000001d850c5037c: f049 baa0 | af58 cdfc | 7f00 0041 | ffd2 498b | e44d 33e4 | 488b 45f8 | 41c7 8740 | 0300 0008 
  0x000001d850c5039c: 0000 0041 | 81bf b003 | 0000 0200 | 0000 0f84 | 3f01 0000 

  0x000001d850c503b0: ;   {external_word}
  0x000001d850c503b0: 49ba d5c6 | 92cd fc7f | 0000 4180 | 3a00 0f84 | 5000 0000 | 4889 45f8 

  0x000001d850c503c8: ;   {metadata({method} {0x000001d800011098} 'findBootstrapClass' '(Ljava/lang/String;)Ljava/lang/Class;' in 'java/lang/ClassLoader')}
  0x000001d850c503c8: 48ba 9010 | 0100 d801 | 0000 498b | cf48 83ec | 20f7 c40f | 0000 000f | 841a 0000 | 0048 83ec 
  0x000001d850c503e8: ;   {runtime_call}
  0x000001d850c503e8: 0849 ba50 | a048 cdfc | 7f00 0041 | ffd2 4883 | c408 e90d 

  0x000001d850c503fc: ;   {runtime_call}
  0x000001d850c503fc: 0000 0049 | ba50 a048 | cdfc 7f00 | 0041 ffd2 | 4883 c420 | 488b 45f8 | 49c7 8798 | 0200 0000 
  0x000001d850c5041c: 0000 0049 | c787 a002 | 0000 0000 | 0000 c5f8 | 7748 85c0 | 0f84 9300 | 0000 48f7 | c001 0000 
  0x000001d850c5043c: 000f 8483 | 0000 0048 | 8b40 ff41 | 807f 3800 | 0f84 6f00 | 0000 4883 | f800 0f84 | 6500 0000 
  0x000001d850c5045c: 498b 4f20 | 4883 f900 | 0f84 1400 | 0000 4883 | e908 4989 | 4f20 4903 | 4f30 4889 | 01e9 4300 
  0x000001d850c5047c: 0000 5049 | 8bd7 488b | c848 83ec | 20f7 c40f | 0000 000f | 841a 0000 | 0048 83ec 

  0x000001d850c50498: ;   {runtime_call}
  0x000001d850c50498: 0849 ba10 | 6a07 cdfc | 7f00 0041 | ffd2 4883 | c408 e90d 

  0x000001d850c504ac: ;   {runtime_call}
  0x000001d850c504ac: 0000 0049 | ba10 6a07 | cdfc 7f00 | 0041 ffd2 | 4883 c420 | 58e9 0300 | 0000 488b | 0049 8b8f 
  0x000001d850c504cc: d800 0000 | c781 0001 | 0000 0000 | 0000 c949 | 817f 0800 | 0000 000f | 8501 0000 

  0x000001d850c504e8: ;   {runtime_call StubRoutines (1)}
  0x000001d850c504e8: 00c3 e911 | 0adf ffc5 | f877 4889 | 45f8 4c8b | e448 83ec | 2048 83e4 

  0x000001d850c50500: ;   {runtime_call}
  0x000001d850c50500: f049 ba40 | d148 cdfc | 7f00 0041 | ffd2 498b | e44d 33e4 | 488b 45f8 | e993 feff | fff4 f4f4 
[/MachCode]


Compiled method (c1) 966  731       1       jdk.internal.loader.ClassLoaders$BootClassLoader::loadClassOrNull (10 bytes)
 total in heap  [0x000001d850cf1210,0x000001d850cf1568] = 856
 relocation     [0x000001d850cf1370,0x000001d850cf13b0] = 64
 main code      [0x000001d850cf13c0,0x000001d850cf1480] = 192
 stub code      [0x000001d850cf1480,0x000001d850cf14d8] = 88
 metadata       [0x000001d850cf14d8,0x000001d850cf14f0] = 24
 scopes data    [0x000001d850cf14f0,0x000001d850cf1520] = 48
 scopes pcs     [0x000001d850cf1520,0x000001d850cf1560] = 64
 dependencies   [0x000001d850cf1560,0x000001d850cf1568] = 8

[Constant Pool (empty)]

[MachCode]
[Entry Point]
  # {method} {0x000001d800197ef8} 'loadClassOrNull' '(Ljava/lang/String;Z)Ljava/lang/Class;' in 'jdk/internal/loader/ClassLoaders$BootClassLoader'
  # this:     rdx:rdx   = 'jdk/internal/loader/ClassLoaders$BootClassLoader'
  # parm0:    r8:r8     = 'java/lang/String'
  # parm1:    r9        = boolean
  #           [sp+0x60]  (sp of caller)
  0x000001d850cf13c0: 448b 5208 | 49bb 0000 | 0000 d801 | 0000 4d03 | d34c 3bd0 

  0x000001d850cf13d4: ;   {runtime_call ic_miss_stub}
  0x000001d850cf13d4: 0f85 a601 | daff 660f | 1f44 0000 
[Verified Entry Point]
  0x000001d850cf13e0: 8984 2400 | 90ff ff55 | 4883 ec50 | 498b d04c | 8944 2438 

  0x000001d850cf13f4: ;   {static_call}
  0x000001d850cf13f4: 6666 90e8 

  0x000001d850cf13f8: ; ImmutableOopMap {[56]=Oop }
                      ;*invokestatic checkName {reexecute=0 rethrow=0 return_oop=0}
                      ; - java.lang.ClassLoader::findBootstrapClassOrNull@1 (line 1265)
                      ; - java.lang.System$2::findBootstrapClassOrNull@1 (line 2327)
                      ; - jdk.internal.loader.ClassLoaders$BootClassLoader::loadClassOrNull@4 (line 140)
  0x000001d850cf13f8: 04ae f4ff | 83f8 000f | 850f 0000 

  0x000001d850cf1404: ;   {oop(NULL)}
  0x000001d850cf1404: 0048 be00 | 0000 0000 | 0000 00e9 | 1300 0000 | 4c8b 4424 | 3849 8bd0 

  0x000001d850cf141c: ;   {static_call}
  0x000001d850cf141c: 6666 90e8 

  0x000001d850cf1420: ; ImmutableOopMap {}
                      ;*invokestatic findBootstrapClass {reexecute=0 rethrow=0 return_oop=0}
                      ; - java.lang.ClassLoader::findBootstrapClassOrNull@10 (line 1267)
                      ; - java.lang.System$2::findBootstrapClassOrNull@1 (line 2327)
                      ; - jdk.internal.loader.ClassLoaders$BootClassLoader::loadClassOrNull@4 (line 140)
  0x000001d850cf1420: 3cee f5ff | 488b f048 | 8bc6 4883 

  0x000001d850cf142c: ;   {poll_return}
  0x000001d850cf142c: c450 5d49 | 3ba7 4803 | 0000 0f87 | 0100 0000 

  0x000001d850cf143c: ;   {internal_word}
  0x000001d850cf143c: c349 ba2f | 14cf 50d8 | 0100 004d | 8997 6003 

  0x000001d850cf144c: ;   {runtime_call SafepointBlob}
  0x000001d850cf144c: 0000 e92d | 7bda ff90 | 9049 8b87 | d803 0000 | 49c7 87d8 | 0300 0000 | 0000 0049 | c787 e003 
  0x000001d850cf146c: 0000 0000 | 0000 4883 

  0x000001d850cf1474: ;   {runtime_call unwind_exception Runtime1 stub}
  0x000001d850cf1474: c450 5de9 | 842a e4ff | f4f4 f4f4 
[Stub Code]
  0x000001d850cf1480: ;   {no_reloc}
  0x000001d850cf1480: 0f1f 4400 

  0x000001d850cf1484: ;   {static_stub}
  0x000001d850cf1484: 0048 bb00 | 0000 0000 

  0x000001d850cf148c: ;   {runtime_call}
  0x000001d850cf148c: 0000 00e9 | fbff ffff 

  0x000001d850cf1494: ;   {static_stub}
  0x000001d850cf1494: 9048 bb00 | 0000 0000 

  0x000001d850cf149c: ;   {runtime_call}
  0x000001d850cf149c: 0000 00e9 | fbff ffff 
[Exception Handler]
  0x000001d850cf14a4: ;   {runtime_call handle_exception_from_callee Runtime1 stub}
  0x000001d850cf14a4: e857 65e4 

  0x000001d850cf14a8: ;   {external_word}
  0x000001d850cf14a8: ff48 b900 | ea6c cdfc | 7f00 0048 

  0x000001d850cf14b4: ;   {runtime_call}
  0x000001d850cf14b4: 83e4 f049 | ba40 9635 | cdfc 7f00 | 0041 ffd2 

  0x000001d850cf14c4: ;   {section_word}
  0x000001d850cf14c4: f449 bac5 | 14cf 50d8 | 0100 0041 

  0x000001d850cf14d0: ;   {runtime_call DeoptimizationBlob}
  0x000001d850cf14d0: 52e9 4a8f | daff f4f4 
[/MachCode]


Compiled method (c1) 969  404   !   1       jdk.internal.loader.BuiltinClassLoader::loadClassOrNull (143 bytes)
 total in heap  [0x000001d850c6c890,0x000001d850c6d9e8] = 4440
 relocation     [0x000001d850c6c9f0,0x000001d850c6cb00] = 272
 main code      [0x000001d850c6cb00,0x000001d850c6d1a0] = 1696
 stub code      [0x000001d850c6d1a0,0x000001d850c6d2b8] = 280
 metadata       [0x000001d850c6d2b8,0x000001d850c6d340] = 136
 scopes data    [0x000001d850c6d340,0x000001d850c6d588] = 584
 scopes pcs     [0x000001d850c6d588,0x000001d850c6d768] = 480
 dependencies   [0x000001d850c6d768,0x000001d850c6d780] = 24
 handler table  [0x000001d850c6d780,0x000001d850c6d9a8] = 552
 nul chk table  [0x000001d850c6d9a8,0x000001d850c6d9e8] = 64

[Constant Pool (empty)]

[MachCode]
[Entry Point]
  # {method} {0x000001d80007d7d0} 'loadClassOrNull' '(Ljava/lang/String;Z)Ljava/lang/Class;' in 'jdk/internal/loader/BuiltinClassLoader'
  # this:     rdx:rdx   = 'jdk/internal/loader/BuiltinClassLoader'
  # parm0:    r8:r8     = 'java/lang/String'
  # parm1:    r9        = boolean
  #           [sp+0x110]  (sp of caller)
  0x000001d850c6cb00: 448b 5208 | 49bb 0000 | 0000 d801 | 0000 4d03 | d34c 3bd0 

  0x000001d850c6cb14: ;   {runtime_call ic_miss_stub}
  0x000001d850c6cb14: 0f85 664a | e2ff 660f | 1f44 0000 
[Verified Entry Point]
  0x000001d850c6cb20: 8984 2400 | 90ff ff55 | 4881 ec00 | 0100 0048 | 8994 24a0 | 0000 004c | 8984 2498 | 0000 008b 
  0x000001d850c6cb40: 5a28 4883 | fb00 0f85 | 1000 0000 | 488b f244 | 898c 24a8 | 0000 00e9 | 9500 0000 | 4489 8c24 
  0x000001d850c6cb60: a800 0000 

  0x000001d850c6cb64: ;   {metadata('java/lang/Object')}
  0x000001d850c6cb64: 48ba 580d | 0000 d801 | 0000 498b | 8708 0100 | 0048 8d78 | 1049 3bbf | 1801 0000 | 0f87 1705 
  0x000001d850c6cb84: 0000 4989 | bf08 0100 | 0048 c700 | 0100 0000 | 488b ca49 | ba00 0000 | 00d8 0100 | 0049 2bca 
  0x000001d850c6cba4: 8948 0848 | 33c9 8948 | 0c48 33c9 

  0x000001d850c6cbb0: ; implicit exception: dispatches to 0x000001d850c6d0aa
  0x000001d850c6cbb0: 483b 0349 | 8bf0 4c8b | c64c 8bc8 | bf01 0000 | 0048 8bd3 | 4889 8424 | 9000 0000 

  0x000001d850c6cbcc: ;   {optimized virtual_call}
  0x000001d850c6cbcc: 6666 90e8 

  0x000001d850c6cbd0: ; ImmutableOopMap {[152]=Oop [144]=Oop [160]=Oop }
                      ;*invokevirtual putVal {reexecute=0 rethrow=0 return_oop=0}
                      ; - java.util.concurrent.ConcurrentHashMap::putIfAbsent@4 (line 1541)
                      ; - java.lang.ClassLoader::getClassLoadingLock@23 (line 671)
                      ; - jdk.internal.loader.BuiltinClassLoader::loadClassOrNull@2 (line 651)
  0x000001d850c6cbd0: 6cee edff | 4883 f800 | 0f84 0800 | 0000 488b | f0e9 0b00 | 0000 488b | 8424 9000 | 0000 488b 
  0x000001d850c6cbf0: f048 8d94 | 24e0 0000 | 0048 8972 | 0848 8b06 | 4883 c801 | 4889 02f0 | 480f b116 | 0f84 1300 
  0x000001d850c6cc10: 0000 482b | c448 81e0 | 07f0 ffff | 4889 020f | 858f 0400 | 0048 8b94 | 2498 0000 | 0048 89b4 
  0x000001d850c6cc30: 24b0 0000 

  0x000001d850c6cc34: ;   {static_call}
  0x000001d850c6cc34: 0066 90e8 

  0x000001d850c6cc38: ; ImmutableOopMap {[152]=Oop [160]=Oop [176]=Oop [232]=Oop }
                      ;*invokestatic checkName {reexecute=0 rethrow=0 return_oop=0}
                      ; - java.lang.ClassLoader::findLoadedClass@1 (line 1288)
                      ; - jdk.internal.loader.BuiltinClassLoader::loadClassOrNull@10 (line 653)
  0x000001d850c6cc38: c4f5 fcff | 83f8 000f | 850f 0000 

  0x000001d850c6cc44: ;   {oop(NULL)}
  0x000001d850c6cc44: 0048 be00 | 0000 0000 | 0000 00e9 | 1b00 0000 | 4c8b 8424 | 9800 0000 | 488b 9424 | a000 0000 
  0x000001d850c6cc64: ;   {optimized virtual_call}
  0x000001d850c6cc64: 6666 90e8 

  0x000001d850c6cc68: ; ImmutableOopMap {[152]=Oop [160]=Oop [176]=Oop [232]=Oop }
                      ;*invokevirtual findLoadedClass0 {reexecute=0 rethrow=0 return_oop=0}
                      ; - java.lang.ClassLoader::findLoadedClass@11 (line 1290)
                      ; - jdk.internal.loader.BuiltinClassLoader::loadClassOrNull@10 (line 653)
  0x000001d850c6cc68: 74f0 fcff | 488b f048 | 83fe 000f | 85e6 0200 | 0048 89b4 | 24b8 0000 | 004c 8b84 | 2498 0000 
  0x000001d850c6cc88: 0041 8b48 | 1444 8b49 | 0c41 0fbe | 4810 c1e1 | 18c1 f918 | 41d3 f941 | ffc9 498b | f841 b82e 
  0x000001d850c6cca8: 0000 0048 

  0x000001d850c6ccac: ;   {optimized virtual_call}
  0x000001d850c6ccac: 8bd7 90e8 

  0x000001d850c6ccb0: ; ImmutableOopMap {[176]=Oop [160]=Oop [152]=Oop [184]=Oop [232]=Oop }
                      ;*invokevirtual lastIndexOf {reexecute=0 rethrow=0 return_oop=0}
                      ; - java.lang.String::lastIndexOf@8 (line 2451)
                      ; - jdk.internal.loader.BuiltinClassLoader::findLoadedModule@3 (line 709)
                      ; - jdk.internal.loader.BuiltinClassLoader::loadClassOrNull@22 (line 658)
  0x000001d850c6ccb0: 2c70 faff | 83f8 000f | 8d0f 0000 

  0x000001d850c6ccbc: ;   {oop(NULL)}
  0x000001d850c6ccbc: 0048 be00 | 0000 0000 | 0000 00e9 | 6900 0000 | 41b8 0000 | 0000 4c8b | c848 8b94 | 2498 0000 
  0x000001d850c6ccdc: ;   {optimized virtual_call}
  0x000001d850c6ccdc: 0066 90e8 

  0x000001d850c6cce0: ; ImmutableOopMap {[176]=Oop [160]=Oop [152]=Oop [184]=Oop [232]=Oop }
                      ;*invokevirtual substring {reexecute=0 rethrow=0 return_oop=0}
                      ; - jdk.internal.loader.BuiltinClassLoader::findLoadedModule@16 (line 713)
                      ; - jdk.internal.loader.BuiltinClassLoader::loadClassOrNull@22 (line 658)
  0x000001d850c6cce0: 9c8e f9ff 

  0x000001d850c6cce4: ;   {oop(a 'java/util/concurrent/ConcurrentHashMap'{0x00000000835cff98})}
  0x000001d850c6cce4: 4c8b c048 | ba98 ff5c | 8300 0000 | 0066 0f1f 

  0x000001d850c6ccf4: ;   {optimized virtual_call}
  0x000001d850c6ccf4: 4400 00e8 

  0x000001d850c6ccf8: ; ImmutableOopMap {[176]=Oop [160]=Oop [152]=Oop [184]=Oop [232]=Oop }
                      ;*invokeinterface get {reexecute=0 rethrow=0 return_oop=0}
                      ; - jdk.internal.loader.BuiltinClassLoader::findLoadedModule@24 (line 714)
                      ; - jdk.internal.loader.BuiltinClassLoader::loadClassOrNull@22 (line 658)
  0x000001d850c6ccf8: 443f fbff | 4883 f800 | 0f84 2900 

  0x000001d850c6cd04: ;   {metadata('jdk/internal/loader/BuiltinClassLoader$LoadedModule')}
  0x000001d850c6cd04: 0000 48be | d8df 1500 | d801 0000 | 448b 4808 | 49ba 0000 | 0000 d801 | 0000 4d03 | ca49 3bf1 
  0x000001d850c6cd24: 0f85 a703 | 0000 e900 | 0000 004c | 8bc0 498b | f048 83fe | 0048 8b94 | 24a0 0000 | 000f 844d 
  0x000001d850c6cd44: 0100 008b | 7e0c 483b | fa0f 8512 

  0x000001d850c6cd50: ;   {oop(a 'java/lang/Class'{0x00000000835cfe40} = 'jdk/internal/misc/VM')}
  0x000001d850c6cd50: 0100 0049 | b840 fe5c | 8300 0000 | 0045 8b80 | 9400 0000 | 4183 f802 | 41b8 0000 | 0000 0f8c 
  0x000001d850c6cd70: 0600 0000 | 41b8 0100 | 0000 4183 | e001 4183 | f800 0f85 | 0d00 0000 | 488b b424 | b800 0000 
  0x000001d850c6cd90: e9ca 0100 

  0x000001d850c6cd94: ;   {oop(a 'java/lang/Class'{0x000000008358da10} = 'java/lang/System')}
  0x000001d850c6cd94: 0049 b810 | da58 8300 | 0000 0045 | 8b40 7c49 | 83f8 000f | 851c 0000 | 004c 8b84 | 2498 0000 
  0x000001d850c6cdb4: 004c 8bce | 488b f248 

  0x000001d850c6cdbc: ;   {optimized virtual_call}
  0x000001d850c6cdbc: 8bd6 90e8 

  0x000001d850c6cdc0: ; ImmutableOopMap {[176]=Oop [160]=Oop [232]=Oop }
                      ;*invokevirtual defineClass {reexecute=0 rethrow=0 return_oop=0}
                      ; - jdk.internal.loader.BuiltinClassLoader::findClassInModuleOrNull@9 (line 741)
                      ; - jdk.internal.loader.BuiltinClassLoader::loadClassOrNull@55 (line 665)
  0x000001d850c6cdc0: 3c4d e2ff | e994 0000 | 000f 1f80 | 0000 0000 

  0x000001d850c6cdd0: ;   {no_reloc}
  0x000001d850c6cdd0: e919 0300 | 0090 9090 | 9090 488b | 9424 a000 | 0000 4c8b | 8424 9800 | 0000 4c8b 

  0x000001d850c6cdec: ;   {static_call}
  0x000001d850c6cdec: ce66 90e8 

  0x000001d850c6cdf0: ; ImmutableOopMap {[176]=Oop [160]=Oop [232]=Oop }
                      ;*invokedynamic {reexecute=0 rethrow=0 return_oop=0}
                      ; - jdk.internal.loader.BuiltinClassLoader::findClassInModuleOrNull@16 (line 743)
                      ; - jdk.internal.loader.BuiltinClassLoader::loadClassOrNull@55 (line 665)
  0x000001d850c6cdf0: 0c58 e2ff | 4889 8424 | c000 0000 

  0x000001d850c6cdfc: ;   {static_call}
  0x000001d850c6cdfc: 6666 90e8 

  0x000001d850c6ce00: ; ImmutableOopMap {[176]=Oop [160]=Oop [192]=Oop [232]=Oop }
                      ;*invokestatic getCallerClass {reexecute=0 rethrow=0 return_oop=0}
                      ; - java.security.AccessController::doPrivileged@2 (line 318)
                      ; - jdk.internal.loader.BuiltinClassLoader::findClassInModuleOrNull@23 (line 744)
                      ; - jdk.internal.loader.BuiltinClassLoader::loadClassOrNull@55 (line 665)
  0x000001d850c6ce00: fc57 e2ff | 488b 9424 | c000 0000 | 4889 8424 | c800 0000 | 9048 b8ff | ffff ffff 

  0x000001d850c6ce1c: ;   {virtual_call}
  0x000001d850c6ce1c: ffff ffe8 

  0x000001d850c6ce20: ; ImmutableOopMap {[176]=Oop [160]=Oop [200]=Oop [232]=Oop }
                      ;*invokeinterface run {reexecute=0 rethrow=0 return_oop=0}
                      ; - java.security.AccessController::executePrivileged@29 (line 776)
                      ; - java.security.AccessController::doPrivileged@5 (line 318)
                      ; - jdk.internal.loader.BuiltinClassLoader::findClassInModuleOrNull@23 (line 744)
                      ; - jdk.internal.loader.BuiltinClassLoader::loadClassOrNull@55 (line 665)
  0x000001d850c6ce20: 5c52 e2ff | 4883 f800 | 0f84 2900 

  0x000001d850c6ce2c: ;   {metadata('java/lang/Class')}
  0x000001d850c6ce2c: 0000 48be | 2817 0000 | d801 0000 | 448b 4808 | 49ba 0000 | 0000 d801 | 0000 4d03 | ca49 3bf1 
  0x000001d850c6ce4c: 0f85 a602 | 0000 e900 | 0000 004c | 8bc0 498b | c048 8bf0 | e9fa 0000 | 0048 3b07 | 4c8b 8424 
  0x000001d850c6ce6c: 9800 0000 | 41b9 0000 | 0000 488b | d70f 1f40 | 0048 b8b8 | 7b19 00d8 

  0x000001d850c6ce84: ;   {virtual_call}
  0x000001d850c6ce84: 0100 00e8 

  0x000001d850c6ce88: ; ImmutableOopMap {[176]=Oop [160]=Oop [232]=Oop }
                      ;*invokevirtual loadClassOrNull {reexecute=0 rethrow=0 return_oop=0}
                      ; - jdk.internal.loader.BuiltinClassLoader::loadClassOrNull@3 (line 700)
                      ; - jdk.internal.loader.BuiltinClassLoader::loadClassOrNull@66 (line 669)
  0x000001d850c6ce88: 3445 0800 | 488b f0e9 | cb00 0000 | 8b72 5448 | 83fe 000f | 850d 0000 | 0048 8bb4 | 24b8 0000 
  0x000001d850c6cea8: 00e9 2900 | 0000 483b | 064c 8b84 | 2498 0000 | 0041 b900 | 0000 0048 | 8bd6 6666 | 9048 b8ff 
  0x000001d850c6cec8: ffff ffff 

  0x000001d850c6cecc: ;   {virtual_call}
  0x000001d850c6cecc: ffff ffe8 

  0x000001d850c6ced0: ; ImmutableOopMap {[176]=Oop [152]=Oop [160]=Oop [232]=Oop }
                      ;*invokevirtual loadClassOrNull {reexecute=0 rethrow=0 return_oop=0}
                      ; - jdk.internal.loader.BuiltinClassLoader::loadClassOrNull@3 (line 700)
                      ; - jdk.internal.loader.BuiltinClassLoader::loadClassOrNull@86 (line 676)
  0x000001d850c6ced0: 441e edff | 488b f048 | 83fe 000f | 857e 0000 | 0048 8b94 | 24a0 0000 | 0044 8b42 | 5849 83f8 
  0x000001d850c6cef0: 0041 b800 | 0000 000f | 8406 0000 | 0041 b801 | 0000 0041 | 83e0 0141 | 83f8 000f | 844e 0000 
  0x000001d850c6cf10: ;   {oop(a 'java/lang/Class'{0x00000000835cfe40} = 'jdk/internal/misc/VM')}
  0x000001d850c6cf10: 0049 b840 | fe5c 8300 | 0000 0045 | 8b80 9400 | 0000 4183 | f802 41b8 | 0000 0000 | 0f8c 0600 
  0x000001d850c6cf30: 0000 41b8 | 0100 0000 | 4183 e001 | 4183 f800 | 0f84 1900 | 0000 4c8b | 8424 9800 | 0000 488b 
  0x000001d850c6cf50: f248 8bd6 

  0x000001d850c6cf54: ;   {optimized virtual_call}
  0x000001d850c6cf54: 6666 90e8 

  0x000001d850c6cf58: ; ImmutableOopMap {[176]=Oop [160]=Oop [232]=Oop }
                      ;*invokevirtual findClassOnClassPathOrNull {reexecute=0 rethrow=0 return_oop=0}
                      ; - jdk.internal.loader.BuiltinClassLoader::loadClassOrNull@111 (line 681)
  0x000001d850c6cf58: 64c2 0800 | 488b f044 | 8b8c 24a8 | 0000 0041 | 83f9 000f | 8414 0000 | 0048 83fe | 000f 840a 
  0x000001d850c6cf78: 0000 0048 | 83fe 000f | 843c 0000 | 0048 8d84 | 24e0 0000 | 0048 8b10 | 4885 d20f | 840f 0000 
  0x000001d850c6cf98: 0048 8b78 | 08f0 480f | b117 0f85 | 6301 0000 | 488b c648 | 81c4 0001 

  0x000001d850c6cfb0: ;   {poll_return}
  0x000001d850c6cfb0: 0000 5d49 | 3ba7 4803 | 0000 0f87 | 6101 0000 | c348 89b4 | 24d8 0000 

  0x000001d850c6cfc8: ;   {metadata('java/lang/NullPointerException')}
  0x000001d850c6cfc8: 0048 ba30 | 1a06 00d8 | 0100 0049 | 8b87 0801 | 0000 488d | 7830 493b | bf18 0100 | 000f 874c 
  0x000001d850c6cfe8: 0100 0049 | 89bf 0801 | 0000 48c7 | 0001 0000 | 0048 8bca | 49ba 0000 | 0000 d801 | 0000 492b 
  0x000001d850c6d008: ca89 4808 | 4833 c989 | 480c 4833 | c948 8948 | 1048 8948 | 1848 8948 | 2048 8948 | 2848 8bd0 
  0x000001d850c6d028: 4889 8424 | d000 0000 | 0f1f 8000 

  0x000001d850c6d034: ;   {optimized virtual_call}
  0x000001d850c6d034: 0000 00e8 

  0x000001d850c6d038: ; ImmutableOopMap {[176]=Oop [208]=Oop [216]=Oop [232]=Oop }
                      ;*invokespecial <init> {reexecute=0 rethrow=0 return_oop=0}
                      ; - java.lang.ClassLoader::resolveClass@8 (line 1228)
                      ; - jdk.internal.loader.BuiltinClassLoader::loadClassOrNull@128 (line 688)
  0x000001d850c6d038: c44a e2ff | 488b 8424 

  0x000001d850c6d040: ; ImmutableOopMap {[176]=Oop [216]=Oop [232]=Oop rax=Oop }
                      ;*athrow {reexecute=1 rethrow=0 return_oop=0}
                      ; - (reexecute) java.lang.ClassLoader::resolveClass@11 (line 1228)
                      ; - jdk.internal.loader.BuiltinClassLoader::loadClassOrNull@128 (line 688)
  0x000001d850c6d040: d000 0000 

  0x000001d850c6d044: ;   {section_word}
  0x000001d850c6d044: 48ba 44d0 | c650 d801 

  0x000001d850c6d04c: ;   {runtime_call handle_exception_nofpu Runtime1 stub}
  0x000001d850c6d04c: 0000 e8ad | a2ec ff90 | 498b 87d8 | 0300 004d | 33d2 4d89 | 97d8 0300 | 004d 33d2 | 4d89 97e0 
  0x000001d850c6d06c: 0300 0048 | 8bf0 488d | 8424 e000 | 0000 488b | 3848 85ff | 0f84 0f00 | 0000 488b | 5808 f048 
  0x000001d850c6d08c: 0fb1 3b0f | 85af 0000 | 0048 8bc6 | e9dc 0000 | 0048 8bd2 

  0x000001d850c6d0a0: ;   {runtime_call fast_new_instance Runtime1 stub}
  0x000001d850c6d0a0: e85b 8bec 

  0x000001d850c6d0a4: ; ImmutableOopMap {r8=Oop [152]=Oop rbx=Oop [160]=Oop }
                      ;*new {reexecute=0 rethrow=0 return_oop=0}
                      ; - java.lang.ClassLoader::getClassLoadingLock@9 (line 670)
                      ; - jdk.internal.loader.BuiltinClassLoader::loadClassOrNull@2 (line 651)
  0x000001d850c6d0a4: ffe9 06fb 

  0x000001d850c6d0a8: ;   {runtime_call throw_null_pointer_exception Runtime1 stub}
  0x000001d850c6d0a8: ffff e871 

  0x000001d850c6d0ac: ; ImmutableOopMap {r8=Oop [152]=Oop rbx=Oop [160]=Oop rax=Oop }
                      ;*invokevirtual putIfAbsent {reexecute=0 rethrow=0 return_oop=0}
                      ; - java.lang.ClassLoader::getClassLoadingLock@23 (line 671)
                      ; - jdk.internal.loader.BuiltinClassLoader::loadClassOrNull@2 (line 651)
                      ;   {runtime_call throw_null_pointer_exception Runtime1 stub}
  0x000001d850c6d0ac: 7dec ffe8 

  0x000001d850c6d0b0: ; ImmutableOopMap {[152]=Oop [160]=Oop rsi=Oop }
                      ;*monitorenter {reexecute=0 rethrow=0 return_oop=0}
                      ; - jdk.internal.loader.BuiltinClassLoader::loadClassOrNull@7 (line 651)
  0x000001d850c6d0b0: 6c7d ecff | 4889 7424 | 0848 8914 

  0x000001d850c6d0bc: ;   {runtime_call monitorenter_nofpu Runtime1 stub}
  0x000001d850c6d0bc: 24e8 bebb 

  0x000001d850c6d0c0: ; ImmutableOopMap {[152]=Oop [160]=Oop rsi=Oop [232]=Oop }
                      ;*monitorenter {reexecute=0 rethrow=0 return_oop=0}
                      ; - jdk.internal.loader.BuiltinClassLoader::loadClassOrNull@7 (line 651)
  0x000001d850c6d0c0: ecff e95e 

  0x000001d850c6d0c4: ;   {runtime_call throw_null_pointer_exception Runtime1 stub}
  0x000001d850c6d0c4: fbff ffe8 

  0x000001d850c6d0c8: ; ImmutableOopMap {[176]=Oop r8=Oop [152]=Oop [184]=Oop [160]=Oop [232]=Oop }
                      ;*invokevirtual lastIndexOf {reexecute=0 rethrow=0 return_oop=0}
                      ; - jdk.internal.loader.BuiltinClassLoader::findLoadedModule@3 (line 709)
                      ; - jdk.internal.loader.BuiltinClassLoader::loadClassOrNull@22 (line 658)
  0x000001d850c6d0c8: 547d ecff 

  0x000001d850c6d0cc: ;   {runtime_call throw_null_pointer_exception Runtime1 stub}
  0x000001d850c6d0cc: e84f 7dec 

  0x000001d850c6d0d0: ; ImmutableOopMap {[176]=Oop r8=Oop [152]=Oop [184]=Oop [160]=Oop [232]=Oop }
                      ;*arraylength {reexecute=0 rethrow=0 return_oop=0}
                      ; - java.lang.String::length@4 (line 1481)
                      ; - java.lang.String::lastIndexOf@3 (line 2451)
                      ; - jdk.internal.loader.BuiltinClassLoader::findLoadedModule@3 (line 709)
                      ; - jdk.internal.loader.BuiltinClassLoader::loadClassOrNull@22 (line 658)
  0x000001d850c6d0d0: ff48 8904 

  0x000001d850c6d0d4: ;   {runtime_call throw_class_cast_exception Runtime1 stub}
  0x000001d850c6d0d4: 24e8 46af 

  0x000001d850c6d0d8: ; ImmutableOopMap {[176]=Oop [160]=Oop [152]=Oop [184]=Oop [232]=Oop }
                      ;*checkcast {reexecute=0 rethrow=0 return_oop=0}
                      ; - jdk.internal.loader.BuiltinClassLoader::findLoadedModule@29 (line 714)
                      ; - jdk.internal.loader.BuiltinClassLoader::loadClassOrNull@22 (line 658)
                      ;   {runtime_call throw_null_pointer_exception Runtime1 stub}
  0x000001d850c6d0d8: ecff e841 

  0x000001d850c6d0dc: ; ImmutableOopMap {[176]=Oop [152]=Oop [184]=Oop rsi=Oop rdx=Oop [160]=Oop [232]=Oop }
                      ;*invokevirtual loader {reexecute=0 rethrow=0 return_oop=0}
                      ; - jdk.internal.loader.BuiltinClassLoader::loadClassOrNull@34 (line 662)
  0x000001d850c6d0dc: 7dec ff48 | bf00 0000 | 0000 0000 | 00b8 000f 

  0x000001d850c6d0ec: ;   {runtime_call load_appendix_patching Runtime1 stub}
  0x000001d850c6d0ec: 050a e80d 

  0x000001d850c6d0f0: ; ImmutableOopMap {[176]=Oop [152]=Oop rsi=Oop [160]=Oop [232]=Oop }
                      ;*invokedynamic {reexecute=1 rethrow=0 return_oop=0}
                      ; - (reexecute) jdk.internal.loader.BuiltinClassLoader::findClassInModuleOrNull@16 (line 743)
                      ; - jdk.internal.loader.BuiltinClassLoader::loadClassOrNull@55 (line 665)
  0x000001d850c6d0f0: dcec ffe9 | d8fc ffff | 4889 0424 

  0x000001d850c6d0fc: ;   {runtime_call throw_class_cast_exception Runtime1 stub}
  0x000001d850c6d0fc: e81f afec 

  0x000001d850c6d100: ; ImmutableOopMap {[176]=Oop [160]=Oop [232]=Oop }
                      ;*checkcast {reexecute=0 rethrow=0 return_oop=0}
                      ; - jdk.internal.loader.BuiltinClassLoader::findClassInModuleOrNull@26 (line 744)
                      ; - jdk.internal.loader.BuiltinClassLoader::loadClassOrNull@55 (line 665)
                      ;   {runtime_call throw_null_pointer_exception Runtime1 stub}
  0x000001d850c6d100: ffe8 1a7d 

  0x000001d850c6d104: ; ImmutableOopMap {[176]=Oop rdi=Oop [152]=Oop [160]=Oop [232]=Oop }
                      ;*invokevirtual loadClassOrNull {reexecute=0 rethrow=0 return_oop=0}
                      ; - jdk.internal.loader.BuiltinClassLoader::loadClassOrNull@66 (line 669)
                      ;   {runtime_call throw_null_pointer_exception Runtime1 stub}
  0x000001d850c6d104: ecff e815 

  0x000001d850c6d108: ; ImmutableOopMap {[176]=Oop [152]=Oop [160]=Oop rsi=Oop [232]=Oop }
                      ;*invokevirtual loadClassOrNull {reexecute=0 rethrow=0 return_oop=0}
                      ; - jdk.internal.loader.BuiltinClassLoader::loadClassOrNull@86 (line 676)
  0x000001d850c6d108: 7dec ff48 | 8d84 24e0 | 0000 0048 

  0x000001d850c6d114: ;   {runtime_call monitorexit_nofpu Runtime1 stub}
  0x000001d850c6d114: 8904 24e8 | e4c1 ecff | e987 feff 

  0x000001d850c6d120: ;   {internal_word}
  0x000001d850c6d120: ff49 bab3 | cfc6 50d8 | 0100 004d | 8997 6003 

  0x000001d850c6d130: ;   {runtime_call SafepointBlob}
  0x000001d850c6d130: 0000 e949 | bee2 ff48 

  0x000001d850c6d138: ;   {runtime_call fast_new_instance Runtime1 stub}
  0x000001d850c6d138: 8bd2 e8c1 

  0x000001d850c6d13c: ; ImmutableOopMap {[176]=Oop [216]=Oop [232]=Oop }
                      ;*new {reexecute=0 rethrow=0 return_oop=0}
                      ; - java.lang.ClassLoader::resolveClass@4 (line 1228)
                      ; - jdk.internal.loader.BuiltinClassLoader::loadClassOrNull@128 (line 688)
  0x000001d850c6d13c: 8aec ffe9 | e1fe ffff | 488d 8424 | e000 0000 | 4889 0424 

  0x000001d850c6d150: ;   {runtime_call monitorexit_nofpu Runtime1 stub}
  0x000001d850c6d150: e8ab c1ec | ffe9 3bff | ffff 9090 | 498b 87d8 | 0300 0049 | c787 d803 | 0000 0000 | 0000 49c7 
  0x000001d850c6d170: 87e0 0300 | 0000 0000 | 0048 81c4 | 0001 0000 

  0x000001d850c6d180: ;   {runtime_call unwind_exception Runtime1 stub}
  0x000001d850c6d180: 5de9 7a6d | ecff f4f4 | f4f4 f4f4 | f4f4 f4f4 | f4f4 f4f4 | f4f4 f4f4 | f4f4 f4f4 | f4f4 f4f4 
[Stub Code]
  0x000001d850c6d1a0: ;   {no_reloc}
  0x000001d850c6d1a0: 0f1f 4400 

  0x000001d850c6d1a4: ;   {static_stub}
  0x000001d850c6d1a4: 0048 bb00 | 0000 0000 

  0x000001d850c6d1ac: ;   {runtime_call}
  0x000001d850c6d1ac: 0000 00e9 | fbff ffff 

  0x000001d850c6d1b4: ;   {static_stub}
  0x000001d850c6d1b4: 9048 bb00 | 0000 0000 

  0x000001d850c6d1bc: ;   {runtime_call}
  0x000001d850c6d1bc: 0000 00e9 | fbff ffff 

  0x000001d850c6d1c4: ;   {static_stub}
  0x000001d850c6d1c4: 9048 bb00 | 0000 0000 

  0x000001d850c6d1cc: ;   {runtime_call}
  0x000001d850c6d1cc: 0000 00e9 | fbff ffff 

  0x000001d850c6d1d4: ;   {static_stub}
  0x000001d850c6d1d4: 9048 bb00 | 0000 0000 

  0x000001d850c6d1dc: ;   {runtime_call}
  0x000001d850c6d1dc: 0000 00e9 | fbff ffff 

  0x000001d850c6d1e4: ;   {static_stub}
  0x000001d850c6d1e4: 9048 bb00 | 0000 0000 

  0x000001d850c6d1ec: ;   {runtime_call}
  0x000001d850c6d1ec: 0000 00e9 | fbff ffff 

  0x000001d850c6d1f4: ;   {static_stub}
  0x000001d850c6d1f4: 9048 bb00 | 0000 0000 

  0x000001d850c6d1fc: ;   {runtime_call}
  0x000001d850c6d1fc: 0000 00e9 | fbff ffff 

  0x000001d850c6d204: ;   {static_stub}
  0x000001d850c6d204: 9048 bb00 | 0000 0000 

  0x000001d850c6d20c: ;   {runtime_call}
  0x000001d850c6d20c: 0000 00e9 | fbff ffff 

  0x000001d850c6d214: ;   {static_stub}
  0x000001d850c6d214: 9048 bb00 | 0000 0000 

  0x000001d850c6d21c: ;   {runtime_call}
  0x000001d850c6d21c: 0000 00e9 | fbff ffff 

  0x000001d850c6d224: ;   {static_stub}
  0x000001d850c6d224: 9048 bb00 | 0000 0000 

  0x000001d850c6d22c: ;   {runtime_call}
  0x000001d850c6d22c: 0000 00e9 | fbff ffff 

  0x000001d850c6d234: ;   {static_stub}
  0x000001d850c6d234: 9048 bb00 | 0000 0000 

  0x000001d850c6d23c: ;   {runtime_call}
  0x000001d850c6d23c: 0000 00e9 | fbff ffff 

  0x000001d850c6d244: ;   {static_stub}
  0x000001d850c6d244: 9048 bb00 | 0000 0000 

  0x000001d850c6d24c: ;   {runtime_call}
  0x000001d850c6d24c: 0000 00e9 | fbff ffff 

  0x000001d850c6d254: ;   {static_stub}
  0x000001d850c6d254: 9048 bb00 | 0000 0000 

  0x000001d850c6d25c: ;   {runtime_call}
  0x000001d850c6d25c: 0000 00e9 | fbff ffff 

  0x000001d850c6d264: ;   {static_stub}
  0x000001d850c6d264: 9048 bbf8 | 6c43 00d8 

  0x000001d850c6d26c: ;   {runtime_call I2C/C2I adapters}
  0x000001d850c6d26c: 0100 00e9 | e9a2 e2ff 

  0x000001d850c6d274: ;   {static_stub}
  0x000001d850c6d274: 9048 bb00 | 0000 0000 

  0x000001d850c6d27c: ;   {runtime_call}
  0x000001d850c6d27c: 0000 00e9 | fbff ffff 
[Exception Handler]
  0x000001d850c6d284: ;   {runtime_call handle_exception_from_callee Runtime1 stub}
  0x000001d850c6d284: e877 a7ec 

  0x000001d850c6d288: ;   {external_word}
  0x000001d850c6d288: ff48 b900 | ea6c cdfc | 7f00 0048 

  0x000001d850c6d294: ;   {runtime_call}
  0x000001d850c6d294: 83e4 f049 | ba40 9635 | cdfc 7f00 | 0041 ffd2 

  0x000001d850c6d2a4: ;   {section_word}
  0x000001d850c6d2a4: f449 baa5 | d2c6 50d8 | 0100 0041 

  0x000001d850c6d2b0: ;   {runtime_call DeoptimizationBlob}
  0x000001d850c6d2b0: 52e9 6ad1 | e2ff f4f4 
[/MachCode]


---------------  P R O C E S S  ---------------

Threads class SMR info:
_java_thread_list=0x000001d85b208810, length=12, elements={
0x000001d848ee0120, 0x000001d85afc9ec0, 0x000001d85afca5a0, 0x000001d85afe8680,
0x000001d85afe8b60, 0x000001d85afe9040, 0x000001d85afea530, 0x000001d85afed1d0,
0x000001d85affa460, 0x000001d85b1ec190, 0x000001d85b236340, 0x000001d85b239ca0
}

Java Threads: ( => current thread )
=>0x000001d848ee0120 JavaThread "main" [_thread_in_vm, id=1456, stack(0x0000007941000000,0x0000007941100000)]
  0x000001d85afc9ec0 JavaThread "Reference Handler" daemon [_thread_blocked, id=8048, stack(0x0000007941700000,0x0000007941800000)]
  0x000001d85afca5a0 JavaThread "Finalizer" daemon [_thread_blocked, id=16316, stack(0x0000007941800000,0x0000007941900000)]
  0x000001d85afe8680 JavaThread "Signal Dispatcher" daemon [_thread_blocked, id=8616, stack(0x0000007941900000,0x0000007941a00000)]
  0x000001d85afe8b60 JavaThread "Attach Listener" daemon [_thread_blocked, id=12244, stack(0x0000007941a00000,0x0000007941b00000)]
  0x000001d85afe9040 JavaThread "Service Thread" daemon [_thread_blocked, id=20924, stack(0x0000007941b00000,0x0000007941c00000)]
  0x000001d85afea530 JavaThread "Monitor Deflation Thread" daemon [_thread_blocked, id=20896, stack(0x0000007941c00000,0x0000007941d00000)]
  0x000001d85afed1d0 JavaThread "C1 CompilerThread0" daemon [_thread_blocked, id=20748, stack(0x0000007941d00000,0x0000007941e00000)]
  0x000001d85affa460 JavaThread "Sweeper thread" daemon [_thread_blocked, id=1968, stack(0x0000007941e00000,0x0000007941f00000)]
  0x000001d85b1ec190 JavaThread "C1 CompilerThread1" daemon [_thread_blocked, id=17292, stack(0x0000007941f00000,0x0000007942000000)]
  0x000001d85b236340 JavaThread "Notification Thread" daemon [_thread_blocked, id=20148, stack(0x0000007942000000,0x0000007942100000)]
  0x000001d85b239ca0 JavaThread "Common-Cleaner" daemon [_thread_blocked, id=17592, stack(0x0000007942200000,0x0000007942300000)]

Other Threads:
  0x000001d85afc5a70 VMThread "VM Thread" [stack: 0x0000007941600000,0x0000007941700000] [id=17556]
  0x000001d85b238830 WatcherThread [stack: 0x0000007942100000,0x0000007942200000] [id=21004]
  0x000001d848f464d0 GCTaskThread "GC Thread#0" [stack: 0x0000007941100000,0x0000007941200000] [id=9824]
  0x000001d85ba4c540 GCTaskThread "GC Thread#1" [stack: 0x0000007942300000,0x0000007942400000] [id=21244]
  0x000001d85ba4c800 GCTaskThread "GC Thread#2" [stack: 0x0000007942400000,0x0000007942500000] [id=14080]
  0x000001d85ba138d0 GCTaskThread "GC Thread#3" [stack: 0x0000007942500000,0x0000007942600000] [id=13260]
  0x000001d85ba85850 GCTaskThread "GC Thread#4" [stack: 0x0000007942600000,0x0000007942700000] [id=20580]
  0x000001d848f56cf0 ConcurrentGCThread "G1 Main Marker" [stack: 0x0000007941200000,0x0000007941300000] [id=11840]
  0x000001d848f582f0 ConcurrentGCThread "G1 Conc#0" [stack: 0x0000007941300000,0x0000007941400000] [id=20488]
  0x000001d85ae764f0 ConcurrentGCThread "G1 Refine#0" [stack: 0x0000007941400000,0x0000007941500000] [id=20904]
  0x000001d85ae77ce0 ConcurrentGCThread "G1 Service" [stack: 0x0000007941500000,0x0000007941600000] [id=18124]

Threads with active compile tasks:

VM state: not at safepoint (normal execution)

VM Mutex/Monitor currently owned by a thread:  ([mutex/lock_event])
[0x000001d848edaf50] Metaspace_lock - owner thread: 0x000001d848ee0120

OutOfMemory and StackOverflow Exception counts:
OutOfMemoryError java_heap_errors=1
LinkageErrors=34

Heap address: 0x0000000083200000, size: 1998 MB, Compressed Oops mode: 32-bit

CDS archive(s) mapped at: [0x000001d800000000-0x000001d800bb0000-0x000001d800bb0000), size 12255232, SharedBaseAddress: 0x000001d800000000, ArchiveRelocationMode: 1.
Compressed class space mapped at: 0x000001d801000000-0x000001d841000000, reserved size: 1073741824
Narrow klass base: 0x000001d800000000, Narrow klass shift: 0, Narrow klass range: 0x100000000

GC Precious Log:
 CPUs: 8 total, 8 available
 Memory: 7991M
 Large Page Support: Disabled
 NUMA Support: Disabled
 Compressed Oops: Enabled (32-bit)
 Heap Region Size: 1M
 Heap Min Capacity: 8M
 Heap Initial Capacity: 126M
 Heap Max Capacity: 1998M
 Pre-touch: Disabled
 Parallel Workers: 8
 Concurrent Workers: 2
 Concurrent Refinement Workers: 8
 Periodic GC: Disabled

Heap:
 garbage-first heap   total 129024K, used 11371K [0x0000000083200000, 0x0000000100000000)
  region size 1024K, 8 young (8192K), 3 survivors (3072K)
 Metaspace       used 6027K, committed 6208K, reserved 1114112K
  class space    used 851K, committed 960K, reserved 1048576K

Heap Regions: E=young(eden), S=young(survivor), O=old, HS=humongous(starts), HC=humongous(continues), CS=collection set, F=free, OA=open archive, CA=closed archive, TAMS=top-at-mark-start (previous, next)
|   0|0x0000000083200000, 0x0000000083300000, 0x0000000083300000|100%|HS|  |TAMS 0x0000000083200000, 0x0000000083200000| Complete 
|   1|0x0000000083300000, 0x0000000083400000, 0x0000000083400000|100%| O|  |TAMS 0x0000000083300000, 0x0000000083300000| Untracked 
|   2|0x0000000083400000, 0x0000000083500000, 0x0000000083500000|100%| O|  |TAMS 0x0000000083400000, 0x0000000083400000| Untracked 
|   3|0x0000000083500000, 0x0000000083600000, 0x0000000083600000|100%| O|  |TAMS 0x0000000083500000, 0x0000000083500000| Untracked 
|   4|0x0000000083600000, 0x000000008361ac00, 0x0000000083700000| 10%| O|  |TAMS 0x0000000083600000, 0x0000000083600000| Untracked 
|   5|0x0000000083700000, 0x0000000083700000, 0x0000000083800000|  0%| F|  |TAMS 0x0000000083700000, 0x0000000083700000| Untracked 
|   6|0x0000000083800000, 0x0000000083800000, 0x0000000083900000|  0%| F|  |TAMS 0x0000000083800000, 0x0000000083800000| Untracked 
|   7|0x0000000083900000, 0x0000000083900000, 0x0000000083a00000|  0%| F|  |TAMS 0x0000000083900000, 0x0000000083900000| Untracked 
|   8|0x0000000083a00000, 0x0000000083a00000, 0x0000000083b00000|  0%| F|  |TAMS 0x0000000083a00000, 0x0000000083a00000| Untracked 
|   9|0x0000000083b00000, 0x0000000083b00000, 0x0000000083c00000|  0%| F|  |TAMS 0x0000000083b00000, 0x0000000083b00000| Untracked 
|  10|0x0000000083c00000, 0x0000000083c00000, 0x0000000083d00000|  0%| F|  |TAMS 0x0000000083c00000, 0x0000000083c00000| Untracked 
|  11|0x0000000083d00000, 0x0000000083d00000, 0x0000000083e00000|  0%| F|  |TAMS 0x0000000083d00000, 0x0000000083d00000| Untracked 
|  12|0x0000000083e00000, 0x0000000083e00000, 0x0000000083f00000|  0%| F|  |TAMS 0x0000000083e00000, 0x0000000083e00000| Untracked 
|  13|0x0000000083f00000, 0x0000000083f00000, 0x0000000084000000|  0%| F|  |TAMS 0x0000000083f00000, 0x0000000083f00000| Untracked 
|  14|0x0000000084000000, 0x0000000084000000, 0x0000000084100000|  0%| F|  |TAMS 0x0000000084000000, 0x0000000084000000| Untracked 
|  15|0x0000000084100000, 0x0000000084100000, 0x0000000084200000|  0%| F|  |TAMS 0x0000000084100000, 0x0000000084100000| Untracked 
|  16|0x0000000084200000, 0x0000000084200000, 0x0000000084300000|  0%| F|  |TAMS 0x0000000084200000, 0x0000000084200000| Untracked 
|  17|0x0000000084300000, 0x0000000084300000, 0x0000000084400000|  0%| F|  |TAMS 0x0000000084300000, 0x0000000084300000| Untracked 
|  18|0x0000000084400000, 0x0000000084400000, 0x0000000084500000|  0%| F|  |TAMS 0x0000000084400000, 0x0000000084400000| Untracked 
|  19|0x0000000084500000, 0x0000000084500000, 0x0000000084600000|  0%| F|  |TAMS 0x0000000084500000, 0x0000000084500000| Untracked 
|  20|0x0000000084600000, 0x0000000084600000, 0x0000000084700000|  0%| F|  |TAMS 0x0000000084600000, 0x0000000084600000| Untracked 
|  21|0x0000000084700000, 0x0000000084700000, 0x0000000084800000|  0%| F|  |TAMS 0x0000000084700000, 0x0000000084700000| Untracked 
|  22|0x0000000084800000, 0x0000000084800000, 0x0000000084900000|  0%| F|  |TAMS 0x0000000084800000, 0x0000000084800000| Untracked 
|  23|0x0000000084900000, 0x0000000084900000, 0x0000000084a00000|  0%| F|  |TAMS 0x0000000084900000, 0x0000000084900000| Untracked 
|  24|0x0000000084a00000, 0x0000000084a00000, 0x0000000084b00000|  0%| F|  |TAMS 0x0000000084a00000, 0x0000000084a00000| Untracked 
|  25|0x0000000084b00000, 0x0000000084b00000, 0x0000000084c00000|  0%| F|  |TAMS 0x0000000084b00000, 0x0000000084b00000| Untracked 
|  26|0x0000000084c00000, 0x0000000084c00000, 0x0000000084d00000|  0%| F|  |TAMS 0x0000000084c00000, 0x0000000084c00000| Untracked 
|  27|0x0000000084d00000, 0x0000000084d00000, 0x0000000084e00000|  0%| F|  |TAMS 0x0000000084d00000, 0x0000000084d00000| Untracked 
|  28|0x0000000084e00000, 0x0000000084e00000, 0x0000000084f00000|  0%| F|  |TAMS 0x0000000084e00000, 0x0000000084e00000| Untracked 
|  29|0x0000000084f00000, 0x0000000084f00000, 0x0000000085000000|  0%| F|  |TAMS 0x0000000084f00000, 0x0000000084f00000| Untracked 
|  30|0x0000000085000000, 0x0000000085000000, 0x0000000085100000|  0%| F|  |TAMS 0x0000000085000000, 0x0000000085000000| Untracked 
|  31|0x0000000085100000, 0x0000000085100000, 0x0000000085200000|  0%| F|  |TAMS 0x0000000085100000, 0x0000000085100000| Untracked 
|  32|0x0000000085200000, 0x0000000085200000, 0x0000000085300000|  0%| F|  |TAMS 0x0000000085200000, 0x0000000085200000| Untracked 
|  33|0x0000000085300000, 0x0000000085300000, 0x0000000085400000|  0%| F|  |TAMS 0x0000000085300000, 0x0000000085300000| Untracked 
|  34|0x0000000085400000, 0x0000000085400000, 0x0000000085500000|  0%| F|  |TAMS 0x0000000085400000, 0x0000000085400000| Untracked 
|  35|0x0000000085500000, 0x0000000085500000, 0x0000000085600000|  0%| F|  |TAMS 0x0000000085500000, 0x0000000085500000| Untracked 
|  36|0x0000000085600000, 0x0000000085600000, 0x0000000085700000|  0%| F|  |TAMS 0x0000000085600000, 0x0000000085600000| Untracked 
|  37|0x0000000085700000, 0x0000000085700000, 0x0000000085800000|  0%| F|  |TAMS 0x0000000085700000, 0x0000000085700000| Untracked 
|  38|0x0000000085800000, 0x0000000085800000, 0x0000000085900000|  0%| F|  |TAMS 0x0000000085800000, 0x0000000085800000| Untracked 
|  39|0x0000000085900000, 0x0000000085900000, 0x0000000085a00000|  0%| F|  |TAMS 0x0000000085900000, 0x0000000085900000| Untracked 
|  40|0x0000000085a00000, 0x0000000085a00000, 0x0000000085b00000|  0%| F|  |TAMS 0x0000000085a00000, 0x0000000085a00000| Untracked 
|  41|0x0000000085b00000, 0x0000000085b00000, 0x0000000085c00000|  0%| F|  |TAMS 0x0000000085b00000, 0x0000000085b00000| Untracked 
|  42|0x0000000085c00000, 0x0000000085c00000, 0x0000000085d00000|  0%| F|  |TAMS 0x0000000085c00000, 0x0000000085c00000| Untracked 
|  43|0x0000000085d00000, 0x0000000085d00000, 0x0000000085e00000|  0%| F|  |TAMS 0x0000000085d00000, 0x0000000085d00000| Untracked 
|  44|0x0000000085e00000, 0x0000000085e00000, 0x0000000085f00000|  0%| F|  |TAMS 0x0000000085e00000, 0x0000000085e00000| Untracked 
|  45|0x0000000085f00000, 0x0000000085f00000, 0x0000000086000000|  0%| F|  |TAMS 0x0000000085f00000, 0x0000000085f00000| Untracked 
|  46|0x0000000086000000, 0x0000000086000000, 0x0000000086100000|  0%| F|  |TAMS 0x0000000086000000, 0x0000000086000000| Untracked 
|  47|0x0000000086100000, 0x0000000086100000, 0x0000000086200000|  0%| F|  |TAMS 0x0000000086100000, 0x0000000086100000| Untracked 
|  48|0x0000000086200000, 0x0000000086200000, 0x0000000086300000|  0%| F|  |TAMS 0x0000000086200000, 0x0000000086200000| Untracked 
|  49|0x0000000086300000, 0x0000000086300000, 0x0000000086400000|  0%| F|  |TAMS 0x0000000086300000, 0x0000000086300000| Untracked 
|  50|0x0000000086400000, 0x0000000086400000, 0x0000000086500000|  0%| F|  |TAMS 0x0000000086400000, 0x0000000086400000| Untracked 
|  51|0x0000000086500000, 0x0000000086500000, 0x0000000086600000|  0%| F|  |TAMS 0x0000000086500000, 0x0000000086500000| Untracked 
|  52|0x0000000086600000, 0x0000000086600000, 0x0000000086700000|  0%| F|  |TAMS 0x0000000086600000, 0x0000000086600000| Untracked 
|  53|0x0000000086700000, 0x0000000086700000, 0x0000000086800000|  0%| F|  |TAMS 0x0000000086700000, 0x0000000086700000| Untracked 
|  54|0x0000000086800000, 0x0000000086800000, 0x0000000086900000|  0%| F|  |TAMS 0x0000000086800000, 0x0000000086800000| Untracked 
|  55|0x0000000086900000, 0x0000000086900000, 0x0000000086a00000|  0%| F|  |TAMS 0x0000000086900000, 0x0000000086900000| Untracked 
|  56|0x0000000086a00000, 0x0000000086a00000, 0x0000000086b00000|  0%| F|  |TAMS 0x0000000086a00000, 0x0000000086a00000| Untracked 
|  57|0x0000000086b00000, 0x0000000086b00000, 0x0000000086c00000|  0%| F|  |TAMS 0x0000000086b00000, 0x0000000086b00000| Untracked 
|  58|0x0000000086c00000, 0x0000000086c00000, 0x0000000086d00000|  0%| F|  |TAMS 0x0000000086c00000, 0x0000000086c00000| Untracked 
|  59|0x0000000086d00000, 0x0000000086d00000, 0x0000000086e00000|  0%| F|  |TAMS 0x0000000086d00000, 0x0000000086d00000| Untracked 
|  60|0x0000000086e00000, 0x0000000086e00000, 0x0000000086f00000|  0%| F|  |TAMS 0x0000000086e00000, 0x0000000086e00000| Untracked 
|  61|0x0000000086f00000, 0x0000000086f00000, 0x0000000087000000|  0%| F|  |TAMS 0x0000000086f00000, 0x0000000086f00000| Untracked 
|  62|0x0000000087000000, 0x0000000087000000, 0x0000000087100000|  0%| F|  |TAMS 0x0000000087000000, 0x0000000087000000| Untracked 
|  63|0x0000000087100000, 0x0000000087100000, 0x0000000087200000|  0%| F|  |TAMS 0x0000000087100000, 0x0000000087100000| Untracked 
|  64|0x0000000087200000, 0x0000000087200000, 0x0000000087300000|  0%| F|  |TAMS 0x0000000087200000, 0x0000000087200000| Untracked 
|  65|0x0000000087300000, 0x0000000087300000, 0x0000000087400000|  0%| F|  |TAMS 0x0000000087300000, 0x0000000087300000| Untracked 
|  66|0x0000000087400000, 0x0000000087400000, 0x0000000087500000|  0%| F|  |TAMS 0x0000000087400000, 0x0000000087400000| Untracked 
|  67|0x0000000087500000, 0x0000000087500000, 0x0000000087600000|  0%| F|  |TAMS 0x0000000087500000, 0x0000000087500000| Untracked 
|  68|0x0000000087600000, 0x0000000087600000, 0x0000000087700000|  0%| F|  |TAMS 0x0000000087600000, 0x0000000087600000| Untracked 
|  69|0x0000000087700000, 0x0000000087700000, 0x0000000087800000|  0%| F|  |TAMS 0x0000000087700000, 0x0000000087700000| Untracked 
|  70|0x0000000087800000, 0x0000000087800000, 0x0000000087900000|  0%| F|  |TAMS 0x0000000087800000, 0x0000000087800000| Untracked 
|  71|0x0000000087900000, 0x0000000087900000, 0x0000000087a00000|  0%| F|  |TAMS 0x0000000087900000, 0x0000000087900000| Untracked 
|  72|0x0000000087a00000, 0x0000000087a00000, 0x0000000087b00000|  0%| F|  |TAMS 0x0000000087a00000, 0x0000000087a00000| Untracked 
|  73|0x0000000087b00000, 0x0000000087b00000, 0x0000000087c00000|  0%| F|  |TAMS 0x0000000087b00000, 0x0000000087b00000| Untracked 
|  74|0x0000000087c00000, 0x0000000087c00000, 0x0000000087d00000|  0%| F|  |TAMS 0x0000000087c00000, 0x0000000087c00000| Untracked 
|  75|0x0000000087d00000, 0x0000000087d00000, 0x0000000087e00000|  0%| F|  |TAMS 0x0000000087d00000, 0x0000000087d00000| Untracked 
|  76|0x0000000087e00000, 0x0000000087e00000, 0x0000000087f00000|  0%| F|  |TAMS 0x0000000087e00000, 0x0000000087e00000| Untracked 
|  77|0x0000000087f00000, 0x0000000087f00000, 0x0000000088000000|  0%| F|  |TAMS 0x0000000087f00000, 0x0000000087f00000| Untracked 
|  78|0x0000000088000000, 0x0000000088000000, 0x0000000088100000|  0%| F|  |TAMS 0x0000000088000000, 0x0000000088000000| Untracked 
|  79|0x0000000088100000, 0x0000000088100000, 0x0000000088200000|  0%| F|  |TAMS 0x0000000088100000, 0x0000000088100000| Untracked 
|  80|0x0000000088200000, 0x0000000088200000, 0x0000000088300000|  0%| F|  |TAMS 0x0000000088200000, 0x0000000088200000| Untracked 
|  81|0x0000000088300000, 0x0000000088300000, 0x0000000088400000|  0%| F|  |TAMS 0x0000000088300000, 0x0000000088300000| Untracked 
|  82|0x0000000088400000, 0x0000000088400000, 0x0000000088500000|  0%| F|  |TAMS 0x0000000088400000, 0x0000000088400000| Untracked 
|  83|0x0000000088500000, 0x0000000088500000, 0x0000000088600000|  0%| F|  |TAMS 0x0000000088500000, 0x0000000088500000| Untracked 
|  84|0x0000000088600000, 0x0000000088600000, 0x0000000088700000|  0%| F|  |TAMS 0x0000000088600000, 0x0000000088600000| Untracked 
|  85|0x0000000088700000, 0x0000000088700000, 0x0000000088800000|  0%| F|  |TAMS 0x0000000088700000, 0x0000000088700000| Untracked 
|  86|0x0000000088800000, 0x0000000088800000, 0x0000000088900000|  0%| F|  |TAMS 0x0000000088800000, 0x0000000088800000| Untracked 
|  87|0x0000000088900000, 0x0000000088900000, 0x0000000088a00000|  0%| F|  |TAMS 0x0000000088900000, 0x0000000088900000| Untracked 
|  88|0x0000000088a00000, 0x0000000088a00000, 0x0000000088b00000|  0%| F|  |TAMS 0x0000000088a00000, 0x0000000088a00000| Untracked 
|  89|0x0000000088b00000, 0x0000000088b00000, 0x0000000088c00000|  0%| F|  |TAMS 0x0000000088b00000, 0x0000000088b00000| Untracked 
|  90|0x0000000088c00000, 0x0000000088c00000, 0x0000000088d00000|  0%| F|  |TAMS 0x0000000088c00000, 0x0000000088c00000| Untracked 
|  91|0x0000000088d00000, 0x0000000088d00000, 0x0000000088e00000|  0%| F|  |TAMS 0x0000000088d00000, 0x0000000088d00000| Untracked 
|  92|0x0000000088e00000, 0x0000000088e00000, 0x0000000088f00000|  0%| F|  |TAMS 0x0000000088e00000, 0x0000000088e00000| Untracked 
|  93|0x0000000088f00000, 0x0000000088f00000, 0x0000000089000000|  0%| F|  |TAMS 0x0000000088f00000, 0x0000000088f00000| Untracked 
|  94|0x0000000089000000, 0x0000000089000000, 0x0000000089100000|  0%| F|  |TAMS 0x0000000089000000, 0x0000000089000000| Untracked 
|  95|0x0000000089100000, 0x0000000089100000, 0x0000000089200000|  0%| F|  |TAMS 0x0000000089100000, 0x0000000089100000| Untracked 
|  96|0x0000000089200000, 0x0000000089200000, 0x0000000089300000|  0%| F|  |TAMS 0x0000000089200000, 0x0000000089200000| Untracked 
|  97|0x0000000089300000, 0x0000000089300000, 0x0000000089400000|  0%| F|  |TAMS 0x0000000089300000, 0x0000000089300000| Untracked 
|  98|0x0000000089400000, 0x0000000089400000, 0x0000000089500000|  0%| F|  |TAMS 0x0000000089400000, 0x0000000089400000| Untracked 
|  99|0x0000000089500000, 0x0000000089500000, 0x0000000089600000|  0%| F|  |TAMS 0x0000000089500000, 0x0000000089500000| Untracked 
| 100|0x0000000089600000, 0x0000000089700000, 0x0000000089700000|100%| S|CS|TAMS 0x0000000089600000, 0x0000000089600000| Complete 
| 101|0x0000000089700000, 0x0000000089800000, 0x0000000089800000|100%| S|CS|TAMS 0x0000000089700000, 0x0000000089700000| Complete 
| 102|0x0000000089800000, 0x0000000089900000, 0x0000000089900000|100%| S|CS|TAMS 0x0000000089800000, 0x0000000089800000| Complete 
| 103|0x0000000089900000, 0x0000000089900000, 0x0000000089a00000|  0%| F|  |TAMS 0x0000000089900000, 0x0000000089900000| Untracked 
| 104|0x0000000089a00000, 0x0000000089a00000, 0x0000000089b00000|  0%| F|  |TAMS 0x0000000089a00000, 0x0000000089a00000| Untracked 
| 105|0x0000000089b00000, 0x0000000089b00000, 0x0000000089c00000|  0%| F|  |TAMS 0x0000000089b00000, 0x0000000089b00000| Untracked 
| 106|0x0000000089c00000, 0x0000000089c00000, 0x0000000089d00000|  0%| F|  |TAMS 0x0000000089c00000, 0x0000000089c00000| Untracked 
| 107|0x0000000089d00000, 0x0000000089d00000, 0x0000000089e00000|  0%| F|  |TAMS 0x0000000089d00000, 0x0000000089d00000| Untracked 
| 108|0x0000000089e00000, 0x0000000089e00000, 0x0000000089f00000|  0%| F|  |TAMS 0x0000000089e00000, 0x0000000089e00000| Untracked 
| 109|0x0000000089f00000, 0x0000000089f00000, 0x000000008a000000|  0%| F|  |TAMS 0x0000000089f00000, 0x0000000089f00000| Untracked 
| 110|0x000000008a000000, 0x000000008a000000, 0x000000008a100000|  0%| F|  |TAMS 0x000000008a000000, 0x000000008a000000| Untracked 
| 111|0x000000008a100000, 0x000000008a100000, 0x000000008a200000|  0%| F|  |TAMS 0x000000008a100000, 0x000000008a100000| Untracked 
| 112|0x000000008a200000, 0x000000008a200000, 0x000000008a300000|  0%| F|  |TAMS 0x000000008a200000, 0x000000008a200000| Untracked 
| 113|0x000000008a300000, 0x000000008a300000, 0x000000008a400000|  0%| F|  |TAMS 0x000000008a300000, 0x000000008a300000| Untracked 
| 114|0x000000008a400000, 0x000000008a400000, 0x000000008a500000|  0%| F|  |TAMS 0x000000008a400000, 0x000000008a400000| Untracked 
| 115|0x000000008a500000, 0x000000008a500000, 0x000000008a600000|  0%| F|  |TAMS 0x000000008a500000, 0x000000008a500000| Untracked 
| 116|0x000000008a600000, 0x000000008a600000, 0x000000008a700000|  0%| F|  |TAMS 0x000000008a600000, 0x000000008a600000| Untracked 
| 117|0x000000008a700000, 0x000000008a700000, 0x000000008a800000|  0%| F|  |TAMS 0x000000008a700000, 0x000000008a700000| Untracked 
| 118|0x000000008a800000, 0x000000008a800000, 0x000000008a900000|  0%| F|  |TAMS 0x000000008a800000, 0x000000008a800000| Untracked 
| 119|0x000000008a900000, 0x000000008a900000, 0x000000008aa00000|  0%| F|  |TAMS 0x000000008a900000, 0x000000008a900000| Untracked 
| 120|0x000000008aa00000, 0x000000008aa00000, 0x000000008ab00000|  0%| F|  |TAMS 0x000000008aa00000, 0x000000008aa00000| Untracked 
| 121|0x000000008ab00000, 0x000000008ac00000, 0x000000008ac00000|100%| E|  |TAMS 0x000000008ab00000, 0x000000008ab00000| Complete 
| 122|0x000000008ac00000, 0x000000008ad00000, 0x000000008ad00000|100%| E|CS|TAMS 0x000000008ac00000, 0x000000008ac00000| Complete 
| 123|0x000000008ad00000, 0x000000008ae00000, 0x000000008ae00000|100%| E|CS|TAMS 0x000000008ad00000, 0x000000008ad00000| Complete 
| 124|0x000000008ae00000, 0x000000008af00000, 0x000000008af00000|100%| E|CS|TAMS 0x000000008ae00000, 0x000000008ae00000| Complete 
| 125|0x000000008af00000, 0x000000008b000000, 0x000000008b000000|100%| E|CS|TAMS 0x000000008af00000, 0x000000008af00000| Complete 

Card table byte_map: [0x000001d853f50000,0x000001d854340000] _byte_map_base: 0x000001d853b37000

Marking Bits (Prev, Next): (CMBitMap*) 0x000001d848f46a00, (CMBitMap*) 0x000001d848f46a40
 Prev Bits: [0x000001d854730000, 0x000001d856668000)
 Next Bits: [0x000001d856670000, 0x000001d8585a8000)

Polling page: 0x000001d847030000

Metaspace:

Usage:
  Non-class:      5.06 MB used.
      Class:    851.37 KB used.
       Both:      5.89 MB used.

Virtual space:
  Non-class space:       64.00 MB reserved,       5.12 MB (  8%) committed,  1 nodes.
      Class space:        1.00 GB reserved,     960.00 KB ( <1%) committed,  1 nodes.
             Both:        1.06 GB reserved,       6.06 MB ( <1%) committed. 

Chunk freelists:
   Non-Class:  8.70 MB
       Class:  15.01 MB
        Both:  23.71 MB

MaxMetaspaceSize: unlimited
CompressedClassSpaceSize: 1.00 GB
Initial GC threshold: 21.00 MB
Current GC threshold: 21.00 MB
CDS: on
MetaspaceReclaimPolicy: balanced
 - commit_granule_bytes: 65536.
 - commit_granule_words: 8192.
 - virtual_space_node_default_size: 8388608.
 - enlarge_chunks_in_place: 1.
 - new_chunks_are_fully_committed: 0.
 - uncommit_free_chunks: 1.
 - use_allocation_guard: 0.
 - handle_deallocations: 1.


Internal statistics:

num_allocs_failed_limit: 0.
num_arena_births: 166.
num_arena_deaths: 0.
num_vsnodes_births: 2.
num_vsnodes_deaths: 0.
num_space_committed: 97.
num_space_uncommitted: 0.
num_chunks_returned_to_freelist: 0.
num_chunks_taken_from_freelist: 384.
num_chunk_merges: 0.
num_chunk_splits: 232.
num_chunks_enlarged: 163.
num_inconsistent_stats: 0.

CodeCache: size=49152Kb used=3644Kb max_used=3644Kb free=45507Kb
 bounds [0x000001d850a40000, 0x000001d850dd0000, 0x000001d853a40000]
 total_blobs=1780 nmethods=1357 adapters=350
 compilation: enabled
              stopped_count=0, restarted_count=0
 full_count=0

Compilation events (20 events):
Event: 0.873 Thread 0x000001d85b1ec190 1348       1       java.util.Collections$SingletonList::iterator (8 bytes)
Event: 0.873 Thread 0x000001d85afed1d0 1349       1       java.util.HashMap::tableSizeFor (32 bytes)
Event: 0.873 Thread 0x000001d85b1ec190 nmethod 1348 0x000001d850dca810 code [0x000001d850dca9a0, 0x000001d850dcab18]
Event: 0.873 Thread 0x000001d85b1ec190 1350       1       java.util.HashMap::<init> (98 bytes)
Event: 0.873 Thread 0x000001d85afed1d0 nmethod 1349 0x000001d850dcab90 code [0x000001d850dcad40, 0x000001d850dcae88]
Event: 0.874 Thread 0x000001d85afed1d0 1351       1       java.util.stream.SpinedBuffer::ensureCapacity (138 bytes)
Event: 0.874 Thread 0x000001d85b1ec190 nmethod 1350 0x000001d850dcaf10 code [0x000001d850dcb180, 0x000001d850dcb908]
Event: 0.874 Thread 0x000001d85b1ec190 1353       1       org.springframework.boot.context.properties.source.ConfigurationPropertyName$Elements::newResolved (32 bytes)
Event: 0.874 Thread 0x000001d85b1ec190 nmethod 1353 0x000001d850dcbc10 code [0x000001d850dcbdc0, 0x000001d850dcbfe8]
Event: 0.874 Thread 0x000001d85b1ec190 1352       1       org.springframework.util.Assert::state (14 bytes)
Event: 0.874 Thread 0x000001d85b1ec190 nmethod 1352 0x000001d850dcc090 code [0x000001d850dcc240, 0x000001d850dcc388]
Event: 0.874 Thread 0x000001d85afed1d0 nmethod 1351 0x000001d850dcc490 code [0x000001d850dcc6a0, 0x000001d850dcd028]
Event: 0.874 Thread 0x000001d85afed1d0 1354       1       org.springframework.boot.context.properties.source.SpringConfigurationPropertySources$SourcesIterator::fetchNext (139 bytes)
Event: 0.875 Thread 0x000001d85afed1d0 nmethod 1354 0x000001d850dcd410 code [0x000001d850dcd6a0, 0x000001d850dcdda8]
Event: 0.875 Thread 0x000001d85afed1d0 1355       1       java.util.concurrent.CopyOnWriteArrayList$COWIterator::next (32 bytes)
Event: 0.875 Thread 0x000001d85afed1d0 nmethod 1355 0x000001d850dce090 code [0x000001d850dce240, 0x000001d850dce3e8]
Event: 0.882 Thread 0x000001d85b1ec190 1356       1       java.util.ImmutableCollections$Set12::<init> (53 bytes)
Event: 0.883 Thread 0x000001d85b1ec190 nmethod 1356 0x000001d850dce510 code [0x000001d850dce740, 0x000001d850dced08]
Event: 0.883 Thread 0x000001d85b1ec190 1357       1       org.springframework.boot.context.properties.source.DefaultPropertyMapper$LastMapping::getMapping (5 bytes)
Event: 0.883 Thread 0x000001d85b1ec190 nmethod 1357 0x000001d850dcef90 code [0x000001d850dcf120, 0x000001d850dcf1f8]

GC Heap History (2 events):
Event: 0.733 GC heap before
{Heap before GC invocations=0 (full 0):
 garbage-first heap   total 129024K, used 23552K [0x0000000083200000, 0x0000000100000000)
  region size 1024K, 23 young (23552K), 0 survivors (0K)
 Metaspace       used 5405K, committed 5568K, reserved 1114112K
  class space    used 737K, committed 832K, reserved 1048576K
}
Event: 0.739 GC heap after
{Heap after GC invocations=1 (full 0):
 garbage-first heap   total 129024K, used 7275K [0x0000000083200000, 0x0000000100000000)
  region size 1024K, 3 young (3072K), 3 survivors (3072K)
 Metaspace       used 5405K, committed 5568K, reserved 1114112K
  class space    used 737K, committed 832K, reserved 1048576K
}

Dll operation events (6 events):
Event: 0.015 Loaded shared library C:\Program Files\Eclipse Adoptium\jdk-17.0.18.8-hotspot\bin\java.dll
Event: 0.042 Loaded shared library C:\Program Files\Eclipse Adoptium\jdk-17.0.18.8-hotspot\bin\jsvml.dll
Event: 0.135 Loaded shared library C:\Program Files\Eclipse Adoptium\jdk-17.0.18.8-hotspot\bin\net.dll
Event: 0.137 Loaded shared library C:\Program Files\Eclipse Adoptium\jdk-17.0.18.8-hotspot\bin\nio.dll
Event: 0.143 Loaded shared library C:\Program Files\Eclipse Adoptium\jdk-17.0.18.8-hotspot\bin\zip.dll
Event: 0.259 Loaded shared library C:\Program Files\Eclipse Adoptium\jdk-17.0.18.8-hotspot\bin\jimage.dll

Deoptimization events (0 events):
No events

Classes loaded (20 events):
Event: 0.788 Loading class java/io/LineNumberReader done
Event: 0.809 Loading class sun/net/ProgressMonitor
Event: 0.809 Loading class sun/net/ProgressMonitor done
Event: 0.809 Loading class sun/net/DefaultProgressMeteringPolicy
Event: 0.809 Loading class sun/net/ProgressMeteringPolicy
Event: 0.809 Loading class sun/net/ProgressMeteringPolicy done
Event: 0.809 Loading class sun/net/DefaultProgressMeteringPolicy done
Event: 0.809 Loading class sun/nio/cs/ISO_8859_1$Decoder
Event: 0.809 Loading class sun/nio/cs/ISO_8859_1$Decoder done
Event: 0.816 Loading class java/util/stream/MatchOps$1MatchSink
Event: 0.816 Loading class java/util/stream/MatchOps$1MatchSink done
Event: 0.823 Loading class sun/reflect/generics/scope/ConstructorScope
Event: 0.823 Loading class sun/reflect/generics/scope/ConstructorScope done
Event: 0.823 Loading class sun/reflect/generics/repository/ConstructorRepository
Event: 0.823 Loading class sun/reflect/generics/repository/ConstructorRepository done
Event: 0.823 Loading class sun/reflect/generics/tree/VoidDescriptor
Event: 0.823 Loading class sun/reflect/generics/tree/VoidDescriptor done
Event: 0.823 Loading class sun/reflect/generics/tree/MethodTypeSignature
Event: 0.823 Loading class sun/reflect/generics/tree/MethodTypeSignature done
Event: 0.884 Loading class java/nio/file/attribute/PosixFilePermission

Classes unloaded (0 events):
No events

Classes redefined (0 events):
No events

Internal exceptions (20 events):
Event: 0.717 Thread 0x000001d848ee0120 Exception <a 'java/lang/NoSuchMethodError'{0x0000000089932f58}: 'java.lang.Object java.lang.invoke.DirectMethodHandle$Holder.newInvokeSpecial(java.lang.Object, java.lang.Object, java.lang.Object, java.lang.Object, java.lang.Object, java.lang.Object, java.lang.Object)'> (0x0000000089932f58) 
thrown [s\src\hotspot\share\interpreter\linkResolver.cpp, line 759]
Event: 0.717 Thread 0x000001d848ee0120 Exception <a 'java/lang/NoSuchMethodError'{0x0000000089937bc0}: 'java.lang.Object java.lang.invoke.Invokers$Holder.linkToTargetMethod(java.lang.Object, java.lang.Object, java.lang.Object, java.lang.Object, java.lang.Object, java.lang.Object, java.lang.Object)'> (0x0000000089937bc0) 
thrown [s\src\hotspot\share\interpreter\linkResolver.cpp, line 759]
Event: 0.719 Thread 0x000001d848ee0120 Exception <a 'java/lang/NoSuchMethodError'{0x00000000899534f0}: 'void java.lang.invoke.DirectMethodHandle$Holder.invokeStatic(java.lang.Object, java.lang.Object)'> (0x00000000899534f0) 
thrown [s\src\hotspot\share\interpreter\linkResolver.cpp, line 759]
Event: 0.719 Thread 0x000001d848ee0120 Exception <a 'java/lang/NoSuchMethodError'{0x0000000089956cf0}: 'void java.lang.invoke.DirectMethodHandle$Holder.invokeStaticInit(java.lang.Object, java.lang.Object)'> (0x0000000089956cf0) 
thrown [s\src\hotspot\share\interpreter\linkResolver.cpp, line 759]
Event: 0.724 Thread 0x000001d848ee0120 Exception <a 'java/lang/NoSuchMethodError'{0x000000008999bdd8}: 'int java.lang.invoke.DirectMethodHandle$Holder.invokeStatic(java.lang.Object, java.lang.Object, java.lang.Object, java.lang.Object)'> (0x000000008999bdd8) 
thrown [s\src\hotspot\share\interpreter\linkResolver.cpp, line 759]
Event: 0.724 Thread 0x000001d848ee0120 Exception <a 'java/lang/NoSuchMethodError'{0x000000008999f758}: 'java.lang.Object java.lang.invoke.Invokers$Holder.invokeExact_MT(java.lang.Object, java.lang.Object, java.lang.Object, java.lang.Object, java.lang.Object, java.lang.Object)'> (0x000000008999f758) 
thrown [s\src\hotspot\share\interpreter\linkResolver.cpp, line 759]
Event: 0.747 Thread 0x000001d848ee0120 Exception <a 'java/lang/NoSuchMethodError'{0x000000008af08610}: 'java.lang.Object java.lang.invoke.DirectMethodHandle$Holder.invokeSpecial(java.lang.Object, java.lang.Object, java.lang.Object, java.lang.Object, java.lang.Object, java.lang.Object, int)'> (0x000000008af08610) 
thrown [s\src\hotspot\share\interpreter\linkResolver.cpp, line 759]
Event: 0.748 Thread 0x000001d848ee0120 Exception <a 'java/lang/NoSuchMethodError'{0x000000008af12b78}: 'java.lang.Object java.lang.invoke.DirectMethodHandle$Holder.newInvokeSpecial(java.lang.Object, java.lang.Object, java.lang.Object, java.lang.Object, java.lang.Object, java.lang.Object, int)'> (0x000000008af12b78) 
thrown [s\src\hotspot\share\interpreter\linkResolver.cpp, line 759]
Event: 0.748 Thread 0x000001d848ee0120 Exception <a 'java/lang/NoSuchMethodError'{0x000000008af17bb8}: 'java.lang.Object java.lang.invoke.DirectMethodHandle$Holder.invokeSpecial(java.lang.Object, java.lang.Object, java.lang.Object, java.lang.Object, java.lang.Object, java.lang.Object, java.lang.Object, int)'> (0x000000008af17bb8) 
thrown [s\src\hotspot\share\interpreter\linkResolver.cpp, line 759]
Event: 0.776 Thread 0x000001d848ee0120 Exception <a 'java/lang/NoSuchMethodError'{0x000000008ae57ac8}: 'int java.lang.invoke.DirectMethodHandle$Holder.invokeInterface(java.lang.Object, java.lang.Object)'> (0x000000008ae57ac8) 
thrown [s\src\hotspot\share\interpreter\linkResolver.cpp, line 759]
Event: 0.782 Thread 0x000001d848ee0120 Exception <a 'java/lang/NoSuchMethodError'{0x000000008ae7f1b0}: 'void java.lang.invoke.DirectMethodHandle$Holder.invokeSpecial(java.lang.Object, java.lang.Object, java.lang.Object, java.lang.Object, java.lang.Object)'> (0x000000008ae7f1b0) 
thrown [s\src\hotspot\share\interpreter\linkResolver.cpp, line 759]
Event: 0.810 Thread 0x000001d848ee0120 Exception <a 'java/lang/NoSuchMethodError'{0x000000008ad09390}: 'int java.lang.invoke.DirectMethodHandle$Holder.invokeVirtual(java.lang.Object, java.lang.Object)'> (0x000000008ad09390) 
thrown [s\src\hotspot\share\interpreter\linkResolver.cpp, line 759]
Event: 0.827 Thread 0x000001d848ee0120 Exception <a 'java/lang/NoSuchMethodError'{0x000000008adae3a0}: 'java.lang.Object java.lang.invoke.DirectMethodHandle$Holder.invokeSpecial(java.lang.Object, java.lang.Object, java.lang.Object, int, java.lang.Object)'> (0x000000008adae3a0) 
thrown [s\src\hotspot\share\interpreter\linkResolver.cpp, line 759]
Event: 0.827 Thread 0x000001d848ee0120 Exception <a 'java/lang/NoSuchMethodError'{0x000000008adb6a00}: 'java.lang.Object java.lang.invoke.DirectMethodHandle$Holder.newInvokeSpecial(java.lang.Object, java.lang.Object, java.lang.Object, int, java.lang.Object)'> (0x000000008adb6a00) 
thrown [s\src\hotspot\share\interpreter\linkResolver.cpp, line 759]
Event: 0.828 Thread 0x000001d848ee0120 Exception <a 'java/lang/NoSuchMethodError'{0x000000008adbe3d0}: 'java.lang.Object java.lang.invoke.Invokers$Holder.linkToTargetMethod(java.lang.Object, java.lang.Object, int, java.lang.Object, java.lang.Object)'> (0x000000008adbe3d0) 
thrown [s\src\hotspot\share\interpreter\linkResolver.cpp, line 759]
Event: 0.830 Thread 0x000001d848ee0120 Exception <a 'java/lang/NoSuchMethodError'{0x000000008adccfd0}: 'java.lang.Object java.lang.invoke.DirectMethodHandle$Holder.newInvokeSpecial(java.lang.Object, int, java.lang.Object)'> (0x000000008adccfd0) 
thrown [s\src\hotspot\share\interpreter\linkResolver.cpp, line 759]
Event: 0.830 Thread 0x000001d848ee0120 Exception <a 'java/lang/NoSuchMethodError'{0x000000008add1d38}: 'int java.lang.invoke.DirectMethodHandle$Holder.invokeSpecialIFC(java.lang.Object, java.lang.Object, java.lang.Object, java.lang.Object)'> (0x000000008add1d38) 
thrown [s\src\hotspot\share\interpreter\linkResolver.cpp, line 759]
Event: 0.855 Thread 0x000001d848ee0120 Exception <a 'java/lang/NoSuchMethodError'{0x000000008acda090}: 'void java.lang.invoke.DirectMethodHandle$Holder.invokeInterface(java.lang.Object, java.lang.Object, java.lang.Object)'> (0x000000008acda090) 
thrown [s\src\hotspot\share\interpreter\linkResolver.cpp, line 759]
Event: 0.879 Thread 0x000001d848ee0120 Exception <a 'java/lang/NoSuchMethodError'{0x000000008ab6e1b0}: 'void java.lang.invoke.DirectMethodHandle$Holder.invokeStaticInit(java.lang.Object, java.lang.Object, java.lang.Object)'> (0x000000008ab6e1b0) 
thrown [s\src\hotspot\share\interpreter\linkResolver.cpp, line 759]
Event: 0.881 Thread 0x000001d848ee0120 Exception <a 'java/lang/OutOfMemoryError'{0x000000008ab7d2a0}> (0x000000008ab7d2a0) 
thrown [s\src\hotspot\share\prims\jni.cpp, line 535]

VM Operations (12 events):
Event: 0.144 Executing VM operation: HandshakeAllThreads
Event: 0.144 Executing VM operation: HandshakeAllThreads done
Event: 0.276 Executing VM operation: HandshakeAllThreads
Event: 0.276 Executing VM operation: HandshakeAllThreads done
Event: 0.399 Executing VM operation: HandshakeAllThreads
Event: 0.399 Executing VM operation: HandshakeAllThreads done
Event: 0.604 Executing VM operation: HandshakeAllThreads
Event: 0.604 Executing VM operation: HandshakeAllThreads done
Event: 0.732 Executing VM operation: G1CollectForAllocation
Event: 0.739 Executing VM operation: G1CollectForAllocation done
Event: 0.788 Executing VM operation: HandshakeAllThreads
Event: 0.788 Executing VM operation: HandshakeAllThreads done

Memory protections (0 events):
No events

Nmethod flushes (0 events):
No events

Events (12 events):
Event: 0.042 Thread 0x000001d848ee0120 Thread added: 0x000001d848ee0120
Event: 0.046 Thread 0x000001d848ee0120 Thread added: 0x000001d85afc9ec0
Event: 0.046 Thread 0x000001d848ee0120 Thread added: 0x000001d85afca5a0
Event: 0.058 Thread 0x000001d848ee0120 Thread added: 0x000001d85afe8680
Event: 0.059 Thread 0x000001d848ee0120 Thread added: 0x000001d85afe8b60
Event: 0.059 Thread 0x000001d848ee0120 Thread added: 0x000001d85afe9040
Event: 0.059 Thread 0x000001d848ee0120 Thread added: 0x000001d85afea530
Event: 0.059 Thread 0x000001d848ee0120 Thread added: 0x000001d85afed1d0
Event: 0.059 Thread 0x000001d848ee0120 Thread added: 0x000001d85affa460
Event: 0.122 Thread 0x000001d85afed1d0 Thread added: 0x000001d85b1ec190
Event: 0.126 Thread 0x000001d848ee0120 Thread added: 0x000001d85b236340
Event: 0.129 Thread 0x000001d848ee0120 Thread added: 0x000001d85b239ca0


Dynamic libraries:
0x00007ff729600000 - 0x00007ff72960e000 	C:\Program Files\Eclipse Adoptium\jdk-17.0.18.8-hotspot\bin\java.exe
0x00007ffd739a0000 - 0x00007ffd73c07000 	C:\WINDOWS\SYSTEM32\ntdll.dll
0x00007ffd73010000 - 0x00007ffd730d9000 	C:\WINDOWS\System32\KERNEL32.DLL
0x00007ffd70900000 - 0x00007ffd70cf7000 	C:\WINDOWS\System32\KERNELBASE.dll
0x00007ffd703d0000 - 0x00007ffd7051b000 	C:\WINDOWS\System32\ucrtbase.dll
0x00007ffd5a660000 - 0x00007ffd5a678000 	C:\Program Files\Eclipse Adoptium\jdk-17.0.18.8-hotspot\bin\jli.dll
0x00007ffd5a680000 - 0x00007ffd5a69e000 	C:\Program Files\Eclipse Adoptium\jdk-17.0.18.8-hotspot\bin\VCRUNTIME140.dll
0x00007ffd717b0000 - 0x00007ffd71976000 	C:\WINDOWS\System32\USER32.dll
0x00007ffd4f610000 - 0x00007ffd4f8a2000 	C:\WINDOWS\WinSxS\amd64_microsoft.windows.common-controls_6595b64144ccf1df_6.0.26100.8457_none_3e0b2faee331e92d\COMCTL32.dll
0x00007ffd71570000 - 0x00007ffd71597000 	C:\WINDOWS\System32\win32u.dll
0x00007ffd71bd0000 - 0x00007ffd71c79000 	C:\WINDOWS\System32\msvcrt.dll
0x00007ffd736b0000 - 0x00007ffd736db000 	C:\WINDOWS\System32\GDI32.dll
0x00007ffd70520000 - 0x00007ffd7064c000 	C:\WINDOWS\System32\gdi32full.dll
0x00007ffd70850000 - 0x00007ffd708f3000 	C:\WINDOWS\System32\msvcp_win.dll
0x00007ffd71b90000 - 0x00007ffd71bc2000 	C:\WINDOWS\System32\IMM32.DLL
0x00007ffd5ac60000 - 0x00007ffd5ac6c000 	C:\Program Files\Eclipse Adoptium\jdk-17.0.18.8-hotspot\bin\vcruntime140_1.dll
0x00007ffd23850000 - 0x00007ffd238dd000 	C:\Program Files\Eclipse Adoptium\jdk-17.0.18.8-hotspot\bin\msvcp140.dll
0x00007ffcccda0000 - 0x00007ffccda0b000 	C:\Program Files\Eclipse Adoptium\jdk-17.0.18.8-hotspot\bin\server\jvm.dll
0x00007ffd73430000 - 0x00007ffd734e6000 	C:\WINDOWS\System32\ADVAPI32.dll
0x00007ffd71cf0000 - 0x00007ffd71d97000 	C:\WINDOWS\System32\sechost.dll
0x00007ffd71990000 - 0x00007ffd71aa8000 	C:\WINDOWS\System32\RPCRT4.dll
0x00007ffd71720000 - 0x00007ffd717a0000 	C:\WINDOWS\System32\WS2_32.dll
0x00007ffd70230000 - 0x00007ffd7028e000 	C:\WINDOWS\SYSTEM32\POWRPROF.dll
0x00007ffd589c0000 - 0x00007ffd589cb000 	C:\WINDOWS\SYSTEM32\VERSION.dll
0x00007ffd6e310000 - 0x00007ffd6e346000 	C:\WINDOWS\SYSTEM32\WINMM.dll
0x00007ffd70210000 - 0x00007ffd70224000 	C:\WINDOWS\SYSTEM32\UMPDC.dll
0x00007ffd6f160000 - 0x00007ffd6f17b000 	C:\WINDOWS\SYSTEM32\kernel.appcore.dll
0x00007ffd5a630000 - 0x00007ffd5a63a000 	C:\Program Files\Eclipse Adoptium\jdk-17.0.18.8-hotspot\bin\jimage.dll
0x00007ffd6e030000 - 0x00007ffd6e272000 	C:\WINDOWS\SYSTEM32\DBGHELP.DLL
0x00007ffd72500000 - 0x00007ffd72883000 	C:\WINDOWS\System32\combase.dll
0x00007ffd71ab0000 - 0x00007ffd71b89000 	C:\WINDOWS\System32\OLEAUT32.dll
0x00007ffd6e2d0000 - 0x00007ffd6e30b000 	C:\WINDOWS\SYSTEM32\dbgcore.DLL
0x00007ffd70650000 - 0x00007ffd706f8000 	C:\WINDOWS\System32\bcryptPrimitives.dll
0x00007ffd473b0000 - 0x00007ffd473d5000 	C:\Program Files\Eclipse Adoptium\jdk-17.0.18.8-hotspot\bin\java.dll
0x00007ffd10410000 - 0x00007ffd104e7000 	C:\Program Files\Eclipse Adoptium\jdk-17.0.18.8-hotspot\bin\jsvml.dll
0x00007ffd72890000 - 0x00007ffd72ffe000 	C:\WINDOWS\System32\SHELL32.dll
0x00007ffd70d00000 - 0x00007ffd7156c000 	C:\WINDOWS\System32\windows.storage.dll
0x00007ffd735b0000 - 0x00007ffd736a6000 	C:\WINDOWS\System32\SHCORE.dll
0x00007ffd73540000 - 0x00007ffd735a6000 	C:\WINDOWS\System32\shlwapi.dll
0x00007ffd702f0000 - 0x00007ffd70319000 	C:\WINDOWS\SYSTEM32\profapi.dll
0x00007ffd47390000 - 0x00007ffd473aa000 	C:\Program Files\Eclipse Adoptium\jdk-17.0.18.8-hotspot\bin\net.dll
0x00007ffd681a0000 - 0x00007ffd682c9000 	C:\WINDOWS\SYSTEM32\WINHTTP.dll
0x00007ffd6f6d0000 - 0x00007ffd6f73c000 	C:\WINDOWS\system32\mswsock.dll
0x00007ffd47370000 - 0x00007ffd47386000 	C:\Program Files\Eclipse Adoptium\jdk-17.0.18.8-hotspot\bin\nio.dll
0x00007ffd3d730000 - 0x00007ffd3d748000 	C:\Program Files\Eclipse Adoptium\jdk-17.0.18.8-hotspot\bin\zip.dll

dbghelp: loaded successfully - version: 4.0.5 - missing functions: none
symbol engine: initialized successfully - sym options: 0x614 - pdb path: .;C:\Program Files\Eclipse Adoptium\jdk-17.0.18.8-hotspot\bin;C:\WINDOWS\SYSTEM32;C:\WINDOWS\WinSxS\amd64_microsoft.windows.common-controls_6595b64144ccf1df_6.0.26100.8457_none_3e0b2faee331e92d;C:\Program Files\Eclipse Adoptium\jdk-17.0.18.8-hotspot\bin\server

VM Arguments:
jvm_args: -XX:TieredStopAtLevel=1 
java_command: com.spendsmart.income.IncomeServiceApplication
java_class_path (initial): D:\SpendSmart-Backend\income-service\target\classes;C:\Users\91706\.m2\repository\org\springframework\boot\spring-boot\3.3.5\spring-boot-3.3.5.jar;C:\Users\91706\.m2\repository\org\springframework\boot\spring-boot-autoconfigure\3.3.5\spring-boot-autoconfigure-3.3.5.jar;C:\Users\91706\.m2\repository\ch\qos\logback\logback-classic\1.5.11\logback-classic-1.5.11.jar;C:\Users\91706\.m2\repository\ch\qos\logback\logback-core\1.5.11\logback-core-1.5.11.jar;C:\Users\91706\.m2\repository\org\apache\logging\log4j\log4j-to-slf4j\2.23.1\log4j-to-slf4j-2.23.1.jar;C:\Users\91706\.m2\repository\org\apache\logging\log4j\log4j-api\2.23.1\log4j-api-2.23.1.jar;C:\Users\91706\.m2\repository\org\slf4j\jul-to-slf4j\2.0.16\jul-to-slf4j-2.0.16.jar;C:\Users\91706\.m2\repository\jakarta\annotation\jakarta.annotation-api\2.1.1\jakarta.annotation-api-2.1.1.jar;C:\Users\91706\.m2\repository\org\yaml\snakeyaml\2.2\snakeyaml-2.2.jar;C:\Users\91706\.m2\repository\com\fasterxml\jackson\datatype\jackson-datatype-jdk8\2.17.2\jackson-datatype-jdk8-2.17.2.jar;C:\Users\91706\.m2\repository\com\fasterxml\jackson\datatype\jackson-datatype-jsr310\2.17.2\jackson-datatype-jsr310-2.17.2.jar;C:\Users\91706\.m2\repository\com\fasterxml\jackson\module\jackson-module-parameter-names\2.17.2\jackson-module-parameter-names-2.17.2.jar;C:\Users\91706\.m2\repository\org\apache\tomcat\embed\tomcat-embed-core\10.1.31\tomcat-embed-core-10.1.31.jar;C:\Users\91706\.m2\repository\org\apache\tomcat\embed\tomcat-embed-el\10.1.31\tomcat-embed-el-10.1.31.jar;C:\Users\91706\.m2\repository\org\apache\tomcat\embed\tomcat-embed-websocket\10.1.31\tomcat-embed-websocket-10.1.31.jar;C:\Users\91706\.m2\repository\org\springframework\spring-web\6.1.14\spring-web-6.1.14.jar;C:\Users\91706\.m2\repository\org\springframework\spring-beans\6.1.14\spring-beans-6.1.14.jar;C:\Users\91706\.m2\repository\io\micrometer\micrometer-observation\1.13.6\micrometer-observation-1.13.6.jar;C:\Users\91706\.m2\repository\io\micro
Launcher Type: SUN_STANDARD

[Global flags]
     intx CICompilerCount                          = 4                                         {product} {ergonomic}
     uint ConcGCThreads                            = 2                                         {product} {ergonomic}
     uint G1ConcRefinementThreads                  = 8                                         {product} {ergonomic}
   size_t G1HeapRegionSize                         = 1048576                                   {product} {ergonomic}
    uintx GCDrainStackTargetSize                   = 64                                        {product} {ergonomic}
   size_t InitialHeapSize                          = 132120576                                 {product} {ergonomic}
   size_t MarkStackSize                            = 4194304                                   {product} {ergonomic}
   size_t MaxHeapSize                              = 2095054848                                {product} {ergonomic}
   size_t MaxNewSize                               = 1256194048                                {product} {ergonomic}
   size_t MinHeapDeltaBytes                        = 1048576                                   {product} {ergonomic}
   size_t MinHeapSize                              = 8388608                                   {product} {ergonomic}
    uintx NonProfiledCodeHeapSize                  = 0                                      {pd product} {ergonomic}
     bool ProfileInterpreter                       = false                                  {pd product} {command line}
    uintx ProfiledCodeHeapSize                     = 0                                      {pd product} {ergonomic}
   size_t SoftMaxHeapSize                          = 2095054848                             {manageable} {ergonomic}
     intx TieredStopAtLevel                        = 1                                         {product} {command line}
     bool UseCompressedClassPointers               = true                           {product lp64_product} {ergonomic}
     bool UseCompressedOops                        = true                           {product lp64_product} {ergonomic}
     bool UseG1GC                                  = true                                      {product} {ergonomic}
     bool UseLargePagesIndividualAllocation        = false                                  {pd product} {ergonomic}

Logging:
Log output configuration:
 #0: stdout all=warning uptime,level,tags
 #1: stderr all=off uptime,level,tags

Environment Variables:
JAVA_HOME=C:\Program Files\Eclipse Adoptium\jdk-17.0.18.8-hotspot
PATH=C:\Program Files\Eclipse Adoptium\jdk-17.0.18.8-hotspot\bin;C:\app\91706\product\21c\dbhomeXE\bin;C:\Program Files\Common Files\Oracle\Java\javapath;C:\Program Files (x86)\Common Files\Oracle\Java\javapath;C:\WINDOWS\system32;C:\WINDOWS;C:\WINDOWS\System32\Wbem;C:\WINDOWS\System32\WindowsPowerShell\v1.0\;C:\WINDOWS\System32\OpenSSH\;C:\Program Files (x86)\Dev-Cpp\MinGW64\bin;C:\Program Files\Git\cmd;C:\Users\91706\AppData\Roaming\nvm;C:\Program Files\nodejs;E:\apache-maven-3.9.14\bin;;C:\Program Files\Docker\Docker\resources\bin;C:\Users\91706\AppData\Local\Programs\Python\Python312\Scripts\;C:\Users\91706\AppData\Local\Programs\Python\Python312\;C:\Program Files (x86)\Java\jdk1.7.0_67\bin;C:\Users\91706\AppData\Local\JetBrains\Toolbox\scripts;C:\Users\91706\AppData\Local\Microsoft\WindowsApps;C:\Users\91706\AppData\Roaming\nvm;C:\Program Files\nodejs;C:\Program Files\MongoDB\Server\7.0\bin;C:\Users\91706\AppData\Local\Programs\Windsurf\bin;C:\Users\91706\AppData\Local\GitHubDesktop\bin;E:\Microsoft VS Code\bin;C:\monosh\;C:\Program Files\Eclipse Adoptium\jdk-17.0.18.8-hotspot\bin;D:\Antigravity\bin
USERNAME=91706
OS=Windows_NT
PROCESSOR_IDENTIFIER=Intel64 Family 6 Model 140 Stepping 1, GenuineIntel
TMP=C:\Users\91706\AppData\Local\Temp
TEMP=C:\Users\91706\AppData\Local\Temp



Periodic native trim disabled


---------------  S Y S T E M  ---------------

OS:
 Windows 11 , 64 bit Build 26100 (10.0.26100.8328)
OS uptime: 0 days 1:16 hours
Hyper-V role detected

CPU: total 8 (initial active 8) (4 cores per cpu, 2 threads per core) family 6 model 140 stepping 1 microcode 0x8a, cx8, cmov, fxsr, ht, mmx, 3dnowpref, sse, sse2, sse3, ssse3, sse4.1, sse4.2, popcnt, lzcnt, tsc, tscinvbit, avx, avx2, aes, erms, clmul, bmi1, bmi2, adx, avx512f, avx512dq, avx512cd, avx512bw, avx512vl, sha, fma, vzeroupper, avx512_vpopcntdq, avx512_vpclmulqdq, avx512_vaes, avx512_vnni, clflush, clflushopt, clwb, avx512_vbmi2, avx512_vbmi, hv
Processor Information for processor 0
  Max Mhz: 2419, Current Mhz: 1007, Mhz Limit: 2419
Processor Information for processor 1
  Max Mhz: 2419, Current Mhz: 2419, Mhz Limit: 2419
Processor Information for processor 2
  Max Mhz: 2419, Current Mhz: 2419, Mhz Limit: 2419
Processor Information for processor 3
  Max Mhz: 2419, Current Mhz: 2419, Mhz Limit: 2419
Processor Information for processor 4
  Max Mhz: 2419, Current Mhz: 2419, Mhz Limit: 2419
Processor Information for processor 5
  Max Mhz: 2419, Current Mhz: 1007, Mhz Limit: 2419
Processor Information for processor 6
  Max Mhz: 2419, Current Mhz: 2419, Mhz Limit: 2419
Processor Information for processor 7
  Max Mhz: 2419, Current Mhz: 2419, Mhz Limit: 2419

Memory: 4k page, system-wide physical 7991M (937M free)
TotalPageFile size 19264M (AvailPageFile size 0M)
current process WorkingSet (physical memory assigned to process): 80M, peak: 80M
current process commit charge ("private bytes"): 218M, peak: 218M

vm_info: OpenJDK 64-Bit Server VM (17.0.18+8) for windows-amd64 JRE (17.0.18+8), built on Jan 20 2026 22:28:22 by "admin" with MS VC++ 17.12 (VS2022)

END.
