#
# There is insufficient memory for the Java Runtime Environment to continue.
# Native memory allocation (mmap) failed to map 132120576 bytes. Error detail: G1 virtual space
# Possible reasons:
#   The system is out of physical RAM or swap space
#   This process is running with CompressedOops enabled, and the Java Heap may be blocking the growth of the native heap
# Possible solutions:
#   Reduce memory load on the system
#   Increase physical memory or swap space
#   Check if swap backing store is full
#   Decrease Java heap size (-Xmx/-Xms)
#   Decrease number of Java threads
#   Decrease Java thread stack sizes (-Xss)
#   Set larger code cache with -XX:ReservedCodeCacheSize=
#   JVM is running with Unscaled Compressed Oops mode in which the Java heap is
#     placed in the first 4GB address space. The Java Heap base address is the
#     maximum limit for the native heap growth. Please use -XX:HeapBaseMinAddress
#     to set the Java Heap base and to place the Java Heap above 4GB virtual address.
# This output file may be truncated or incomplete.
#
#  Out of Memory Error (os_windows.cpp:3618), pid=16448, tid=4680
#
# JRE version:  (17.0.18+8) (build )
# Java VM: OpenJDK 64-Bit Server VM (17.0.18+8, mixed mode, sharing, tiered, compressed oops, compressed class ptrs, g1 gc, windows-amd64)
# No core dump will be written. Minidumps are not enabled by default on client versions of Windows
#

---------------  S U M M A R Y ------------

Command Line: -Dclassworlds.conf=E:\apache-maven-3.9.14\bin\m2.conf -Dmaven.home=E:\apache-maven-3.9.14 -Dlibrary.jansi.path=E:\apache-maven-3.9.14\lib\jansi-native -Dmaven.multiModuleProjectDirectory=D:\SpendSmart-Backend\spendsmart-web org.codehaus.plexus.classworlds.launcher.Launcher spring-boot:run

Host: 11th Gen Intel(R) Core(TM) i5-1135G7 @ 2.40GHz, 8 cores, 7G,  Windows 11 , 64 bit Build 26100 (10.0.26100.8328)
Time: Fri May 15 12:18:05 2026 India Standard Time elapsed time: 0.011982 seconds (0d 0h 0m 0s)

---------------  T H R E A D  ---------------

Current thread (0x00000193ebbf9ad0):  JavaThread "Unknown thread" [_thread_in_vm, id=4680, stack(0x0000008404700000,0x0000008404800000)]

Stack: [0x0000008404700000,0x0000008404800000]
Native frames: (J=compiled Java code, j=interpreted, Vv=VM code, C=native code)
V  [jvm.dll+0x6846f9]
V  [jvm.dll+0x839ea5]
V  [jvm.dll+0x83b91e]
V  [jvm.dll+0x83bfa3]
V  [jvm.dll+0x248eff]
V  [jvm.dll+0x6814b9]
V  [jvm.dll+0x6762ba]
V  [jvm.dll+0x309257]
V  [jvm.dll+0x310826]
V  [jvm.dll+0x360d9e]
V  [jvm.dll+0x360fdd]
V  [jvm.dll+0x2e02dc]
V  [jvm.dll+0x2e11e8]
V  [jvm.dll+0x80cd6b]
V  [jvm.dll+0x36ea21]
V  [jvm.dll+0x7eb945]
V  [jvm.dll+0x3f462b]
V  [jvm.dll+0x3f6111]
C  [jli.dll+0x52d0]
C  [ucrtbase.dll+0x37b0]
C  [KERNEL32.DLL+0x2e957]
C  [ntdll.dll+0x427c]


---------------  P R O C E S S  ---------------

Threads class SMR info:
_java_thread_list=0x00007ffd0a757f58, length=0, elements={
}

Java Threads: ( => current thread )

Other Threads:
  0x00000193ebc55110 GCTaskThread "GC Thread#0" [stack: 0x0000008404800000,0x0000008404900000] [id=23364]
  0x00000193ebca5010 ConcurrentGCThread "G1 Main Marker" [stack: 0x0000008404900000,0x0000008404a00000] [id=21204]
  0x00000193ebca61d0 ConcurrentGCThread "G1 Conc#0" [stack: 0x0000008404a00000,0x0000008404b00000] [id=23352]

[error occurred during error reporting (printing all threads), id 0xc0000005, EXCEPTION_ACCESS_VIOLATION (0xc0000005) at pc=0x00007ffd09f10e07]

VM state: not at safepoint (not fully initialized)

VM Mutex/Monitor currently owned by a thread:  ([mutex/lock_event])
[0x00000193e99bb3e0] Heap_lock - owner thread: 0x00000193ebbf9ad0

Heap address: 0x0000000083200000, size: 1998 MB, Compressed Oops mode: 32-bit

CDS archive(s) mapped at: [0x0000000000000000-0x0000000000000000-0x0000000000000000), size 0, SharedBaseAddress: 0x0000000800000000, ArchiveRelocationMode: 1.
Narrow klass base: 0x0000000000000000, Narrow klass shift: 0, Narrow klass range: 0x0

GC Precious Log:
<Empty>

Heap:
 garbage-first heap   total 0K, used 0K [0x0000000083200000, 0x0000000100000000)
  region size 1024K, 0 young (0K), 0 survivors (0K)

[error occurred during error reporting (printing heap information), id 0xc0000005, EXCEPTION_ACCESS_VIOLATION (0xc0000005) at pc=0x00007ffd0a2fdd09]

GC Heap History (0 events):
No events

Dll operation events (1 events):
Event: 0.008 Loaded shared library C:\Program Files\Eclipse Adoptium\jdk-17.0.18.8-hotspot\bin\java.dll

Deoptimization events (0 events):
No events

Classes loaded (0 events):
No events

Classes unloaded (0 events):
No events

Classes redefined (0 events):
No events

Internal exceptions (0 events):
No events

VM Operations (0 events):
No events

Memory protections (0 events):
No events

Nmethod flushes (0 events):
No events

Events (0 events):
No events


Dynamic libraries:
0x00007ff649a10000 - 0x00007ff649a1e000 	C:\Program Files\Eclipse Adoptium\jdk-17.0.18.8-hotspot\bin\java.exe
0x00007ffd739a0000 - 0x00007ffd73c07000 	C:\WINDOWS\SYSTEM32\ntdll.dll
0x00007ffd73010000 - 0x00007ffd730d9000 	C:\WINDOWS\System32\KERNEL32.DLL
0x00007ffd70900000 - 0x00007ffd70cf7000 	C:\WINDOWS\System32\KERNELBASE.dll
0x00007ffd703d0000 - 0x00007ffd7051b000 	C:\WINDOWS\System32\ucrtbase.dll
0x00007ffd52e60000 - 0x00007ffd52e78000 	C:\Program Files\Eclipse Adoptium\jdk-17.0.18.8-hotspot\bin\jli.dll
0x00007ffd49700000 - 0x00007ffd4971e000 	C:\Program Files\Eclipse Adoptium\jdk-17.0.18.8-hotspot\bin\VCRUNTIME140.dll
0x00007ffd717b0000 - 0x00007ffd71976000 	C:\WINDOWS\System32\USER32.dll
0x00007ffd4f610000 - 0x00007ffd4f8a2000 	C:\WINDOWS\WinSxS\amd64_microsoft.windows.common-controls_6595b64144ccf1df_6.0.26100.8457_none_3e0b2faee331e92d\COMCTL32.dll
0x00007ffd71570000 - 0x00007ffd71597000 	C:\WINDOWS\System32\win32u.dll
0x00007ffd71bd0000 - 0x00007ffd71c79000 	C:\WINDOWS\System32\msvcrt.dll
0x00007ffd736b0000 - 0x00007ffd736db000 	C:\WINDOWS\System32\GDI32.dll
0x00007ffd70520000 - 0x00007ffd7064c000 	C:\WINDOWS\System32\gdi32full.dll
0x00007ffd70850000 - 0x00007ffd708f3000 	C:\WINDOWS\System32\msvcp_win.dll
0x00007ffd71b90000 - 0x00007ffd71bc2000 	C:\WINDOWS\System32\IMM32.DLL
0x00007ffd6afe0000 - 0x00007ffd6afec000 	C:\Program Files\Eclipse Adoptium\jdk-17.0.18.8-hotspot\bin\vcruntime140_1.dll
0x00007ffd373f0000 - 0x00007ffd3747d000 	C:\Program Files\Eclipse Adoptium\jdk-17.0.18.8-hotspot\bin\msvcp140.dll
0x00007ffd09c20000 - 0x00007ffd0a88b000 	C:\Program Files\Eclipse Adoptium\jdk-17.0.18.8-hotspot\bin\server\jvm.dll
0x00007ffd73430000 - 0x00007ffd734e6000 	C:\WINDOWS\System32\ADVAPI32.dll
0x00007ffd71cf0000 - 0x00007ffd71d97000 	C:\WINDOWS\System32\sechost.dll
0x00007ffd71990000 - 0x00007ffd71aa8000 	C:\WINDOWS\System32\RPCRT4.dll
0x00007ffd71720000 - 0x00007ffd717a0000 	C:\WINDOWS\System32\WS2_32.dll
0x00007ffd70230000 - 0x00007ffd7028e000 	C:\WINDOWS\SYSTEM32\POWRPROF.dll
0x00007ffd589c0000 - 0x00007ffd589cb000 	C:\WINDOWS\SYSTEM32\VERSION.dll
0x00007ffd6e310000 - 0x00007ffd6e346000 	C:\WINDOWS\SYSTEM32\WINMM.dll
0x00007ffd70210000 - 0x00007ffd70224000 	C:\WINDOWS\SYSTEM32\UMPDC.dll
0x00007ffd6f160000 - 0x00007ffd6f17b000 	C:\WINDOWS\SYSTEM32\kernel.appcore.dll
0x00007ffd496f0000 - 0x00007ffd496fa000 	C:\Program Files\Eclipse Adoptium\jdk-17.0.18.8-hotspot\bin\jimage.dll
0x00007ffd6e030000 - 0x00007ffd6e272000 	C:\WINDOWS\SYSTEM32\DBGHELP.DLL
0x00007ffd72500000 - 0x00007ffd72883000 	C:\WINDOWS\System32\combase.dll
0x00007ffd71ab0000 - 0x00007ffd71b89000 	C:\WINDOWS\System32\OLEAUT32.dll
0x00007ffd6e2d0000 - 0x00007ffd6e30b000 	C:\WINDOWS\SYSTEM32\dbgcore.DLL
0x00007ffd70650000 - 0x00007ffd706f8000 	C:\WINDOWS\System32\bcryptPrimitives.dll
0x00007ffd3d600000 - 0x00007ffd3d625000 	C:\Program Files\Eclipse Adoptium\jdk-17.0.18.8-hotspot\bin\java.dll

dbghelp: loaded successfully - version: 4.0.5 - missing functions: none
symbol engine: initialized successfully - sym options: 0x614 - pdb path: .;C:\Program Files\Eclipse Adoptium\jdk-17.0.18.8-hotspot\bin;C:\WINDOWS\SYSTEM32;C:\WINDOWS\WinSxS\amd64_microsoft.windows.common-controls_6595b64144ccf1df_6.0.26100.8457_none_3e0b2faee331e92d;C:\Program Files\Eclipse Adoptium\jdk-17.0.18.8-hotspot\bin\server

VM Arguments:
jvm_args: -Dclassworlds.conf=E:\apache-maven-3.9.14\bin\m2.conf -Dmaven.home=E:\apache-maven-3.9.14 -Dlibrary.jansi.path=E:\apache-maven-3.9.14\lib\jansi-native -Dmaven.multiModuleProjectDirectory=D:\SpendSmart-Backend\spendsmart-web 
java_command: org.codehaus.plexus.classworlds.launcher.Launcher spring-boot:run
java_class_path (initial): E:\apache-maven-3.9.14\boot\plexus-classworlds-2.9.0.jar
Launcher Type: SUN_STANDARD

[Global flags]
     intx CICompilerCount                          = 4                                         {product} {ergonomic}
     uint ConcGCThreads                            = 2                                         {product} {ergonomic}
     uint G1ConcRefinementThreads                  = 8                                         {product} {ergonomic}
   size_t G1HeapRegionSize                         = 1048576                                   {product} {ergonomic}
    uintx GCDrainStackTargetSize                   = 64                                        {product} {ergonomic}
   size_t InitialHeapSize                          = 132120576                                 {product} {ergonomic}
   size_t MarkStackSize                            = 4194304                                   {product} {ergonomic}
   size_t MaxHeapSize                              = 2095054848                                {product} {ergonomic}
   size_t MinHeapDeltaBytes                        = 1048576                                   {product} {ergonomic}
   size_t MinHeapSize                              = 8388608                                   {product} {ergonomic}
    uintx NonNMethodCodeHeapSize                   = 5839372                                {pd product} {ergonomic}
    uintx NonProfiledCodeHeapSize                  = 122909434                              {pd product} {ergonomic}
    uintx ProfiledCodeHeapSize                     = 122909434                              {pd product} {ergonomic}
    uintx ReservedCodeCacheSize                    = 251658240                              {pd product} {ergonomic}
     bool SegmentedCodeCache                       = true                                      {product} {ergonomic}
   size_t SoftMaxHeapSize                          = 2095054848                             {manageable} {ergonomic}
     bool UseCompressedClassPointers               = true                           {product lp64_product} {ergonomic}
     bool UseCompressedOops                        = true                           {product lp64_product} {ergonomic}
     bool UseG1GC                                  = true                                      {product} {ergonomic}
     bool UseLargePagesIndividualAllocation        = false                                  {pd product} {ergonomic}

Logging:
Log output configuration:
 #0: stdout all=warning uptime,level,tags
 #1: stderr all=off uptime,level,tags

Environment Variables:
JAVA_HOME=C:\Program Files\Eclipse Adoptium\jdk-17.0.18.8-hotspot
PATH=C:\Program Files\Eclipse Adoptium\jdk-17.0.18.8-hotspot\bin;C:\app\91706\product\21c\dbhomeXE\bin;C:\Program Files\Common Files\Oracle\Java\javapath;C:\Program Files (x86)\Common Files\Oracle\Java\javapath;C:\WINDOWS\system32;C:\WINDOWS;C:\WINDOWS\System32\Wbem;C:\WINDOWS\System32\WindowsPowerShell\v1.0\;C:\WINDOWS\System32\OpenSSH\;C:\Program Files (x86)\Dev-Cpp\MinGW64\bin;C:\Program Files\Git\cmd;C:\Users\91706\AppData\Roaming\nvm;C:\Program Files\nodejs;E:\apache-maven-3.9.14\bin;C:\Program Files\Docker\Docker\resources\bin;C:\Program Files\MySQL\MySQL Server 9.6\bin;C:\Users\91706\AppData\Local\Programs\Python\Python312\Scripts\;C:\Users\91706\AppData\Local\Programs\Python\Python312\;C:\Program Files (x86)\Java\jdk1.7.0_67\bin;C:\Users\91706\AppData\Local\JetBrains\Toolbox\scripts;C:\Users\91706\AppData\Local\Microsoft\WindowsApps;C:\Users\91706\AppData\Roaming\nvm;C:\Program Files\nodejs;C:\Program Files\MongoDB\Server\7.0\bin;C:\Users\91706\AppData\Local\Programs\Windsurf\bin;C:\Users\91706\AppData\Local\GitHubDesktop\bin;E:\Microsoft VS Code\bin;C:\monosh\;C:\Program Files\Eclipse Adoptium\jdk-17.0.18.8-hotspot\bin;D:\Antigravity\bin
USERNAME=91706
OS=Windows_NT
PROCESSOR_IDENTIFIER=Intel64 Family 6 Model 140 Stepping 1, GenuineIntel
TMP=C:\Users\91706\AppData\Local\Temp
TEMP=C:\Users\91706\AppData\Local\Temp



Periodic native trim disabled


---------------  S Y S T E M  ---------------

OS:
 Windows 11 , 64 bit Build 26100 (10.0.26100.8328)
OS uptime: 0 days 1:33 hours
Hyper-V role detected

CPU: total 8 (initial active 8) (4 cores per cpu, 2 threads per core) family 6 model 140 stepping 1 microcode 0x8a, cx8, cmov, fxsr, ht, mmx, 3dnowpref, sse, sse2, sse3, ssse3, sse4.1, sse4.2, popcnt, lzcnt, tsc, tscinvbit, avx, avx2, aes, erms, clmul, bmi1, bmi2, adx, avx512f, avx512dq, avx512cd, avx512bw, avx512vl, sha, fma, vzeroupper, avx512_vpopcntdq, avx512_vpclmulqdq, avx512_vaes, avx512_vnni, clflush, clflushopt, clwb, avx512_vbmi2, avx512_vbmi, hv
Processor Information for processor 0
  Max Mhz: 2419, Current Mhz: 2419, Mhz Limit: 2419
Processor Information for processor 1
  Max Mhz: 2419, Current Mhz: 2419, Mhz Limit: 2419
Processor Information for processor 2
  Max Mhz: 2419, Current Mhz: 2419, Mhz Limit: 2419
Processor Information for processor 3
  Max Mhz: 2419, Current Mhz: 1209, Mhz Limit: 2419
Processor Information for processor 4
  Max Mhz: 2419, Current Mhz: 2419, Mhz Limit: 2419
Processor Information for processor 5
  Max Mhz: 2419, Current Mhz: 1209, Mhz Limit: 2419
Processor Information for processor 6
  Max Mhz: 2419, Current Mhz: 2419, Mhz Limit: 2419
Processor Information for processor 7
  Max Mhz: 2419, Current Mhz: 2419, Mhz Limit: 2419

Memory: 4k page, system-wide physical 7991M (1095M free)
TotalPageFile size 18769M (AvailPageFile size 72M)
current process WorkingSet (physical memory assigned to process): 12M, peak: 12M
current process commit charge ("private bytes"): 60M, peak: 186M

vm_info: OpenJDK 64-Bit Server VM (17.0.18+8) for windows-amd64 JRE (17.0.18+8), built on Jan 20 2026 22:28:22 by "admin" with MS VC++ 17.12 (VS2022)

END.
