#
# There is insufficient memory for the Java Runtime Environment to continue.
# Native memory allocation (mmap) failed to map 65536 bytes. Error detail: Failed to commit metaspace.
# Possible reasons:
#   The system is out of physical RAM or swap space
#   This process is running with CompressedOops enabled, and the Java Heap may be blocking the growth of the native heap
# Possible solutions:
#   Reduce memory load on the system
#   Increase physical memory or swap space
#   Check if swap backing store is full
#   Decrease Java heap size (-Xmx/-Xms)
#   Decrease number of Java threads
#   Decrease Java thread stack sizes (-Xss)
#   Set larger code cache with -XX:ReservedCodeCacheSize=
#   JVM is running with Unscaled Compressed Oops mode in which the Java heap is
#     placed in the first 4GB address space. The Java Heap base address is the
#     maximum limit for the native heap growth. Please use -XX:HeapBaseMinAddress
#     to set the Java Heap base and to place the Java Heap above 4GB virtual address.
# This output file may be truncated or incomplete.
#
#  Out of Memory Error (virtualSpaceNode.cpp:110), pid=21560, tid=23212
#
# JRE version: OpenJDK Runtime Environment Temurin-17.0.18+8 (17.0.18+8) (build 17.0.18+8)
# Java VM: OpenJDK 64-Bit Server VM Temurin-17.0.18+8 (17.0.18+8, mixed mode, emulated-client, sharing, tiered, compressed oops, compressed class ptrs, g1 gc, windows-amd64)
# No core dump will be written. Minidumps are not enabled by default on client versions of Windows
#

---------------  S U M M A R Y ------------

Command Line: -XX:TieredStopAtLevel=1 com.spendsmart.web.SpendsmartWebApplication

Host: 11th Gen Intel(R) Core(TM) i5-1135G7 @ 2.40GHz, 8 cores, 7G,  Windows 11 , 64 bit Build 26100 (10.0.26100.8328)
Time: Fri May 15 12:18:49 2026 India Standard Time elapsed time: 0.667579 seconds (0d 0h 0m 0s)

---------------  T H R E A D  ---------------

Current thread (0x0000029f09d587e0):  JavaThread "main" [_thread_in_vm, id=23212, stack(0x000000a031500000,0x000000a031600000)]

Stack: [0x000000a031500000,0x000000a031600000]
Native frames: (J=compiled Java code, j=interpreted, Vv=VM code, C=native code)
V  [jvm.dll+0x6846f9]
V  [jvm.dll+0x839ea5]
V  [jvm.dll+0x83b91e]
V  [jvm.dll+0x83bfa3]
V  [jvm.dll+0x248eff]
V  [jvm.dll+0x835c8d]
V  [jvm.dll+0x6291fd]
V  [jvm.dll+0x1c0710]
V  [jvm.dll+0x62bb72]
V  [jvm.dll+0x629bb6]
V  [jvm.dll+0x633a88]
V  [jvm.dll+0x1ea5d1]
V  [jvm.dll+0x1eaa55]
V  [jvm.dll+0x1eb407]
V  [jvm.dll+0x1e08d1]
V  [jvm.dll+0x548119]
V  [jvm.dll+0x7b4b68]
V  [jvm.dll+0x7b4c64]
V  [jvm.dll+0x414bb4]
V  [jvm.dll+0x41b619]
C  [java.dll+0x17ec]

Java frames: (J=compiled Java code, j=interpreted, Vv=VM code)
J 543  java.lang.ClassLoader.defineClass1(Ljava/lang/ClassLoader;Ljava/lang/String;[BIILjava/security/ProtectionDomain;Ljava/lang/String;)Ljava/lang/Class; java.base@17.0.18 (0 bytes) @ 0x0000029f1339ff03 [0x0000029f1339fe40+0x00000000000000c3]
J 870 c1 java.lang.ClassLoader.defineClass(Ljava/lang/String;[BIILjava/security/ProtectionDomain;)Ljava/lang/Class; java.base@17.0.18 (43 bytes) @ 0x0000029f13421fdc [0x0000029f13421ee0+0x00000000000000fc]
J 742 c1 jdk.internal.loader.BuiltinClassLoader.defineClass(Ljava/lang/String;Ljdk/internal/loader/Resource;)Ljava/lang/Class; java.base@17.0.18 (121 bytes) @ 0x0000029f133f6264 [0x0000029f133f5da0+0x00000000000004c4]
J 721 c1 jdk.internal.loader.BuiltinClassLoader.findClassOnClassPathOrNull(Ljava/lang/String;)Ljava/lang/Class; java.base@17.0.18 (64 bytes) @ 0x0000029f133edc5c [0x0000029f133ed9a0+0x00000000000002bc]
J 367 c1 jdk.internal.loader.BuiltinClassLoader.loadClassOrNull(Ljava/lang/String;Z)Ljava/lang/Class; java.base@17.0.18 (143 bytes) @ 0x0000029f1335d4dc [0x0000029f1335d080+0x000000000000045c]
J 592 c1 jdk.internal.loader.ClassLoaders$AppClassLoader.loadClass(Ljava/lang/String;Z)Ljava/lang/Class; java.base@17.0.18 (40 bytes) @ 0x0000029f133b64c4 [0x0000029f133b6380+0x0000000000000144]
J 591 c1 java.lang.ClassLoader.loadClass(Ljava/lang/String;)Ljava/lang/Class; java.base@17.0.18 (7 bytes) @ 0x0000029f133b5604 [0x0000029f133b55c0+0x0000000000000044]
v  ~StubRoutines::call_stub
J 543  java.lang.ClassLoader.defineClass1(Ljava/lang/ClassLoader;Ljava/lang/String;[BIILjava/security/ProtectionDomain;Ljava/lang/String;)Ljava/lang/Class; java.base@17.0.18 (0 bytes) @ 0x0000029f1339ff03 [0x0000029f1339fe40+0x00000000000000c3]
J 870 c1 java.lang.ClassLoader.defineClass(Ljava/lang/String;[BIILjava/security/ProtectionDomain;)Ljava/lang/Class; java.base@17.0.18 (43 bytes) @ 0x0000029f13421fdc [0x0000029f13421ee0+0x00000000000000fc]
J 742 c1 jdk.internal.loader.BuiltinClassLoader.defineClass(Ljava/lang/String;Ljdk/internal/loader/Resource;)Ljava/lang/Class; java.base@17.0.18 (121 bytes) @ 0x0000029f133f6264 [0x0000029f133f5da0+0x00000000000004c4]
J 721 c1 jdk.internal.loader.BuiltinClassLoader.findClassOnClassPathOrNull(Ljava/lang/String;)Ljava/lang/Class; java.base@17.0.18 (64 bytes) @ 0x0000029f133edc5c [0x0000029f133ed9a0+0x00000000000002bc]
J 367 c1 jdk.internal.loader.BuiltinClassLoader.loadClassOrNull(Ljava/lang/String;Z)Ljava/lang/Class; java.base@17.0.18 (143 bytes) @ 0x0000029f1335d4dc [0x0000029f1335d080+0x000000000000045c]
J 592 c1 jdk.internal.loader.ClassLoaders$AppClassLoader.loadClass(Ljava/lang/String;Z)Ljava/lang/Class; java.base@17.0.18 (40 bytes) @ 0x0000029f133b64c4 [0x0000029f133b6380+0x0000000000000144]
J 591 c1 java.lang.ClassLoader.loadClass(Ljava/lang/String;)Ljava/lang/Class; java.base@17.0.18 (7 bytes) @ 0x0000029f133b5604 [0x0000029f133b55c0+0x0000000000000044]
v  ~StubRoutines::call_stub
j  org.springframework.context.support.GenericApplicationContext.<init>()V+21
j  org.springframework.web.context.support.GenericWebApplicationContext.<init>()V+1
j  org.springframework.boot.web.servlet.context.ServletWebServerApplicationContext.<init>()V+1
j  org.springframework.boot.web.servlet.context.AnnotationConfigServletWebServerApplicationContext.<init>()V+1
j  org.springframework.boot.web.servlet.context.ServletWebServerApplicationContextFactory.createContext()Lorg/springframework/context/ConfigurableApplicationContext;+10
j  org.springframework.boot.web.servlet.context.ServletWebServerApplicationContextFactory.create(Lorg/springframework/boot/WebApplicationType;)Lorg/springframework/context/ConfigurableApplicationContext;+12
j  org.springframework.boot.DefaultApplicationContextFactory$$Lambda$196+0x0000029f1f118858.apply(Ljava/lang/Object;Ljava/lang/Object;)Ljava/lang/Object;+8
j  org.springframework.boot.DefaultApplicationContextFactory.getFromSpringFactories(Lorg/springframework/boot/WebApplicationType;Ljava/util/function/BiFunction;Ljava/util/function/Supplier;)Ljava/lang/Object;+45
j  org.springframework.boot.DefaultApplicationContextFactory.create(Lorg/springframework/boot/WebApplicationType;)Lorg/springframework/context/ConfigurableApplicationContext;+13
j  org.springframework.boot.SpringApplication.createApplicationContext()Lorg/springframework/context/ConfigurableApplicationContext;+8
j  org.springframework.boot.SpringApplication.run([Ljava/lang/String;)Lorg/springframework/context/ConfigurableApplicationContext;+76
j  org.springframework.boot.SpringApplication.run([Ljava/lang/Class;[Ljava/lang/String;)Lorg/springframework/context/ConfigurableApplicationContext;+9
j  org.springframework.boot.SpringApplication.run(Ljava/lang/Class;[Ljava/lang/String;)Lorg/springframework/context/ConfigurableApplicationContext;+9
j  com.spendsmart.web.SpendsmartWebApplication.main([Ljava/lang/String;)V+3
v  ~StubRoutines::call_stub

Compiled method (n/a) 692  543     n 0       java.lang.ClassLoader::defineClass1 (native)
 total in heap  [0x0000029f1339fc90,0x0000029f133a0190] = 1280
 relocation     [0x0000029f1339fdf0,0x0000029f1339fe28] = 56
 main code      [0x0000029f1339fe40,0x0000029f133a0190] = 848

[Constant Pool (empty)]

[MachCode]
[Entry Point]
  # {method} {0x0000029f1e010f18} 'defineClass1' '(Ljava/lang/ClassLoader;Ljava/lang/String;[BIILjava/security/ProtectionDomain;Ljava/lang/String;)Ljava/lang/Class;' in 'java/lang/ClassLoader'
  # parm0:    rdx:rdx   = 'java/lang/ClassLoader'
  # parm1:    r8:r8     = 'java/lang/String'
  # parm2:    r9:r9     = '[B'
  # parm3:    rdi       = int
  # parm4:    rsi       = int
  # parm5:    rcx:rcx   = 'java/security/ProtectionDomain'
  # parm6:    [sp+0xa0]   = 'java/lang/String'  (sp of caller)
  0x0000029f1339fe40: 448b 5208 | 49bb 0000 | 001e 9f02 | 0000 4d03 | d349 3bc2 | 0f84 0600 

  0x0000029f1339fe58: ;   {runtime_call ic_miss_stub}
  0x0000029f1339fe58: 0000 e921 | 17d6 ff90 
[Verified Entry Point]
  0x0000029f1339fe60: 8984 2400 | 90ff ff55 | 488b ec48 | 81ec 9000 | 0000 4881 | 7d10 0000 | 0000 488d | 4510 480f 
  0x0000029f1339fe80: 4445 1048 | 8944 2440 | 4889 4c24 | 7048 83f9 | 0048 8d44 | 2470 480f | 4444 2470 | 4889 4424 
  0x0000029f1339fea0: 3848 8974 | 2430 4889 | 7c24 284c | 894c 2458 | 4983 f900 | 488d 4424 | 5848 0f44 | 4424 5848 
  0x0000029f1339fec0: 8944 2420 | 4c89 4424 | 5049 83f8 | 004c 8d4c | 2450 4c0f | 444c 2450 | 4889 5424 | 4848 83fa 
  0x0000029f1339fee0: 004c 8d44 | 2448 4c0f | 4444 2448 

  0x0000029f1339feec: ;   {oop(a 'java/lang/Class'{0x000000008989cbb0} = 'java/lang/ClassLoader')}
  0x0000029f1339feec: 49be b0cb | 8989 0000 | 0000 4c89 | 7424 784c | 8d74 2478 | 498b d6c5 

  0x0000029f1339ff04: ;   {internal_word}
  0x0000029f1339ff04: f877 49ba | 03ff 3913 | 9f02 0000 | 4d89 97a0 | 0200 0049 | 89a7 9802 

  0x0000029f1339ff1c: ;   {external_word}
  0x0000029f1339ff1c: 0000 49ba | d5c6 7a0a | fd7f 0000 | 4180 3a00 | 0f84 5200 | 0000 5241 

  0x0000029f1339ff34: ;   {metadata({method} {0x0000029f1e010f18} 'defineClass1' '(Ljava/lang/ClassLoader;Ljava/lang/String;[BIILjava/security/ProtectionDomain;Ljava/lang/String;)Ljava/lang/Class;' in 'java/lang/ClassLoader')}
  0x0000029f1339ff34: 5041 5148 | ba10 0f01 | 1e9f 0200 | 0049 8bcf | 4883 ec20 | f7c4 0f00 | 0000 0f84 | 1a00 0000 
  0x0000029f1339ff54: 4883 ec08 

  0x0000029f1339ff58: ;   {runtime_call}
  0x0000029f1339ff58: 49ba 50a0 | 300a fd7f | 0000 41ff | d248 83c4 | 08e9 0d00 

  0x0000029f1339ff6c: ;   {runtime_call}
  0x0000029f1339ff6c: 0000 49ba | 50a0 300a | fd7f 0000 | 41ff d248 | 83c4 2041 | 5941 585a | 498d 8fb8 | 0200 0041 
  0x0000029f1339ff8c: c787 4003 | 0000 0400 

  0x0000029f1339ff94: ;   {runtime_call}
  0x0000029f1339ff94: 0000 49ba | ac16 603d | fd7f 0000 | 41ff d2c5 | f877 41c7 | 8740 0300 | 0005 0000 | 00f0 8344 
  0x0000029f1339ffb4: 24c0 0049 | 3baf 4803 | 0000 0f87 | 1100 0000 | 4181 bf30 | 0300 0000 | 0000 000f | 842c 0000 
  0x0000029f1339ffd4: 00c5 f877 | 4889 45f8 | 498b cf4c | 8be4 4883 | ec20 4883 

  0x0000029f1339ffe8: ;   {runtime_call}
  0x0000029f1339ffe8: e4f0 49ba | a0af 400a | fd7f 0000 | 41ff d249 | 8be4 4d33 | e448 8b45 | f841 c787 | 4003 0000 
  0x0000029f133a0008: 0800 0000 | 4181 bfb0 | 0300 0002 | 0000 000f | 843f 0100 

  0x0000029f133a001c: ;   {external_word}
  0x0000029f133a001c: 0049 bad5 | c67a 0afd | 7f00 0041 | 803a 000f | 8450 0000 | 0048 8945 

  0x0000029f133a0034: ;   {metadata({method} {0x0000029f1e010f18} 'defineClass1' '(Ljava/lang/ClassLoader;Ljava/lang/String;[BIILjava/security/ProtectionDomain;Ljava/lang/String;)Ljava/lang/Class;' in 'java/lang/ClassLoader')}
  0x0000029f133a0034: f848 ba10 | 0f01 1e9f | 0200 0049 | 8bcf 4883 | ec20 f7c4 | 0f00 0000 | 0f84 1a00 | 0000 4883 
  0x0000029f133a0054: ;   {runtime_call}
  0x0000029f133a0054: ec08 49ba | 50a0 300a | fd7f 0000 | 41ff d248 | 83c4 08e9 | 0d00 0000 

  0x0000029f133a006c: ;   {runtime_call}
  0x0000029f133a006c: 49ba 50a0 | 300a fd7f | 0000 41ff | d248 83c4 | 2048 8b45 | f849 c787 | 9802 0000 | 0000 0000 
  0x0000029f133a008c: 49c7 87a0 | 0200 0000 | 0000 00c5 | f877 4885 | c00f 8493 | 0000 0048 | f7c0 0100 | 0000 0f84 
  0x0000029f133a00ac: 8300 0000 | 488b 40ff | 4180 7f38 | 000f 846f | 0000 0048 | 83f8 000f | 8465 0000 | 0049 8b4f 
  0x0000029f133a00cc: 2048 83f9 | 000f 8414 | 0000 0048 | 83e9 0849 | 894f 2049 | 034f 3048 | 8901 e943 | 0000 0050 
  0x0000029f133a00ec: 498b d748 | 8bc8 4883 | ec20 f7c4 | 0f00 0000 | 0f84 1a00 | 0000 4883 

  0x0000029f133a0104: ;   {runtime_call}
  0x0000029f133a0104: ec08 49ba | 106a ef09 | fd7f 0000 | 41ff d248 | 83c4 08e9 | 0d00 0000 

  0x0000029f133a011c: ;   {runtime_call}
  0x0000029f133a011c: 49ba 106a | ef09 fd7f | 0000 41ff | d248 83c4 | 2058 e903 | 0000 0048 | 8b00 498b | 8fd8 0000 
  0x0000029f133a013c: 00c7 8100 | 0100 0000 | 0000 00c9 | 4981 7f08 | 0000 0000 | 0f85 0100 

  0x0000029f133a0154: ;   {runtime_call StubRoutines (1)}
  0x0000029f133a0154: 0000 c3e9 | a40d d1ff | c5f8 7748 | 8945 f84c | 8be4 4883 | ec20 4883 

  0x0000029f133a016c: ;   {runtime_call}
  0x0000029f133a016c: e4f0 49ba | 40d1 300a | fd7f 0000 | 41ff d249 | 8be4 4d33 | e448 8b45 | f8e9 93fe | ffff f4f4 
  0x0000029f133a018c: f4f4 f4f4 
[/MachCode]


Compiled method (c1) 698  870       1       java.lang.ClassLoader::defineClass (43 bytes)
 total in heap  [0x0000029f13421d10,0x0000029f134222b0] = 1440
 relocation     [0x0000029f13421e70,0x0000029f13421ed0] = 96
 main code      [0x0000029f13421ee0,0x0000029f13422080] = 416
 stub code      [0x0000029f13422080,0x0000029f134220f8] = 120
 metadata       [0x0000029f134220f8,0x0000029f13422128] = 48
 scopes data    [0x0000029f13422128,0x0000029f134221e0] = 184
 scopes pcs     [0x0000029f134221e0,0x0000029f13422280] = 160
 dependencies   [0x0000029f13422280,0x0000029f13422288] = 8
 nul chk table  [0x0000029f13422288,0x0000029f134222b0] = 40

[Constant Pool (empty)]

[MachCode]
[Entry Point]
  # {method} {0x0000029f1e010cb0} 'defineClass' '(Ljava/lang/String;[BIILjava/security/ProtectionDomain;)Ljava/lang/Class;' in 'java/lang/ClassLoader'
  # this:     rdx:rdx   = 'java/lang/ClassLoader'
  # parm0:    r8:r8     = 'java/lang/String'
  # parm1:    r9:r9     = '[B'
  # parm2:    rdi       = int
  # parm3:    rsi       = int
  # parm4:    rcx:rcx   = 'java/security/ProtectionDomain'
  #           [sp+0xc0]  (sp of caller)
  0x0000029f13421ee0: 448b 5208 | 49bb 0000 | 001e 9f02 | 0000 4d03 | d34c 3bd0 

  0x0000029f13421ef4: ;   {runtime_call ic_miss_stub}
  0x0000029f13421ef4: 0f85 86f6 | cdff 660f | 1f44 0000 
[Verified Entry Point]
  0x0000029f13421f00: 8984 2400 | 90ff ff55 | 4881 ecb0 | 0000 0048 | 8954 2478 | 89b4 2494 | 0000 0089 | bc24 9000 
  0x0000029f13421f20: 0000 4c89 | 8c24 8800 | 0000 498b | d84c 8bc3 | 4c8b c948 | 8bca 488b | d148 899c | 2480 0000 
  0x0000029f13421f40: 0066 0f1f 

  0x0000029f13421f44: ;   {optimized virtual_call}
  0x0000029f13421f44: 4400 00e8 

  0x0000029f13421f48: ; ImmutableOopMap {[120]=Oop [136]=Oop [128]=Oop }
                      ;*invokevirtual preDefineClass {reexecute=0 rethrow=0 return_oop=0}
                      ; - java.lang.ClassLoader::defineClass@4 (line 1015)
  0x0000029f13421f48: 7419 0000 | 4889 8424 | 9800 0000 

  0x0000029f13421f54: ; implicit exception: dispatches to 0x0000029f1342201a
  0x0000029f13421f54: 448b 4010 | 4983 f800 | 0f85 0f00 

  0x0000029f13421f60: ;   {oop(NULL)}
  0x0000029f13421f60: 0000 48bb | 0000 0000 | 0000 0000 | e936 0000 | 0045 8b40 | 0c49 83f8 | 000f 850f 

  0x0000029f13421f7c: ;   {oop(NULL)}
  0x0000029f13421f7c: 0000 0048 | bb00 0000 | 0000 0000 | 00e9 1900 | 0000 418b | 5038 483b 

  0x0000029f13421f94: ;   {optimized virtual_call}
  0x0000029f13421f94: 0266 90e8 

  0x0000029f13421f98: ; ImmutableOopMap {[120]=Oop [136]=Oop [128]=Oop [152]=Oop }
                      ;*invokevirtual toExternalForm {reexecute=0 rethrow=0 return_oop=0}
                      ; - java.net.URL::toExternalForm@5 (line 1039)
                      ; - java.net.URL::toString@1 (line 1025)
                      ; - java.lang.ClassLoader::defineClassSourceLocation@22 (line 917)
                      ; - java.lang.ClassLoader::defineClass@12 (line 1016)
  0x0000029f13421f98: 04d0 fbff | 488b d848 | 8b84 2498 | 0000 008b | b424 9400 | 0000 8bbc | 2490 0000 | 004c 8b8c 
  0x0000029f13421fb8: 2488 0000 | 004c 8b84 | 2480 0000 | 0048 8b54 | 2478 4c8b | da49 8bd3 | 488b c848 

  0x0000029f13421fd4: ;   {static_call}
  0x0000029f13421fd4: 891c 24e8 

  0x0000029f13421fd8: ; ImmutableOopMap {[152]=Oop [120]=Oop }
                      ;*invokestatic defineClass1 {reexecute=0 rethrow=0 return_oop=0}
                      ; - java.lang.ClassLoader::defineClass@27 (line 1017)
  0x0000029f13421fd8: 84de f7ff | 4c8b c04c | 8b8c 2498 | 0000 0048 | 8b54 2478 | 4889 8424 | a000 0000 

  0x0000029f13421ff4: ;   {optimized virtual_call}
  0x0000029f13421ff4: 6666 90e8 

  0x0000029f13421ff8: ; ImmutableOopMap {[160]=Oop }
                      ;*invokevirtual postDefineClass {reexecute=0 rethrow=0 return_oop=0}
                      ; - java.lang.ClassLoader::defineClass@37 (line 1018)
  0x0000029f13421ff8: 0456 0000 | 488b 8424 | a000 0000 | 4881 c4b0 | 0000 005d 

  0x0000029f1342200c: ;   {poll_return}
  0x0000029f1342200c: 493b a748 | 0300 000f | 8715 0000 

  0x0000029f13422018: ;   {runtime_call throw_null_pointer_exception Runtime1 stub}
  0x0000029f13422018: 00c3 e801 

  0x0000029f1342201c: ; ImmutableOopMap {[120]=Oop [136]=Oop [128]=Oop rax=Oop [152]=Oop }
                      ;*invokevirtual getCodeSource {reexecute=0 rethrow=0 return_oop=0}
                      ; - java.lang.ClassLoader::defineClassSourceLocation@1 (line 914)
                      ; - java.lang.ClassLoader::defineClass@12 (line 1016)
                      ;   {runtime_call throw_null_pointer_exception Runtime1 stub}
  0x0000029f1342201c: 40d8 ffe8 

  0x0000029f13422020: ; ImmutableOopMap {[120]=Oop [136]=Oop [128]=Oop rax=Oop [152]=Oop }
                      ;*invokevirtual getLocation {reexecute=0 rethrow=0 return_oop=0}
                      ; - java.lang.ClassLoader::defineClassSourceLocation@12 (line 916)
                      ; - java.lang.ClassLoader::defineClass@12 (line 1016)
  0x0000029f13422020: fc3f d8ff 

  0x0000029f13422024: ;   {runtime_call throw_null_pointer_exception Runtime1 stub}
  0x0000029f13422024: e8f7 3fd8 

  0x0000029f13422028: ; ImmutableOopMap {[120]=Oop [136]=Oop [128]=Oop [152]=Oop r8=Oop }
                      ;*invokevirtual toString {reexecute=0 rethrow=0 return_oop=0}
                      ; - java.lang.ClassLoader::defineClassSourceLocation@22 (line 917)
                      ; - java.lang.ClassLoader::defineClass@12 (line 1016)
                      ;   {runtime_call throw_null_pointer_exception Runtime1 stub}
  0x0000029f13422028: ffe8 f23f 

  0x0000029f1342202c: ; ImmutableOopMap {[120]=Oop [136]=Oop [128]=Oop [152]=Oop r8=Oop rdx=Oop }
                      ;*invokevirtual toExternalForm {reexecute=0 rethrow=0 return_oop=0}
                      ; - java.net.URL::toExternalForm@5 (line 1039)
                      ; - java.net.URL::toString@1 (line 1025)
                      ; - java.lang.ClassLoader::defineClassSourceLocation@22 (line 917)
                      ; - java.lang.ClassLoader::defineClass@12 (line 1016)
                      ;   {internal_word}
  0x0000029f1342202c: d8ff 49ba | 0c20 4213 | 9f02 0000 | 4d89 9760 

  0x0000029f1342203c: ;   {runtime_call SafepointBlob}
  0x0000029f1342203c: 0300 00e9 | 3c6f ceff | 9090 498b | 87d8 0300 | 0049 c787 | d803 0000 | 0000 0000 | 49c7 87e0 
  0x0000029f1342205c: 0300 0000 | 0000 0048 | 81c4 b000 

  0x0000029f13422068: ;   {runtime_call unwind_exception Runtime1 stub}
  0x0000029f13422068: 0000 5de9 | 9030 d8ff | f4f4 f4f4 | f4f4 f4f4 | f4f4 f4f4 | f4f4 f4f4 
[Stub Code]
  0x0000029f13422080: ;   {no_reloc}
  0x0000029f13422080: 0f1f 4400 

  0x0000029f13422084: ;   {static_stub}
  0x0000029f13422084: 0048 bb00 | 0000 0000 

  0x0000029f1342208c: ;   {runtime_call}
  0x0000029f1342208c: 0000 00e9 | fbff ffff 

  0x0000029f13422094: ;   {static_stub}
  0x0000029f13422094: 9048 bb00 | 0000 0000 

  0x0000029f1342209c: ;   {runtime_call}
  0x0000029f1342209c: 0000 00e9 | fbff ffff 

  0x0000029f134220a4: ;   {static_stub}
  0x0000029f134220a4: 9048 bb00 | 0000 0000 

  0x0000029f134220ac: ;   {runtime_call}
  0x0000029f134220ac: 0000 00e9 | fbff ffff 

  0x0000029f134220b4: ;   {static_stub}
  0x0000029f134220b4: 9048 bb00 | 0000 0000 

  0x0000029f134220bc: ;   {runtime_call}
  0x0000029f134220bc: 0000 00e9 | fbff ffff 
[Exception Handler]
  0x0000029f134220c4: ;   {runtime_call handle_exception_from_callee Runtime1 stub}
  0x0000029f134220c4: e837 65d8 

  0x0000029f134220c8: ;   {external_word}
  0x0000029f134220c8: ff48 b900 | ea54 0afd | 7f00 0048 

  0x0000029f134220d4: ;   {runtime_call}
  0x0000029f134220d4: 83e4 f049 | ba40 961d | 0afd 7f00 | 0041 ffd2 

  0x0000029f134220e4: ;   {section_word}
  0x0000029f134220e4: f449 bae5 | 2042 139f | 0200 0041 

  0x0000029f134220f0: ;   {runtime_call DeoptimizationBlob}
  0x0000029f134220f0: 52e9 2a83 | ceff f4f4 
[/MachCode]


Compiled method (c1) 702  742       1       jdk.internal.loader.BuiltinClassLoader::defineClass (121 bytes)
 total in heap  [0x0000029f133f5b10,0x0000029f133f6988] = 3704
 relocation     [0x0000029f133f5c70,0x0000029f133f5da0] = 304
 main code      [0x0000029f133f5da0,0x0000029f133f63c0] = 1568
 stub code      [0x0000029f133f63c0,0x0000029f133f6508] = 328
 metadata       [0x0000029f133f6508,0x0000029f133f6550] = 72
 scopes data    [0x0000029f133f6550,0x0000029f133f67a8] = 600
 scopes pcs     [0x0000029f133f67a8,0x0000029f133f6948] = 416
 dependencies   [0x0000029f133f6948,0x0000029f133f6950] = 8
 handler table  [0x0000029f133f6950,0x0000029f133f6968] = 24
 nul chk table  [0x0000029f133f6968,0x0000029f133f6988] = 32

[Constant Pool (empty)]

[MachCode]
[Entry Point]
  # {method} {0x0000029f1e4368e0} 'defineClass' '(Ljava/lang/String;Ljdk/internal/loader/Resource;)Ljava/lang/Class;' in 'jdk/internal/loader/BuiltinClassLoader'
  # this:     rdx:rdx   = 'jdk/internal/loader/BuiltinClassLoader'
  # parm0:    r8:r8     = 'java/lang/String'
  # parm1:    r9:r9     = 'jdk/internal/loader/Resource'
  #           [sp+0x110]  (sp of caller)
  0x0000029f133f5da0: 448b 5208 | 49bb 0000 | 001e 9f02 | 0000 4d03 | d34c 3bd0 

  0x0000029f133f5db4: ;   {runtime_call ic_miss_stub}
  0x0000029f133f5db4: 0f85 c6b7 | d0ff 660f | 1f44 0000 
[Verified Entry Point]
  0x0000029f133f5dc0: 8984 2400 | 90ff ff55 | 4881 ec00 | 0100 0048 | 8994 24a0 | 0000 004c | 8984 2490 | 0000 004c 
  0x0000029f133f5de0: 898c 2498 | 0000 0049 | 8bd1 6666 | 9048 b860 | 5219 1e9f 

  0x0000029f133f5df4: ;   {virtual_call}
  0x0000029f133f5df4: 0200 00e8 

  0x0000029f133f5df8: ; ImmutableOopMap {[152]=Oop [160]=Oop [144]=Oop }
                      ;*invokevirtual getCodeSourceURL {reexecute=0 rethrow=0 return_oop=0}
                      ; - jdk.internal.loader.BuiltinClassLoader::defineClass@1 (line 842)
  0x0000029f133f5df8: 244d 0000 | 4889 8424 | a800 0000 | 4c8b 8424 | 9000 0000 

  0x0000029f133f5e0c: ; implicit exception: dispatches to 0x0000029f133f62c3
  0x0000029f133f5e0c: 418b 7014 

  0x0000029f133f5e10: ; implicit exception: dispatches to 0x0000029f133f62c8
  0x0000029f133f5e10: 8b56 0c45 | 0fbe 4810 | 498b c9c1 | e118 c1f9 | 18d3 fa48 | 8bfa ffcf | 4183 f900 | ba00 0000 
  0x0000029f133f5e30: 000f 8505 | 0000 00ba | 0100 0000 | 83e2 0183 | fa00 488b | d641 b82e | 0000 004c | 8bcf 0f84 
  0x0000029f133f5e50: 0d00 0000 

  0x0000029f133f5e54: ;   {static_call}
  0x0000029f133f5e54: 6666 90e8 

  0x0000029f133f5e58: ; ImmutableOopMap {[152]=Oop [160]=Oop [168]=Oop [144]=Oop }
                      ;*invokestatic lastIndexOf {reexecute=0 rethrow=0 return_oop=0}
                      ; - java.lang.String::lastIndexOf@13 (line 2489)
                      ; - java.lang.String::lastIndexOf@8 (line 2451)
                      ; - jdk.internal.loader.BuiltinClassLoader::defineClass@8 (line 845)
  0x0000029f133f5e58: 64aa efff | e90b 0000 | 0066 0f1f 

  0x0000029f133f5e64: ;   {static_call}
  0x0000029f133f5e64: 4400 00e8 

  0x0000029f133f5e68: ; ImmutableOopMap {[152]=Oop [160]=Oop [168]=Oop [144]=Oop }
                      ;*invokestatic lastIndexOf {reexecute=0 rethrow=0 return_oop=0}
                      ; - java.lang.String::lastIndexOf@25 (line 2490)
                      ; - java.lang.String::lastIndexOf@8 (line 2451)
                      ; - jdk.internal.loader.BuiltinClassLoader::defineClass@8 (line 845)
  0x0000029f133f5e68: 94c7 d0ff | 83f8 ff0f | 8467 0000 | 0041 b800 | 0000 004c | 8bc8 488b | 9424 9000 

  0x0000029f133f5e84: ;   {optimized virtual_call}
  0x0000029f133f5e84: 0000 90e8 

  0x0000029f133f5e88: ; ImmutableOopMap {[152]=Oop [160]=Oop [168]=Oop [144]=Oop }
                      ;*invokevirtual substring {reexecute=0 rethrow=0 return_oop=0}
                      ; - jdk.internal.loader.BuiltinClassLoader::defineClass@23 (line 847)
  0x0000029f133f5e88: 7421 f1ff | 488b 9424 | 9800 0000 | 4889 8424 | b000 0000 | 9048 b860 | 5219 1e9f 

  0x0000029f133f5ea4: ;   {virtual_call}
  0x0000029f133f5ea4: 0200 00e8 

  0x0000029f133f5ea8: ; ImmutableOopMap {[152]=Oop [160]=Oop [168]=Oop [144]=Oop [176]=Oop }
                      ;*invokevirtual getManifest {reexecute=0 rethrow=0 return_oop=0}
                      ; - jdk.internal.loader.BuiltinClassLoader::defineClass@29 (line 848)
  0x0000029f133f5ea8: 5453 0000 | 4c8b 8424 | b000 0000 | 4c8b c848 | 8bbc 24a8 | 0000 0048 | 8b94 24a0 | 0000 0066 
  0x0000029f133f5ec8: 0f1f 4400 | 0048 b878 | b707 1e9f 

  0x0000029f133f5ed4: ;   {virtual_call}
  0x0000029f133f5ed4: 0200 00e8 

  0x0000029f133f5ed8: ; ImmutableOopMap {[152]=Oop [160]=Oop [168]=Oop [144]=Oop }
                      ;*invokevirtual defineOrCheckPackage {reexecute=0 rethrow=0 return_oop=0}
                      ; - jdk.internal.loader.BuiltinClassLoader::defineClass@40 (line 849)
  0x0000029f133f5ed8: 44f0 ffff | 4c8b 8c24 | 9800 0000 | 488d 9424 | e000 0000 | 4c89 4a08 | 498b 0148 | 83c8 0148 
  0x0000029f133f5ef8: 8902 f049 | 0fb1 110f | 8413 0000 | 0048 2bc4 | 4881 e007 | f0ff ff48 | 8902 0f85 | b503 0000 
  0x0000029f133f5f18: 418b 510c | 4883 fa00 | 0f85 4700 | 0000 498b | d10f 1f40 | 0048 b860 | 5219 1e9f 

  0x0000029f133f5f34: ;   {virtual_call}
  0x0000029f133f5f34: 0200 00e8 

  0x0000029f133f5f38: ; ImmutableOopMap {[160]=Oop [168]=Oop [144]=Oop [152]=Oop [232]=Oop }
                      ;*invokevirtual getInputStream {reexecute=0 rethrow=0 return_oop=0}
                      ; - jdk.internal.loader.Resource::cachedInputStream@9 (line 77)
                      ; - jdk.internal.loader.Resource::getByteBuffer@1 (line 163)
                      ; - jdk.internal.loader.BuiltinClassLoader::defineClass@45 (line 853)
  0x0000029f133f5f38: 04e8 0200 | 410f be57 | 3883 fa00 | 4c8b 8c24 | 9800 0000 | 0f85 8e03 | 0000 4c8b | d045 8951 
  0x0000029f133f5f58: 0c49 8bd1 | 4833 d048 | c1ea 1448 | 83fa 000f | 858f 0300 | 0041 8b51 | 0c48 8d84 | 24e0 0000 
  0x0000029f133f5f78: 0048 8b30 | 4885 f60f | 840f 0000 | 0048 8b78 | 08f0 480f | b137 0f85 | 8003 0000 | 4883 fa00 
  0x0000029f133f5f98: 0f84 4400 

  0x0000029f133f5f9c: ;   {metadata('sun/nio/ByteBuffered')}
  0x0000029f133f5f9c: 0000 48b8 | 18bd 0d1e | 9f02 0000 | 8b5a 0849 | ba00 0000 | 1e9f 0200 | 0049 03da | 483b 4320 
  0x0000029f133f5fbc: 0f84 2500 | 0000 483b | d80f 841c | 0000 0053 

  0x0000029f133f5fcc: ;   {runtime_call slow_subtype_check Runtime1 stub}
  0x0000029f133f5fcc: 50e8 2e32 | dbff 5b5b | 83fb 000f | 8405 0000 | 00e9 0500 | 0000 4833 | f6eb 0a48 | be01 0000 
  0x0000029f133f5fec: 0000 0000 | 0083 fe00 | 0f84 6700 | 0000 4883 | fa00 0f84 | 4400 0000 

  0x0000029f133f6004: ;   {metadata('sun/nio/ByteBuffered')}
  0x0000029f133f6004: 48bb 18bd | 0d1e 9f02 | 0000 8b7a | 0849 ba00 | 0000 1e9f | 0200 0049 | 03fa 483b | 5f20 0f84 
  0x0000029f133f6024: 2000 0000 | 483b fb0f | 8417 0000 

  0x0000029f133f6030: ;   {runtime_call slow_subtype_check Runtime1 stub}
  0x0000029f133f6030: 0057 53e8 | c831 dbff | 5f5f 83ff | 000f 84e7 | 0200 00e9 | 0000 0000 | 0f1f 4400 | 0048 b8ff 
  0x0000029f133f6050: ffff ffff 

  0x0000029f133f6054: ;   {virtual_call}
  0x0000029f133f6054: ffff ffe8 

  0x0000029f133f6058: ; ImmutableOopMap {[160]=Oop [168]=Oop [144]=Oop [152]=Oop }
                      ;*invokeinterface getByteBuffer {reexecute=0 rethrow=0 return_oop=0}
                      ; - jdk.internal.loader.Resource::getByteBuffer@16 (line 165)
                      ; - jdk.internal.loader.BuiltinClassLoader::defineClass@45 (line 853)
  0x0000029f133f6058: 24c0 d0ff | e90a 0000 

  0x0000029f133f6060: ;   {oop(NULL)}
  0x0000029f133f6060: 0048 b800 | 0000 0000 | 0000 0048 | 83f8 000f | 84e5 0000 | 0048 8984 | 24b8 0000 | 0048 8b94 
  0x0000029f133f6080: 2498 0000 | 0048 b8ff | ffff ffff 

  0x0000029f133f608c: ;   {virtual_call}
  0x0000029f133f608c: ffff ffe8 

  0x0000029f133f6090: ; ImmutableOopMap {[160]=Oop [168]=Oop [144]=Oop [184]=Oop }
                      ;*invokevirtual getCodeSigners {reexecute=0 rethrow=0 return_oop=0}
                      ; - jdk.internal.loader.BuiltinClassLoader::defineClass@56 (line 855)
  0x0000029f133f6090: ecbf d0ff 

  0x0000029f133f6094: ;   {metadata('java/security/CodeSource')}
  0x0000029f133f6094: 4c8b c848 | baa0 ee00 | 1e9f 0200 | 0049 8b87 | 0801 0000 | 488d 7828 | 493b bf18 | 0100 000f 
  0x0000029f133f60b4: 877a 0200 | 0049 89bf | 0801 0000 | 48c7 0001 | 0000 0048 | 8bca 49ba | 0000 001e | 9f02 0000 
  0x0000029f133f60d4: 492b ca89 | 4808 4833 | c989 480c | 4833 c948 | 8948 1048 | 8948 1848 | 8948 204c | 8b84 24a8 
  0x0000029f133f60f4: 0000 0048 | 8bd0 4889 | 8424 c000 | 0000 0f1f 

  0x0000029f133f6104: ;   {optimized virtual_call}
  0x0000029f133f6104: 4400 00e8 

  0x0000029f133f6108: ; ImmutableOopMap {[160]=Oop [144]=Oop [184]=Oop [192]=Oop }
                      ;*invokespecial <init> {reexecute=0 rethrow=0 return_oop=0}
                      ; - jdk.internal.loader.BuiltinClassLoader::defineClass@68 (line 856)
  0x0000029f133f6108: f4b9 d0ff | 4c8b 8424 | c000 0000 | 488b 9424 | a000 0000 

  0x0000029f133f611c: ;   {optimized virtual_call}
  0x0000029f133f611c: 6666 90e8 

  0x0000029f133f6120: ; ImmutableOopMap {[160]=Oop [144]=Oop [184]=Oop }
                      ;*invokevirtual getProtectionDomain {reexecute=0 rethrow=0 return_oop=0}
                      ; - java.security.SecureClassLoader::defineClass@5 (line 182)
                      ; - jdk.internal.loader.BuiltinClassLoader::defineClass@79 (line 857)
  0x0000029f133f6120: dcb9 d0ff | 4c8b 8424 | 9000 0000 | 4c8b 8c24 | b800 0000 | 488b f848 | 8b94 24a0 

  0x0000029f133f613c: ;   {optimized virtual_call}
  0x0000029f133f613c: 0000 00e8 

  0x0000029f133f6140: ; ImmutableOopMap {}
                      ;*invokevirtual defineClass {reexecute=0 rethrow=0 return_oop=0}
                      ; - java.security.SecureClassLoader::defineClass@8 (line 182)
                      ; - jdk.internal.loader.BuiltinClassLoader::defineClass@79 (line 857)
  0x0000029f133f6140: bcb9 d0ff | 4881 c400 | 0100 005d 

  0x0000029f133f614c: ;   {poll_return}
  0x0000029f133f614c: 493b a748 | 0300 000f | 87e7 0100 | 00c3 4c8b | 8c24 9800 | 0000 498b | d148 b860 | 5219 1e9f 
  0x0000029f133f616c: ;   {virtual_call}
  0x0000029f133f616c: 0200 00e8 

  0x0000029f133f6170: ; ImmutableOopMap {[160]=Oop [144]=Oop [152]=Oop [168]=Oop }
                      ;*invokevirtual getBytes {reexecute=0 rethrow=0 return_oop=0}
                      ; - jdk.internal.loader.BuiltinClassLoader::defineClass@84 (line 859)
  0x0000029f133f6170: 6cec 0200 | 4889 8424 | c800 0000 | 488b 9424 | 9800 0000 | 9048 b860 | 5219 1e9f 

  0x0000029f133f618c: ;   {virtual_call}
  0x0000029f133f618c: 0200 00e8 

  0x0000029f133f6190: ; ImmutableOopMap {[160]=Oop [144]=Oop [168]=Oop [200]=Oop }
                      ;*invokevirtual getCodeSigners {reexecute=0 rethrow=0 return_oop=0}
                      ; - jdk.internal.loader.BuiltinClassLoader::defineClass@90 (line 860)
  0x0000029f133f6190: 2c57 0000 

  0x0000029f133f6194: ;   {metadata('java/security/CodeSource')}
  0x0000029f133f6194: 4c8b c848 | baa0 ee00 | 1e9f 0200 | 0049 8b87 | 0801 0000 | 488d 7828 | 493b bf18 | 0100 000f 
  0x0000029f133f61b4: 879d 0100 | 0049 89bf | 0801 0000 | 48c7 0001 | 0000 0048 | 8bca 49ba | 0000 001e | 9f02 0000 
  0x0000029f133f61d4: 492b ca89 | 4808 4833 | c989 480c | 4833 c948 | 8948 1048 | 8948 1848 | 8948 204c | 8b84 24a8 
  0x0000029f133f61f4: 0000 0048 | 8bd0 4889 | 8424 d000 | 0000 0f1f 

  0x0000029f133f6204: ;   {optimized virtual_call}
  0x0000029f133f6204: 4400 00e8 

  0x0000029f133f6208: ; ImmutableOopMap {[160]=Oop [144]=Oop [200]=Oop [208]=Oop }
                      ;*invokespecial <init> {reexecute=0 rethrow=0 return_oop=0}
                      ; - jdk.internal.loader.BuiltinClassLoader::defineClass@102 (line 861)
  0x0000029f133f6208: 74a9 0200 | 488b 8424 | c800 0000 

  0x0000029f133f6214: ; implicit exception: dispatches to 0x0000029f133f6363
  0x0000029f133f6214: 8b70 0c4c | 8b84 24d0 | 0000 0048 | 8b94 24a0 | 0000 0089 | b424 d800 

  0x0000029f133f622c: ;   {optimized virtual_call}
  0x0000029f133f622c: 0000 90e8 

  0x0000029f133f6230: ; ImmutableOopMap {[160]=Oop [144]=Oop [200]=Oop }
                      ;*invokevirtual getProtectionDomain {reexecute=0 rethrow=0 return_oop=0}
                      ; - java.security.SecureClassLoader::defineClass@9 (line 150)
                      ; - jdk.internal.loader.BuiltinClassLoader::defineClass@117 (line 862)
  0x0000029f133f6230: 4caf 0200 | 4c8b 8424 | 9000 0000 | 4c8b 8c24 | c800 0000 | bf00 0000 | 008b b424 | d800 0000 
  0x0000029f133f6250: 488b c848 | 8b94 24a0 | 0000 000f 

  0x0000029f133f625c: ;   {optimized virtual_call}
  0x0000029f133f625c: 1f40 00e8 

  0x0000029f133f6260: ; ImmutableOopMap {}
                      ;*invokevirtual defineClass {reexecute=0 rethrow=0 return_oop=0}
                      ; - java.security.SecureClassLoader::defineClass@12 (line 150)
                      ; - jdk.internal.loader.BuiltinClassLoader::defineClass@117 (line 862)
  0x0000029f133f6260: 9cbc 0200 | 4881 c400 | 0100 005d 

  0x0000029f133f626c: ;   {poll_return}
  0x0000029f133f626c: 493b a748 | 0300 000f | 87ef 0000 | 00c3 498b | 87d8 0300 | 004d 33d2 | 4d89 97d8 | 0300 004d 
  0x0000029f133f628c: 33d2 4d89 | 97e0 0300 | 0048 8bf0 | 488d 8424 | e000 0000 | 488b 3848 | 85ff 0f84 | 0f00 0000 
  0x0000029f133f62ac: 488b 5808 | f048 0fb1 | 3b0f 85c3 | 0000 0048 | 8bc6 e9f0 

  0x0000029f133f62c0: ;   {runtime_call throw_null_pointer_exception Runtime1 stub}
  0x0000029f133f62c0: 0000 00e8 

  0x0000029f133f62c4: ; ImmutableOopMap {[152]=Oop [160]=Oop rax=Oop [168]=Oop r8=Oop [144]=Oop }
                      ;*invokevirtual lastIndexOf {reexecute=0 rethrow=0 return_oop=0}
                      ; - jdk.internal.loader.BuiltinClassLoader::defineClass@8 (line 845)
  0x0000029f133f62c4: 58fd daff 

  0x0000029f133f62c8: ;   {runtime_call throw_null_pointer_exception Runtime1 stub}
  0x0000029f133f62c8: e853 fdda 

  0x0000029f133f62cc: ; ImmutableOopMap {[152]=Oop [160]=Oop rax=Oop [168]=Oop r8=Oop [144]=Oop rsi=Oop }
                      ;*arraylength {reexecute=0 rethrow=0 return_oop=0}
                      ; - java.lang.String::length@4 (line 1481)
                      ; - java.lang.String::lastIndexOf@3 (line 2451)
                      ; - jdk.internal.loader.BuiltinClassLoader::defineClass@8 (line 845)
  0x0000029f133f62cc: ff4c 894c | 2408 4889 

  0x0000029f133f62d4: ;   {runtime_call monitorenter_nofpu Runtime1 stub}
  0x0000029f133f62d4: 1424 e8a5 

  0x0000029f133f62d8: ; ImmutableOopMap {[160]=Oop [168]=Oop [144]=Oop r9=Oop [152]=Oop [232]=Oop }
                      ;*synchronization entry
                      ; - jdk.internal.loader.Resource::cachedInputStream@-1 (line 76)
                      ; - jdk.internal.loader.Resource::getByteBuffer@1 (line 163)
                      ; - jdk.internal.loader.BuiltinClassLoader::defineClass@45 (line 853)
  0x0000029f133f62d8: 35db ffe9 | 38fc ffff | 418b 510c | 4883 fa00 | 0f84 64fc | ffff 4889 

  0x0000029f133f62f0: ;   {runtime_call g1_pre_barrier_slow}
  0x0000029f133f62f0: 1424 e889 | 66db ffe9 | 56fc ffff | 4883 f800 | 0f84 67fc | ffff 4c89 

  0x0000029f133f6308: ;   {runtime_call g1_post_barrier_slow}
  0x0000029f133f6308: 0c24 e871 | 6adb ffe9 | 59fc ffff | 488d 8424 | e000 0000 | 4889 0424 

  0x0000029f133f6320: ;   {runtime_call monitorexit_nofpu Runtime1 stub}
  0x0000029f133f6320: e8db 3bdb | ffe9 6afc | ffff 4889 

  0x0000029f133f632c: ;   {runtime_call throw_class_cast_exception Runtime1 stub}
  0x0000029f133f632c: 1424 e8ed 

  0x0000029f133f6330: ; ImmutableOopMap {[160]=Oop [168]=Oop [144]=Oop [152]=Oop }
                      ;*checkcast {reexecute=0 rethrow=0 return_oop=0}
                      ; - jdk.internal.loader.Resource::getByteBuffer@13 (line 165)
                      ; - jdk.internal.loader.BuiltinClassLoader::defineClass@45 (line 853)
  0x0000029f133f6330: 28db ff48 

  0x0000029f133f6334: ;   {runtime_call fast_new_instance Runtime1 stub}
  0x0000029f133f6334: 8bd2 e8c5 

  0x0000029f133f6338: ; ImmutableOopMap {[160]=Oop [168]=Oop [144]=Oop [184]=Oop r9=Oop }
                      ;*new {reexecute=0 rethrow=0 return_oop=0}
                      ; - jdk.internal.loader.BuiltinClassLoader::defineClass@61 (line 856)
  0x0000029f133f6338: 07db ffe9 | affd ffff 

  0x0000029f133f6340: ;   {internal_word}
  0x0000029f133f6340: 49ba 4c61 | 3f13 9f02 | 0000 4d89 | 9760 0300 

  0x0000029f133f6350: ;   {runtime_call SafepointBlob}
  0x0000029f133f6350: 00e9 2a2c | d1ff 488b 

  0x0000029f133f6358: ;   {runtime_call fast_new_instance Runtime1 stub}
  0x0000029f133f6358: d2e8 a207 

  0x0000029f133f635c: ; ImmutableOopMap {[160]=Oop [144]=Oop [168]=Oop [200]=Oop r9=Oop }
                      ;*new {reexecute=0 rethrow=0 return_oop=0}
                      ; - jdk.internal.loader.BuiltinClassLoader::defineClass@95 (line 861)
  0x0000029f133f635c: dbff e98c 

  0x0000029f133f6360: ;   {runtime_call throw_null_pointer_exception Runtime1 stub}
  0x0000029f133f6360: feff ffe8 

  0x0000029f133f6364: ; ImmutableOopMap {[160]=Oop [144]=Oop [208]=Oop rax=Oop [200]=Oop }
                      ;*arraylength {reexecute=0 rethrow=0 return_oop=0}
                      ; - jdk.internal.loader.BuiltinClassLoader::defineClass@114 (line 862)
  0x0000029f133f6364: b8fc daff 

  0x0000029f133f6368: ;   {internal_word}
  0x0000029f133f6368: 49ba 6c62 | 3f13 9f02 | 0000 4d89 | 9760 0300 

  0x0000029f133f6378: ;   {runtime_call SafepointBlob}
  0x0000029f133f6378: 00e9 022c | d1ff 488d | 8424 e000 | 0000 4889 

  0x0000029f133f6388: ;   {runtime_call monitorexit_nofpu Runtime1 stub}
  0x0000029f133f6388: 0424 e871 | 3bdb ffe9 | 27ff ffff | 9090 498b | 87d8 0300 | 0049 c787 | d803 0000 | 0000 0000 
  0x0000029f133f63a8: 49c7 87e0 | 0300 0000 | 0000 0048 | 81c4 0001 

  0x0000029f133f63b8: ;   {runtime_call unwind_exception Runtime1 stub}
  0x0000029f133f63b8: 0000 5de9 | 40ed daff 
[Stub Code]
  0x0000029f133f63c0: ;   {no_reloc}
  0x0000029f133f63c0: 0f1f 4400 

  0x0000029f133f63c4: ;   {static_stub}
  0x0000029f133f63c4: 0048 bb00 | 0000 0000 

  0x0000029f133f63cc: ;   {runtime_call}
  0x0000029f133f63cc: 0000 00e9 | fbff ffff 

  0x0000029f133f63d4: ;   {static_stub}
  0x0000029f133f63d4: 9048 bb00 | 0000 0000 

  0x0000029f133f63dc: ;   {runtime_call}
  0x0000029f133f63dc: 0000 00e9 | fbff ffff 

  0x0000029f133f63e4: ;   {static_stub}
  0x0000029f133f63e4: 9048 bb00 | 0000 0000 

  0x0000029f133f63ec: ;   {runtime_call}
  0x0000029f133f63ec: 0000 00e9 | fbff ffff 

  0x0000029f133f63f4: ;   {static_stub}
  0x0000029f133f63f4: 9048 bb00 | 0000 0000 

  0x0000029f133f63fc: ;   {runtime_call}
  0x0000029f133f63fc: 0000 00e9 | fbff ffff 

  0x0000029f133f6404: ;   {static_stub}
  0x0000029f133f6404: 9048 bb00 | 0000 0000 

  0x0000029f133f640c: ;   {runtime_call}
  0x0000029f133f640c: 0000 00e9 | fbff ffff 

  0x0000029f133f6414: ;   {static_stub}
  0x0000029f133f6414: 9048 bb00 | 0000 0000 

  0x0000029f133f641c: ;   {runtime_call}
  0x0000029f133f641c: 0000 00e9 | fbff ffff 

  0x0000029f133f6424: ;   {static_stub}
  0x0000029f133f6424: 9048 bb00 | 0000 0000 

  0x0000029f133f642c: ;   {runtime_call}
  0x0000029f133f642c: 0000 00e9 | fbff ffff 

  0x0000029f133f6434: ;   {static_stub}
  0x0000029f133f6434: 9048 bb00 | 0000 0000 

  0x0000029f133f643c: ;   {runtime_call}
  0x0000029f133f643c: 0000 00e9 | fbff ffff 

  0x0000029f133f6444: ;   {static_stub}
  0x0000029f133f6444: 9048 bb00 | 0000 0000 

  0x0000029f133f644c: ;   {runtime_call}
  0x0000029f133f644c: 0000 00e9 | fbff ffff 

  0x0000029f133f6454: ;   {static_stub}
  0x0000029f133f6454: 9048 bb00 | 0000 0000 

  0x0000029f133f645c: ;   {runtime_call}
  0x0000029f133f645c: 0000 00e9 | fbff ffff 

  0x0000029f133f6464: ;   {static_stub}
  0x0000029f133f6464: 9048 bb00 | 0000 0000 

  0x0000029f133f646c: ;   {runtime_call}
  0x0000029f133f646c: 0000 00e9 | fbff ffff 

  0x0000029f133f6474: ;   {static_stub}
  0x0000029f133f6474: 9048 bb00 | 0000 0000 

  0x0000029f133f647c: ;   {runtime_call}
  0x0000029f133f647c: 0000 00e9 | fbff ffff 

  0x0000029f133f6484: ;   {static_stub}
  0x0000029f133f6484: 9048 bb00 | 0000 0000 

  0x0000029f133f648c: ;   {runtime_call}
  0x0000029f133f648c: 0000 00e9 | fbff ffff 

  0x0000029f133f6494: ;   {static_stub}
  0x0000029f133f6494: 9048 bb00 | 0000 0000 

  0x0000029f133f649c: ;   {runtime_call}
  0x0000029f133f649c: 0000 00e9 | fbff ffff 

  0x0000029f133f64a4: ;   {static_stub}
  0x0000029f133f64a4: 9048 bbf0 | 2e42 1e9f 

  0x0000029f133f64ac: ;   {runtime_call I2C/C2I adapters}
  0x0000029f133f64ac: 0200 00e9 | ad39 d1ff 

  0x0000029f133f64b4: ;   {static_stub}
  0x0000029f133f64b4: 9048 bbb0 | 5043 1e9f 

  0x0000029f133f64bc: ;   {runtime_call I2C/C2I adapters}
  0x0000029f133f64bc: 0200 00e9 | 9910 d1ff 

  0x0000029f133f64c4: ;   {static_stub}
  0x0000029f133f64c4: 9048 bba8 | 0c01 1e9f 

  0x0000029f133f64cc: ;   {runtime_call I2C/C2I adapters}
  0x0000029f133f64cc: 0200 00e9 | 171e d0ff 
[Exception Handler]
  0x0000029f133f64d4: ;   {runtime_call handle_exception_from_callee Runtime1 stub}
  0x0000029f133f64d4: e827 21db 

  0x0000029f133f64d8: ;   {external_word}
  0x0000029f133f64d8: ff48 b900 | ea54 0afd | 7f00 0048 

  0x0000029f133f64e4: ;   {runtime_call}
  0x0000029f133f64e4: 83e4 f049 | ba40 961d | 0afd 7f00 | 0041 ffd2 

  0x0000029f133f64f4: ;   {section_word}
  0x0000029f133f64f4: f449 baf5 | 643f 139f | 0200 0041 

  0x0000029f133f6500: ;   {runtime_call DeoptimizationBlob}
  0x0000029f133f6500: 52e9 1a3f | d1ff f4f4 
[/MachCode]


---------------  P R O C E S S  ---------------

Threads class SMR info:
_java_thread_list=0x0000029f6395cec0, length=14, elements={
0x0000029f09d587e0, 0x0000029f1d86ad20, 0x0000029f1d86b7f0, 0x0000029f1d883710,
0x0000029f1d883fe0, 0x0000029f1d8848b0, 0x0000029f1d887190, 0x0000029f1d8a7b20,
0x0000029f1d8ad860, 0x0000029f63211e10, 0x0000029f6322ac40, 0x0000029f6326f8a0,
0x0000029f6327afd0, 0x0000029f63957c30
}

Java Threads: ( => current thread )
=>0x0000029f09d587e0 JavaThread "main" [_thread_in_vm, id=23212, stack(0x000000a031500000,0x000000a031600000)]
  0x0000029f1d86ad20 JavaThread "Reference Handler" daemon [_thread_blocked, id=11712, stack(0x000000a031c00000,0x000000a031d00000)]
  0x0000029f1d86b7f0 JavaThread "Finalizer" daemon [_thread_blocked, id=18004, stack(0x000000a031d00000,0x000000a031e00000)]
  0x0000029f1d883710 JavaThread "Signal Dispatcher" daemon [_thread_blocked, id=12384, stack(0x000000a031e00000,0x000000a031f00000)]
  0x0000029f1d883fe0 JavaThread "Attach Listener" daemon [_thread_blocked, id=13320, stack(0x000000a031f00000,0x000000a032000000)]
  0x0000029f1d8848b0 JavaThread "Service Thread" daemon [_thread_blocked, id=22864, stack(0x000000a032000000,0x000000a032100000)]
  0x0000029f1d887190 JavaThread "Monitor Deflation Thread" daemon [_thread_blocked, id=22888, stack(0x000000a032100000,0x000000a032200000)]
  0x0000029f1d8a7b20 JavaThread "C1 CompilerThread0" daemon [_thread_blocked, id=10180, stack(0x000000a032200000,0x000000a032300000)]
  0x0000029f1d8ad860 JavaThread "Sweeper thread" daemon [_thread_blocked, id=7504, stack(0x000000a032300000,0x000000a032400000)]
  0x0000029f63211e10 JavaThread "C1 CompilerThread1" daemon [_thread_blocked, id=6400, stack(0x000000a032400000,0x000000a032500000)]
  0x0000029f6322ac40 JavaThread "C1 CompilerThread2" daemon [_thread_blocked, id=20320, stack(0x000000a032500000,0x000000a032600000)]
  0x0000029f6326f8a0 JavaThread "Notification Thread" daemon [_thread_blocked, id=17828, stack(0x000000a032600000,0x000000a032700000)]
  0x0000029f6327afd0 JavaThread "Common-Cleaner" daemon [_thread_blocked, id=15644, stack(0x000000a032800000,0x000000a032900000)]
  0x0000029f63957c30 JavaThread "background-preinit" [_thread_in_vm, id=5168, stack(0x000000a032e00000,0x000000a032f00000)]

Other Threads:
  0x0000029f1d8644c0 VMThread "VM Thread" [stack: 0x000000a031b00000,0x000000a031c00000] [id=3580]
  0x0000029f632710f0 WatcherThread [stack: 0x000000a032700000,0x000000a032800000] [id=19084]
  0x0000029f09dbe7e0 GCTaskThread "GC Thread#0" [stack: 0x000000a031600000,0x000000a031700000] [id=23220]
  0x0000029f638ef210 GCTaskThread "GC Thread#1" [stack: 0x000000a032900000,0x000000a032a00000] [id=3892]
  0x0000029f638ef4d0 GCTaskThread "GC Thread#2" [stack: 0x000000a032a00000,0x000000a032b00000] [id=11628]
  0x0000029f63907560 GCTaskThread "GC Thread#3" [stack: 0x000000a032b00000,0x000000a032c00000] [id=16848]
  0x0000029f63907820 GCTaskThread "GC Thread#4" [stack: 0x000000a032c00000,0x000000a032d00000] [id=3128]
  0x0000029f6390a300 GCTaskThread "GC Thread#5" [stack: 0x000000a032d00000,0x000000a032e00000] [id=10436]
  0x0000029f09dcf0f0 ConcurrentGCThread "G1 Main Marker" [stack: 0x000000a031700000,0x000000a031800000] [id=23216]
  0x0000029f09dd1860 ConcurrentGCThread "G1 Conc#0" [stack: 0x000000a031800000,0x000000a031900000] [id=5044]
  0x0000029f1d717e00 ConcurrentGCThread "G1 Refine#0" [stack: 0x000000a031900000,0x000000a031a00000] [id=12848]
  0x0000029f1d7189e0 ConcurrentGCThread "G1 Service" [stack: 0x000000a031a00000,0x000000a031b00000] [id=19304]

Threads with active compile tasks:

VM state: not at safepoint (normal execution)

VM Mutex/Monitor currently owned by a thread:  ([mutex/lock_event])
[0x0000029f09d542c0] Metaspace_lock - owner thread: 0x0000029f09d587e0

Heap address: 0x0000000083200000, size: 1998 MB, Compressed Oops mode: 32-bit

CDS archive(s) mapped at: [0x0000029f1e000000-0x0000029f1ebb0000-0x0000029f1ebb0000), size 12255232, SharedBaseAddress: 0x0000029f1e000000, ArchiveRelocationMode: 1.
Compressed class space mapped at: 0x0000029f1f000000-0x0000029f5f000000, reserved size: 1073741824
Narrow klass base: 0x0000029f1e000000, Narrow klass shift: 0, Narrow klass range: 0x100000000

GC Precious Log:
 CPUs: 8 total, 8 available
 Memory: 7991M
 Large Page Support: Disabled
 NUMA Support: Disabled
 Compressed Oops: Enabled (32-bit)
 Heap Region Size: 1M
 Heap Min Capacity: 8M
 Heap Initial Capacity: 126M
 Heap Max Capacity: 1998M
 Pre-touch: Disabled
 Parallel Workers: 8
 Concurrent Workers: 2
 Concurrent Refinement Workers: 8
 Periodic GC: Disabled

Heap:
 garbage-first heap   total 129024K, used 13739K [0x0000000083200000, 0x0000000100000000)
  region size 1024K, 14 young (14336K), 3 survivors (3072K)
 Metaspace       used 7973K, committed 8192K, reserved 1114112K
  class space    used 1092K, committed 1216K, reserved 1048576K

Heap Regions: E=young(eden), S=young(survivor), O=old, HS=humongous(starts), HC=humongous(continues), CS=collection set, F=free, OA=open archive, CA=closed archive, TAMS=top-at-mark-start (previous, next)
|   0|0x0000000083200000, 0x0000000083300000, 0x0000000083300000|100%| O|  |TAMS 0x0000000083200000, 0x0000000083200000| Untracked 
|   1|0x0000000083300000, 0x000000008336ac00, 0x0000000083400000| 41%| O|  |TAMS 0x0000000083300000, 0x0000000083300000| Untracked 
|   2|0x0000000083400000, 0x0000000083400000, 0x0000000083500000|  0%| F|  |TAMS 0x0000000083400000, 0x0000000083400000| Untracked 
|   3|0x0000000083500000, 0x0000000083500000, 0x0000000083600000|  0%| F|  |TAMS 0x0000000083500000, 0x0000000083500000| Untracked 
|   4|0x0000000083600000, 0x0000000083600000, 0x0000000083700000|  0%| F|  |TAMS 0x0000000083600000, 0x0000000083600000| Untracked 
|   5|0x0000000083700000, 0x0000000083700000, 0x0000000083800000|  0%| F|  |TAMS 0x0000000083700000, 0x0000000083700000| Untracked 
|   6|0x0000000083800000, 0x0000000083800000, 0x0000000083900000|  0%| F|  |TAMS 0x0000000083800000, 0x0000000083800000| Untracked 
|   7|0x0000000083900000, 0x0000000083900000, 0x0000000083a00000|  0%| F|  |TAMS 0x0000000083900000, 0x0000000083900000| Untracked 
|   8|0x0000000083a00000, 0x0000000083a00000, 0x0000000083b00000|  0%| F|  |TAMS 0x0000000083a00000, 0x0000000083a00000| Untracked 
|   9|0x0000000083b00000, 0x0000000083b00000, 0x0000000083c00000|  0%| F|  |TAMS 0x0000000083b00000, 0x0000000083b00000| Untracked 
|  10|0x0000000083c00000, 0x0000000083c00000, 0x0000000083d00000|  0%| F|  |TAMS 0x0000000083c00000, 0x0000000083c00000| Untracked 
|  11|0x0000000083d00000, 0x0000000083d00000, 0x0000000083e00000|  0%| F|  |TAMS 0x0000000083d00000, 0x0000000083d00000| Untracked 
|  12|0x0000000083e00000, 0x0000000083e00000, 0x0000000083f00000|  0%| F|  |TAMS 0x0000000083e00000, 0x0000000083e00000| Untracked 
|  13|0x0000000083f00000, 0x0000000083f00000, 0x0000000084000000|  0%| F|  |TAMS 0x0000000083f00000, 0x0000000083f00000| Untracked 
|  14|0x0000000084000000, 0x0000000084000000, 0x0000000084100000|  0%| F|  |TAMS 0x0000000084000000, 0x0000000084000000| Untracked 
|  15|0x0000000084100000, 0x0000000084100000, 0x0000000084200000|  0%| F|  |TAMS 0x0000000084100000, 0x0000000084100000| Untracked 
|  16|0x0000000084200000, 0x0000000084200000, 0x0000000084300000|  0%| F|  |TAMS 0x0000000084200000, 0x0000000084200000| Untracked 
|  17|0x0000000084300000, 0x0000000084300000, 0x0000000084400000|  0%| F|  |TAMS 0x0000000084300000, 0x0000000084300000| Untracked 
|  18|0x0000000084400000, 0x0000000084400000, 0x0000000084500000|  0%| F|  |TAMS 0x0000000084400000, 0x0000000084400000| Untracked 
|  19|0x0000000084500000, 0x0000000084500000, 0x0000000084600000|  0%| F|  |TAMS 0x0000000084500000, 0x0000000084500000| Untracked 
|  20|0x0000000084600000, 0x0000000084600000, 0x0000000084700000|  0%| F|  |TAMS 0x0000000084600000, 0x0000000084600000| Untracked 
|  21|0x0000000084700000, 0x0000000084700000, 0x0000000084800000|  0%| F|  |TAMS 0x0000000084700000, 0x0000000084700000| Untracked 
|  22|0x0000000084800000, 0x0000000084800000, 0x0000000084900000|  0%| F|  |TAMS 0x0000000084800000, 0x0000000084800000| Untracked 
|  23|0x0000000084900000, 0x0000000084900000, 0x0000000084a00000|  0%| F|  |TAMS 0x0000000084900000, 0x0000000084900000| Untracked 
|  24|0x0000000084a00000, 0x0000000084a00000, 0x0000000084b00000|  0%| F|  |TAMS 0x0000000084a00000, 0x0000000084a00000| Untracked 
|  25|0x0000000084b00000, 0x0000000084b00000, 0x0000000084c00000|  0%| F|  |TAMS 0x0000000084b00000, 0x0000000084b00000| Untracked 
|  26|0x0000000084c00000, 0x0000000084c00000, 0x0000000084d00000|  0%| F|  |TAMS 0x0000000084c00000, 0x0000000084c00000| Untracked 
|  27|0x0000000084d00000, 0x0000000084d00000, 0x0000000084e00000|  0%| F|  |TAMS 0x0000000084d00000, 0x0000000084d00000| Untracked 
|  28|0x0000000084e00000, 0x0000000084e00000, 0x0000000084f00000|  0%| F|  |TAMS 0x0000000084e00000, 0x0000000084e00000| Untracked 
|  29|0x0000000084f00000, 0x0000000084f00000, 0x0000000085000000|  0%| F|  |TAMS 0x0000000084f00000, 0x0000000084f00000| Untracked 
|  30|0x0000000085000000, 0x0000000085000000, 0x0000000085100000|  0%| F|  |TAMS 0x0000000085000000, 0x0000000085000000| Untracked 
|  31|0x0000000085100000, 0x0000000085100000, 0x0000000085200000|  0%| F|  |TAMS 0x0000000085100000, 0x0000000085100000| Untracked 
|  32|0x0000000085200000, 0x0000000085200000, 0x0000000085300000|  0%| F|  |TAMS 0x0000000085200000, 0x0000000085200000| Untracked 
|  33|0x0000000085300000, 0x0000000085300000, 0x0000000085400000|  0%| F|  |TAMS 0x0000000085300000, 0x0000000085300000| Untracked 
|  34|0x0000000085400000, 0x0000000085400000, 0x0000000085500000|  0%| F|  |TAMS 0x0000000085400000, 0x0000000085400000| Untracked 
|  35|0x0000000085500000, 0x0000000085500000, 0x0000000085600000|  0%| F|  |TAMS 0x0000000085500000, 0x0000000085500000| Untracked 
|  36|0x0000000085600000, 0x0000000085600000, 0x0000000085700000|  0%| F|  |TAMS 0x0000000085600000, 0x0000000085600000| Untracked 
|  37|0x0000000085700000, 0x0000000085700000, 0x0000000085800000|  0%| F|  |TAMS 0x0000000085700000, 0x0000000085700000| Untracked 
|  38|0x0000000085800000, 0x0000000085800000, 0x0000000085900000|  0%| F|  |TAMS 0x0000000085800000, 0x0000000085800000| Untracked 
|  39|0x0000000085900000, 0x0000000085900000, 0x0000000085a00000|  0%| F|  |TAMS 0x0000000085900000, 0x0000000085900000| Untracked 
|  40|0x0000000085a00000, 0x0000000085a00000, 0x0000000085b00000|  0%| F|  |TAMS 0x0000000085a00000, 0x0000000085a00000| Untracked 
|  41|0x0000000085b00000, 0x0000000085b00000, 0x0000000085c00000|  0%| F|  |TAMS 0x0000000085b00000, 0x0000000085b00000| Untracked 
|  42|0x0000000085c00000, 0x0000000085c00000, 0x0000000085d00000|  0%| F|  |TAMS 0x0000000085c00000, 0x0000000085c00000| Untracked 
|  43|0x0000000085d00000, 0x0000000085d00000, 0x0000000085e00000|  0%| F|  |TAMS 0x0000000085d00000, 0x0000000085d00000| Untracked 
|  44|0x0000000085e00000, 0x0000000085e00000, 0x0000000085f00000|  0%| F|  |TAMS 0x0000000085e00000, 0x0000000085e00000| Untracked 
|  45|0x0000000085f00000, 0x0000000085f00000, 0x0000000086000000|  0%| F|  |TAMS 0x0000000085f00000, 0x0000000085f00000| Untracked 
|  46|0x0000000086000000, 0x0000000086000000, 0x0000000086100000|  0%| F|  |TAMS 0x0000000086000000, 0x0000000086000000| Untracked 
|  47|0x0000000086100000, 0x0000000086100000, 0x0000000086200000|  0%| F|  |TAMS 0x0000000086100000, 0x0000000086100000| Untracked 
|  48|0x0000000086200000, 0x0000000086200000, 0x0000000086300000|  0%| F|  |TAMS 0x0000000086200000, 0x0000000086200000| Untracked 
|  49|0x0000000086300000, 0x0000000086300000, 0x0000000086400000|  0%| F|  |TAMS 0x0000000086300000, 0x0000000086300000| Untracked 
|  50|0x0000000086400000, 0x0000000086400000, 0x0000000086500000|  0%| F|  |TAMS 0x0000000086400000, 0x0000000086400000| Untracked 
|  51|0x0000000086500000, 0x0000000086500000, 0x0000000086600000|  0%| F|  |TAMS 0x0000000086500000, 0x0000000086500000| Untracked 
|  52|0x0000000086600000, 0x0000000086600000, 0x0000000086700000|  0%| F|  |TAMS 0x0000000086600000, 0x0000000086600000| Untracked 
|  53|0x0000000086700000, 0x0000000086700000, 0x0000000086800000|  0%| F|  |TAMS 0x0000000086700000, 0x0000000086700000| Untracked 
|  54|0x0000000086800000, 0x0000000086800000, 0x0000000086900000|  0%| F|  |TAMS 0x0000000086800000, 0x0000000086800000| Untracked 
|  55|0x0000000086900000, 0x0000000086900000, 0x0000000086a00000|  0%| F|  |TAMS 0x0000000086900000, 0x0000000086900000| Untracked 
|  56|0x0000000086a00000, 0x0000000086a00000, 0x0000000086b00000|  0%| F|  |TAMS 0x0000000086a00000, 0x0000000086a00000| Untracked 
|  57|0x0000000086b00000, 0x0000000086b00000, 0x0000000086c00000|  0%| F|  |TAMS 0x0000000086b00000, 0x0000000086b00000| Untracked 
|  58|0x0000000086c00000, 0x0000000086c00000, 0x0000000086d00000|  0%| F|  |TAMS 0x0000000086c00000, 0x0000000086c00000| Untracked 
|  59|0x0000000086d00000, 0x0000000086d00000, 0x0000000086e00000|  0%| F|  |TAMS 0x0000000086d00000, 0x0000000086d00000| Untracked 
|  60|0x0000000086e00000, 0x0000000086e00000, 0x0000000086f00000|  0%| F|  |TAMS 0x0000000086e00000, 0x0000000086e00000| Untracked 
|  61|0x0000000086f00000, 0x0000000086f00000, 0x0000000087000000|  0%| F|  |TAMS 0x0000000086f00000, 0x0000000086f00000| Untracked 
|  62|0x0000000087000000, 0x0000000087000000, 0x0000000087100000|  0%| F|  |TAMS 0x0000000087000000, 0x0000000087000000| Untracked 
|  63|0x0000000087100000, 0x0000000087100000, 0x0000000087200000|  0%| F|  |TAMS 0x0000000087100000, 0x0000000087100000| Untracked 
|  64|0x0000000087200000, 0x0000000087200000, 0x0000000087300000|  0%| F|  |TAMS 0x0000000087200000, 0x0000000087200000| Untracked 
|  65|0x0000000087300000, 0x0000000087300000, 0x0000000087400000|  0%| F|  |TAMS 0x0000000087300000, 0x0000000087300000| Untracked 
|  66|0x0000000087400000, 0x0000000087400000, 0x0000000087500000|  0%| F|  |TAMS 0x0000000087400000, 0x0000000087400000| Untracked 
|  67|0x0000000087500000, 0x0000000087500000, 0x0000000087600000|  0%| F|  |TAMS 0x0000000087500000, 0x0000000087500000| Untracked 
|  68|0x0000000087600000, 0x0000000087600000, 0x0000000087700000|  0%| F|  |TAMS 0x0000000087600000, 0x0000000087600000| Untracked 
|  69|0x0000000087700000, 0x0000000087700000, 0x0000000087800000|  0%| F|  |TAMS 0x0000000087700000, 0x0000000087700000| Untracked 
|  70|0x0000000087800000, 0x0000000087800000, 0x0000000087900000|  0%| F|  |TAMS 0x0000000087800000, 0x0000000087800000| Untracked 
|  71|0x0000000087900000, 0x0000000087900000, 0x0000000087a00000|  0%| F|  |TAMS 0x0000000087900000, 0x0000000087900000| Untracked 
|  72|0x0000000087a00000, 0x0000000087a00000, 0x0000000087b00000|  0%| F|  |TAMS 0x0000000087a00000, 0x0000000087a00000| Untracked 
|  73|0x0000000087b00000, 0x0000000087b00000, 0x0000000087c00000|  0%| F|  |TAMS 0x0000000087b00000, 0x0000000087b00000| Untracked 
|  74|0x0000000087c00000, 0x0000000087c00000, 0x0000000087d00000|  0%| F|  |TAMS 0x0000000087c00000, 0x0000000087c00000| Untracked 
|  75|0x0000000087d00000, 0x0000000087d00000, 0x0000000087e00000|  0%| F|  |TAMS 0x0000000087d00000, 0x0000000087d00000| Untracked 
|  76|0x0000000087e00000, 0x0000000087e00000, 0x0000000087f00000|  0%| F|  |TAMS 0x0000000087e00000, 0x0000000087e00000| Untracked 
|  77|0x0000000087f00000, 0x0000000087f00000, 0x0000000088000000|  0%| F|  |TAMS 0x0000000087f00000, 0x0000000087f00000| Untracked 
|  78|0x0000000088000000, 0x0000000088000000, 0x0000000088100000|  0%| F|  |TAMS 0x0000000088000000, 0x0000000088000000| Untracked 
|  79|0x0000000088100000, 0x0000000088100000, 0x0000000088200000|  0%| F|  |TAMS 0x0000000088100000, 0x0000000088100000| Untracked 
|  80|0x0000000088200000, 0x0000000088200000, 0x0000000088300000|  0%| F|  |TAMS 0x0000000088200000, 0x0000000088200000| Untracked 
|  81|0x0000000088300000, 0x0000000088300000, 0x0000000088400000|  0%| F|  |TAMS 0x0000000088300000, 0x0000000088300000| Untracked 
|  82|0x0000000088400000, 0x0000000088400000, 0x0000000088500000|  0%| F|  |TAMS 0x0000000088400000, 0x0000000088400000| Untracked 
|  83|0x0000000088500000, 0x0000000088500000, 0x0000000088600000|  0%| F|  |TAMS 0x0000000088500000, 0x0000000088500000| Untracked 
|  84|0x0000000088600000, 0x0000000088600000, 0x0000000088700000|  0%| F|  |TAMS 0x0000000088600000, 0x0000000088600000| Untracked 
|  85|0x0000000088700000, 0x0000000088700000, 0x0000000088800000|  0%| F|  |TAMS 0x0000000088700000, 0x0000000088700000| Untracked 
|  86|0x0000000088800000, 0x0000000088800000, 0x0000000088900000|  0%| F|  |TAMS 0x0000000088800000, 0x0000000088800000| Untracked 
|  87|0x0000000088900000, 0x0000000088900000, 0x0000000088a00000|  0%| F|  |TAMS 0x0000000088900000, 0x0000000088900000| Untracked 
|  88|0x0000000088a00000, 0x0000000088a00000, 0x0000000088b00000|  0%| F|  |TAMS 0x0000000088a00000, 0x0000000088a00000| Untracked 
|  89|0x0000000088b00000, 0x0000000088b00000, 0x0000000088c00000|  0%| F|  |TAMS 0x0000000088b00000, 0x0000000088b00000| Untracked 
|  90|0x0000000088c00000, 0x0000000088c00000, 0x0000000088d00000|  0%| F|  |TAMS 0x0000000088c00000, 0x0000000088c00000| Untracked 
|  91|0x0000000088d00000, 0x0000000088d00000, 0x0000000088e00000|  0%| F|  |TAMS 0x0000000088d00000, 0x0000000088d00000| Untracked 
|  92|0x0000000088e00000, 0x0000000088e00000, 0x0000000088f00000|  0%| F|  |TAMS 0x0000000088e00000, 0x0000000088e00000| Untracked 
|  93|0x0000000088f00000, 0x0000000088f00000, 0x0000000089000000|  0%| F|  |TAMS 0x0000000088f00000, 0x0000000088f00000| Untracked 
|  94|0x0000000089000000, 0x0000000089000000, 0x0000000089100000|  0%| F|  |TAMS 0x0000000089000000, 0x0000000089000000| Untracked 
|  95|0x0000000089100000, 0x0000000089100000, 0x0000000089200000|  0%| F|  |TAMS 0x0000000089100000, 0x0000000089100000| Untracked 
|  96|0x0000000089200000, 0x0000000089200000, 0x0000000089300000|  0%| F|  |TAMS 0x0000000089200000, 0x0000000089200000| Untracked 
|  97|0x0000000089300000, 0x0000000089300000, 0x0000000089400000|  0%| F|  |TAMS 0x0000000089300000, 0x0000000089300000| Untracked 
|  98|0x0000000089400000, 0x0000000089400000, 0x0000000089500000|  0%| F|  |TAMS 0x0000000089400000, 0x0000000089400000| Untracked 
|  99|0x0000000089500000, 0x0000000089500000, 0x0000000089600000|  0%| F|  |TAMS 0x0000000089500000, 0x0000000089500000| Untracked 
| 100|0x0000000089600000, 0x0000000089700000, 0x0000000089700000|100%| S|CS|TAMS 0x0000000089600000, 0x0000000089600000| Complete 
| 101|0x0000000089700000, 0x0000000089800000, 0x0000000089800000|100%| S|CS|TAMS 0x0000000089700000, 0x0000000089700000| Complete 
| 102|0x0000000089800000, 0x0000000089900000, 0x0000000089900000|100%| S|CS|TAMS 0x0000000089800000, 0x0000000089800000| Complete 
| 103|0x0000000089900000, 0x0000000089900000, 0x0000000089a00000|  0%| F|  |TAMS 0x0000000089900000, 0x0000000089900000| Untracked 
| 104|0x0000000089a00000, 0x0000000089a00000, 0x0000000089b00000|  0%| F|  |TAMS 0x0000000089a00000, 0x0000000089a00000| Untracked 
| 105|0x0000000089b00000, 0x0000000089b00000, 0x0000000089c00000|  0%| F|  |TAMS 0x0000000089b00000, 0x0000000089b00000| Untracked 
| 106|0x0000000089c00000, 0x0000000089c00000, 0x0000000089d00000|  0%| F|  |TAMS 0x0000000089c00000, 0x0000000089c00000| Untracked 
| 107|0x0000000089d00000, 0x0000000089d00000, 0x0000000089e00000|  0%| F|  |TAMS 0x0000000089d00000, 0x0000000089d00000| Untracked 
| 108|0x0000000089e00000, 0x0000000089e00000, 0x0000000089f00000|  0%| F|  |TAMS 0x0000000089e00000, 0x0000000089e00000| Untracked 
| 109|0x0000000089f00000, 0x0000000089f00000, 0x000000008a000000|  0%| F|  |TAMS 0x0000000089f00000, 0x0000000089f00000| Untracked 
| 110|0x000000008a000000, 0x000000008a000000, 0x000000008a100000|  0%| F|  |TAMS 0x000000008a000000, 0x000000008a000000| Untracked 
| 111|0x000000008a100000, 0x000000008a100000, 0x000000008a200000|  0%| F|  |TAMS 0x000000008a100000, 0x000000008a100000| Untracked 
| 112|0x000000008a200000, 0x000000008a200000, 0x000000008a300000|  0%| F|  |TAMS 0x000000008a200000, 0x000000008a200000| Untracked 
| 113|0x000000008a300000, 0x000000008a300000, 0x000000008a400000|  0%| F|  |TAMS 0x000000008a300000, 0x000000008a300000| Untracked 
| 114|0x000000008a400000, 0x000000008a400000, 0x000000008a500000|  0%| F|  |TAMS 0x000000008a400000, 0x000000008a400000| Untracked 
| 115|0x000000008a500000, 0x000000008a57bc30, 0x000000008a600000| 48%| E|  |TAMS 0x000000008a500000, 0x000000008a500000| Complete 
| 116|0x000000008a600000, 0x000000008a700000, 0x000000008a700000|100%| E|CS|TAMS 0x000000008a600000, 0x000000008a600000| Complete 
| 117|0x000000008a700000, 0x000000008a800000, 0x000000008a800000|100%| E|  |TAMS 0x000000008a700000, 0x000000008a700000| Complete 
| 118|0x000000008a800000, 0x000000008a900000, 0x000000008a900000|100%| E|CS|TAMS 0x000000008a800000, 0x000000008a800000| Complete 
| 119|0x000000008a900000, 0x000000008aa00000, 0x000000008aa00000|100%| E|CS|TAMS 0x000000008a900000, 0x000000008a900000| Complete 
| 120|0x000000008aa00000, 0x000000008ab00000, 0x000000008ab00000|100%| E|CS|TAMS 0x000000008aa00000, 0x000000008aa00000| Complete 
| 121|0x000000008ab00000, 0x000000008ac00000, 0x000000008ac00000|100%| E|CS|TAMS 0x000000008ab00000, 0x000000008ab00000| Complete 
| 122|0x000000008ac00000, 0x000000008ad00000, 0x000000008ad00000|100%| E|CS|TAMS 0x000000008ac00000, 0x000000008ac00000| Complete 
| 123|0x000000008ad00000, 0x000000008ae00000, 0x000000008ae00000|100%| E|CS|TAMS 0x000000008ad00000, 0x000000008ad00000| Complete 
| 124|0x000000008ae00000, 0x000000008af00000, 0x000000008af00000|100%| E|CS|TAMS 0x000000008ae00000, 0x000000008ae00000| Complete 
| 125|0x000000008af00000, 0x000000008b000000, 0x000000008b000000|100%| E|CS|TAMS 0x000000008af00000, 0x000000008af00000| Complete 

Card table byte_map: [0x0000029f16da0000,0x0000029f17190000] _byte_map_base: 0x0000029f16987000

Marking Bits (Prev, Next): (CMBitMap*) 0x0000029f09dbee00, (CMBitMap*) 0x0000029f09dbee40
 Prev Bits: [0x0000029f17580000, 0x0000029f194b8000)
 Next Bits: [0x0000029f194c0000, 0x0000029f1b3f8000)

Polling page: 0x0000029f09e10000

Metaspace:

Usage:
  Non-class:      6.72 MB used.
      Class:      1.07 MB used.
       Both:      7.79 MB used.

Virtual space:
  Non-class space:       64.00 MB reserved,       6.81 MB ( 11%) committed,  1 nodes.
      Class space:        1.00 GB reserved,       1.19 MB ( <1%) committed,  1 nodes.
             Both:        1.06 GB reserved,       8.00 MB ( <1%) committed. 

Chunk freelists:
   Non-Class:  7.17 MB
       Class:  14.78 MB
        Both:  21.95 MB

MaxMetaspaceSize: unlimited
CompressedClassSpaceSize: 1.00 GB
Initial GC threshold: 21.00 MB
Current GC threshold: 21.00 MB
CDS: on
MetaspaceReclaimPolicy: balanced
 - commit_granule_bytes: 65536.
 - commit_granule_words: 8192.
 - virtual_space_node_default_size: 8388608.
 - enlarge_chunks_in_place: 1.
 - new_chunks_are_fully_committed: 0.
 - uncommit_free_chunks: 1.
 - use_allocation_guard: 0.
 - handle_deallocations: 1.


Internal statistics:

num_allocs_failed_limit: 0.
num_arena_births: 178.
num_arena_deaths: 0.
num_vsnodes_births: 2.
num_vsnodes_deaths: 0.
num_space_committed: 128.
num_space_uncommitted: 0.
num_chunks_returned_to_freelist: 0.
num_chunks_taken_from_freelist: 471.
num_chunk_merges: 0.
num_chunk_splits: 297.
num_chunks_enlarged: 219.
num_inconsistent_stats: 0.

CodeCache: size=49152Kb used=4387Kb max_used=4387Kb free=44764Kb
 bounds [0x0000029f130b0000, 0x0000029f13500000, 0x0000029f160b0000]
 total_blobs=1912 nmethods=1483 adapters=354
 compilation: enabled
              stopped_count=0, restarted_count=0
 full_count=0

Compilation events (20 events):
Event: 0.650 Thread 0x0000029f6322ac40 1474       1       java.lang.module.ModuleDescriptor$1::newRequires (12 bytes)
Event: 0.650 Thread 0x0000029f1d8a7b20 nmethod 1472 0x0000029f134f5590 code [0x0000029f134f5720, 0x0000029f134f57e8]
Event: 0.650 Thread 0x0000029f1d8a7b20 1475       1       java.lang.module.ModuleDescriptor$Requires::<init> (25 bytes)
Event: 0.650 Thread 0x0000029f6322ac40 nmethod 1474 0x0000029f134f5890 code [0x0000029f134f5a40, 0x0000029f134f5c78]
Event: 0.650 Thread 0x0000029f1d8a7b20 nmethod 1475 0x0000029f134f5d10 code [0x0000029f134f5ec0, 0x0000029f134f60d8]
Event: 0.650 Thread 0x0000029f63211e10 nmethod 1473 0x0000029f134f6190 code [0x0000029f134f6360, 0x0000029f134f66d8]
Event: 0.650 Thread 0x0000029f63211e10 1476       1       java.net.URI::hash (33 bytes)
Event: 0.650 Thread 0x0000029f6322ac40 1477       1       java.net.URI::toLower (19 bytes)
Event: 0.651 Thread 0x0000029f6322ac40 nmethod 1477 0x0000029f134f6810 code [0x0000029f134f69a0, 0x0000029f134f6a98]
Event: 0.651 Thread 0x0000029f63211e10 nmethod 1476 0x0000029f134f6b10 code [0x0000029f134f6ce0, 0x0000029f134f6eb8]
Event: 0.651 Thread 0x0000029f6322ac40 1478       1       java.lang.Module::implIsExportedOrOpen (92 bytes)
Event: 0.651 Thread 0x0000029f1d8a7b20 1479       1       java.lang.invoke.LambdaForm::editor (5 bytes)
Event: 0.651 Thread 0x0000029f63211e10 1482       1       java.lang.invoke.LambdaFormEditor::getInCache (165 bytes)
Event: 0.651 Thread 0x0000029f1d8a7b20 nmethod 1479 0x0000029f134f7010 code [0x0000029f134f71c0, 0x0000029f134f7348]
Event: 0.651 Thread 0x0000029f6322ac40 nmethod 1478 0x0000029f134f7410 code [0x0000029f134f7600, 0x0000029f134f78f8]
Event: 0.651 Thread 0x0000029f1d8a7b20 1480       1       java.lang.invoke.LambdaFormEditor::lambdaFormEditor (12 bytes)
Event: 0.651 Thread 0x0000029f6322ac40 1481       1       java.lang.invoke.LambdaFormEditor::<init> (10 bytes)
Event: 0.652 Thread 0x0000029f6322ac40 nmethod 1481 0x0000029f134f7a10 code [0x0000029f134f7ba0, 0x0000029f134f7cb8]
Event: 0.652 Thread 0x0000029f1d8a7b20 nmethod 1480 0x0000029f134f7d10 code [0x0000029f134f7ec0, 0x0000029f134f8048]
Event: 0.652 Thread 0x0000029f63211e10 nmethod 1482 0x0000029f134f8110 code [0x0000029f134f8300, 0x0000029f134f8808]

GC Heap History (2 events):
Event: 0.546 GC heap before
{Heap before GC invocations=0 (full 0):
 garbage-first heap   total 129024K, used 22528K [0x0000000083200000, 0x0000000100000000)
  region size 1024K, 23 young (23552K), 0 survivors (0K)
 Metaspace       used 5808K, committed 6080K, reserved 1114112K
  class space    used 813K, committed 960K, reserved 1048576K
}
Event: 0.551 GC heap after
{Heap after GC invocations=1 (full 0):
 garbage-first heap   total 129024K, used 4523K [0x0000000083200000, 0x0000000100000000)
  region size 1024K, 3 young (3072K), 3 survivors (3072K)
 Metaspace       used 5808K, committed 6080K, reserved 1114112K
  class space    used 813K, committed 960K, reserved 1048576K
}

Dll operation events (6 events):
Event: 0.011 Loaded shared library C:\Program Files\Eclipse Adoptium\jdk-17.0.18.8-hotspot\bin\java.dll
Event: 0.031 Loaded shared library C:\Program Files\Eclipse Adoptium\jdk-17.0.18.8-hotspot\bin\jsvml.dll
Event: 0.090 Loaded shared library C:\Program Files\Eclipse Adoptium\jdk-17.0.18.8-hotspot\bin\net.dll
Event: 0.091 Loaded shared library C:\Program Files\Eclipse Adoptium\jdk-17.0.18.8-hotspot\bin\nio.dll
Event: 0.096 Loaded shared library C:\Program Files\Eclipse Adoptium\jdk-17.0.18.8-hotspot\bin\zip.dll
Event: 0.188 Loaded shared library C:\Program Files\Eclipse Adoptium\jdk-17.0.18.8-hotspot\bin\jimage.dll

Deoptimization events (0 events):
No events

Classes loaded (20 events):
Event: 0.629 Loading class java/io/UnsupportedEncodingException
Event: 0.629 Loading class java/io/UnsupportedEncodingException done
Event: 0.631 Loading class java/io/Console
Event: 0.632 Loading class java/io/Console done
Event: 0.632 Loading class java/io/Console$2
Event: 0.632 Loading class jdk/internal/access/JavaIOAccess
Event: 0.632 Loading class jdk/internal/access/JavaIOAccess done
Event: 0.632 Loading class java/io/Console$2 done
Event: 0.632 Loading class java/io/Console$3
Event: 0.632 Loading class java/io/PrintWriter
Event: 0.632 Loading class java/io/PrintWriter done
Event: 0.632 Loading class java/io/Console$3 done
Event: 0.632 Loading class java/io/Console$LineReader
Event: 0.632 Loading class java/io/Console$LineReader done
Event: 0.633 Loading class java/lang/StrictMath
Event: 0.633 Loading class java/lang/StrictMath done
Event: 0.647 Loading class java/nio/file/FileSystemNotFoundException
Event: 0.647 Loading class java/nio/file/FileSystemNotFoundException done
Event: 0.647 Loading class java/util/zip/ZipException
Event: 0.647 Loading class java/util/zip/ZipException done

Classes unloaded (0 events):
No events

Classes redefined (0 events):
No events

Internal exceptions (20 events):
Event: 0.507 Thread 0x0000029f09d587e0 Exception <a 'java/lang/NoSuchMethodError'{0x0000000089bfc110}: 'java.lang.Object java.lang.invoke.DirectMethodHandle$Holder.newInvokeSpecial(java.lang.Object, java.lang.Object, java.lang.Object, java.lang.Object, java.lang.Object, java.lang.Object, int)'> (0x0000000089bfc110) 
thrown [s\src\hotspot\share\interpreter\linkResolver.cpp, line 759]
Event: 0.508 Thread 0x0000029f09d587e0 Exception <a 'java/lang/NoSuchMethodError'{0x0000000089a01170}: 'java.lang.Object java.lang.invoke.DirectMethodHandle$Holder.invokeSpecial(java.lang.Object, java.lang.Object, java.lang.Object, java.lang.Object, java.lang.Object, java.lang.Object, java.lang.Object, int)'> (0x0000000089a01170) 
thrown [s\src\hotspot\share\interpreter\linkResolver.cpp, line 759]
Event: 0.528 Thread 0x0000029f09d587e0 Exception <a 'java/lang/NoSuchMethodError'{0x0000000089933c00}: 'int java.lang.invoke.DirectMethodHandle$Holder.invokeInterface(java.lang.Object, java.lang.Object)'> (0x0000000089933c00) 
thrown [s\src\hotspot\share\interpreter\linkResolver.cpp, line 759]
Event: 0.531 Thread 0x0000029f09d587e0 Exception <a 'java/lang/NoSuchMethodError'{0x000000008995b1d8}: 'void java.lang.invoke.DirectMethodHandle$Holder.invokeSpecial(java.lang.Object, java.lang.Object, java.lang.Object, java.lang.Object, java.lang.Object)'> (0x000000008995b1d8) 
thrown [s\src\hotspot\share\interpreter\linkResolver.cpp, line 759]
Event: 0.538 Thread 0x0000029f09d587e0 Exception <a 'java/lang/NoSuchMethodError'{0x000000008999e488}: 'int java.lang.invoke.DirectMethodHandle$Holder.invokeVirtual(java.lang.Object, java.lang.Object)'> (0x000000008999e488) 
thrown [s\src\hotspot\share\interpreter\linkResolver.cpp, line 759]
Event: 0.557 Thread 0x0000029f09d587e0 Exception <a 'java/lang/NoSuchMethodError'{0x000000008af45610}: 'java.lang.Object java.lang.invoke.DirectMethodHandle$Holder.invokeSpecial(java.lang.Object, java.lang.Object, java.lang.Object, int, java.lang.Object)'> (0x000000008af45610) 
thrown [s\src\hotspot\share\interpreter\linkResolver.cpp, line 759]
Event: 0.558 Thread 0x0000029f09d587e0 Exception <a 'java/lang/NoSuchMethodError'{0x000000008af4dc70}: 'java.lang.Object java.lang.invoke.DirectMethodHandle$Holder.newInvokeSpecial(java.lang.Object, java.lang.Object, java.lang.Object, int, java.lang.Object)'> (0x000000008af4dc70) 
thrown [s\src\hotspot\share\interpreter\linkResolver.cpp, line 759]
Event: 0.558 Thread 0x0000029f09d587e0 Exception <a 'java/lang/NoSuchMethodError'{0x000000008af55640}: 'java.lang.Object java.lang.invoke.Invokers$Holder.linkToTargetMethod(java.lang.Object, java.lang.Object, int, java.lang.Object, java.lang.Object)'> (0x000000008af55640) 
thrown [s\src\hotspot\share\interpreter\linkResolver.cpp, line 759]
Event: 0.559 Thread 0x0000029f09d587e0 Exception <a 'java/lang/NoSuchMethodError'{0x000000008af64240}: 'java.lang.Object java.lang.invoke.DirectMethodHandle$Holder.newInvokeSpecial(java.lang.Object, int, java.lang.Object)'> (0x000000008af64240) 
thrown [s\src\hotspot\share\interpreter\linkResolver.cpp, line 759]
Event: 0.559 Thread 0x0000029f09d587e0 Exception <a 'java/lang/NoSuchMethodError'{0x000000008af69028}: 'int java.lang.invoke.DirectMethodHandle$Holder.invokeSpecialIFC(java.lang.Object, java.lang.Object, java.lang.Object, java.lang.Object)'> (0x000000008af69028) 
thrown [s\src\hotspot\share\interpreter\linkResolver.cpp, line 759]
Event: 0.574 Thread 0x0000029f09d587e0 Exception <a 'java/lang/NoSuchMethodError'{0x000000008aee6fb0}: 'void java.lang.invoke.DirectMethodHandle$Holder.invokeInterface(java.lang.Object, java.lang.Object, java.lang.Object)'> (0x000000008aee6fb0) 
thrown [s\src\hotspot\share\interpreter\linkResolver.cpp, line 759]
Event: 0.588 Thread 0x0000029f09d587e0 Exception <a 'java/lang/NoSuchMethodError'{0x000000008ad75d28}: 'void java.lang.invoke.DirectMethodHandle$Holder.invokeStaticInit(java.lang.Object, java.lang.Object, java.lang.Object)'> (0x000000008ad75d28) 
thrown [s\src\hotspot\share\interpreter\linkResolver.cpp, line 759]
Event: 0.590 Thread 0x0000029f09d587e0 Exception <a 'java/lang/NoSuchMethodError'{0x000000008add9d40}: 'java.lang.Object java.lang.invoke.DirectMethodHandle$Holder.invokeStatic(java.lang.Object, java.lang.Object, long, java.lang.Object)'> (0x000000008add9d40) 
thrown [s\src\hotspot\share\interpreter\linkResolver.cpp, line 759]
Event: 0.591 Thread 0x0000029f09d587e0 Exception <a 'java/lang/NoSuchMethodError'{0x000000008addd7d8}: 'java.lang.Object java.lang.invoke.DirectMethodHandle$Holder.invokeStaticInit(java.lang.Object, java.lang.Object, long, java.lang.Object)'> (0x000000008addd7d8) 
thrown [s\src\hotspot\share\interpreter\linkResolver.cpp, line 759]
Event: 0.591 Thread 0x0000029f09d587e0 Exception <a 'java/lang/NoSuchMethodError'{0x000000008ade3f58}: 'java.lang.Object java.lang.invoke.DirectMethodHandle$Holder.newInvokeSpecial(java.lang.Object, java.lang.Object, long)'> (0x000000008ade3f58) 
thrown [s\src\hotspot\share\interpreter\linkResolver.cpp, line 759]
Event: 0.591 Thread 0x0000029f09d587e0 Exception <a 'java/lang/NoSuchMethodError'{0x000000008ade7ac8}: 'java.lang.Object java.lang.invoke.Invokers$Holder.linkToTargetMethod(java.lang.Object, long, java.lang.Object)'> (0x000000008ade7ac8) 
thrown [s\src\hotspot\share\interpreter\linkResolver.cpp, line 759]
Event: 0.602 Thread 0x0000029f09d587e0 Exception <a 'java/lang/NoSuchMethodError'{0x000000008ac43058}: 'void java.lang.invoke.DirectMethodHandle$Holder.invokeVirtual(java.lang.Object, java.lang.Object, java.lang.Object, java.lang.Object)'> (0x000000008ac43058) 
thrown [s\src\hotspot\share\interpreter\linkResolver.cpp, line 759]
Event: 0.623 Thread 0x0000029f09d587e0 Exception <a 'java/lang/NoSuchMethodError'{0x000000008aba2d98}: 'void java.lang.invoke.DirectMethodHandle$Holder.invokeSpecial(java.lang.Object, java.lang.Object, java.lang.Object)'> (0x000000008aba2d98) 
thrown [s\src\hotspot\share\interpreter\linkResolver.cpp, line 759]
Event: 0.628 Thread 0x0000029f63957c30 Exception <a 'java/lang/NoClassDefFoundError'{0x000000008aa16720}: jakarta/validation/Validation> (0x000000008aa16720) 
thrown [s\src\hotspot\share\classfile\systemDictionary.cpp, line 245]
Event: 0.628 Thread 0x0000029f09d587e0 Exception <a 'java/lang/IncompatibleClassChangeError'{0x000000008abd5028}: Found class java.lang.Object, but interface was expected> (0x000000008abd5028) 
thrown [s\src\hotspot\share\interpreter\linkResolver.cpp, line 826]

VM Operations (14 events):
Event: 0.097 Executing VM operation: HandshakeAllThreads
Event: 0.097 Executing VM operation: HandshakeAllThreads done
Event: 0.193 Executing VM operation: HandshakeAllThreads
Event: 0.193 Executing VM operation: HandshakeAllThreads done
Event: 0.281 Executing VM operation: HandshakeAllThreads
Event: 0.281 Executing VM operation: HandshakeAllThreads done
Event: 0.416 Executing VM operation: HandshakeAllThreads
Event: 0.416 Executing VM operation: HandshakeAllThreads done
Event: 0.537 Executing VM operation: HandshakeAllThreads
Event: 0.537 Executing VM operation: HandshakeAllThreads done
Event: 0.545 Executing VM operation: G1CollectForAllocation
Event: 0.551 Executing VM operation: G1CollectForAllocation done
Event: 0.622 Executing VM operation: HandshakeAllThreads
Event: 0.622 Executing VM operation: HandshakeAllThreads done

Memory protections (0 events):
No events

Nmethod flushes (0 events):
No events

Events (14 events):
Event: 0.031 Thread 0x0000029f09d587e0 Thread added: 0x0000029f09d587e0
Event: 0.034 Thread 0x0000029f09d587e0 Thread added: 0x0000029f1d86ad20
Event: 0.034 Thread 0x0000029f09d587e0 Thread added: 0x0000029f1d86b7f0
Event: 0.042 Thread 0x0000029f09d587e0 Thread added: 0x0000029f1d883710
Event: 0.042 Thread 0x0000029f09d587e0 Thread added: 0x0000029f1d883fe0
Event: 0.042 Thread 0x0000029f09d587e0 Thread added: 0x0000029f1d8848b0
Event: 0.043 Thread 0x0000029f09d587e0 Thread added: 0x0000029f1d887190
Event: 0.043 Thread 0x0000029f09d587e0 Thread added: 0x0000029f1d8a7b20
Event: 0.043 Thread 0x0000029f09d587e0 Thread added: 0x0000029f1d8ad860
Event: 0.078 Thread 0x0000029f1d8a7b20 Thread added: 0x0000029f63211e10
Event: 0.078 Thread 0x0000029f1d8a7b20 Thread added: 0x0000029f6322ac40
Event: 0.081 Thread 0x0000029f09d587e0 Thread added: 0x0000029f6326f8a0
Event: 0.084 Thread 0x0000029f09d587e0 Thread added: 0x0000029f6327afd0
Event: 0.627 Thread 0x0000029f09d587e0 Thread added: 0x0000029f63957c30


Dynamic libraries:
0x00007ff649a10000 - 0x00007ff649a1e000 	C:\Program Files\Eclipse Adoptium\jdk-17.0.18.8-hotspot\bin\java.exe
0x00007ffd739a0000 - 0x00007ffd73c07000 	C:\WINDOWS\SYSTEM32\ntdll.dll
0x00007ffd73010000 - 0x00007ffd730d9000 	C:\WINDOWS\System32\KERNEL32.DLL
0x00007ffd70900000 - 0x00007ffd70cf7000 	C:\WINDOWS\System32\KERNELBASE.dll
0x00007ffd703d0000 - 0x00007ffd7051b000 	C:\WINDOWS\System32\ucrtbase.dll
0x00007ffd52e60000 - 0x00007ffd52e78000 	C:\Program Files\Eclipse Adoptium\jdk-17.0.18.8-hotspot\bin\jli.dll
0x00007ffd717b0000 - 0x00007ffd71976000 	C:\WINDOWS\System32\USER32.dll
0x00007ffd49700000 - 0x00007ffd4971e000 	C:\Program Files\Eclipse Adoptium\jdk-17.0.18.8-hotspot\bin\VCRUNTIME140.dll
0x00007ffd71570000 - 0x00007ffd71597000 	C:\WINDOWS\System32\win32u.dll
0x00007ffd4f610000 - 0x00007ffd4f8a2000 	C:\WINDOWS\WinSxS\amd64_microsoft.windows.common-controls_6595b64144ccf1df_6.0.26100.8457_none_3e0b2faee331e92d\COMCTL32.dll
0x00007ffd736b0000 - 0x00007ffd736db000 	C:\WINDOWS\System32\GDI32.dll
0x00007ffd71bd0000 - 0x00007ffd71c79000 	C:\WINDOWS\System32\msvcrt.dll
0x00007ffd70520000 - 0x00007ffd7064c000 	C:\WINDOWS\System32\gdi32full.dll
0x00007ffd70850000 - 0x00007ffd708f3000 	C:\WINDOWS\System32\msvcp_win.dll
0x00007ffd71b90000 - 0x00007ffd71bc2000 	C:\WINDOWS\System32\IMM32.DLL
0x00007ffd6afe0000 - 0x00007ffd6afec000 	C:\Program Files\Eclipse Adoptium\jdk-17.0.18.8-hotspot\bin\vcruntime140_1.dll
0x00007ffd373f0000 - 0x00007ffd3747d000 	C:\Program Files\Eclipse Adoptium\jdk-17.0.18.8-hotspot\bin\msvcp140.dll
0x00007ffd09c20000 - 0x00007ffd0a88b000 	C:\Program Files\Eclipse Adoptium\jdk-17.0.18.8-hotspot\bin\server\jvm.dll
0x00007ffd73430000 - 0x00007ffd734e6000 	C:\WINDOWS\System32\ADVAPI32.dll
0x00007ffd71cf0000 - 0x00007ffd71d97000 	C:\WINDOWS\System32\sechost.dll
0x00007ffd71990000 - 0x00007ffd71aa8000 	C:\WINDOWS\System32\RPCRT4.dll
0x00007ffd71720000 - 0x00007ffd717a0000 	C:\WINDOWS\System32\WS2_32.dll
0x00007ffd70230000 - 0x00007ffd7028e000 	C:\WINDOWS\SYSTEM32\POWRPROF.dll
0x00007ffd6e310000 - 0x00007ffd6e346000 	C:\WINDOWS\SYSTEM32\WINMM.dll
0x00007ffd589c0000 - 0x00007ffd589cb000 	C:\WINDOWS\SYSTEM32\VERSION.dll
0x00007ffd70210000 - 0x00007ffd70224000 	C:\WINDOWS\SYSTEM32\UMPDC.dll
0x00007ffd6f160000 - 0x00007ffd6f17b000 	C:\WINDOWS\SYSTEM32\kernel.appcore.dll
0x00007ffd496f0000 - 0x00007ffd496fa000 	C:\Program Files\Eclipse Adoptium\jdk-17.0.18.8-hotspot\bin\jimage.dll
0x00007ffd6e030000 - 0x00007ffd6e272000 	C:\WINDOWS\SYSTEM32\DBGHELP.DLL
0x00007ffd72500000 - 0x00007ffd72883000 	C:\WINDOWS\System32\combase.dll
0x00007ffd71ab0000 - 0x00007ffd71b89000 	C:\WINDOWS\System32\OLEAUT32.dll
0x00007ffd6e2d0000 - 0x00007ffd6e30b000 	C:\WINDOWS\SYSTEM32\dbgcore.DLL
0x00007ffd70650000 - 0x00007ffd706f8000 	C:\WINDOWS\System32\bcryptPrimitives.dll
0x00007ffd3d600000 - 0x00007ffd3d625000 	C:\Program Files\Eclipse Adoptium\jdk-17.0.18.8-hotspot\bin\java.dll
0x00007ffd37310000 - 0x00007ffd373e7000 	C:\Program Files\Eclipse Adoptium\jdk-17.0.18.8-hotspot\bin\jsvml.dll
0x00007ffd72890000 - 0x00007ffd72ffe000 	C:\WINDOWS\System32\SHELL32.dll
0x00007ffd70d00000 - 0x00007ffd7156c000 	C:\WINDOWS\System32\windows.storage.dll
0x00007ffd735b0000 - 0x00007ffd736a6000 	C:\WINDOWS\System32\SHCORE.dll
0x00007ffd73540000 - 0x00007ffd735a6000 	C:\WINDOWS\System32\shlwapi.dll
0x00007ffd702f0000 - 0x00007ffd70319000 	C:\WINDOWS\SYSTEM32\profapi.dll
0x00007ffd3d5e0000 - 0x00007ffd3d5fa000 	C:\Program Files\Eclipse Adoptium\jdk-17.0.18.8-hotspot\bin\net.dll
0x00007ffd681a0000 - 0x00007ffd682c9000 	C:\WINDOWS\SYSTEM32\WINHTTP.dll
0x00007ffd6f6d0000 - 0x00007ffd6f73c000 	C:\WINDOWS\system32\mswsock.dll
0x00007ffd3b050000 - 0x00007ffd3b066000 	C:\Program Files\Eclipse Adoptium\jdk-17.0.18.8-hotspot\bin\nio.dll
0x00007ffd3b030000 - 0x00007ffd3b048000 	C:\Program Files\Eclipse Adoptium\jdk-17.0.18.8-hotspot\bin\zip.dll

dbghelp: loaded successfully - version: 4.0.5 - missing functions: none
symbol engine: initialized successfully - sym options: 0x614 - pdb path: .;C:\Program Files\Eclipse Adoptium\jdk-17.0.18.8-hotspot\bin;C:\WINDOWS\SYSTEM32;C:\WINDOWS\WinSxS\amd64_microsoft.windows.common-controls_6595b64144ccf1df_6.0.26100.8457_none_3e0b2faee331e92d;C:\Program Files\Eclipse Adoptium\jdk-17.0.18.8-hotspot\bin\server

VM Arguments:
jvm_args: -XX:TieredStopAtLevel=1 
java_command: com.spendsmart.web.SpendsmartWebApplication
java_class_path (initial): D:\SpendSmart-Backend\spendsmart-web\target\classes;C:\Users\91706\.m2\repository\org\springframework\boot\spring-boot\3.3.5\spring-boot-3.3.5.jar;C:\Users\91706\.m2\repository\org\springframework\boot\spring-boot-autoconfigure\3.3.5\spring-boot-autoconfigure-3.3.5.jar;C:\Users\91706\.m2\repository\ch\qos\logback\logback-classic\1.5.11\logback-classic-1.5.11.jar;C:\Users\91706\.m2\repository\ch\qos\logback\logback-core\1.5.11\logback-core-1.5.11.jar;C:\Users\91706\.m2\repository\org\apache\logging\log4j\log4j-to-slf4j\2.23.1\log4j-to-slf4j-2.23.1.jar;C:\Users\91706\.m2\repository\org\apache\logging\log4j\log4j-api\2.23.1\log4j-api-2.23.1.jar;C:\Users\91706\.m2\repository\org\slf4j\jul-to-slf4j\2.0.16\jul-to-slf4j-2.0.16.jar;C:\Users\91706\.m2\repository\jakarta\annotation\jakarta.annotation-api\2.1.1\jakarta.annotation-api-2.1.1.jar;C:\Users\91706\.m2\repository\org\yaml\snakeyaml\2.2\snakeyaml-2.2.jar;C:\Users\91706\.m2\repository\com\fasterxml\jackson\core\jackson-databind\2.17.2\jackson-databind-2.17.2.jar;C:\Users\91706\.m2\repository\com\fasterxml\jackson\core\jackson-annotations\2.17.2\jackson-annotations-2.17.2.jar;C:\Users\91706\.m2\repository\com\fasterxml\jackson\core\jackson-core\2.17.2\jackson-core-2.17.2.jar;C:\Users\91706\.m2\repository\com\fasterxml\jackson\datatype\jackson-datatype-jdk8\2.17.2\jackson-datatype-jdk8-2.17.2.jar;C:\Users\91706\.m2\repository\com\fasterxml\jackson\datatype\jackson-datatype-jsr310\2.17.2\jackson-datatype-jsr310-2.17.2.jar;C:\Users\91706\.m2\repository\com\fasterxml\jackson\module\jackson-module-parameter-names\2.17.2\jackson-module-parameter-names-2.17.2.jar;C:\Users\91706\.m2\repository\org\apache\tomcat\embed\tomcat-embed-core\10.1.31\tomcat-embed-core-10.1.31.jar;C:\Users\91706\.m2\repository\org\apache\tomcat\embed\tomcat-embed-el\10.1.31\tomcat-embed-el-10.1.31.jar;C:\Users\91706\.m2\repository\org\apache\tomcat\embed\tomcat-embed-websocket\10.1.31\tomcat-embed-websocket-10.1.31.jar;C:\Us
Launcher Type: SUN_STANDARD

[Global flags]
     intx CICompilerCount                          = 4                                         {product} {ergonomic}
     uint ConcGCThreads                            = 2                                         {product} {ergonomic}
     uint G1ConcRefinementThreads                  = 8                                         {product} {ergonomic}
   size_t G1HeapRegionSize                         = 1048576                                   {product} {ergonomic}
    uintx GCDrainStackTargetSize                   = 64                                        {product} {ergonomic}
   size_t InitialHeapSize                          = 132120576                                 {product} {ergonomic}
   size_t MarkStackSize                            = 4194304                                   {product} {ergonomic}
   size_t MaxHeapSize                              = 2095054848                                {product} {ergonomic}
   size_t MaxNewSize                               = 1256194048                                {product} {ergonomic}
   size_t MinHeapDeltaBytes                        = 1048576                                   {product} {ergonomic}
   size_t MinHeapSize                              = 8388608                                   {product} {ergonomic}
    uintx NonProfiledCodeHeapSize                  = 0                                      {pd product} {ergonomic}
     bool ProfileInterpreter                       = false                                  {pd product} {command line}
    uintx ProfiledCodeHeapSize                     = 0                                      {pd product} {ergonomic}
   size_t SoftMaxHeapSize                          = 2095054848                             {manageable} {ergonomic}
     intx TieredStopAtLevel                        = 1                                         {product} {command line}
     bool UseCompressedClassPointers               = true                           {product lp64_product} {ergonomic}
     bool UseCompressedOops                        = true                           {product lp64_product} {ergonomic}
     bool UseG1GC                                  = true                                      {product} {ergonomic}
     bool UseLargePagesIndividualAllocation        = false                                  {pd product} {ergonomic}

Logging:
Log output configuration:
 #0: stdout all=warning uptime,level,tags
 #1: stderr all=off uptime,level,tags

Environment Variables:
JAVA_HOME=C:\Program Files\Eclipse Adoptium\jdk-17.0.18.8-hotspot
PATH=C:\Program Files\Eclipse Adoptium\jdk-17.0.18.8-hotspot\bin;C:\app\91706\product\21c\dbhomeXE\bin;C:\Program Files\Common Files\Oracle\Java\javapath;C:\Program Files (x86)\Common Files\Oracle\Java\javapath;C:\WINDOWS\system32;C:\WINDOWS;C:\WINDOWS\System32\Wbem;C:\WINDOWS\System32\WindowsPowerShell\v1.0\;C:\WINDOWS\System32\OpenSSH\;C:\Program Files (x86)\Dev-Cpp\MinGW64\bin;C:\Program Files\Git\cmd;C:\Users\91706\AppData\Roaming\nvm;C:\Program Files\nodejs;E:\apache-maven-3.9.14\bin;C:\Program Files\Docker\Docker\resources\bin;C:\Program Files\MySQL\MySQL Server 9.6\bin;C:\Users\91706\AppData\Local\Programs\Python\Python312\Scripts\;C:\Users\91706\AppData\Local\Programs\Python\Python312\;C:\Program Files (x86)\Java\jdk1.7.0_67\bin;C:\Users\91706\AppData\Local\JetBrains\Toolbox\scripts;C:\Users\91706\AppData\Local\Microsoft\WindowsApps;C:\Users\91706\AppData\Roaming\nvm;C:\Program Files\nodejs;C:\Program Files\MongoDB\Server\7.0\bin;C:\Users\91706\AppData\Local\Programs\Windsurf\bin;C:\Users\91706\AppData\Local\GitHubDesktop\bin;E:\Microsoft VS Code\bin;C:\monosh\;C:\Program Files\Eclipse Adoptium\jdk-17.0.18.8-hotspot\bin;D:\Antigravity\bin
USERNAME=91706
OS=Windows_NT
PROCESSOR_IDENTIFIER=Intel64 Family 6 Model 140 Stepping 1, GenuineIntel
TMP=C:\Users\91706\AppData\Local\Temp
TEMP=C:\Users\91706\AppData\Local\Temp



Periodic native trim disabled


---------------  S Y S T E M  ---------------

OS:
 Windows 11 , 64 bit Build 26100 (10.0.26100.8328)
OS uptime: 0 days 1:34 hours
Hyper-V role detected

CPU: total 8 (initial active 8) (4 cores per cpu, 2 threads per core) family 6 model 140 stepping 1 microcode 0x8a, cx8, cmov, fxsr, ht, mmx, 3dnowpref, sse, sse2, sse3, ssse3, sse4.1, sse4.2, popcnt, lzcnt, tsc, tscinvbit, avx, avx2, aes, erms, clmul, bmi1, bmi2, adx, avx512f, avx512dq, avx512cd, avx512bw, avx512vl, sha, fma, vzeroupper, avx512_vpopcntdq, avx512_vpclmulqdq, avx512_vaes, avx512_vnni, clflush, clflushopt, clwb, avx512_vbmi2, avx512_vbmi, hv
Processor Information for all 8 processors :
  Max Mhz: 2419, Current Mhz: 2419, Mhz Limit: 2419

Memory: 4k page, system-wide physical 7991M (842M free)
TotalPageFile size 18769M (AvailPageFile size 2M)
current process WorkingSet (physical memory assigned to process): 79M, peak: 79M
current process commit charge ("private bytes"): 221M, peak: 221M

vm_info: OpenJDK 64-Bit Server VM (17.0.18+8) for windows-amd64 JRE (17.0.18+8), built on Jan 20 2026 22:28:22 by "admin" with MS VC++ 17.12 (VS2022)

END.
