#
# There is insufficient memory for the Java Runtime Environment to continue.
# Native memory allocation (malloc) failed to allocate 81312 bytes. Error detail: Chunk::new
# Possible reasons:
#   The system is out of physical RAM or swap space
#   This process is running with CompressedOops enabled, and the Java Heap may be blocking the growth of the native heap
# Possible solutions:
#   Reduce memory load on the system
#   Increase physical memory or swap space
#   Check if swap backing store is full
#   Decrease Java heap size (-Xmx/-Xms)
#   Decrease number of Java threads
#   Decrease Java thread stack sizes (-Xss)
#   Set larger code cache with -XX:ReservedCodeCacheSize=
#   JVM is running with Unscaled Compressed Oops mode in which the Java heap is
#     placed in the first 4GB address space. The Java Heap base address is the
#     maximum limit for the native heap growth. Please use -XX:HeapBaseMinAddress
#     to set the Java Heap base and to place the Java Heap above 4GB virtual address.
# This output file may be truncated or incomplete.
#
#  Out of Memory Error (arena.cpp:191), pid=9532, tid=21268
#
# JRE version: OpenJDK Runtime Environment Temurin-17.0.18+8 (17.0.18+8) (build 17.0.18+8)
# Java VM: OpenJDK 64-Bit Server VM Temurin-17.0.18+8 (17.0.18+8, mixed mode, sharing, tiered, compressed oops, compressed class ptrs, g1 gc, windows-amd64)
# No core dump will be written. Minidumps are not enabled by default on client versions of Windows
#

---------------  S U M M A R Y ------------

Command Line: --enable-native-access=ALL-UNNAMED -Dclassworlds.conf=E:\apache-maven-3.9.14\bin\m2.conf -Dmaven.home=E:\apache-maven-3.9.14 -Dlibrary.jansi.path=E:\apache-maven-3.9.14\lib\jansi-native -Dmaven.multiModuleProjectDirectory=D:\SpendSmart-Backend\category-service org.codehaus.plexus.classworlds.launcher.Launcher spring-boot:run

Host: 11th Gen Intel(R) Core(TM) i5-1135G7 @ 2.40GHz, 8 cores, 7G,  Windows 11 , 64 bit Build 26100 (10.0.26100.8246)
Time: Wed May 13 23:15:06 2026 India Standard Time elapsed time: 3.687498 seconds (0d 0h 0m 3s)

---------------  T H R E A D  ---------------

Current thread (0x000001c63a7d2fa0):  JavaThread "C2 CompilerThread0" daemon [_thread_in_native, id=21268, stack(0x000000925f100000,0x000000925f200000)]


Current CompileTask:
C2:3687 3693   !   4       org.codehaus.plexus.interpolation.StringSearchInterpolator::interpolate (692 bytes)

Stack: [0x000000925f100000,0x000000925f200000]
Native frames: (J=compiled Java code, j=interpreted, Vv=VM code, C=native code)
V  [jvm.dll+0x6846f9]
V  [jvm.dll+0x839ea5]
V  [jvm.dll+0x83b91e]
V  [jvm.dll+0x83bfa3]
V  [jvm.dll+0x248eff]
V  [jvm.dll+0xad496]
V  [jvm.dll+0xadb3c]
V  [jvm.dll+0x2b0b1e]
V  [jvm.dll+0x58acf5]
V  [jvm.dll+0x222e84]
V  [jvm.dll+0x21b98f]
V  [jvm.dll+0x2190fe]
V  [jvm.dll+0x1a4920]
V  [jvm.dll+0x22989a]
V  [jvm.dll+0x227a4b]
V  [jvm.dll+0x7f0658]
V  [jvm.dll+0x7eaaec]
V  [jvm.dll+0x6835c7]
C  [ucrtbase.dll+0x37b0]
C  [KERNEL32.DLL+0x2e8d7]
C  [ntdll.dll+0x8c3fc]


---------------  P R O C E S S  ---------------

Threads class SMR info:
_java_thread_list=0x000001c600f35710, length=14, elements={
0x000001c61a6ea5a0, 0x000001c63a7a4e20, 0x000001c63a7a6550, 0x000001c63a7c16a0,
0x000001c63a7c2060, 0x000001c63a7cc5c0, 0x000001c63a7ccf80, 0x000001c63a7d2fa0,
0x000001c63a7fc5e0, 0x000001c63a7ff600, 0x000001c63aa576f0, 0x000001c63aa5e090,
0x000001c600a99230, 0x000001c600b51860
}

Java Threads: ( => current thread )
  0x000001c61a6ea5a0 JavaThread "main" [_thread_in_Java, id=16200, stack(0x000000925e400000,0x000000925e500000)]
  0x000001c63a7a4e20 JavaThread "Reference Handler" daemon [_thread_blocked, id=4352, stack(0x000000925eb00000,0x000000925ec00000)]
  0x000001c63a7a6550 JavaThread "Finalizer" daemon [_thread_blocked, id=20720, stack(0x000000925ec00000,0x000000925ed00000)]
  0x000001c63a7c16a0 JavaThread "Signal Dispatcher" daemon [_thread_blocked, id=4668, stack(0x000000925ed00000,0x000000925ee00000)]
  0x000001c63a7c2060 JavaThread "Attach Listener" daemon [_thread_blocked, id=2700, stack(0x000000925ee00000,0x000000925ef00000)]
  0x000001c63a7cc5c0 JavaThread "Service Thread" daemon [_thread_blocked, id=15400, stack(0x000000925ef00000,0x000000925f000000)]
  0x000001c63a7ccf80 JavaThread "Monitor Deflation Thread" daemon [_thread_blocked, id=10136, stack(0x000000925f000000,0x000000925f100000)]
=>0x000001c63a7d2fa0 JavaThread "C2 CompilerThread0" daemon [_thread_in_native, id=21268, stack(0x000000925f100000,0x000000925f200000)]
  0x000001c63a7fc5e0 JavaThread "C1 CompilerThread0" daemon [_thread_in_vm, id=20468, stack(0x000000925f200000,0x000000925f300000)]
  0x000001c63a7ff600 JavaThread "Sweeper thread" daemon [_thread_blocked, id=13316, stack(0x000000925f300000,0x000000925f400000)]
  0x000001c63aa576f0 JavaThread "Notification Thread" daemon [_thread_blocked, id=10056, stack(0x000000925f400000,0x000000925f500000)]
  0x000001c63aa5e090 JavaThread "Common-Cleaner" daemon [_thread_blocked, id=5708, stack(0x000000925f600000,0x000000925f700000)]
  0x000001c600a99230 JavaThread "C2 CompilerThread1" daemon [_thread_in_native, id=18816, stack(0x000000925fd00000,0x000000925fe00000)]
  0x000001c600b51860 JavaThread "Thread-1" daemon [_thread_blocked, id=19548, stack(0x000000925ff00000,0x0000009260000000)]

Other Threads:
  0x000001c63a79ed70 VMThread "VM Thread" [stack: 0x000000925ea00000,0x000000925eb00000] [id=6488]
  0x000001c63aa5abf0 WatcherThread [stack: 0x000000925f500000,0x000000925f600000] [id=14436]
  0x000001c61a7489d0 GCTaskThread "GC Thread#0" [stack: 0x000000925e500000,0x000000925e600000] [id=17024]
  0x000001c63aaf44f0 GCTaskThread "GC Thread#1" [stack: 0x000000925f700000,0x000000925f800000] [id=21144]
  0x000001c600647bd0 GCTaskThread "GC Thread#2" [stack: 0x000000925f800000,0x000000925f900000] [id=13444]
  0x000001c6008e00a0 GCTaskThread "GC Thread#3" [stack: 0x000000925f900000,0x000000925fa00000] [id=18512]
  0x000001c600a746e0 GCTaskThread "GC Thread#4" [stack: 0x000000925fa00000,0x000000925fb00000] [id=17232]
  0x000001c60068a8b0 GCTaskThread "GC Thread#5" [stack: 0x000000925fb00000,0x000000925fc00000] [id=13440]
  0x000001c60068ab70 GCTaskThread "GC Thread#6" [stack: 0x000000925fc00000,0x000000925fd00000] [id=16700]
  0x000001c600641bd0 GCTaskThread "GC Thread#7" [stack: 0x000000925fe00000,0x000000925ff00000] [id=22236]
  0x000001c61a7592e0 ConcurrentGCThread "G1 Main Marker" [stack: 0x000000925e600000,0x000000925e700000] [id=17156]
  0x000001c61a75a9d0 ConcurrentGCThread "G1 Conc#0" [stack: 0x000000925e700000,0x000000925e800000] [id=22092]
  0x000001c61a79e130 ConcurrentGCThread "G1 Refine#0" [stack: 0x000000925e800000,0x000000925e900000] [id=21112]
  0x000001c63a65ac80 ConcurrentGCThread "G1 Service" [stack: 0x000000925e900000,0x000000925ea00000] [id=3064]

Threads with active compile tasks:
C2 CompilerThread0  3713 3693   !   4       org.codehaus.plexus.interpolation.StringSearchInterpolator::interpolate (692 bytes)
C2 CompilerThread1  3713 3768       4       org.codehaus.plexus.interpolation.reflection.ReflectionValueExtractor$Tokenizer::nextPropertyName (86 bytes)

VM state: not at safepoint (normal execution)

VM Mutex/Monitor currently owned by a thread: None

Heap address: 0x0000000083200000, size: 1998 MB, Compressed Oops mode: 32-bit

CDS archive(s) mapped at: [0x000001c63b000000-0x000001c63bbb0000-0x000001c63bbb0000), size 12255232, SharedBaseAddress: 0x000001c63b000000, ArchiveRelocationMode: 1.
Compressed class space mapped at: 0x000001c63c000000-0x000001c67c000000, reserved size: 1073741824
Narrow klass base: 0x000001c63b000000, Narrow klass shift: 0, Narrow klass range: 0x100000000

GC Precious Log:
 CPUs: 8 total, 8 available
 Memory: 7991M
 Large Page Support: Disabled
 NUMA Support: Disabled
 Compressed Oops: Enabled (32-bit)
 Heap Region Size: 1M
 Heap Min Capacity: 8M
 Heap Initial Capacity: 126M
 Heap Max Capacity: 1998M
 Pre-touch: Disabled
 Parallel Workers: 8
 Concurrent Workers: 2
 Concurrent Refinement Workers: 8
 Periodic GC: Disabled

Heap:
 garbage-first heap   total 129024K, used 75252K [0x0000000083200000, 0x0000000100000000)
  region size 1024K, 71 young (72704K), 2 survivors (2048K)
 Metaspace       used 15480K, committed 15680K, reserved 1114112K
  class space    used 1854K, committed 1920K, reserved 1048576K

Heap Regions: E=young(eden), S=young(survivor), O=old, HS=humongous(starts), HC=humongous(continues), CS=collection set, F=free, OA=open archive, CA=closed archive, TAMS=top-at-mark-start (previous, next)
|   0|0x0000000083200000, 0x0000000083300000, 0x0000000083300000|100%| O|  |TAMS 0x0000000083200000, 0x0000000083200000| Untracked 
|   1|0x0000000083300000, 0x0000000083400000, 0x0000000083400000|100%| O|  |TAMS 0x0000000083300000, 0x0000000083300000| Untracked 
|   2|0x0000000083400000, 0x0000000083500000, 0x0000000083500000|100%| O|  |TAMS 0x0000000083400000, 0x0000000083400000| Untracked 
|   3|0x0000000083500000, 0x00000000835a7a08, 0x0000000083600000| 65%| O|  |TAMS 0x0000000083500000, 0x0000000083500000| Untracked 
|   4|0x0000000083600000, 0x0000000083600000, 0x0000000083700000|  0%| F|  |TAMS 0x0000000083600000, 0x0000000083600000| Untracked 
|   5|0x0000000083700000, 0x0000000083700000, 0x0000000083800000|  0%| F|  |TAMS 0x0000000083700000, 0x0000000083700000| Untracked 
|   6|0x0000000083800000, 0x0000000083800000, 0x0000000083900000|  0%| F|  |TAMS 0x0000000083800000, 0x0000000083800000| Untracked 
|   7|0x0000000083900000, 0x0000000083900000, 0x0000000083a00000|  0%| F|  |TAMS 0x0000000083900000, 0x0000000083900000| Untracked 
|   8|0x0000000083a00000, 0x0000000083a00000, 0x0000000083b00000|  0%| F|  |TAMS 0x0000000083a00000, 0x0000000083a00000| Untracked 
|   9|0x0000000083b00000, 0x0000000083b00000, 0x0000000083c00000|  0%| F|  |TAMS 0x0000000083b00000, 0x0000000083b00000| Untracked 
|  10|0x0000000083c00000, 0x0000000083c00000, 0x0000000083d00000|  0%| F|  |TAMS 0x0000000083c00000, 0x0000000083c00000| Untracked 
|  11|0x0000000083d00000, 0x0000000083d00000, 0x0000000083e00000|  0%| F|  |TAMS 0x0000000083d00000, 0x0000000083d00000| Untracked 
|  12|0x0000000083e00000, 0x0000000083e00000, 0x0000000083f00000|  0%| F|  |TAMS 0x0000000083e00000, 0x0000000083e00000| Untracked 
|  13|0x0000000083f00000, 0x0000000083f00000, 0x0000000084000000|  0%| F|  |TAMS 0x0000000083f00000, 0x0000000083f00000| Untracked 
|  14|0x0000000084000000, 0x0000000084000000, 0x0000000084100000|  0%| F|  |TAMS 0x0000000084000000, 0x0000000084000000| Untracked 
|  15|0x0000000084100000, 0x0000000084100000, 0x0000000084200000|  0%| F|  |TAMS 0x0000000084100000, 0x0000000084100000| Untracked 
|  16|0x0000000084200000, 0x0000000084200000, 0x0000000084300000|  0%| F|  |TAMS 0x0000000084200000, 0x0000000084200000| Untracked 
|  17|0x0000000084300000, 0x0000000084300000, 0x0000000084400000|  0%| F|  |TAMS 0x0000000084300000, 0x0000000084300000| Untracked 
|  18|0x0000000084400000, 0x0000000084400000, 0x0000000084500000|  0%| F|  |TAMS 0x0000000084400000, 0x0000000084400000| Untracked 
|  19|0x0000000084500000, 0x0000000084500000, 0x0000000084600000|  0%| F|  |TAMS 0x0000000084500000, 0x0000000084500000| Untracked 
|  20|0x0000000084600000, 0x0000000084600000, 0x0000000084700000|  0%| F|  |TAMS 0x0000000084600000, 0x0000000084600000| Untracked 
|  21|0x0000000084700000, 0x0000000084700000, 0x0000000084800000|  0%| F|  |TAMS 0x0000000084700000, 0x0000000084700000| Untracked 
|  22|0x0000000084800000, 0x0000000084800000, 0x0000000084900000|  0%| F|  |TAMS 0x0000000084800000, 0x0000000084800000| Untracked 
|  23|0x0000000084900000, 0x0000000084900000, 0x0000000084a00000|  0%| F|  |TAMS 0x0000000084900000, 0x0000000084900000| Untracked 
|  24|0x0000000084a00000, 0x0000000084a00000, 0x0000000084b00000|  0%| F|  |TAMS 0x0000000084a00000, 0x0000000084a00000| Untracked 
|  25|0x0000000084b00000, 0x0000000084b00000, 0x0000000084c00000|  0%| F|  |TAMS 0x0000000084b00000, 0x0000000084b00000| Untracked 
|  26|0x0000000084c00000, 0x0000000084c00000, 0x0000000084d00000|  0%| F|  |TAMS 0x0000000084c00000, 0x0000000084c00000| Untracked 
|  27|0x0000000084d00000, 0x0000000084d00000, 0x0000000084e00000|  0%| F|  |TAMS 0x0000000084d00000, 0x0000000084d00000| Untracked 
|  28|0x0000000084e00000, 0x0000000084e00000, 0x0000000084f00000|  0%| F|  |TAMS 0x0000000084e00000, 0x0000000084e00000| Untracked 
|  29|0x0000000084f00000, 0x0000000084f00000, 0x0000000085000000|  0%| F|  |TAMS 0x0000000084f00000, 0x0000000084f00000| Untracked 
|  30|0x0000000085000000, 0x0000000085000000, 0x0000000085100000|  0%| F|  |TAMS 0x0000000085000000, 0x0000000085000000| Untracked 
|  31|0x0000000085100000, 0x0000000085100000, 0x0000000085200000|  0%| F|  |TAMS 0x0000000085100000, 0x0000000085100000| Untracked 
|  32|0x0000000085200000, 0x0000000085200000, 0x0000000085300000|  0%| F|  |TAMS 0x0000000085200000, 0x0000000085200000| Untracked 
|  33|0x0000000085300000, 0x0000000085300000, 0x0000000085400000|  0%| F|  |TAMS 0x0000000085300000, 0x0000000085300000| Untracked 
|  34|0x0000000085400000, 0x0000000085400000, 0x0000000085500000|  0%| F|  |TAMS 0x0000000085400000, 0x0000000085400000| Untracked 
|  35|0x0000000085500000, 0x0000000085500000, 0x0000000085600000|  0%| F|  |TAMS 0x0000000085500000, 0x0000000085500000| Untracked 
|  36|0x0000000085600000, 0x0000000085600000, 0x0000000085700000|  0%| F|  |TAMS 0x0000000085600000, 0x0000000085600000| Untracked 
|  37|0x0000000085700000, 0x0000000085700000, 0x0000000085800000|  0%| F|  |TAMS 0x0000000085700000, 0x0000000085700000| Untracked 
|  38|0x0000000085800000, 0x0000000085800000, 0x0000000085900000|  0%| F|  |TAMS 0x0000000085800000, 0x0000000085800000| Untracked 
|  39|0x0000000085900000, 0x0000000085900000, 0x0000000085a00000|  0%| F|  |TAMS 0x0000000085900000, 0x0000000085900000| Untracked 
|  40|0x0000000085a00000, 0x0000000085a00000, 0x0000000085b00000|  0%| F|  |TAMS 0x0000000085a00000, 0x0000000085a00000| Untracked 
|  41|0x0000000085b00000, 0x0000000085b00000, 0x0000000085c00000|  0%| F|  |TAMS 0x0000000085b00000, 0x0000000085b00000| Untracked 
|  42|0x0000000085c00000, 0x0000000085c00000, 0x0000000085d00000|  0%| F|  |TAMS 0x0000000085c00000, 0x0000000085c00000| Untracked 
|  43|0x0000000085d00000, 0x0000000085d00000, 0x0000000085e00000|  0%| F|  |TAMS 0x0000000085d00000, 0x0000000085d00000| Untracked 
|  44|0x0000000085e00000, 0x0000000085e00000, 0x0000000085f00000|  0%| F|  |TAMS 0x0000000085e00000, 0x0000000085e00000| Untracked 
|  45|0x0000000085f00000, 0x0000000085f00000, 0x0000000086000000|  0%| F|  |TAMS 0x0000000085f00000, 0x0000000085f00000| Untracked 
|  46|0x0000000086000000, 0x0000000086000000, 0x0000000086100000|  0%| F|  |TAMS 0x0000000086000000, 0x0000000086000000| Untracked 
|  47|0x0000000086100000, 0x0000000086100000, 0x0000000086200000|  0%| F|  |TAMS 0x0000000086100000, 0x0000000086100000| Untracked 
|  48|0x0000000086200000, 0x0000000086200000, 0x0000000086300000|  0%| F|  |TAMS 0x0000000086200000, 0x0000000086200000| Untracked 
|  49|0x0000000086300000, 0x0000000086300000, 0x0000000086400000|  0%| F|  |TAMS 0x0000000086300000, 0x0000000086300000| Untracked 
|  50|0x0000000086400000, 0x0000000086400000, 0x0000000086500000|  0%| F|  |TAMS 0x0000000086400000, 0x0000000086400000| Untracked 
|  51|0x0000000086500000, 0x0000000086500000, 0x0000000086600000|  0%| F|  |TAMS 0x0000000086500000, 0x0000000086500000| Untracked 
|  52|0x0000000086600000, 0x0000000086600000, 0x0000000086700000|  0%| F|  |TAMS 0x0000000086600000, 0x0000000086600000| Untracked 
|  53|0x0000000086700000, 0x0000000086700000, 0x0000000086800000|  0%| F|  |TAMS 0x0000000086700000, 0x0000000086700000| Untracked 
|  54|0x0000000086800000, 0x0000000086800000, 0x0000000086900000|  0%| F|  |TAMS 0x0000000086800000, 0x0000000086800000| Untracked 
|  55|0x0000000086900000, 0x0000000086a00000, 0x0000000086a00000|100%| E|  |TAMS 0x0000000086900000, 0x0000000086900000| Complete 
|  56|0x0000000086a00000, 0x0000000086b00000, 0x0000000086b00000|100%| E|CS|TAMS 0x0000000086a00000, 0x0000000086a00000| Complete 
|  57|0x0000000086b00000, 0x0000000086c00000, 0x0000000086c00000|100%| E|CS|TAMS 0x0000000086b00000, 0x0000000086b00000| Complete 
|  58|0x0000000086c00000, 0x0000000086d00000, 0x0000000086d00000|100%| E|CS|TAMS 0x0000000086c00000, 0x0000000086c00000| Complete 
|  59|0x0000000086d00000, 0x0000000086e00000, 0x0000000086e00000|100%| E|CS|TAMS 0x0000000086d00000, 0x0000000086d00000| Complete 
|  60|0x0000000086e00000, 0x0000000086f00000, 0x0000000086f00000|100%| E|CS|TAMS 0x0000000086e00000, 0x0000000086e00000| Complete 
|  61|0x0000000086f00000, 0x0000000087000000, 0x0000000087000000|100%| E|CS|TAMS 0x0000000086f00000, 0x0000000086f00000| Complete 
|  62|0x0000000087000000, 0x0000000087100000, 0x0000000087100000|100%| E|CS|TAMS 0x0000000087000000, 0x0000000087000000| Complete 
|  63|0x0000000087100000, 0x0000000087200000, 0x0000000087200000|100%| E|CS|TAMS 0x0000000087100000, 0x0000000087100000| Complete 
|  64|0x0000000087200000, 0x0000000087300000, 0x0000000087300000|100%| E|CS|TAMS 0x0000000087200000, 0x0000000087200000| Complete 
|  65|0x0000000087300000, 0x0000000087400000, 0x0000000087400000|100%| E|CS|TAMS 0x0000000087300000, 0x0000000087300000| Complete 
|  66|0x0000000087400000, 0x0000000087500000, 0x0000000087500000|100%| E|CS|TAMS 0x0000000087400000, 0x0000000087400000| Complete 
|  67|0x0000000087500000, 0x0000000087600000, 0x0000000087600000|100%| E|CS|TAMS 0x0000000087500000, 0x0000000087500000| Complete 
|  68|0x0000000087600000, 0x0000000087700000, 0x0000000087700000|100%| E|CS|TAMS 0x0000000087600000, 0x0000000087600000| Complete 
|  69|0x0000000087700000, 0x0000000087800000, 0x0000000087800000|100%| E|CS|TAMS 0x0000000087700000, 0x0000000087700000| Complete 
|  70|0x0000000087800000, 0x0000000087900000, 0x0000000087900000|100%| E|CS|TAMS 0x0000000087800000, 0x0000000087800000| Complete 
|  71|0x0000000087900000, 0x0000000087a00000, 0x0000000087a00000|100%| E|CS|TAMS 0x0000000087900000, 0x0000000087900000| Complete 
|  72|0x0000000087a00000, 0x0000000087b00000, 0x0000000087b00000|100%| E|CS|TAMS 0x0000000087a00000, 0x0000000087a00000| Complete 
|  73|0x0000000087b00000, 0x0000000087c00000, 0x0000000087c00000|100%| E|CS|TAMS 0x0000000087b00000, 0x0000000087b00000| Complete 
|  74|0x0000000087c00000, 0x0000000087d00000, 0x0000000087d00000|100%| E|CS|TAMS 0x0000000087c00000, 0x0000000087c00000| Complete 
|  75|0x0000000087d00000, 0x0000000087e00000, 0x0000000087e00000|100%| E|CS|TAMS 0x0000000087d00000, 0x0000000087d00000| Complete 
|  76|0x0000000087e00000, 0x0000000087f00000, 0x0000000087f00000|100%| E|CS|TAMS 0x0000000087e00000, 0x0000000087e00000| Complete 
|  77|0x0000000087f00000, 0x0000000088000000, 0x0000000088000000|100%| E|CS|TAMS 0x0000000087f00000, 0x0000000087f00000| Complete 
|  78|0x0000000088000000, 0x0000000088100000, 0x0000000088100000|100%| E|CS|TAMS 0x0000000088000000, 0x0000000088000000| Complete 
|  79|0x0000000088100000, 0x0000000088200000, 0x0000000088200000|100%| E|CS|TAMS 0x0000000088100000, 0x0000000088100000| Complete 
|  80|0x0000000088200000, 0x0000000088300000, 0x0000000088300000|100%| E|CS|TAMS 0x0000000088200000, 0x0000000088200000| Complete 
|  81|0x0000000088300000, 0x0000000088400000, 0x0000000088400000|100%| E|CS|TAMS 0x0000000088300000, 0x0000000088300000| Complete 
|  82|0x0000000088400000, 0x0000000088500000, 0x0000000088500000|100%| E|CS|TAMS 0x0000000088400000, 0x0000000088400000| Complete 
|  83|0x0000000088500000, 0x0000000088600000, 0x0000000088600000|100%| E|CS|TAMS 0x0000000088500000, 0x0000000088500000| Complete 
|  84|0x0000000088600000, 0x0000000088700000, 0x0000000088700000|100%| E|CS|TAMS 0x0000000088600000, 0x0000000088600000| Complete 
|  85|0x0000000088700000, 0x0000000088800000, 0x0000000088800000|100%| E|CS|TAMS 0x0000000088700000, 0x0000000088700000| Complete 
|  86|0x0000000088800000, 0x0000000088900000, 0x0000000088900000|100%| E|CS|TAMS 0x0000000088800000, 0x0000000088800000| Complete 
|  87|0x0000000088900000, 0x0000000088a00000, 0x0000000088a00000|100%| E|CS|TAMS 0x0000000088900000, 0x0000000088900000| Complete 
|  88|0x0000000088a00000, 0x0000000088b00000, 0x0000000088b00000|100%| E|CS|TAMS 0x0000000088a00000, 0x0000000088a00000| Complete 
|  89|0x0000000088b00000, 0x0000000088c00000, 0x0000000088c00000|100%| E|CS|TAMS 0x0000000088b00000, 0x0000000088b00000| Complete 
|  90|0x0000000088c00000, 0x0000000088cd56d8, 0x0000000088d00000| 83%| S|CS|TAMS 0x0000000088c00000, 0x0000000088c00000| Complete 
|  91|0x0000000088d00000, 0x0000000088e00000, 0x0000000088e00000|100%| S|CS|TAMS 0x0000000088d00000, 0x0000000088d00000| Complete 
|  92|0x0000000088e00000, 0x0000000088f00000, 0x0000000088f00000|100%| E|CS|TAMS 0x0000000088e00000, 0x0000000088e00000| Complete 
|  93|0x0000000088f00000, 0x0000000089000000, 0x0000000089000000|100%| E|CS|TAMS 0x0000000088f00000, 0x0000000088f00000| Complete 
|  94|0x0000000089000000, 0x0000000089100000, 0x0000000089100000|100%| E|CS|TAMS 0x0000000089000000, 0x0000000089000000| Complete 
|  95|0x0000000089100000, 0x0000000089200000, 0x0000000089200000|100%| E|CS|TAMS 0x0000000089100000, 0x0000000089100000| Complete 
|  96|0x0000000089200000, 0x0000000089300000, 0x0000000089300000|100%| E|CS|TAMS 0x0000000089200000, 0x0000000089200000| Complete 
|  97|0x0000000089300000, 0x0000000089400000, 0x0000000089400000|100%| E|CS|TAMS 0x0000000089300000, 0x0000000089300000| Complete 
|  98|0x0000000089400000, 0x0000000089500000, 0x0000000089500000|100%| E|CS|TAMS 0x0000000089400000, 0x0000000089400000| Complete 
|  99|0x0000000089500000, 0x0000000089600000, 0x0000000089600000|100%| E|CS|TAMS 0x0000000089500000, 0x0000000089500000| Complete 
| 100|0x0000000089600000, 0x0000000089700000, 0x0000000089700000|100%| E|CS|TAMS 0x0000000089600000, 0x0000000089600000| Complete 
| 101|0x0000000089700000, 0x0000000089800000, 0x0000000089800000|100%| E|CS|TAMS 0x0000000089700000, 0x0000000089700000| Complete 
| 102|0x0000000089800000, 0x0000000089900000, 0x0000000089900000|100%| E|CS|TAMS 0x0000000089800000, 0x0000000089800000| Complete 
| 103|0x0000000089900000, 0x0000000089a00000, 0x0000000089a00000|100%| E|CS|TAMS 0x0000000089900000, 0x0000000089900000| Complete 
| 104|0x0000000089a00000, 0x0000000089b00000, 0x0000000089b00000|100%| E|CS|TAMS 0x0000000089a00000, 0x0000000089a00000| Complete 
| 105|0x0000000089b00000, 0x0000000089c00000, 0x0000000089c00000|100%| E|CS|TAMS 0x0000000089b00000, 0x0000000089b00000| Complete 
| 106|0x0000000089c00000, 0x0000000089d00000, 0x0000000089d00000|100%| E|CS|TAMS 0x0000000089c00000, 0x0000000089c00000| Complete 
| 107|0x0000000089d00000, 0x0000000089e00000, 0x0000000089e00000|100%| E|CS|TAMS 0x0000000089d00000, 0x0000000089d00000| Complete 
| 108|0x0000000089e00000, 0x0000000089f00000, 0x0000000089f00000|100%| E|CS|TAMS 0x0000000089e00000, 0x0000000089e00000| Complete 
| 109|0x0000000089f00000, 0x000000008a000000, 0x000000008a000000|100%| E|CS|TAMS 0x0000000089f00000, 0x0000000089f00000| Complete 
| 110|0x000000008a000000, 0x000000008a100000, 0x000000008a100000|100%| E|CS|TAMS 0x000000008a000000, 0x000000008a000000| Complete 
| 111|0x000000008a100000, 0x000000008a200000, 0x000000008a200000|100%| E|CS|TAMS 0x000000008a100000, 0x000000008a100000| Complete 
| 112|0x000000008a200000, 0x000000008a300000, 0x000000008a300000|100%| E|CS|TAMS 0x000000008a200000, 0x000000008a200000| Complete 
| 113|0x000000008a300000, 0x000000008a400000, 0x000000008a400000|100%| E|CS|TAMS 0x000000008a300000, 0x000000008a300000| Complete 
| 114|0x000000008a400000, 0x000000008a500000, 0x000000008a500000|100%| E|CS|TAMS 0x000000008a400000, 0x000000008a400000| Complete 
| 115|0x000000008a500000, 0x000000008a600000, 0x000000008a600000|100%| E|CS|TAMS 0x000000008a500000, 0x000000008a500000| Complete 
| 116|0x000000008a600000, 0x000000008a700000, 0x000000008a700000|100%| E|CS|TAMS 0x000000008a600000, 0x000000008a600000| Complete 
| 117|0x000000008a700000, 0x000000008a800000, 0x000000008a800000|100%| E|CS|TAMS 0x000000008a700000, 0x000000008a700000| Complete 
| 118|0x000000008a800000, 0x000000008a900000, 0x000000008a900000|100%| E|CS|TAMS 0x000000008a800000, 0x000000008a800000| Complete 
| 119|0x000000008a900000, 0x000000008aa00000, 0x000000008aa00000|100%| E|CS|TAMS 0x000000008a900000, 0x000000008a900000| Complete 
| 120|0x000000008aa00000, 0x000000008ab00000, 0x000000008ab00000|100%| E|CS|TAMS 0x000000008aa00000, 0x000000008aa00000| Complete 
| 121|0x000000008ab00000, 0x000000008ac00000, 0x000000008ac00000|100%| E|CS|TAMS 0x000000008ab00000, 0x000000008ab00000| Complete 
| 122|0x000000008ac00000, 0x000000008ad00000, 0x000000008ad00000|100%| E|CS|TAMS 0x000000008ac00000, 0x000000008ac00000| Complete 
| 123|0x000000008ad00000, 0x000000008ae00000, 0x000000008ae00000|100%| E|CS|TAMS 0x000000008ad00000, 0x000000008ad00000| Complete 
| 124|0x000000008ae00000, 0x000000008af00000, 0x000000008af00000|100%| E|CS|TAMS 0x000000008ae00000, 0x000000008ae00000| Complete 
| 125|0x000000008af00000, 0x000000008b000000, 0x000000008b000000|100%| E|CS|TAMS 0x000000008af00000, 0x000000008af00000| Complete 

Card table byte_map: [0x000001c6336a0000,0x000001c633a90000] _byte_map_base: 0x000001c633287000

Marking Bits (Prev, Next): (CMBitMap*) 0x000001c61a748ff0, (CMBitMap*) 0x000001c61a749030
 Prev Bits: [0x000001c633e80000, 0x000001c635db8000)
 Next Bits: [0x000001c635dc0000, 0x000001c637cf8000)

Polling page: 0x000001c61a7a0000

Metaspace:

Usage:
  Non-class:     13.31 MB used.
      Class:      1.81 MB used.
       Both:     15.12 MB used.

Virtual space:
  Non-class space:       64.00 MB reserved,      13.44 MB ( 21%) committed,  1 nodes.
      Class space:        1.00 GB reserved,       1.88 MB ( <1%) committed,  1 nodes.
             Both:        1.06 GB reserved,      15.31 MB (  1%) committed. 

Chunk freelists:
   Non-Class:  2.00 MB
       Class:  13.94 MB
        Both:  15.94 MB

MaxMetaspaceSize: unlimited
CompressedClassSpaceSize: 1.00 GB
Initial GC threshold: 21.00 MB
Current GC threshold: 21.00 MB
CDS: on
MetaspaceReclaimPolicy: balanced
 - commit_granule_bytes: 65536.
 - commit_granule_words: 8192.
 - virtual_space_node_default_size: 8388608.
 - enlarge_chunks_in_place: 1.
 - new_chunks_are_fully_committed: 0.
 - uncommit_free_chunks: 1.
 - use_allocation_guard: 0.
 - handle_deallocations: 1.


Internal statistics:

num_allocs_failed_limit: 0.
num_arena_births: 106.
num_arena_deaths: 0.
num_vsnodes_births: 2.
num_vsnodes_deaths: 0.
num_space_committed: 245.
num_space_uncommitted: 0.
num_chunks_returned_to_freelist: 0.
num_chunks_taken_from_freelist: 660.
num_chunk_merges: 0.
num_chunk_splits: 440.
num_chunks_enlarged: 342.
num_inconsistent_stats: 0.

CodeHeap 'non-profiled nmethods': size=120000Kb used=1834Kb max_used=1834Kb free=118166Kb
 bounds [0x000001c62b320000, 0x000001c62b590000, 0x000001c632850000]
CodeHeap 'profiled nmethods': size=120000Kb used=7482Kb max_used=7482Kb free=112518Kb
 bounds [0x000001c623850000, 0x000001c623fa0000, 0x000001c62ad80000]
CodeHeap 'non-nmethods': size=5760Kb used=1192Kb max_used=1231Kb free=4567Kb
 bounds [0x000001c62ad80000, 0x000001c62aff0000, 0x000001c62b320000]
 total_blobs=4249 nmethods=3782 adapters=379
 compilation: enabled
              stopped_count=0, restarted_count=0
 full_count=0

Compilation events (20 events):
Event: 3.678 Thread 0x000001c63a7fc5e0 nmethod 3758 0x000001c62b4e7d10 code [0x000001c62b4e7ea0, 0x000001c62b4e7f78]
Event: 3.679 Thread 0x000001c63a7fc5e0 3759       3       org.codehaus.plexus.util.xml.pull.MXParser::requireInput (105 bytes)
Event: 3.679 Thread 0x000001c63a7fc5e0 nmethod 3759 0x000001c623f96e10 code [0x000001c623f970e0, 0x000001c623f97c38]
Event: 3.679 Thread 0x000001c63a7fc5e0 3760   !   3       java.util.Hashtable::cloneHashtable (18 bytes)
Event: 3.680 Thread 0x000001c63a7fc5e0 nmethod 3760 0x000001c623f98110 code [0x000001c623f982e0, 0x000001c623f98618]
Event: 3.680 Thread 0x000001c63a7fc5e0 3761       3       java.util.concurrent.ConcurrentHashMap::<init> (16 bytes)
Event: 3.680 Thread 0x000001c63a7fc5e0 nmethod 3761 0x000001c623f98790 code [0x000001c623f98940, 0x000001c623f98b68]
Event: 3.680 Thread 0x000001c63a7fc5e0 3762       1       org.apache.maven.model.Parent::getRelativePath (5 bytes)
Event: 3.680 Thread 0x000001c63a7fc5e0 nmethod 3762 0x000001c62b4e8010 code [0x000001c62b4e81a0, 0x000001c62b4e8278]
Event: 3.680 Thread 0x000001c63a7fc5e0 3763       3       java.util.Properties::size (8 bytes)
Event: 3.681 Thread 0x000001c63a7fc5e0 nmethod 3763 0x000001c623f98c90 code [0x000001c623f98e40, 0x000001c623f98fa8]
Event: 3.681 Thread 0x000001c63a7fc5e0 3765       1       org.apache.maven.model.IssueManagement::getUrl (5 bytes)
Event: 3.681 Thread 0x000001c63a7fc5e0 nmethod 3765 0x000001c62b4e8310 code [0x000001c62b4e84a0, 0x000001c62b4e8578]
Event: 3.681 Thread 0x000001c63a7fc5e0 3766       3       org.apache.maven.model.ReportPlugin::<init> (16 bytes)
Event: 3.681 Thread 0x000001c63a7fc5e0 nmethod 3766 0x000001c623f99090 code [0x000001c623f99240, 0x000001c623f994b8]
Event: 3.681 Thread 0x000001c63a7fc5e0 3764       1       org.apache.maven.model.Model::setGroupId (6 bytes)
Event: 3.681 Thread 0x000001c63a7fc5e0 nmethod 3764 0x000001c62b4e8610 code [0x000001c62b4e87a0, 0x000001c62b4e88b8]
Event: 3.681 Thread 0x000001c63a7fc5e0 3767       1       org.apache.maven.model.IssueManagement::getSystem (5 bytes)
Event: 3.681 Thread 0x000001c63a7fc5e0 nmethod 3767 0x000001c62b4e8910 code [0x000001c62b4e8aa0, 0x000001c62b4e8b78]
Event: 3.681 Thread 0x000001c600a99230 3768       4       org.codehaus.plexus.interpolation.reflection.ReflectionValueExtractor$Tokenizer::nextPropertyName (86 bytes)

GC Heap History (4 events):
Event: 0.923 GC heap before
{Heap before GC invocations=0 (full 0):
 garbage-first heap   total 129024K, used 23552K [0x0000000083200000, 0x0000000100000000)
  region size 1024K, 23 young (23552K), 0 survivors (0K)
 Metaspace       used 5406K, committed 5632K, reserved 1114112K
  class space    used 653K, committed 768K, reserved 1048576K
}
Event: 0.930 GC heap after
{Heap after GC invocations=1 (full 0):
 garbage-first heap   total 129024K, used 3659K [0x0000000083200000, 0x0000000100000000)
  region size 1024K, 3 young (3072K), 3 survivors (3072K)
 Metaspace       used 5406K, committed 5632K, reserved 1114112K
  class space    used 653K, committed 768K, reserved 1048576K
}
Event: 1.879 GC heap before
{Heap before GC invocations=1 (full 0):
 garbage-first heap   total 129024K, used 35403K [0x0000000083200000, 0x0000000100000000)
  region size 1024K, 34 young (34816K), 3 survivors (3072K)
 Metaspace       used 9637K, committed 9856K, reserved 1114112K
  class space    used 1170K, committed 1280K, reserved 1048576K
}
Event: 1.886 GC heap after
{Heap after GC invocations=2 (full 0):
 garbage-first heap   total 129024K, used 5620K [0x0000000083200000, 0x0000000100000000)
  region size 1024K, 2 young (2048K), 2 survivors (2048K)
 Metaspace       used 9637K, committed 9856K, reserved 1114112K
  class space    used 1170K, committed 1280K, reserved 1048576K
}

Dll operation events (8 events):
Event: 0.011 Loaded shared library C:\Program Files\Eclipse Adoptium\jdk-17.0.18.8-hotspot\bin\java.dll
Event: 0.039 Loaded shared library C:\Program Files\Eclipse Adoptium\jdk-17.0.18.8-hotspot\bin\jsvml.dll
Event: 0.079 Loaded shared library C:\Program Files\Eclipse Adoptium\jdk-17.0.18.8-hotspot\bin\net.dll
Event: 0.081 Loaded shared library C:\Program Files\Eclipse Adoptium\jdk-17.0.18.8-hotspot\bin\nio.dll
Event: 0.088 Loaded shared library C:\Program Files\Eclipse Adoptium\jdk-17.0.18.8-hotspot\bin\zip.dll
Event: 0.267 Loaded shared library E:\apache-maven-3.9.14\lib\jansi-native\Windows\x86_64\jansi.dll
Event: 0.268 Loaded shared library C:\Program Files\Eclipse Adoptium\jdk-17.0.18.8-hotspot\bin\jimage.dll
Event: 0.288 Loaded shared library C:\Program Files\Eclipse Adoptium\jdk-17.0.18.8-hotspot\bin\verify.dll

Deoptimization events (20 events):
Event: 3.652 Thread 0x000001c61a6ea5a0 Uncommon trap: trap_request=0xffffffbe fr.pc=0x000001c62b4e3c78 relative=0x00000000000003b8
Event: 3.652 Thread 0x000001c61a6ea5a0 Uncommon trap: reason=profile_predicate action=maybe_recompile pc=0x000001c62b4e3c78 method=java.util.regex.Pattern$Slice.match(Ljava/util/regex/Matcher;ILjava/lang/CharSequence;)Z @ 18 c2
Event: 3.652 Thread 0x000001c61a6ea5a0 DEOPT PACKING pc=0x000001c62b4e3c78 sp=0x000000925e4fc2e0
Event: 3.652 Thread 0x000001c61a6ea5a0 DEOPT UNPACKING pc=0x000001c62adda1a3 sp=0x000000925e4fc270 mode 2
Event: 3.652 Thread 0x000001c61a6ea5a0 Uncommon trap: trap_request=0xffffffbe fr.pc=0x000001c62b4e3c78 relative=0x00000000000003b8
Event: 3.652 Thread 0x000001c61a6ea5a0 Uncommon trap: reason=profile_predicate action=maybe_recompile pc=0x000001c62b4e3c78 method=java.util.regex.Pattern$Slice.match(Ljava/util/regex/Matcher;ILjava/lang/CharSequence;)Z @ 18 c2
Event: 3.652 Thread 0x000001c61a6ea5a0 DEOPT PACKING pc=0x000001c62b4e3c78 sp=0x000000925e4fc2e0
Event: 3.652 Thread 0x000001c61a6ea5a0 DEOPT UNPACKING pc=0x000001c62adda1a3 sp=0x000000925e4fc270 mode 2
Event: 3.652 Thread 0x000001c61a6ea5a0 Uncommon trap: trap_request=0xffffffbe fr.pc=0x000001c62b4e3c78 relative=0x00000000000003b8
Event: 3.652 Thread 0x000001c61a6ea5a0 Uncommon trap: reason=profile_predicate action=maybe_recompile pc=0x000001c62b4e3c78 method=java.util.regex.Pattern$Slice.match(Ljava/util/regex/Matcher;ILjava/lang/CharSequence;)Z @ 18 c2
Event: 3.652 Thread 0x000001c61a6ea5a0 DEOPT PACKING pc=0x000001c62b4e3c78 sp=0x000000925e4fc2e0
Event: 3.652 Thread 0x000001c61a6ea5a0 DEOPT UNPACKING pc=0x000001c62adda1a3 sp=0x000000925e4fc270 mode 2
Event: 3.652 Thread 0x000001c61a6ea5a0 Uncommon trap: trap_request=0xffffffbe fr.pc=0x000001c62b4e3c78 relative=0x00000000000003b8
Event: 3.652 Thread 0x000001c61a6ea5a0 Uncommon trap: reason=profile_predicate action=maybe_recompile pc=0x000001c62b4e3c78 method=java.util.regex.Pattern$Slice.match(Ljava/util/regex/Matcher;ILjava/lang/CharSequence;)Z @ 18 c2
Event: 3.652 Thread 0x000001c61a6ea5a0 DEOPT PACKING pc=0x000001c62b4e3c78 sp=0x000000925e4fc2e0
Event: 3.652 Thread 0x000001c61a6ea5a0 DEOPT UNPACKING pc=0x000001c62adda1a3 sp=0x000000925e4fc270 mode 2
Event: 3.663 Thread 0x000001c61a6ea5a0 Uncommon trap: trap_request=0xffffffde fr.pc=0x000001c62b371b54 relative=0x0000000000000fb4
Event: 3.663 Thread 0x000001c61a6ea5a0 Uncommon trap: reason=class_check action=maybe_recompile pc=0x000001c62b371b54 method=java.util.concurrent.ConcurrentHashMap.putVal(Ljava/lang/Object;Ljava/lang/Object;Z)Ljava/lang/Object; @ 242 c2
Event: 3.663 Thread 0x000001c61a6ea5a0 DEOPT PACKING pc=0x000001c62b371b54 sp=0x000000925e4fc850
Event: 3.663 Thread 0x000001c61a6ea5a0 DEOPT UNPACKING pc=0x000001c62adda1a3 sp=0x000000925e4fc7c0 mode 2

Classes loaded (20 events):
Event: 2.538 Loading class sun/nio/ch/Interruptible done
Event: 2.538 Loading class java/nio/channels/spi/AbstractInterruptibleChannel$1 done
Event: 2.539 Loading class java/util/AbstractMap$2
Event: 2.539 Loading class java/util/AbstractMap$2 done
Event: 2.539 Loading class java/util/AbstractMap$2$1
Event: 2.539 Loading class java/util/AbstractMap$2$1 done
Event: 2.553 Loading class java/lang/invoke/MethodHandle$1
Event: 2.553 Loading class java/lang/invoke/MethodHandle$1 done
Event: 2.691 Loading class java/util/stream/Streams$RangeIntSpliterator
Event: 2.691 Loading class java/util/stream/Streams$RangeIntSpliterator done
Event: 3.133 Loading class java/util/stream/MatchOps$MatchKind
Event: 3.134 Loading class java/util/stream/MatchOps$MatchKind done
Event: 3.134 Loading class java/util/stream/MatchOps
Event: 3.134 Loading class java/util/stream/MatchOps done
Event: 3.134 Loading class java/util/stream/MatchOps$MatchOp
Event: 3.134 Loading class java/util/stream/MatchOps$MatchOp done
Event: 3.135 Loading class java/util/stream/MatchOps$BooleanTerminalSink
Event: 3.135 Loading class java/util/stream/MatchOps$BooleanTerminalSink done
Event: 3.135 Loading class java/util/stream/MatchOps$1MatchSink
Event: 3.135 Loading class java/util/stream/MatchOps$1MatchSink done

Classes unloaded (0 events):
No events

Classes redefined (0 events):
No events

Internal exceptions (20 events):
Event: 0.702 Thread 0x000001c61a6ea5a0 Exception <a 'java/lang/NoSuchMethodError'{0x000000008a09a3e8}: 'int java.lang.invoke.DirectMethodHandle$Holder.invokeSpecialIFC(java.lang.Object, java.lang.Object, java.lang.Object, java.lang.Object, java.lang.Object)'> (0x000000008a09a3e8) 
thrown [s\src\hotspot\share\interpreter\linkResolver.cpp, line 759]
Event: 0.797 Thread 0x000001c61a6ea5a0 Exception <a 'java/lang/NoSuchMethodError'{0x0000000089e3ccf8}: 'java.lang.Object java.lang.invoke.DirectMethodHandle$Holder.newInvokeSpecial(java.lang.Object, java.lang.Object, java.lang.Object, java.lang.Object, java.lang.Object)'> (0x0000000089e3ccf8) 
thrown [s\src\hotspot\share\interpreter\linkResolver.cpp, line 759]
Event: 0.842 Thread 0x000001c61a6ea5a0 Exception <a 'java/lang/NoSuchMethodError'{0x0000000089d5b008}: 'int java.lang.invoke.DirectMethodHandle$Holder.invokeStaticInit(java.lang.Object, java.lang.Object)'> (0x0000000089d5b008) 
thrown [s\src\hotspot\share\interpreter\linkResolver.cpp, line 759]
Event: 0.855 Thread 0x000001c61a6ea5a0 Exception <a 'java/lang/NoClassDefFoundError'{0x0000000089d94350}: javax/enterprise/inject/Typed> (0x0000000089d94350) 
thrown [s\src\hotspot\share\classfile\systemDictionary.cpp, line 245]
Event: 2.007 Thread 0x000001c61a6ea5a0 Exception <a 'java/lang/NoSuchMethodError'{0x000000008ab54cd8}: 'void java.lang.invoke.DirectMethodHandle$Holder.invokeStaticInit(java.lang.Object, java.lang.Object, java.lang.Object)'> (0x000000008ab54cd8) 
thrown [s\src\hotspot\share\interpreter\linkResolver.cpp, line 759]
Event: 2.022 Thread 0x000001c61a6ea5a0 Implicit null exception at 0x000001c62b3d24af to 0x000001c62b3d260c
Event: 2.025 Thread 0x000001c61a6ea5a0 Exception <a 'java/lang/NoSuchMethodError'{0x000000008abc9be8}: 'java.lang.Object java.lang.invoke.Invokers$Holder.invokeExact_MT(java.lang.Object, int, java.lang.Object)'> (0x000000008abc9be8) 
thrown [s\src\hotspot\share\interpreter\linkResolver.cpp, line 759]
Event: 2.038 Thread 0x000001c61a6ea5a0 Exception <a 'java/lang/NoSuchMethodError'{0x000000008aa46310}: 'int java.lang.invoke.DirectMethodHandle$Holder.invokeSpecial(java.lang.Object, java.lang.Object, java.lang.Object, java.lang.Object)'> (0x000000008aa46310) 
thrown [s\src\hotspot\share\interpreter\linkResolver.cpp, line 759]
Event: 2.311 Thread 0x000001c61a6ea5a0 Exception <a 'java/lang/NoClassDefFoundError'{0x000000008a29d828}: com/google/inject/servlet/ServletModuleTargetVisitor> (0x000000008a29d828) 
thrown [s\src\hotspot\share\classfile\systemDictionary.cpp, line 245]
Event: 2.413 Thread 0x000001c61a6ea5a0 Exception <a 'java/lang/NoSuchMethodError'{0x000000008a0c6c70}: 'java.lang.Object java.lang.invoke.DirectMethodHandle$Holder.invokeStaticInit(java.lang.Object, int, int, int, int)'> (0x000000008a0c6c70) 
thrown [s\src\hotspot\share\interpreter\linkResolver.cpp, line 759]
Event: 2.494 Thread 0x000001c61a6ea5a0 Implicit null exception at 0x000001c62b349a72 to 0x000001c62b34a0b0
Event: 2.494 Thread 0x000001c61a6ea5a0 Implicit null exception at 0x000001c62b346c72 to 0x000001c62b3472c8
Event: 2.550 Thread 0x000001c61a6ea5a0 Exception <a 'java/lang/NoSuchMethodError'{0x0000000089bbaad0}: 'void java.lang.invoke.DirectMethodHandle$Holder.invokeSpecial(java.lang.Object, java.lang.Object, java.lang.Object, java.lang.Object, java.lang.Object)'> (0x0000000089bbaad0) 
thrown [s\src\hotspot\share\interpreter\linkResolver.cpp, line 759]
Event: 2.554 Thread 0x000001c61a6ea5a0 Exception <a 'java/lang/NoSuchMethodError'{0x0000000089bd8128}: 'void java.lang.invoke.DirectMethodHandle$Holder.invokeSpecial(java.lang.Object, java.lang.Object, java.lang.Object, java.lang.Object, java.lang.Object, java.lang.Object)'> (0x0000000089bd8128) 
thrown [s\src\hotspot\share\interpreter\linkResolver.cpp, line 759]
Event: 2.573 Thread 0x000001c61a6ea5a0 Exception <a 'java/lang/NoSuchMethodError'{0x0000000089ad68d8}: 'java.lang.Object java.lang.invoke.DirectMethodHandle$Holder.invokeVirtual(java.lang.Object, java.lang.Object, java.lang.Object)'> (0x0000000089ad68d8) 
thrown [s\src\hotspot\share\interpreter\linkResolver.cpp, line 759]
Event: 3.263 Thread 0x000001c61a6ea5a0 Implicit null exception at 0x000001c62b456eaf to 0x000001c62b456f9c
Event: 3.263 Thread 0x000001c61a6ea5a0 Implicit null exception at 0x000001c62b3f02ea to 0x000001c62b3f04bc
Event: 3.263 Thread 0x000001c61a6ea5a0 Implicit null exception at 0x000001c62b43ab58 to 0x000001c62b43abee
Event: 3.264 Thread 0x000001c61a6ea5a0 Exception <a 'java/lang/NoSuchMethodError'{0x0000000087cae928}: 'void java.lang.invoke.DirectMethodHandle$Holder.invokeStatic(java.lang.Object, java.lang.Object, java.lang.Object, java.lang.Object)'> (0x0000000087cae928) 
thrown [s\src\hotspot\share\interpreter\linkResolver.cpp, line 759]
Event: 3.272 Thread 0x000001c61a6ea5a0 Exception <a 'java/lang/NoSuchMethodError'{0x0000000087b23d20}: 'int java.lang.invoke.DirectMethodHandle$Holder.invokeSpecialIFC(java.lang.Object, java.lang.Object, java.lang.Object, java.lang.Object)'> (0x0000000087b23d20) 
thrown [s\src\hotspot\share\interpreter\linkResolver.cpp, line 759]

VM Operations (20 events):
Event: 2.241 Executing VM operation: ICBufferFull
Event: 2.241 Executing VM operation: ICBufferFull done
Event: 2.285 Executing VM operation: HandshakeAllThreads
Event: 2.285 Executing VM operation: HandshakeAllThreads done
Event: 2.371 Executing VM operation: HandshakeAllThreads
Event: 2.371 Executing VM operation: HandshakeAllThreads done
Event: 2.395 Executing VM operation: HandshakeAllThreads
Event: 2.395 Executing VM operation: HandshakeAllThreads done
Event: 2.466 Executing VM operation: HandshakeAllThreads
Event: 2.466 Executing VM operation: HandshakeAllThreads done
Event: 2.467 Executing VM operation: HandshakeAllThreads
Event: 2.467 Executing VM operation: HandshakeAllThreads done
Event: 2.610 Executing VM operation: ICBufferFull
Event: 2.611 Executing VM operation: ICBufferFull done
Event: 3.061 Executing VM operation: ICBufferFull
Event: 3.061 Executing VM operation: ICBufferFull done
Event: 3.090 Executing VM operation: HandshakeAllThreads
Event: 3.090 Executing VM operation: HandshakeAllThreads done
Event: 3.312 Executing VM operation: ICBufferFull
Event: 3.312 Executing VM operation: ICBufferFull done

Memory protections (0 events):
No events

Nmethod flushes (0 events):
No events

Events (16 events):
Event: 0.040 Thread 0x000001c61a6ea5a0 Thread added: 0x000001c61a6ea5a0
Event: 0.045 Thread 0x000001c61a6ea5a0 Thread added: 0x000001c63a7a4e20
Event: 0.045 Thread 0x000001c61a6ea5a0 Thread added: 0x000001c63a7a6550
Event: 0.055 Thread 0x000001c61a6ea5a0 Thread added: 0x000001c63a7c16a0
Event: 0.055 Thread 0x000001c61a6ea5a0 Thread added: 0x000001c63a7c2060
Event: 0.055 Thread 0x000001c61a6ea5a0 Thread added: 0x000001c63a7cc5c0
Event: 0.055 Thread 0x000001c61a6ea5a0 Thread added: 0x000001c63a7ccf80
Event: 0.055 Thread 0x000001c61a6ea5a0 Thread added: 0x000001c63a7d2fa0
Event: 0.055 Thread 0x000001c61a6ea5a0 Thread added: 0x000001c63a7fc5e0
Event: 0.055 Thread 0x000001c61a6ea5a0 Thread added: 0x000001c63a7ff600
Event: 0.072 Thread 0x000001c61a6ea5a0 Thread added: 0x000001c63aa576f0
Event: 0.074 Thread 0x000001c61a6ea5a0 Thread added: 0x000001c63aa5e090
Event: 0.264 Thread 0x000001c61a6ea5a0 Thread added: 0x000001c6000eaa90
Event: 0.278 Thread 0x000001c6000eaa90 Thread exited: 0x000001c6000eaa90
Event: 1.246 Thread 0x000001c63a7d2fa0 Thread added: 0x000001c600a99230
Event: 2.443 Thread 0x000001c61a6ea5a0 Thread added: 0x000001c600b51860


Dynamic libraries:
0x00007ff791200000 - 0x00007ff79120e000 	C:\Program Files\Eclipse Adoptium\jdk-17.0.18.8-hotspot\bin\java.exe
0x00007ffa19460000 - 0x00007ffa196c7000 	C:\WINDOWS\SYSTEM32\ntdll.dll
0x00007ffa18160000 - 0x00007ffa18229000 	C:\WINDOWS\System32\KERNEL32.DLL
0x00007ffa16920000 - 0x00007ffa16d14000 	C:\WINDOWS\System32\KERNELBASE.dll
0x00007ffa170a0000 - 0x00007ffa171eb000 	C:\WINDOWS\System32\ucrtbase.dll
0x00007ffa07390000 - 0x00007ffa073a8000 	C:\Program Files\Eclipse Adoptium\jdk-17.0.18.8-hotspot\bin\jli.dll
0x00007ffa07370000 - 0x00007ffa0738e000 	C:\Program Files\Eclipse Adoptium\jdk-17.0.18.8-hotspot\bin\VCRUNTIME140.dll
0x00007ffa18fa0000 - 0x00007ffa19165000 	C:\WINDOWS\System32\USER32.dll
0x00007ff9f79d0000 - 0x00007ff9f7c63000 	C:\WINDOWS\WinSxS\amd64_microsoft.windows.common-controls_6595b64144ccf1df_6.0.26100.8115_none_3e075c82e3354f9c\COMCTL32.dll
0x00007ffa16f40000 - 0x00007ffa16f67000 	C:\WINDOWS\System32\win32u.dll
0x00007ffa18d70000 - 0x00007ffa18e19000 	C:\WINDOWS\System32\msvcrt.dll
0x00007ffa171f0000 - 0x00007ffa1721b000 	C:\WINDOWS\System32\GDI32.dll
0x00007ffa16f70000 - 0x00007ffa1709b000 	C:\WINDOWS\System32\gdi32full.dll
0x00007ffa16d20000 - 0x00007ffa16dc3000 	C:\WINDOWS\System32\msvcp_win.dll
0x00007ffa193e0000 - 0x00007ffa19412000 	C:\WINDOWS\System32\IMM32.DLL
0x00007ffa109f0000 - 0x00007ffa109fc000 	C:\Program Files\Eclipse Adoptium\jdk-17.0.18.8-hotspot\bin\vcruntime140_1.dll
0x00007ff9d8f70000 - 0x00007ff9d8ffd000 	C:\Program Files\Eclipse Adoptium\jdk-17.0.18.8-hotspot\bin\msvcp140.dll
0x00007ff97a9b0000 - 0x00007ff97b61b000 	C:\Program Files\Eclipse Adoptium\jdk-17.0.18.8-hotspot\bin\server\jvm.dll
0x00007ffa19170000 - 0x00007ffa19226000 	C:\WINDOWS\System32\ADVAPI32.dll
0x00007ffa18720000 - 0x00007ffa187c7000 	C:\WINDOWS\System32\sechost.dll
0x00007ffa184a0000 - 0x00007ffa185b8000 	C:\WINDOWS\System32\RPCRT4.dll
0x00007ffa17bf0000 - 0x00007ffa17c70000 	C:\WINDOWS\System32\WS2_32.dll
0x00007ffa15b90000 - 0x00007ffa15bee000 	C:\WINDOWS\SYSTEM32\POWRPROF.dll
0x00007ffa137b0000 - 0x00007ffa137e6000 	C:\WINDOWS\SYSTEM32\WINMM.dll
0x00007ff9fe400000 - 0x00007ff9fe40b000 	C:\WINDOWS\SYSTEM32\VERSION.dll
0x00007ffa15b70000 - 0x00007ffa15b84000 	C:\WINDOWS\SYSTEM32\UMPDC.dll
0x00007ffa14ac0000 - 0x00007ffa14adb000 	C:\WINDOWS\SYSTEM32\kernel.appcore.dll
0x00007ffa07720000 - 0x00007ffa0772a000 	C:\Program Files\Eclipse Adoptium\jdk-17.0.18.8-hotspot\bin\jimage.dll
0x00007ffa134f0000 - 0x00007ffa13732000 	C:\WINDOWS\SYSTEM32\DBGHELP.DLL
0x00007ffa17c90000 - 0x00007ffa18012000 	C:\WINDOWS\System32\combase.dll
0x00007ffa179f0000 - 0x00007ffa17ac8000 	C:\WINDOWS\System32\OLEAUT32.dll
0x00007ffa13770000 - 0x00007ffa137ab000 	C:\WINDOWS\SYSTEM32\dbgcore.DLL
0x00007ffa15d30000 - 0x00007ffa15dd5000 	C:\WINDOWS\System32\bcryptPrimitives.dll
0x00007ffa008e0000 - 0x00007ffa00905000 	C:\Program Files\Eclipse Adoptium\jdk-17.0.18.8-hotspot\bin\java.dll
0x00007ff9d8d40000 - 0x00007ff9d8e17000 	C:\Program Files\Eclipse Adoptium\jdk-17.0.18.8-hotspot\bin\jsvml.dll
0x00007ffa17220000 - 0x00007ffa17987000 	C:\WINDOWS\System32\SHELL32.dll
0x00007ffa16dd0000 - 0x00007ffa16f3a000 	C:\WINDOWS\System32\wintypes.dll
0x00007ffa160b0000 - 0x00007ffa16918000 	C:\WINDOWS\System32\windows.storage.dll
0x00007ffa18e20000 - 0x00007ffa18f18000 	C:\WINDOWS\System32\SHCORE.dll
0x00007ffa18230000 - 0x00007ffa18296000 	C:\WINDOWS\System32\shlwapi.dll
0x00007ffa15c50000 - 0x00007ffa15c79000 	C:\WINDOWS\SYSTEM32\profapi.dll
0x00007ffa07350000 - 0x00007ffa0736a000 	C:\Program Files\Eclipse Adoptium\jdk-17.0.18.8-hotspot\bin\net.dll
0x00007ffa104c0000 - 0x00007ffa105ed000 	C:\WINDOWS\SYSTEM32\WINHTTP.dll
0x00007ffa15030000 - 0x00007ffa1509c000 	C:\WINDOWS\system32\mswsock.dll
0x00007ffa008c0000 - 0x00007ffa008d6000 	C:\Program Files\Eclipse Adoptium\jdk-17.0.18.8-hotspot\bin\nio.dll
0x00007ff9fe3e0000 - 0x00007ff9fe3f8000 	C:\Program Files\Eclipse Adoptium\jdk-17.0.18.8-hotspot\bin\zip.dll
0x00007ff9fe3b0000 - 0x00007ff9fe3d4000 	E:\apache-maven-3.9.14\lib\jansi-native\Windows\x86_64\jansi.dll
0x00007ffa008b0000 - 0x00007ffa008c0000 	C:\Program Files\Eclipse Adoptium\jdk-17.0.18.8-hotspot\bin\verify.dll

dbghelp: loaded successfully - version: 4.0.5 - missing functions: none
symbol engine: initialized successfully - sym options: 0x614 - pdb path: .;C:\Program Files\Eclipse Adoptium\jdk-17.0.18.8-hotspot\bin;C:\WINDOWS\SYSTEM32;C:\WINDOWS\WinSxS\amd64_microsoft.windows.common-controls_6595b64144ccf1df_6.0.26100.8115_none_3e075c82e3354f9c;C:\Program Files\Eclipse Adoptium\jdk-17.0.18.8-hotspot\bin\server;E:\apache-maven-3.9.14\lib\jansi-native\Windows\x86_64

VM Arguments:
jvm_args: --enable-native-access=ALL-UNNAMED -Dclassworlds.conf=E:\apache-maven-3.9.14\bin\m2.conf -Dmaven.home=E:\apache-maven-3.9.14 -Dlibrary.jansi.path=E:\apache-maven-3.9.14\lib\jansi-native -Dmaven.multiModuleProjectDirectory=D:\SpendSmart-Backend\category-service 
java_command: org.codehaus.plexus.classworlds.launcher.Launcher spring-boot:run
java_class_path (initial): E:\apache-maven-3.9.14\boot\plexus-classworlds-2.9.0.jar
Launcher Type: SUN_STANDARD

[Global flags]
     intx CICompilerCount                          = 4                                         {product} {ergonomic}
     uint ConcGCThreads                            = 2                                         {product} {ergonomic}
     uint G1ConcRefinementThreads                  = 8                                         {product} {ergonomic}
   size_t G1HeapRegionSize                         = 1048576                                   {product} {ergonomic}
    uintx GCDrainStackTargetSize                   = 64                                        {product} {ergonomic}
   size_t InitialHeapSize                          = 132120576                                 {product} {ergonomic}
   size_t MarkStackSize                            = 4194304                                   {product} {ergonomic}
   size_t MaxHeapSize                              = 2095054848                                {product} {ergonomic}
   size_t MaxNewSize                               = 1256194048                                {product} {ergonomic}
   size_t MinHeapDeltaBytes                        = 1048576                                   {product} {ergonomic}
   size_t MinHeapSize                              = 8388608                                   {product} {ergonomic}
    uintx NonNMethodCodeHeapSize                   = 5839372                                {pd product} {ergonomic}
    uintx NonProfiledCodeHeapSize                  = 122909434                              {pd product} {ergonomic}
    uintx ProfiledCodeHeapSize                     = 122909434                              {pd product} {ergonomic}
    uintx ReservedCodeCacheSize                    = 251658240                              {pd product} {ergonomic}
     bool SegmentedCodeCache                       = true                                      {product} {ergonomic}
   size_t SoftMaxHeapSize                          = 2095054848                             {manageable} {ergonomic}
     bool UseCompressedClassPointers               = true                           {product lp64_product} {ergonomic}
     bool UseCompressedOops                        = true                           {product lp64_product} {ergonomic}
     bool UseG1GC                                  = true                                      {product} {ergonomic}
     bool UseLargePagesIndividualAllocation        = false                                  {pd product} {ergonomic}

Logging:
Log output configuration:
 #0: stdout all=warning uptime,level,tags
 #1: stderr all=off uptime,level,tags

Environment Variables:
JAVA_HOME=C:\Program Files\Eclipse Adoptium\jdk-17.0.18.8-hotspot
PATH=C:\Program Files\Eclipse Adoptium\jdk-17.0.18.8-hotspot\bin;C:\app\91706\product\21c\dbhomeXE\bin;C:\Program Files\Common Files\Oracle\Java\javapath;C:\Program Files (x86)\Common Files\Oracle\Java\javapath;C:\WINDOWS\system32;C:\WINDOWS;C:\WINDOWS\System32\Wbem;C:\WINDOWS\System32\WindowsPowerShell\v1.0\;C:\WINDOWS\System32\OpenSSH\;C:\Program Files (x86)\Dev-Cpp\MinGW64\bin;C:\Program Files\Git\cmd;C:\Users\91706\AppData\Roaming\nvm;C:\Program Files\nodejs;E:\apache-maven-3.9.14\bin;;C:\Program Files\Docker\Docker\resources\bin;C:\Users\91706\AppData\Local\Programs\Python\Python312\Scripts\;C:\Users\91706\AppData\Local\Programs\Python\Python312\;C:\Program Files (x86)\Java\jdk1.7.0_67\bin;C:\Users\91706\AppData\Local\JetBrains\Toolbox\scripts;C:\Users\91706\AppData\Local\Microsoft\WindowsApps;C:\Users\91706\AppData\Roaming\nvm;C:\Program Files\nodejs;C:\Program Files\MongoDB\Server\7.0\bin;C:\Users\91706\AppData\Local\Programs\Windsurf\bin;C:\Users\91706\AppData\Local\GitHubDesktop\bin;E:\Microsoft VS Code\bin;C:\monosh\;C:\Program Files\Eclipse Adoptium\jdk-17.0.18.8-hotspot\bin;D:\Antigravity\bin
USERNAME=91706
OS=Windows_NT
PROCESSOR_IDENTIFIER=Intel64 Family 6 Model 140 Stepping 1, GenuineIntel
TMP=C:\Users\91706\AppData\Local\Temp
TEMP=C:\Users\91706\AppData\Local\Temp



Periodic native trim disabled


---------------  S Y S T E M  ---------------

OS:
 Windows 11 , 64 bit Build 26100 (10.0.26100.8246)
OS uptime: 0 days 6:16 hours
Hyper-V role detected

CPU: total 8 (initial active 8) (4 cores per cpu, 2 threads per core) family 6 model 140 stepping 1 microcode 0x8a, cx8, cmov, fxsr, ht, mmx, 3dnowpref, sse, sse2, sse3, ssse3, sse4.1, sse4.2, popcnt, lzcnt, tsc, tscinvbit, avx, avx2, aes, erms, clmul, bmi1, bmi2, adx, avx512f, avx512dq, avx512cd, avx512bw, avx512vl, sha, fma, vzeroupper, avx512_vpopcntdq, avx512_vpclmulqdq, avx512_vaes, avx512_vnni, clflush, clflushopt, clwb, avx512_vbmi2, avx512_vbmi, hv
Processor Information for all 8 processors :
  Max Mhz: 2419, Current Mhz: 2419, Mhz Limit: 2419

Memory: 4k page, system-wide physical 7991M (338M free)
TotalPageFile size 21140M (AvailPageFile size 3M)
current process WorkingSet (physical memory assigned to process): 159M, peak: 159M
current process commit charge ("private bytes"): 253M, peak: 254M

vm_info: OpenJDK 64-Bit Server VM (17.0.18+8) for windows-amd64 JRE (17.0.18+8), built on Jan 20 2026 22:28:22 by "admin" with MS VC++ 17.12 (VS2022)

END.
